[0.066s] Invoking command in '/home/piros/Work/ROS2/microRos_ws/build/micro_ros_msgs': CMAKE_PREFIX_PATH=${CMAKE_PREFIX_PATH}:/opt/ros/humble /usr/bin/cmake /home/piros/Work/ROS2/microRos_ws/src/uros/micro_ros_msgs -DCMAKE_INSTALL_PREFIX=/home/piros/Work/ROS2/microRos_ws/install/micro_ros_msgs
[0.368s] -- The C compiler identification is GNU 11.4.0
[0.642s] -- The CXX compiler identification is GNU 11.4.0
[0.671s] -- Detecting C compiler ABI info
[1.006s] -- Detecting C compiler ABI info - done
[1.032s] -- Check for working C compiler: /usr/bin/cc - skipped
[1.033s] -- Detecting C compile features
[1.034s] -- Detecting C compile features - done
[1.047s] -- Detecting CXX compiler ABI info
[1.428s] -- Detecting CXX compiler ABI info - done
[1.453s] -- Check for working CXX compiler: /usr/bin/c++ - skipped
[1.454s] -- Detecting CXX compile features
[1.456s] -- Detecting CXX compile features - done
[1.484s] -- Found ament_cmake: 1.3.11 (/opt/ros/humble/share/ament_cmake/cmake)
[2.325s] -- Found Python3: /usr/bin/python3 (found version "3.10.12") found components: Interpreter 
[2.969s] -- Found rosidl_default_generators: 1.2.0 (/opt/ros/humble/share/rosidl_default_generators/cmake)
[2.996s] -- Using all available rosidl_typesupport_c: rosidl_typesupport_fastrtps_c;rosidl_typesupport_introspection_c
[3.066s] -- Found rosidl_adapter: 3.1.6 (/opt/ros/humble/share/rosidl_adapter/cmake)
[3.439s] -- Using all available rosidl_typesupport_cpp: rosidl_typesupport_fastrtps_cpp;rosidl_typesupport_introspection_cpp
[3.681s] -- Found ament_lint_auto: 0.12.12 (/opt/ros/humble/share/ament_lint_auto/cmake)
[5.148s] -- Found ament_cmake_ros: 0.10.0 (/opt/ros/humble/share/ament_cmake_ros/cmake)
[6.055s] -- Using all available rosidl_typesupport_c: rosidl_typesupport_fastrtps_c;rosidl_typesupport_introspection_c
[7.160s] -- Using all available rosidl_typesupport_cpp: rosidl_typesupport_fastrtps_cpp;rosidl_typesupport_introspection_cpp
[7.273s] -- Found PythonInterp: /usr/bin/python3 (found suitable version "3.10.12", minimum required is "3.6") 
[7.312s] -- Found python_cmake_module: 0.10.0 (/opt/ros/humble/share/python_cmake_module/cmake)
[7.498s] -- Found PythonLibs: /usr/lib/aarch64-linux-gnu/libpython3.10.so (found suitable version "3.10.12", minimum required is "3.5") 
[7.498s] -- Using PYTHON_EXECUTABLE: /usr/bin/python3
[7.499s] -- Using PYTHON_INCLUDE_DIRS: /usr/include/python3.10
[7.499s] -- Using PYTHON_LIBRARIES: /usr/lib/aarch64-linux-gnu/libpython3.10.so
[7.604s] -- Found PythonExtra: .so  
[7.776s] -- Added test 'copyright' to check source files copyright and LICENSE
[7.874s] -- Added test 'lint_cmake' to check CMake code style
[7.919s] -- Added test 'xmllint' to check XML markup files
[7.957s] -- Configuring done
[8.130s] -- Generating done
[8.174s] -- Build files have been written to: /home/piros/Work/ROS2/microRos_ws/build/micro_ros_msgs
[8.196s] Invoked command in '/home/piros/Work/ROS2/microRos_ws/build/micro_ros_msgs' returned '0': CMAKE_PREFIX_PATH=${CMAKE_PREFIX_PATH}:/opt/ros/humble /usr/bin/cmake /home/piros/Work/ROS2/microRos_ws/src/uros/micro_ros_msgs -DCMAKE_INSTALL_PREFIX=/home/piros/Work/ROS2/microRos_ws/install/micro_ros_msgs
[8.205s] Invoking command in '/home/piros/Work/ROS2/microRos_ws/build/micro_ros_msgs': CMAKE_PREFIX_PATH=${CMAKE_PREFIX_PATH}:/opt/ros/humble /usr/bin/cmake --build /home/piros/Work/ROS2/microRos_ws/build/micro_ros_msgs -- -j4 -l4
[8.376s] [  2%] [34m[1mGenerating C code for ROS interfaces[0m
[8.425s] [  4%] [34m[1mGenerating C++ code for ROS interfaces[0m
[8.460s] [  4%] Built target ament_cmake_python_copy_micro_ros_msgs
[9.999s] running egg_info
[10.002s] creating micro_ros_msgs.egg-info
[10.002s] writing micro_ros_msgs.egg-info/PKG-INFO
[10.003s] writing dependency_links to micro_ros_msgs.egg-info/dependency_links.txt
[10.005s] writing top-level names to micro_ros_msgs.egg-info/top_level.txt
[10.007s] writing manifest file 'micro_ros_msgs.egg-info/SOURCES.txt'
[10.024s] reading manifest file 'micro_ros_msgs.egg-info/SOURCES.txt'
[10.029s] writing manifest file 'micro_ros_msgs.egg-info/SOURCES.txt'
[10.288s] [  4%] Built target ament_cmake_python_build_micro_ros_msgs_egg
[10.503s] [  4%] Built target micro_ros_msgs__cpp
[10.573s] [  6%] [34m[1mGenerating C++ type support dispatch for ROS interfaces[0m
[10.595s] [ 10%] [34m[1mGenerating C++ introspection for ROS interfaces[0m
[10.596s] [ 10%] [34m[1mGenerating C++ type support for eProsima Fast-RTPS[0m
[10.646s] [ 12%] [32mBuilding C object CMakeFiles/micro_ros_msgs__rosidl_generator_c.dir/rosidl_generator_c/micro_ros_msgs/msg/detail/graph__functions.c.o[0m
[11.004s] [ 14%] [32mBuilding C object CMakeFiles/micro_ros_msgs__rosidl_generator_c.dir/rosidl_generator_c/micro_ros_msgs/msg/detail/node__functions.c.o[0m
[11.301s] [ 17%] [32mBuilding C object CMakeFiles/micro_ros_msgs__rosidl_generator_c.dir/rosidl_generator_c/micro_ros_msgs/msg/detail/entity__functions.c.o[0m
[11.593s] [ 19%] [32m[1mLinking C shared library libmicro_ros_msgs__rosidl_generator_c.so[0m
[11.804s] [ 19%] Built target micro_ros_msgs__rosidl_generator_c
[11.861s] [ 21%] [34m[1mGenerating C type support for eProsima Fast-RTPS[0m
[12.300s] [ 23%] [32mBuilding CXX object CMakeFiles/micro_ros_msgs__rosidl_typesupport_cpp.dir/rosidl_typesupport_cpp/micro_ros_msgs/msg/graph__type_support.cpp.o[0m
[12.569s] [ 25%] [32mBuilding CXX object CMakeFiles/micro_ros_msgs__rosidl_typesupport_introspection_cpp.dir/rosidl_typesupport_introspection_cpp/micro_ros_msgs/msg/detail/graph__type_support.cpp.o[0m
[12.875s] [ 27%] [32mBuilding CXX object CMakeFiles/micro_ros_msgs__rosidl_typesupport_fastrtps_cpp.dir/rosidl_typesupport_fastrtps_cpp/micro_ros_msgs/msg/detail/dds_fastrtps/graph__type_support.cpp.o[0m
[14.133s] [ 29%] [32mBuilding CXX object CMakeFiles/micro_ros_msgs__rosidl_typesupport_cpp.dir/rosidl_typesupport_cpp/micro_ros_msgs/msg/node__type_support.cpp.o[0m
[14.145s] [ 31%] [32mBuilding CXX object CMakeFiles/micro_ros_msgs__rosidl_typesupport_fastrtps_c.dir/rosidl_typesupport_fastrtps_c/micro_ros_msgs/msg/detail/graph__type_support_c.cpp.o[0m
[16.074s] [ 34%] [32mBuilding CXX object CMakeFiles/micro_ros_msgs__rosidl_typesupport_fastrtps_cpp.dir/rosidl_typesupport_fastrtps_cpp/micro_ros_msgs/msg/detail/dds_fastrtps/node__type_support.cpp.o[0m
[16.099s] [ 36%] [32mBuilding CXX object CMakeFiles/micro_ros_msgs__rosidl_typesupport_cpp.dir/rosidl_typesupport_cpp/micro_ros_msgs/msg/entity__type_support.cpp.o[0m
[16.182s] [ 38%] [32mBuilding CXX object CMakeFiles/micro_ros_msgs__rosidl_typesupport_introspection_cpp.dir/rosidl_typesupport_introspection_cpp/micro_ros_msgs/msg/detail/node__type_support.cpp.o[0m
[16.337s] [ 40%] [32mBuilding CXX object CMakeFiles/micro_ros_msgs__rosidl_typesupport_fastrtps_c.dir/rosidl_typesupport_fastrtps_c/micro_ros_msgs/msg/detail/node__type_support_c.cpp.o[0m
[17.892s] [ 42%] [32m[1mLinking CXX shared library libmicro_ros_msgs__rosidl_typesupport_cpp.so[0m
[18.133s] [ 42%] Built target micro_ros_msgs__rosidl_typesupport_cpp
[18.188s] [ 44%] [32mBuilding CXX object CMakeFiles/micro_ros_msgs__rosidl_typesupport_introspection_cpp.dir/rosidl_typesupport_introspection_cpp/micro_ros_msgs/msg/detail/entity__type_support.cpp.o[0m
[18.671s] [ 46%] [32mBuilding CXX object CMakeFiles/micro_ros_msgs__rosidl_typesupport_fastrtps_c.dir/rosidl_typesupport_fastrtps_c/micro_ros_msgs/msg/detail/entity__type_support_c.cpp.o[0m
[19.086s] [ 48%] [32mBuilding CXX object CMakeFiles/micro_ros_msgs__rosidl_typesupport_fastrtps_cpp.dir/rosidl_typesupport_fastrtps_cpp/micro_ros_msgs/msg/detail/dds_fastrtps/entity__type_support.cpp.o[0m
[19.313s] [ 51%] [34m[1mGenerating C introspection for ROS interfaces[0m
[20.884s] [ 53%] [32m[1mLinking CXX shared library libmicro_ros_msgs__rosidl_typesupport_fastrtps_c.so[0m
[20.929s] [ 55%] [32m[1mLinking CXX shared library libmicro_ros_msgs__rosidl_typesupport_introspection_cpp.so[0m
[21.312s] [ 55%] Built target micro_ros_msgs__rosidl_typesupport_fastrtps_c
[21.368s] [ 57%] [34m[1mGenerating C type support dispatch for ROS interfaces[0m
[21.392s] [ 57%] Built target micro_ros_msgs__rosidl_typesupport_introspection_cpp
[21.753s] [ 59%] [32mBuilding C object CMakeFiles/micro_ros_msgs__rosidl_typesupport_introspection_c.dir/rosidl_typesupport_introspection_c/micro_ros_msgs/msg/detail/graph__type_support.c.o[0m
[21.758s] [ 61%] [32mBuilding C object CMakeFiles/micro_ros_msgs__rosidl_typesupport_introspection_c.dir/rosidl_typesupport_introspection_c/micro_ros_msgs/msg/detail/node__type_support.c.o[0m
[21.993s] [ 63%] [32mBuilding C object CMakeFiles/micro_ros_msgs__rosidl_typesupport_introspection_c.dir/rosidl_typesupport_introspection_c/micro_ros_msgs/msg/detail/entity__type_support.c.o[0m
[22.205s] [ 65%] [32m[1mLinking C shared library libmicro_ros_msgs__rosidl_typesupport_introspection_c.so[0m
[22.346s] [ 68%] [32m[1mLinking CXX shared library libmicro_ros_msgs__rosidl_typesupport_fastrtps_cpp.so[0m
[22.355s] [ 68%] Built target micro_ros_msgs__rosidl_typesupport_introspection_c
[22.682s] [ 68%] Built target micro_ros_msgs__rosidl_typesupport_fastrtps_cpp
[22.958s] [ 70%] [32mBuilding CXX object CMakeFiles/micro_ros_msgs__rosidl_typesupport_c.dir/rosidl_typesupport_c/micro_ros_msgs/msg/graph__type_support.cpp.o[0m
[22.961s] [ 72%] [32mBuilding CXX object CMakeFiles/micro_ros_msgs__rosidl_typesupport_c.dir/rosidl_typesupport_c/micro_ros_msgs/msg/node__type_support.cpp.o[0m
[22.964s] [ 74%] [32mBuilding CXX object CMakeFiles/micro_ros_msgs__rosidl_typesupport_c.dir/rosidl_typesupport_c/micro_ros_msgs/msg/entity__type_support.cpp.o[0m
[23.121s] [ 76%] [32m[1mLinking CXX shared library libmicro_ros_msgs__rosidl_typesupport_c.so[0m
[23.288s] [ 76%] Built target micro_ros_msgs__rosidl_typesupport_c
[23.372s] [ 76%] Built target micro_ros_msgs
[23.464s] [ 78%] [34m[1mGenerating Python code for ROS interfaces[0m
[25.624s] [ 78%] Built target micro_ros_msgs__py
[25.720s] [ 80%] [32mBuilding C object CMakeFiles/micro_ros_msgs__rosidl_generator_py.dir/rosidl_generator_py/micro_ros_msgs/msg/_node_s.c.o[0m
[25.724s] [ 85%] [32mBuilding C object CMakeFiles/micro_ros_msgs__rosidl_generator_py.dir/rosidl_generator_py/micro_ros_msgs/msg/_graph_s.c.o[0m
[25.725s] [ 85%] [32mBuilding C object CMakeFiles/micro_ros_msgs__rosidl_generator_py.dir/rosidl_generator_py/micro_ros_msgs/msg/_entity_s.c.o[0m
[26.346s] [ 87%] [32m[1mLinking C shared library rosidl_generator_py/micro_ros_msgs/libmicro_ros_msgs__rosidl_generator_py.so[0m
[26.533s] [ 87%] Built target micro_ros_msgs__rosidl_generator_py
[26.628s] [ 89%] [32mBuilding C object CMakeFiles/micro_ros_msgs__rosidl_typesupport_introspection_c__pyext.dir/rosidl_generator_py/micro_ros_msgs/_micro_ros_msgs_s.ep.rosidl_typesupport_introspection_c.c.o[0m
[26.631s] [ 93%] [32mBuilding C object CMakeFiles/micro_ros_msgs__rosidl_typesupport_c__pyext.dir/rosidl_generator_py/micro_ros_msgs/_micro_ros_msgs_s.ep.rosidl_typesupport_c.c.o[0m
[26.632s] [ 93%] [32mBuilding C object CMakeFiles/micro_ros_msgs__rosidl_typesupport_fastrtps_c__pyext.dir/rosidl_generator_py/micro_ros_msgs/_micro_ros_msgs_s.ep.rosidl_typesupport_fastrtps_c.c.o[0m
[27.116s] [ 95%] [32m[1mLinking C shared library rosidl_generator_py/micro_ros_msgs/micro_ros_msgs_s__rosidl_typesupport_c.cpython-310-aarch64-linux-gnu.so[0m
[27.155s] [ 97%] [32m[1mLinking C shared library rosidl_generator_py/micro_ros_msgs/micro_ros_msgs_s__rosidl_typesupport_introspection_c.cpython-310-aarch64-linux-gnu.so[0m
[27.206s] [100%] [32m[1mLinking C shared library rosidl_generator_py/micro_ros_msgs/micro_ros_msgs_s__rosidl_typesupport_fastrtps_c.cpython-310-aarch64-linux-gnu.so[0m
[27.292s] [100%] Built target micro_ros_msgs__rosidl_typesupport_c__pyext
[27.340s] [100%] Built target micro_ros_msgs__rosidl_typesupport_introspection_c__pyext
[27.400s] [100%] Built target micro_ros_msgs__rosidl_typesupport_fastrtps_c__pyext
[27.448s] Invoked command in '/home/piros/Work/ROS2/microRos_ws/build/micro_ros_msgs' returned '0': CMAKE_PREFIX_PATH=${CMAKE_PREFIX_PATH}:/opt/ros/humble /usr/bin/cmake --build /home/piros/Work/ROS2/microRos_ws/build/micro_ros_msgs -- -j4 -l4
[27.458s] Invoking command in '/home/piros/Work/ROS2/microRos_ws/build/micro_ros_msgs': CMAKE_PREFIX_PATH=${CMAKE_PREFIX_PATH}:/opt/ros/humble /usr/bin/cmake --install /home/piros/Work/ROS2/microRos_ws/build/micro_ros_msgs
[27.488s] -- Install configuration: ""
[27.489s] -- Installing: /home/piros/Work/ROS2/microRos_ws/install/micro_ros_msgs/share/ament_index/resource_index/rosidl_interfaces/micro_ros_msgs
[27.490s] -- Installing: /home/piros/Work/ROS2/microRos_ws/install/micro_ros_msgs/include/micro_ros_msgs/micro_ros_msgs
[27.491s] -- Installing: /home/piros/Work/ROS2/microRos_ws/install/micro_ros_msgs/include/micro_ros_msgs/micro_ros_msgs/msg
[27.492s] -- Installing: /home/piros/Work/ROS2/microRos_ws/install/micro_ros_msgs/include/micro_ros_msgs/micro_ros_msgs/msg/graph.h
[27.493s] -- Installing: /home/piros/Work/ROS2/microRos_ws/install/micro_ros_msgs/include/micro_ros_msgs/micro_ros_msgs/msg/detail
[27.494s] -- Installing: /home/piros/Work/ROS2/microRos_ws/install/micro_ros_msgs/include/micro_ros_msgs/micro_ros_msgs/msg/detail/graph__functions.h
[27.495s] -- Installing: /home/piros/Work/ROS2/microRos_ws/install/micro_ros_msgs/include/micro_ros_msgs/micro_ros_msgs/msg/detail/entity__struct.h
[27.496s] -- Installing: /home/piros/Work/ROS2/microRos_ws/install/micro_ros_msgs/include/micro_ros_msgs/micro_ros_msgs/msg/detail/entity__type_support.h
[27.497s] -- Installing: /home/piros/Work/ROS2/microRos_ws/install/micro_ros_msgs/include/micro_ros_msgs/micro_ros_msgs/msg/detail/node__functions.h
[27.499s] -- Installing: /home/piros/Work/ROS2/microRos_ws/install/micro_ros_msgs/include/micro_ros_msgs/micro_ros_msgs/msg/detail/graph__struct.h
[27.500s] -- Installing: /home/piros/Work/ROS2/microRos_ws/install/micro_ros_msgs/include/micro_ros_msgs/micro_ros_msgs/msg/detail/entity__functions.h
[27.501s] -- Installing: /home/piros/Work/ROS2/microRos_ws/install/micro_ros_msgs/include/micro_ros_msgs/micro_ros_msgs/msg/detail/graph__functions.c
[27.502s] -- Installing: /home/piros/Work/ROS2/microRos_ws/install/micro_ros_msgs/include/micro_ros_msgs/micro_ros_msgs/msg/detail/node__type_support.h
[27.503s] -- Installing: /home/piros/Work/ROS2/microRos_ws/install/micro_ros_msgs/include/micro_ros_msgs/micro_ros_msgs/msg/detail/entity__functions.c
[27.504s] -- Installing: /home/piros/Work/ROS2/microRos_ws/install/micro_ros_msgs/include/micro_ros_msgs/micro_ros_msgs/msg/detail/graph__type_support.h
[27.506s] -- Installing: /home/piros/Work/ROS2/microRos_ws/install/micro_ros_msgs/include/micro_ros_msgs/micro_ros_msgs/msg/detail/node__functions.c
[27.507s] -- Installing: /home/piros/Work/ROS2/microRos_ws/install/micro_ros_msgs/include/micro_ros_msgs/micro_ros_msgs/msg/detail/node__struct.h
[27.508s] -- Installing: /home/piros/Work/ROS2/microRos_ws/install/micro_ros_msgs/include/micro_ros_msgs/micro_ros_msgs/msg/rosidl_generator_c__visibility_control.h
[27.509s] -- Installing: /home/piros/Work/ROS2/microRos_ws/install/micro_ros_msgs/include/micro_ros_msgs/micro_ros_msgs/msg/entity.h
[27.510s] -- Installing: /home/piros/Work/ROS2/microRos_ws/install/micro_ros_msgs/include/micro_ros_msgs/micro_ros_msgs/msg/node.h
[27.512s] -- Installing: /home/piros/Work/ROS2/microRos_ws/install/micro_ros_msgs/share/micro_ros_msgs/environment/library_path.sh
[27.513s] -- Installing: /home/piros/Work/ROS2/microRos_ws/install/micro_ros_msgs/share/micro_ros_msgs/environment/library_path.dsv
[27.514s] -- Installing: /home/piros/Work/ROS2/microRos_ws/install/micro_ros_msgs/lib/libmicro_ros_msgs__rosidl_generator_c.so
[27.517s] -- Set runtime path of "/home/piros/Work/ROS2/microRos_ws/install/micro_ros_msgs/lib/libmicro_ros_msgs__rosidl_generator_c.so" to ""
[27.518s] -- Up-to-date: /home/piros/Work/ROS2/microRos_ws/install/micro_ros_msgs/include/micro_ros_msgs/micro_ros_msgs
[27.518s] -- Up-to-date: /home/piros/Work/ROS2/microRos_ws/install/micro_ros_msgs/include/micro_ros_msgs/micro_ros_msgs/msg
[27.518s] -- Up-to-date: /home/piros/Work/ROS2/microRos_ws/install/micro_ros_msgs/include/micro_ros_msgs/micro_ros_msgs/msg/detail
[27.519s] -- Installing: /home/piros/Work/ROS2/microRos_ws/install/micro_ros_msgs/include/micro_ros_msgs/micro_ros_msgs/msg/detail/graph__rosidl_typesupport_fastrtps_c.h
[27.520s] -- Installing: /home/piros/Work/ROS2/microRos_ws/install/micro_ros_msgs/include/micro_ros_msgs/micro_ros_msgs/msg/detail/node__rosidl_typesupport_fastrtps_c.h
[27.522s] -- Installing: /home/piros/Work/ROS2/microRos_ws/install/micro_ros_msgs/include/micro_ros_msgs/micro_ros_msgs/msg/detail/entity__rosidl_typesupport_fastrtps_c.h
[27.523s] -- Installing: /home/piros/Work/ROS2/microRos_ws/install/micro_ros_msgs/include/micro_ros_msgs/micro_ros_msgs/msg/rosidl_typesupport_fastrtps_c__visibility_control.h
[27.525s] -- Installing: /home/piros/Work/ROS2/microRos_ws/install/micro_ros_msgs/lib/libmicro_ros_msgs__rosidl_typesupport_fastrtps_c.so
[27.529s] -- Set runtime path of "/home/piros/Work/ROS2/microRos_ws/install/micro_ros_msgs/lib/libmicro_ros_msgs__rosidl_typesupport_fastrtps_c.so" to ""
[27.529s] -- Up-to-date: /home/piros/Work/ROS2/microRos_ws/install/micro_ros_msgs/include/micro_ros_msgs/micro_ros_msgs
[27.529s] -- Up-to-date: /home/piros/Work/ROS2/microRos_ws/install/micro_ros_msgs/include/micro_ros_msgs/micro_ros_msgs/msg
[27.530s] -- Up-to-date: /home/piros/Work/ROS2/microRos_ws/install/micro_ros_msgs/include/micro_ros_msgs/micro_ros_msgs/msg/detail
[27.530s] -- Installing: /home/piros/Work/ROS2/microRos_ws/install/micro_ros_msgs/include/micro_ros_msgs/micro_ros_msgs/msg/detail/node__rosidl_typesupport_introspection_c.h
[27.531s] -- Installing: /home/piros/Work/ROS2/microRos_ws/install/micro_ros_msgs/include/micro_ros_msgs/micro_ros_msgs/msg/detail/entity__type_support.c
[27.532s] -- Installing: /home/piros/Work/ROS2/microRos_ws/install/micro_ros_msgs/include/micro_ros_msgs/micro_ros_msgs/msg/detail/node__type_support.c
[27.534s] -- Installing: /home/piros/Work/ROS2/microRos_ws/install/micro_ros_msgs/include/micro_ros_msgs/micro_ros_msgs/msg/detail/entity__rosidl_typesupport_introspection_c.h
[27.535s] -- Installing: /home/piros/Work/ROS2/microRos_ws/install/micro_ros_msgs/include/micro_ros_msgs/micro_ros_msgs/msg/detail/graph__rosidl_typesupport_introspection_c.h
[27.536s] -- Installing: /home/piros/Work/ROS2/microRos_ws/install/micro_ros_msgs/include/micro_ros_msgs/micro_ros_msgs/msg/detail/graph__type_support.c
[27.538s] -- Installing: /home/piros/Work/ROS2/microRos_ws/install/micro_ros_msgs/include/micro_ros_msgs/micro_ros_msgs/msg/rosidl_typesupport_introspection_c__visibility_control.h
[27.539s] -- Installing: /home/piros/Work/ROS2/microRos_ws/install/micro_ros_msgs/lib/libmicro_ros_msgs__rosidl_typesupport_introspection_c.so
[27.542s] -- Set runtime path of "/home/piros/Work/ROS2/microRos_ws/install/micro_ros_msgs/lib/libmicro_ros_msgs__rosidl_typesupport_introspection_c.so" to ""
[27.542s] -- Installing: /home/piros/Work/ROS2/microRos_ws/install/micro_ros_msgs/lib/libmicro_ros_msgs__rosidl_typesupport_c.so
[27.544s] -- Set runtime path of "/home/piros/Work/ROS2/microRos_ws/install/micro_ros_msgs/lib/libmicro_ros_msgs__rosidl_typesupport_c.so" to ""
[27.545s] -- Up-to-date: /home/piros/Work/ROS2/microRos_ws/install/micro_ros_msgs/include/micro_ros_msgs/micro_ros_msgs
[27.545s] -- Up-to-date: /home/piros/Work/ROS2/microRos_ws/install/micro_ros_msgs/include/micro_ros_msgs/micro_ros_msgs/msg
[27.545s] -- Up-to-date: /home/piros/Work/ROS2/microRos_ws/install/micro_ros_msgs/include/micro_ros_msgs/micro_ros_msgs/msg/detail
[27.546s] -- Installing: /home/piros/Work/ROS2/microRos_ws/install/micro_ros_msgs/include/micro_ros_msgs/micro_ros_msgs/msg/detail/graph__traits.hpp
[27.547s] -- Installing: /home/piros/Work/ROS2/microRos_ws/install/micro_ros_msgs/include/micro_ros_msgs/micro_ros_msgs/msg/detail/entity__type_support.hpp
[27.548s] -- Installing: /home/piros/Work/ROS2/microRos_ws/install/micro_ros_msgs/include/micro_ros_msgs/micro_ros_msgs/msg/detail/entity__struct.hpp
[27.550s] -- Installing: /home/piros/Work/ROS2/microRos_ws/install/micro_ros_msgs/include/micro_ros_msgs/micro_ros_msgs/msg/detail/graph__builder.hpp
[27.551s] -- Installing: /home/piros/Work/ROS2/microRos_ws/install/micro_ros_msgs/include/micro_ros_msgs/micro_ros_msgs/msg/detail/entity__traits.hpp
[27.552s] -- Installing: /home/piros/Work/ROS2/microRos_ws/install/micro_ros_msgs/include/micro_ros_msgs/micro_ros_msgs/msg/detail/graph__struct.hpp
[27.553s] -- Installing: /home/piros/Work/ROS2/microRos_ws/install/micro_ros_msgs/include/micro_ros_msgs/micro_ros_msgs/msg/detail/node__struct.hpp
[27.554s] -- Installing: /home/piros/Work/ROS2/microRos_ws/install/micro_ros_msgs/include/micro_ros_msgs/micro_ros_msgs/msg/detail/node__builder.hpp
[27.555s] -- Installing: /home/piros/Work/ROS2/microRos_ws/install/micro_ros_msgs/include/micro_ros_msgs/micro_ros_msgs/msg/detail/entity__builder.hpp
[27.556s] -- Installing: /home/piros/Work/ROS2/microRos_ws/install/micro_ros_msgs/include/micro_ros_msgs/micro_ros_msgs/msg/detail/node__traits.hpp
[27.558s] -- Installing: /home/piros/Work/ROS2/microRos_ws/install/micro_ros_msgs/include/micro_ros_msgs/micro_ros_msgs/msg/detail/node__type_support.hpp
[27.559s] -- Installing: /home/piros/Work/ROS2/microRos_ws/install/micro_ros_msgs/include/micro_ros_msgs/micro_ros_msgs/msg/detail/graph__type_support.hpp
[27.560s] -- Installing: /home/piros/Work/ROS2/microRos_ws/install/micro_ros_msgs/include/micro_ros_msgs/micro_ros_msgs/msg/entity.hpp
[27.561s] -- Installing: /home/piros/Work/ROS2/microRos_ws/install/micro_ros_msgs/include/micro_ros_msgs/micro_ros_msgs/msg/graph.hpp
[27.562s] -- Installing: /home/piros/Work/ROS2/microRos_ws/install/micro_ros_msgs/include/micro_ros_msgs/micro_ros_msgs/msg/node.hpp
[27.563s] -- Installing: /home/piros/Work/ROS2/microRos_ws/install/micro_ros_msgs/include/micro_ros_msgs/micro_ros_msgs/msg/rosidl_generator_cpp__visibility_control.hpp
[27.564s] -- Up-to-date: /home/piros/Work/ROS2/microRos_ws/install/micro_ros_msgs/include/micro_ros_msgs/micro_ros_msgs
[27.565s] -- Up-to-date: /home/piros/Work/ROS2/microRos_ws/install/micro_ros_msgs/include/micro_ros_msgs/micro_ros_msgs/msg
[27.565s] -- Installing: /home/piros/Work/ROS2/microRos_ws/install/micro_ros_msgs/include/micro_ros_msgs/micro_ros_msgs/msg/rosidl_typesupport_fastrtps_cpp__visibility_control.h
[27.566s] -- Up-to-date: /home/piros/Work/ROS2/microRos_ws/install/micro_ros_msgs/include/micro_ros_msgs/micro_ros_msgs/msg/detail
[27.567s] -- Installing: /home/piros/Work/ROS2/microRos_ws/install/micro_ros_msgs/include/micro_ros_msgs/micro_ros_msgs/msg/detail/graph__rosidl_typesupport_fastrtps_cpp.hpp
[27.568s] -- Installing: /home/piros/Work/ROS2/microRos_ws/install/micro_ros_msgs/include/micro_ros_msgs/micro_ros_msgs/msg/detail/entity__rosidl_typesupport_fastrtps_cpp.hpp
[27.569s] -- Installing: /home/piros/Work/ROS2/microRos_ws/install/micro_ros_msgs/include/micro_ros_msgs/micro_ros_msgs/msg/detail/node__rosidl_typesupport_fastrtps_cpp.hpp
[27.571s] -- Installing: /home/piros/Work/ROS2/microRos_ws/install/micro_ros_msgs/include/micro_ros_msgs/micro_ros_msgs/msg/detail/dds_fastrtps
[27.572s] -- Installing: /home/piros/Work/ROS2/microRos_ws/install/micro_ros_msgs/lib/libmicro_ros_msgs__rosidl_typesupport_fastrtps_cpp.so
[27.576s] -- Set runtime path of "/home/piros/Work/ROS2/microRos_ws/install/micro_ros_msgs/lib/libmicro_ros_msgs__rosidl_typesupport_fastrtps_cpp.so" to ""
[27.576s] -- Up-to-date: /home/piros/Work/ROS2/microRos_ws/install/micro_ros_msgs/include/micro_ros_msgs/micro_ros_msgs
[27.576s] -- Up-to-date: /home/piros/Work/ROS2/microRos_ws/install/micro_ros_msgs/include/micro_ros_msgs/micro_ros_msgs/msg
[27.577s] -- Up-to-date: /home/piros/Work/ROS2/microRos_ws/install/micro_ros_msgs/include/micro_ros_msgs/micro_ros_msgs/msg/detail
[27.577s] -- Installing: /home/piros/Work/ROS2/microRos_ws/install/micro_ros_msgs/include/micro_ros_msgs/micro_ros_msgs/msg/detail/graph__rosidl_typesupport_introspection_cpp.hpp
[27.578s] -- Installing: /home/piros/Work/ROS2/microRos_ws/install/micro_ros_msgs/include/micro_ros_msgs/micro_ros_msgs/msg/detail/entity__rosidl_typesupport_introspection_cpp.hpp
[27.580s] -- Installing: /home/piros/Work/ROS2/microRos_ws/install/micro_ros_msgs/include/micro_ros_msgs/micro_ros_msgs/msg/detail/graph__type_support.cpp
[27.581s] -- Installing: /home/piros/Work/ROS2/microRos_ws/install/micro_ros_msgs/include/micro_ros_msgs/micro_ros_msgs/msg/detail/node__type_support.cpp
[27.582s] -- Installing: /home/piros/Work/ROS2/microRos_ws/install/micro_ros_msgs/include/micro_ros_msgs/micro_ros_msgs/msg/detail/entity__type_support.cpp
[27.583s] -- Installing: /home/piros/Work/ROS2/microRos_ws/install/micro_ros_msgs/include/micro_ros_msgs/micro_ros_msgs/msg/detail/node__rosidl_typesupport_introspection_cpp.hpp
[27.585s] -- Installing: /home/piros/Work/ROS2/microRos_ws/install/micro_ros_msgs/lib/libmicro_ros_msgs__rosidl_typesupport_introspection_cpp.so
[27.589s] -- Set runtime path of "/home/piros/Work/ROS2/microRos_ws/install/micro_ros_msgs/lib/libmicro_ros_msgs__rosidl_typesupport_introspection_cpp.so" to ""
[27.589s] -- Installing: /home/piros/Work/ROS2/microRos_ws/install/micro_ros_msgs/lib/libmicro_ros_msgs__rosidl_typesupport_cpp.so
[27.591s] -- Set runtime path of "/home/piros/Work/ROS2/microRos_ws/install/micro_ros_msgs/lib/libmicro_ros_msgs__rosidl_typesupport_cpp.so" to ""
[27.592s] -- Installing: /home/piros/Work/ROS2/microRos_ws/install/micro_ros_msgs/share/micro_ros_msgs/environment/pythonpath.sh
[27.593s] -- Installing: /home/piros/Work/ROS2/microRos_ws/install/micro_ros_msgs/share/micro_ros_msgs/environment/pythonpath.dsv
[27.594s] -- Installing: /home/piros/Work/ROS2/microRos_ws/install/micro_ros_msgs/local/lib/python3.10/dist-packages/micro_ros_msgs-3.0.1-py3.10.egg-info
[27.595s] -- Installing: /home/piros/Work/ROS2/microRos_ws/install/micro_ros_msgs/local/lib/python3.10/dist-packages/micro_ros_msgs-3.0.1-py3.10.egg-info/SOURCES.txt
[27.597s] -- Installing: /home/piros/Work/ROS2/microRos_ws/install/micro_ros_msgs/local/lib/python3.10/dist-packages/micro_ros_msgs-3.0.1-py3.10.egg-info/top_level.txt
[27.598s] -- Installing: /home/piros/Work/ROS2/microRos_ws/install/micro_ros_msgs/local/lib/python3.10/dist-packages/micro_ros_msgs-3.0.1-py3.10.egg-info/PKG-INFO
[27.599s] -- Installing: /home/piros/Work/ROS2/microRos_ws/install/micro_ros_msgs/local/lib/python3.10/dist-packages/micro_ros_msgs-3.0.1-py3.10.egg-info/dependency_links.txt
[27.600s] -- Installing: /home/piros/Work/ROS2/microRos_ws/install/micro_ros_msgs/local/lib/python3.10/dist-packages/micro_ros_msgs
[27.601s] -- Installing: /home/piros/Work/ROS2/microRos_ws/install/micro_ros_msgs/local/lib/python3.10/dist-packages/micro_ros_msgs/libmicro_ros_msgs__rosidl_generator_py.so
[27.602s] -- Installing: /home/piros/Work/ROS2/microRos_ws/install/micro_ros_msgs/local/lib/python3.10/dist-packages/micro_ros_msgs/_micro_ros_msgs_s.ep.rosidl_typesupport_introspection_c.c
[27.604s] -- Installing: /home/piros/Work/ROS2/microRos_ws/install/micro_ros_msgs/local/lib/python3.10/dist-packages/micro_ros_msgs/micro_ros_msgs_s__rosidl_typesupport_introspection_c.cpython-310-aarch64-linux-gnu.so
[27.605s] -- Installing: /home/piros/Work/ROS2/microRos_ws/install/micro_ros_msgs/local/lib/python3.10/dist-packages/micro_ros_msgs/_micro_ros_msgs_s.ep.rosidl_typesupport_c.c
[27.607s] -- Installing: /home/piros/Work/ROS2/microRos_ws/install/micro_ros_msgs/local/lib/python3.10/dist-packages/micro_ros_msgs/msg
[27.607s] -- Installing: /home/piros/Work/ROS2/microRos_ws/install/micro_ros_msgs/local/lib/python3.10/dist-packages/micro_ros_msgs/msg/_entity.py
[27.609s] -- Installing: /home/piros/Work/ROS2/microRos_ws/install/micro_ros_msgs/local/lib/python3.10/dist-packages/micro_ros_msgs/msg/_graph.py
[27.610s] -- Installing: /home/piros/Work/ROS2/microRos_ws/install/micro_ros_msgs/local/lib/python3.10/dist-packages/micro_ros_msgs/msg/_node_s.c
[27.611s] -- Installing: /home/piros/Work/ROS2/microRos_ws/install/micro_ros_msgs/local/lib/python3.10/dist-packages/micro_ros_msgs/msg/_node.py
[27.612s] -- Installing: /home/piros/Work/ROS2/microRos_ws/install/micro_ros_msgs/local/lib/python3.10/dist-packages/micro_ros_msgs/msg/__init__.py
[27.613s] -- Installing: /home/piros/Work/ROS2/microRos_ws/install/micro_ros_msgs/local/lib/python3.10/dist-packages/micro_ros_msgs/msg/_graph_s.c
[27.614s] -- Installing: /home/piros/Work/ROS2/microRos_ws/install/micro_ros_msgs/local/lib/python3.10/dist-packages/micro_ros_msgs/msg/_entity_s.c
[27.615s] -- Installing: /home/piros/Work/ROS2/microRos_ws/install/micro_ros_msgs/local/lib/python3.10/dist-packages/micro_ros_msgs/__init__.py
[27.616s] -- Installing: /home/piros/Work/ROS2/microRos_ws/install/micro_ros_msgs/local/lib/python3.10/dist-packages/micro_ros_msgs/_micro_ros_msgs_s.ep.rosidl_typesupport_fastrtps_c.c
[27.618s] -- Installing: /home/piros/Work/ROS2/microRos_ws/install/micro_ros_msgs/local/lib/python3.10/dist-packages/micro_ros_msgs/micro_ros_msgs_s__rosidl_typesupport_c.cpython-310-aarch64-linux-gnu.so
[27.619s] -- Installing: /home/piros/Work/ROS2/microRos_ws/install/micro_ros_msgs/local/lib/python3.10/dist-packages/micro_ros_msgs/micro_ros_msgs_s__rosidl_typesupport_fastrtps_c.cpython-310-aarch64-linux-gnu.so
[27.785s] Listing '/home/piros/Work/ROS2/microRos_ws/install/micro_ros_msgs/local/lib/python3.10/dist-packages/micro_ros_msgs'...
[27.786s] Compiling '/home/piros/Work/ROS2/microRos_ws/install/micro_ros_msgs/local/lib/python3.10/dist-packages/micro_ros_msgs/__init__.py'...
[27.787s] Listing '/home/piros/Work/ROS2/microRos_ws/install/micro_ros_msgs/local/lib/python3.10/dist-packages/micro_ros_msgs/msg'...
[27.788s] Compiling '/home/piros/Work/ROS2/microRos_ws/install/micro_ros_msgs/local/lib/python3.10/dist-packages/micro_ros_msgs/msg/__init__.py'...
[27.789s] Compiling '/home/piros/Work/ROS2/microRos_ws/install/micro_ros_msgs/local/lib/python3.10/dist-packages/micro_ros_msgs/msg/_entity.py'...
[27.790s] Compiling '/home/piros/Work/ROS2/microRos_ws/install/micro_ros_msgs/local/lib/python3.10/dist-packages/micro_ros_msgs/msg/_graph.py'...
[27.791s] Compiling '/home/piros/Work/ROS2/microRos_ws/install/micro_ros_msgs/local/lib/python3.10/dist-packages/micro_ros_msgs/msg/_node.py'...
[27.813s] -- Installing: /home/piros/Work/ROS2/microRos_ws/install/micro_ros_msgs/local/lib/python3.10/dist-packages/micro_ros_msgs/micro_ros_msgs_s__rosidl_typesupport_fastrtps_c.cpython-310-aarch64-linux-gnu.so
[27.815s] -- Set runtime path of "/home/piros/Work/ROS2/microRos_ws/install/micro_ros_msgs/local/lib/python3.10/dist-packages/micro_ros_msgs/micro_ros_msgs_s__rosidl_typesupport_fastrtps_c.cpython-310-aarch64-linux-gnu.so" to ""
[27.817s] -- Installing: /home/piros/Work/ROS2/microRos_ws/install/micro_ros_msgs/local/lib/python3.10/dist-packages/micro_ros_msgs/micro_ros_msgs_s__rosidl_typesupport_introspection_c.cpython-310-aarch64-linux-gnu.so
[27.820s] -- Set runtime path of "/home/piros/Work/ROS2/microRos_ws/install/micro_ros_msgs/local/lib/python3.10/dist-packages/micro_ros_msgs/micro_ros_msgs_s__rosidl_typesupport_introspection_c.cpython-310-aarch64-linux-gnu.so" to ""
[27.822s] -- Installing: /home/piros/Work/ROS2/microRos_ws/install/micro_ros_msgs/local/lib/python3.10/dist-packages/micro_ros_msgs/micro_ros_msgs_s__rosidl_typesupport_c.cpython-310-aarch64-linux-gnu.so
[27.826s] -- Set runtime path of "/home/piros/Work/ROS2/microRos_ws/install/micro_ros_msgs/local/lib/python3.10/dist-packages/micro_ros_msgs/micro_ros_msgs_s__rosidl_typesupport_c.cpython-310-aarch64-linux-gnu.so" to ""
[27.827s] -- Installing: /home/piros/Work/ROS2/microRos_ws/install/micro_ros_msgs/lib/libmicro_ros_msgs__rosidl_generator_py.so
[27.831s] -- Set runtime path of "/home/piros/Work/ROS2/microRos_ws/install/micro_ros_msgs/lib/libmicro_ros_msgs__rosidl_generator_py.so" to ""
[27.832s] -- Installing: /home/piros/Work/ROS2/microRos_ws/install/micro_ros_msgs/share/micro_ros_msgs/msg/Graph.idl
[27.833s] -- Installing: /home/piros/Work/ROS2/microRos_ws/install/micro_ros_msgs/share/micro_ros_msgs/msg/Node.idl
[27.834s] -- Installing: /home/piros/Work/ROS2/microRos_ws/install/micro_ros_msgs/share/micro_ros_msgs/msg/Entity.idl
[27.836s] -- Installing: /home/piros/Work/ROS2/microRos_ws/install/micro_ros_msgs/share/micro_ros_msgs/msg/Graph.msg
[27.837s] -- Installing: /home/piros/Work/ROS2/microRos_ws/install/micro_ros_msgs/share/micro_ros_msgs/msg/Node.msg
[27.838s] -- Installing: /home/piros/Work/ROS2/microRos_ws/install/micro_ros_msgs/share/micro_ros_msgs/msg/Entity.msg
[27.839s] -- Installing: /home/piros/Work/ROS2/microRos_ws/install/micro_ros_msgs/share/ament_index/resource_index/package_run_dependencies/micro_ros_msgs
[27.841s] -- Installing: /home/piros/Work/ROS2/microRos_ws/install/micro_ros_msgs/share/ament_index/resource_index/parent_prefix_path/micro_ros_msgs
[27.842s] -- Installing: /home/piros/Work/ROS2/microRos_ws/install/micro_ros_msgs/share/micro_ros_msgs/environment/ament_prefix_path.sh
[27.843s] -- Installing: /home/piros/Work/ROS2/microRos_ws/install/micro_ros_msgs/share/micro_ros_msgs/environment/ament_prefix_path.dsv
[27.845s] -- Installing: /home/piros/Work/ROS2/microRos_ws/install/micro_ros_msgs/share/micro_ros_msgs/environment/path.sh
[27.846s] -- Installing: /home/piros/Work/ROS2/microRos_ws/install/micro_ros_msgs/share/micro_ros_msgs/environment/path.dsv
[27.847s] -- Installing: /home/piros/Work/ROS2/microRos_ws/install/micro_ros_msgs/share/micro_ros_msgs/local_setup.bash
[27.848s] -- Installing: /home/piros/Work/ROS2/microRos_ws/install/micro_ros_msgs/share/micro_ros_msgs/local_setup.sh
[27.849s] -- Installing: /home/piros/Work/ROS2/microRos_ws/install/micro_ros_msgs/share/micro_ros_msgs/local_setup.zsh
[27.851s] -- Installing: /home/piros/Work/ROS2/microRos_ws/install/micro_ros_msgs/share/micro_ros_msgs/local_setup.dsv
[27.852s] -- Installing: /home/piros/Work/ROS2/microRos_ws/install/micro_ros_msgs/share/micro_ros_msgs/package.dsv
[27.853s] -- Installing: /home/piros/Work/ROS2/microRos_ws/install/micro_ros_msgs/share/ament_index/resource_index/packages/micro_ros_msgs
[27.855s] -- Installing: /home/piros/Work/ROS2/microRos_ws/install/micro_ros_msgs/share/micro_ros_msgs/cmake/export_micro_ros_msgs__rosidl_generator_cExport.cmake
[27.857s] -- Installing: /home/piros/Work/ROS2/microRos_ws/install/micro_ros_msgs/share/micro_ros_msgs/cmake/export_micro_ros_msgs__rosidl_generator_cExport-noconfig.cmake
[27.858s] -- Installing: /home/piros/Work/ROS2/microRos_ws/install/micro_ros_msgs/share/micro_ros_msgs/cmake/export_micro_ros_msgs__rosidl_typesupport_fastrtps_cExport.cmake
[27.860s] -- Installing: /home/piros/Work/ROS2/microRos_ws/install/micro_ros_msgs/share/micro_ros_msgs/cmake/export_micro_ros_msgs__rosidl_typesupport_fastrtps_cExport-noconfig.cmake
[27.861s] -- Installing: /home/piros/Work/ROS2/microRos_ws/install/micro_ros_msgs/share/micro_ros_msgs/cmake/micro_ros_msgs__rosidl_typesupport_introspection_cExport.cmake
[27.863s] -- Installing: /home/piros/Work/ROS2/microRos_ws/install/micro_ros_msgs/share/micro_ros_msgs/cmake/micro_ros_msgs__rosidl_typesupport_introspection_cExport-noconfig.cmake
[27.865s] -- Installing: /home/piros/Work/ROS2/microRos_ws/install/micro_ros_msgs/share/micro_ros_msgs/cmake/micro_ros_msgs__rosidl_typesupport_cExport.cmake
[27.867s] -- Installing: /home/piros/Work/ROS2/microRos_ws/install/micro_ros_msgs/share/micro_ros_msgs/cmake/micro_ros_msgs__rosidl_typesupport_cExport-noconfig.cmake
[27.868s] -- Installing: /home/piros/Work/ROS2/microRos_ws/install/micro_ros_msgs/share/micro_ros_msgs/cmake/export_micro_ros_msgs__rosidl_generator_cppExport.cmake
[27.870s] -- Installing: /home/piros/Work/ROS2/microRos_ws/install/micro_ros_msgs/share/micro_ros_msgs/cmake/export_micro_ros_msgs__rosidl_typesupport_fastrtps_cppExport.cmake
[27.871s] -- Installing: /home/piros/Work/ROS2/microRos_ws/install/micro_ros_msgs/share/micro_ros_msgs/cmake/export_micro_ros_msgs__rosidl_typesupport_fastrtps_cppExport-noconfig.cmake
[27.873s] -- Installing: /home/piros/Work/ROS2/microRos_ws/install/micro_ros_msgs/share/micro_ros_msgs/cmake/micro_ros_msgs__rosidl_typesupport_introspection_cppExport.cmake
[27.874s] -- Installing: /home/piros/Work/ROS2/microRos_ws/install/micro_ros_msgs/share/micro_ros_msgs/cmake/micro_ros_msgs__rosidl_typesupport_introspection_cppExport-noconfig.cmake
[27.876s] -- Installing: /home/piros/Work/ROS2/microRos_ws/install/micro_ros_msgs/share/micro_ros_msgs/cmake/micro_ros_msgs__rosidl_typesupport_cppExport.cmake
[27.877s] -- Installing: /home/piros/Work/ROS2/microRos_ws/install/micro_ros_msgs/share/micro_ros_msgs/cmake/micro_ros_msgs__rosidl_typesupport_cppExport-noconfig.cmake
[27.879s] -- Installing: /home/piros/Work/ROS2/microRos_ws/install/micro_ros_msgs/share/micro_ros_msgs/cmake/export_micro_ros_msgs__rosidl_generator_pyExport.cmake
[27.880s] -- Installing: /home/piros/Work/ROS2/microRos_ws/install/micro_ros_msgs/share/micro_ros_msgs/cmake/export_micro_ros_msgs__rosidl_generator_pyExport-noconfig.cmake
[27.882s] -- Installing: /home/piros/Work/ROS2/microRos_ws/install/micro_ros_msgs/share/micro_ros_msgs/cmake/rosidl_cmake-extras.cmake
[27.883s] -- Installing: /home/piros/Work/ROS2/microRos_ws/install/micro_ros_msgs/share/micro_ros_msgs/cmake/ament_cmake_export_include_directories-extras.cmake
[27.884s] -- Installing: /home/piros/Work/ROS2/microRos_ws/install/micro_ros_msgs/share/micro_ros_msgs/cmake/ament_cmake_export_libraries-extras.cmake
[27.886s] -- Installing: /home/piros/Work/ROS2/microRos_ws/install/micro_ros_msgs/share/micro_ros_msgs/cmake/ament_cmake_export_targets-extras.cmake
[27.887s] -- Installing: /home/piros/Work/ROS2/microRos_ws/install/micro_ros_msgs/share/micro_ros_msgs/cmake/rosidl_cmake_export_typesupport_targets-extras.cmake
[27.888s] -- Installing: /home/piros/Work/ROS2/microRos_ws/install/micro_ros_msgs/share/micro_ros_msgs/cmake/ament_cmake_export_dependencies-extras.cmake
[27.890s] -- Installing: /home/piros/Work/ROS2/microRos_ws/install/micro_ros_msgs/share/micro_ros_msgs/cmake/rosidl_cmake_export_typesupport_libraries-extras.cmake
[27.891s] -- Installing: /home/piros/Work/ROS2/microRos_ws/install/micro_ros_msgs/share/micro_ros_msgs/cmake/micro_ros_msgsConfig.cmake
[27.892s] -- Installing: /home/piros/Work/ROS2/microRos_ws/install/micro_ros_msgs/share/micro_ros_msgs/cmake/micro_ros_msgsConfig-version.cmake
[27.893s] -- Installing: /home/piros/Work/ROS2/microRos_ws/install/micro_ros_msgs/share/micro_ros_msgs/package.xml
[27.903s] Invoked command in '/home/piros/Work/ROS2/microRos_ws/build/micro_ros_msgs' returned '0': CMAKE_PREFIX_PATH=${CMAKE_PREFIX_PATH}:/opt/ros/humble /usr/bin/cmake --install /home/piros/Work/ROS2/microRos_ws/build/micro_ros_msgs
