[ 33%] Built target three_omniwheel_controller_parameters
[35m[1mConsolidate compiler generated dependencies of target three_omniwheel_controller[0m
[100%] Built target three_omniwheel_controller
-- Install configuration: ""
-- Up-to-date: /home/nikhil/Work/ROS/controller_ws/src/three_omniwheel_controller/install/three_omniwheel_controller/include/three_omniwheel_controller
-- Up-to-date: /home/nikhil/Work/ROS/controller_ws/src/three_omniwheel_controller/install/three_omniwheel_controller/include/three_omniwheel_controller/three_omniwheel_controller_parameters.hpp
-- Up-to-date: /home/nikhil/Work/ROS/controller_ws/src/three_omniwheel_controller/install/three_omniwheel_controller/share/three_omniwheel_controller/three_omniwheel_plugin.xml
-- Up-to-date: /home/nikhil/Work/ROS/controller_ws/src/three_omniwheel_controller/install/three_omniwheel_controller/include/three_omniwheel_controller
-- Up-to-date: /home/nikhil/Work/ROS/controller_ws/src/three_omniwheel_controller/install/three_omniwheel_controller/include/three_omniwheel_controller/three_omniwheel_controller
-- Up-to-date: /home/nikhil/Work/ROS/controller_ws/src/three_omniwheel_controller/install/three_omniwheel_controller/include/three_omniwheel_controller/three_omniwheel_controller/three_omniwheel_controller.hpp
-- Up-to-date: /home/nikhil/Work/ROS/controller_ws/src/three_omniwheel_controller/install/three_omniwheel_controller/include/three_omniwheel_controller/three_omniwheel_controller/odometry.hpp
-- Up-to-date: /home/nikhil/Work/ROS/controller_ws/src/three_omniwheel_controller/install/three_omniwheel_controller/include/three_omniwheel_controller/three_omniwheel_controller/speed_limiter.hpp
-- Up-to-date: /home/nikhil/Work/ROS/controller_ws/src/three_omniwheel_controller/install/three_omniwheel_controller/include/three_omniwheel_controller/three_omniwheel_controller/visibility_control.h
-- Up-to-date: /home/nikhil/Work/ROS/controller_ws/src/three_omniwheel_controller/install/three_omniwheel_controller/lib/libthree_omniwheel_controller.so
-- Up-to-date: /home/nikhil/Work/ROS/controller_ws/src/three_omniwheel_controller/install/three_omniwheel_controller/share/three_omniwheel_controller/environment/library_path.sh
-- Up-to-date: /home/nikhil/Work/ROS/controller_ws/src/three_omniwheel_controller/install/three_omniwheel_controller/share/three_omniwheel_controller/environment/library_path.dsv
-- Up-to-date: /home/nikhil/Work/ROS/controller_ws/src/three_omniwheel_controller/install/three_omniwheel_controller/share/ament_index/resource_index/package_run_dependencies/three_omniwheel_controller
-- Up-to-date: /home/nikhil/Work/ROS/controller_ws/src/three_omniwheel_controller/install/three_omniwheel_controller/share/ament_index/resource_index/parent_prefix_path/three_omniwheel_controller
-- Up-to-date: /home/nikhil/Work/ROS/controller_ws/src/three_omniwheel_controller/install/three_omniwheel_controller/share/three_omniwheel_controller/environment/ament_prefix_path.sh
-- Up-to-date: /home/nikhil/Work/ROS/controller_ws/src/three_omniwheel_controller/install/three_omniwheel_controller/share/three_omniwheel_controller/environment/ament_prefix_path.dsv
-- Up-to-date: /home/nikhil/Work/ROS/controller_ws/src/three_omniwheel_controller/install/three_omniwheel_controller/share/three_omniwheel_controller/environment/path.sh
-- Up-to-date: /home/nikhil/Work/ROS/controller_ws/src/three_omniwheel_controller/install/three_omniwheel_controller/share/three_omniwheel_controller/environment/path.dsv
-- Up-to-date: /home/nikhil/Work/ROS/controller_ws/src/three_omniwheel_controller/install/three_omniwheel_controller/share/three_omniwheel_controller/local_setup.bash
-- Up-to-date: /home/nikhil/Work/ROS/controller_ws/src/three_omniwheel_controller/install/three_omniwheel_controller/share/three_omniwheel_controller/local_setup.sh
-- Up-to-date: /home/nikhil/Work/ROS/controller_ws/src/three_omniwheel_controller/install/three_omniwheel_controller/share/three_omniwheel_controller/local_setup.zsh
-- Up-to-date: /home/nikhil/Work/ROS/controller_ws/src/three_omniwheel_controller/install/three_omniwheel_controller/share/three_omniwheel_controller/local_setup.dsv
-- Installing: /home/nikhil/Work/ROS/controller_ws/src/three_omniwheel_controller/install/three_omniwheel_controller/share/three_omniwheel_controller/package.dsv
-- Up-to-date: /home/nikhil/Work/ROS/controller_ws/src/three_omniwheel_controller/install/three_omniwheel_controller/share/ament_index/resource_index/packages/three_omniwheel_controller
-- Up-to-date: /home/nikhil/Work/ROS/controller_ws/src/three_omniwheel_controller/install/three_omniwheel_controller/share/ament_index/resource_index/controller_interface__pluginlib__plugin/three_omniwheel_controller
-- Up-to-date: /home/nikhil/Work/ROS/controller_ws/src/three_omniwheel_controller/install/three_omniwheel_controller/share/three_omniwheel_controller/cmake/export_three_omniwheel_controllerExport.cmake
-- Up-to-date: /home/nikhil/Work/ROS/controller_ws/src/three_omniwheel_controller/install/three_omniwheel_controller/share/three_omniwheel_controller/cmake/export_three_omniwheel_controllerExport-noconfig.cmake
-- Up-to-date: /home/nikhil/Work/ROS/controller_ws/src/three_omniwheel_controller/install/three_omniwheel_controller/share/three_omniwheel_controller/cmake/ament_cmake_export_dependencies-extras.cmake
-- Up-to-date: /home/nikhil/Work/ROS/controller_ws/src/three_omniwheel_controller/install/three_omniwheel_controller/share/three_omniwheel_controller/cmake/ament_cmake_export_targets-extras.cmake
-- Up-to-date: /home/nikhil/Work/ROS/controller_ws/src/three_omniwheel_controller/install/three_omniwheel_controller/share/three_omniwheel_controller/cmake/three_omniwheel_controllerConfig.cmake
-- Up-to-date: /home/nikhil/Work/ROS/controller_ws/src/three_omniwheel_controller/install/three_omniwheel_controller/share/three_omniwheel_controller/cmake/three_omniwheel_controllerConfig-version.cmake
-- Up-to-date: /home/nikhil/Work/ROS/controller_ws/src/three_omniwheel_controller/install/three_omniwheel_controller/share/three_omniwheel_controller/package.xml
