[0.464s] DEBUG:colcon:Command line arguments: ['/usr/bin/colcon', 'build']
[0.465s] DEBUG:colcon:Parsed command line arguments: Namespace(log_base=None, log_level=None, verb_name='build', build_base='build', install_base='install', merge_install=False, symlink_install=False, test_result_base=None, continue_on_error=False, executor='parallel', parallel_workers=4, event_handlers=None, ignore_user_meta=False, metas=['./colcon.meta'], base_paths=['.'], packages_ignore=None, packages_ignore_regex=None, paths=None, packages_up_to=None, packages_up_to_regex=None, packages_above=None, packages_above_and_dependencies=None, packages_above_depth=None, packages_select_by_dep=None, packages_skip_by_dep=None, packages_skip_up_to=None, packages_select_build_failed=False, packages_skip_build_finished=False, packages_select_test_failures=False, packages_skip_test_passed=False, packages_select=None, packages_skip=None, packages_select_regex=None, packages_skip_regex=None, packages_start=None, packages_end=None, allow_overriding=[], cmake_args=None, cmake_target=None, cmake_target_skip_unavailable=False, cmake_clean_cache=False, cmake_clean_first=False, cmake_force_configure=False, ament_cmake_args=None, catkin_cmake_args=None, catkin_skip_building_tests=False, mixin_files=None, mixin=None, verb_parser=<colcon_mixin.mixin.mixin_argument.MixinArgumentDecorator object at 0xffff919a9c60>, verb_extension=<colcon_core.verb.build.BuildVerb object at 0xffff91b56c20>, main=<bound method BuildVerb.main of <colcon_core.verb.build.BuildVerb object at 0xffff91b56c20>>, mixin_verb=('build',))
[1.305s] Level 1:colcon.colcon_core.package_discovery:discover_packages(colcon_meta) check parameters
[1.305s] Level 1:colcon.colcon_core.package_discovery:discover_packages(recursive) check parameters
[1.305s] Level 1:colcon.colcon_core.package_discovery:discover_packages(ignore) check parameters
[1.305s] Level 1:colcon.colcon_core.package_discovery:discover_packages(path) check parameters
[1.306s] Level 1:colcon.colcon_core.package_discovery:discover_packages(colcon_meta) discover
[1.306s] Level 1:colcon.colcon_core.package_discovery:discover_packages(recursive) discover
[1.306s] INFO:colcon.colcon_core.package_discovery:Crawling recursively for packages in '/home/piros/Work/ROS2/microRos_ws'
[1.306s] Level 1:colcon.colcon_core.package_identification:_identify(.) by extensions ['ignore', 'ignore_ament_install']
[1.307s] Level 1:colcon.colcon_core.package_identification:_identify(.) by extension 'ignore'
[1.307s] Level 1:colcon.colcon_core.package_identification:_identify(.) by extension 'ignore_ament_install'
[1.307s] Level 1:colcon.colcon_core.package_identification:_identify(.) by extensions ['colcon_pkg']
[1.307s] Level 1:colcon.colcon_core.package_identification:_identify(.) by extension 'colcon_pkg'
[1.308s] Level 1:colcon.colcon_core.package_identification:_identify(.) by extensions ['colcon_meta']
[1.308s] Level 1:colcon.colcon_core.package_identification:_identify(.) by extension 'colcon_meta'
[1.308s] Level 1:colcon.colcon_core.package_identification:_identify(.) by extensions ['ros']
[1.308s] Level 1:colcon.colcon_core.package_identification:_identify(.) by extension 'ros'
[1.351s] Level 1:colcon.colcon_core.package_identification:_identify(.) by extensions ['cmake', 'python']
[1.352s] Level 1:colcon.colcon_core.package_identification:_identify(.) by extension 'cmake'
[1.352s] Level 1:colcon.colcon_core.package_identification:_identify(.) by extension 'python'
[1.352s] Level 1:colcon.colcon_core.package_identification:_identify(.) by extensions ['python_setup_py']
[1.352s] Level 1:colcon.colcon_core.package_identification:_identify(.) by extension 'python_setup_py'
[1.353s] Level 1:colcon.colcon_core.package_identification:_identify(build) by extensions ['ignore', 'ignore_ament_install']
[1.353s] Level 1:colcon.colcon_core.package_identification:_identify(build) by extension 'ignore'
[1.353s] Level 1:colcon.colcon_core.package_identification:_identify(build) ignored
[1.354s] Level 1:colcon.colcon_core.package_identification:_identify(install) by extensions ['ignore', 'ignore_ament_install']
[1.354s] Level 1:colcon.colcon_core.package_identification:_identify(install) by extension 'ignore'
[1.355s] Level 1:colcon.colcon_core.package_identification:_identify(install) ignored
[1.355s] Level 1:colcon.colcon_core.package_identification:_identify(log) by extensions ['ignore', 'ignore_ament_install']
[1.355s] Level 1:colcon.colcon_core.package_identification:_identify(log) by extension 'ignore'
[1.355s] Level 1:colcon.colcon_core.package_identification:_identify(log) ignored
[1.356s] Level 1:colcon.colcon_core.package_identification:_identify(src) by extensions ['ignore', 'ignore_ament_install']
[1.356s] Level 1:colcon.colcon_core.package_identification:_identify(src) by extension 'ignore'
[1.356s] Level 1:colcon.colcon_core.package_identification:_identify(src) by extension 'ignore_ament_install'
[1.357s] Level 1:colcon.colcon_core.package_identification:_identify(src) by extensions ['colcon_pkg']
[1.357s] Level 1:colcon.colcon_core.package_identification:_identify(src) by extension 'colcon_pkg'
[1.357s] Level 1:colcon.colcon_core.package_identification:_identify(src) by extensions ['colcon_meta']
[1.357s] Level 1:colcon.colcon_core.package_identification:_identify(src) by extension 'colcon_meta'
[1.357s] Level 1:colcon.colcon_core.package_identification:_identify(src) by extensions ['ros']
[1.357s] Level 1:colcon.colcon_core.package_identification:_identify(src) by extension 'ros'
[1.358s] Level 1:colcon.colcon_core.package_identification:_identify(src) by extensions ['cmake', 'python']
[1.358s] Level 1:colcon.colcon_core.package_identification:_identify(src) by extension 'cmake'
[1.358s] Level 1:colcon.colcon_core.package_identification:_identify(src) by extension 'python'
[1.358s] Level 1:colcon.colcon_core.package_identification:_identify(src) by extensions ['python_setup_py']
[1.358s] Level 1:colcon.colcon_core.package_identification:_identify(src) by extension 'python_setup_py'
[1.359s] Level 1:colcon.colcon_core.package_identification:_identify(src/diff_drive_uros) by extensions ['ignore', 'ignore_ament_install']
[1.359s] Level 1:colcon.colcon_core.package_identification:_identify(src/diff_drive_uros) by extension 'ignore'
[1.359s] Level 1:colcon.colcon_core.package_identification:_identify(src/diff_drive_uros) by extension 'ignore_ament_install'
[1.359s] Level 1:colcon.colcon_core.package_identification:_identify(src/diff_drive_uros) by extensions ['colcon_pkg']
[1.359s] Level 1:colcon.colcon_core.package_identification:_identify(src/diff_drive_uros) by extension 'colcon_pkg'
[1.360s] Level 1:colcon.colcon_core.package_identification:_identify(src/diff_drive_uros) by extensions ['colcon_meta']
[1.360s] Level 1:colcon.colcon_core.package_identification:_identify(src/diff_drive_uros) by extension 'colcon_meta'
[1.360s] Level 1:colcon.colcon_core.package_identification:_identify(src/diff_drive_uros) by extensions ['ros']
[1.360s] Level 1:colcon.colcon_core.package_identification:_identify(src/diff_drive_uros) by extension 'ros'
[1.360s] Level 1:colcon.colcon_core.package_identification:_identify(src/diff_drive_uros) by extensions ['cmake', 'python']
[1.360s] Level 1:colcon.colcon_core.package_identification:_identify(src/diff_drive_uros) by extension 'cmake'
[1.361s] Level 1:colcon.colcon_core.package_identification:_identify(src/diff_drive_uros) by extension 'python'
[1.361s] Level 1:colcon.colcon_core.package_identification:_identify(src/diff_drive_uros) by extensions ['python_setup_py']
[1.361s] Level 1:colcon.colcon_core.package_identification:_identify(src/diff_drive_uros) by extension 'python_setup_py'
[1.361s] Level 1:colcon.colcon_core.package_identification:_identify(src/diff_drive_uros/include) by extensions ['ignore', 'ignore_ament_install']
[1.361s] Level 1:colcon.colcon_core.package_identification:_identify(src/diff_drive_uros/include) by extension 'ignore'
[1.362s] Level 1:colcon.colcon_core.package_identification:_identify(src/diff_drive_uros/include) by extension 'ignore_ament_install'
[1.362s] Level 1:colcon.colcon_core.package_identification:_identify(src/diff_drive_uros/include) by extensions ['colcon_pkg']
[1.362s] Level 1:colcon.colcon_core.package_identification:_identify(src/diff_drive_uros/include) by extension 'colcon_pkg'
[1.362s] Level 1:colcon.colcon_core.package_identification:_identify(src/diff_drive_uros/include) by extensions ['colcon_meta']
[1.362s] Level 1:colcon.colcon_core.package_identification:_identify(src/diff_drive_uros/include) by extension 'colcon_meta'
[1.363s] Level 1:colcon.colcon_core.package_identification:_identify(src/diff_drive_uros/include) by extensions ['ros']
[1.363s] Level 1:colcon.colcon_core.package_identification:_identify(src/diff_drive_uros/include) by extension 'ros'
[1.363s] Level 1:colcon.colcon_core.package_identification:_identify(src/diff_drive_uros/include) by extensions ['cmake', 'python']
[1.363s] Level 1:colcon.colcon_core.package_identification:_identify(src/diff_drive_uros/include) by extension 'cmake'
[1.363s] Level 1:colcon.colcon_core.package_identification:_identify(src/diff_drive_uros/include) by extension 'python'
[1.363s] Level 1:colcon.colcon_core.package_identification:_identify(src/diff_drive_uros/include) by extensions ['python_setup_py']
[1.364s] Level 1:colcon.colcon_core.package_identification:_identify(src/diff_drive_uros/include) by extension 'python_setup_py'
[1.364s] Level 1:colcon.colcon_core.package_identification:_identify(src/diff_drive_uros/lib) by extensions ['ignore', 'ignore_ament_install']
[1.364s] Level 1:colcon.colcon_core.package_identification:_identify(src/diff_drive_uros/lib) by extension 'ignore'
[1.364s] Level 1:colcon.colcon_core.package_identification:_identify(src/diff_drive_uros/lib) by extension 'ignore_ament_install'
[1.365s] Level 1:colcon.colcon_core.package_identification:_identify(src/diff_drive_uros/lib) by extensions ['colcon_pkg']
[1.365s] Level 1:colcon.colcon_core.package_identification:_identify(src/diff_drive_uros/lib) by extension 'colcon_pkg'
[1.365s] Level 1:colcon.colcon_core.package_identification:_identify(src/diff_drive_uros/lib) by extensions ['colcon_meta']
[1.365s] Level 1:colcon.colcon_core.package_identification:_identify(src/diff_drive_uros/lib) by extension 'colcon_meta'
[1.365s] Level 1:colcon.colcon_core.package_identification:_identify(src/diff_drive_uros/lib) by extensions ['ros']
[1.365s] Level 1:colcon.colcon_core.package_identification:_identify(src/diff_drive_uros/lib) by extension 'ros'
[1.366s] Level 1:colcon.colcon_core.package_identification:_identify(src/diff_drive_uros/lib) by extensions ['cmake', 'python']
[1.366s] Level 1:colcon.colcon_core.package_identification:_identify(src/diff_drive_uros/lib) by extension 'cmake'
[1.366s] Level 1:colcon.colcon_core.package_identification:_identify(src/diff_drive_uros/lib) by extension 'python'
[1.366s] Level 1:colcon.colcon_core.package_identification:_identify(src/diff_drive_uros/lib) by extensions ['python_setup_py']
[1.366s] Level 1:colcon.colcon_core.package_identification:_identify(src/diff_drive_uros/lib) by extension 'python_setup_py'
[1.367s] Level 1:colcon.colcon_core.package_identification:_identify(src/diff_drive_uros/src) by extensions ['ignore', 'ignore_ament_install']
[1.367s] Level 1:colcon.colcon_core.package_identification:_identify(src/diff_drive_uros/src) by extension 'ignore'
[1.367s] Level 1:colcon.colcon_core.package_identification:_identify(src/diff_drive_uros/src) by extension 'ignore_ament_install'
[1.367s] Level 1:colcon.colcon_core.package_identification:_identify(src/diff_drive_uros/src) by extensions ['colcon_pkg']
[1.368s] Level 1:colcon.colcon_core.package_identification:_identify(src/diff_drive_uros/src) by extension 'colcon_pkg'
[1.368s] Level 1:colcon.colcon_core.package_identification:_identify(src/diff_drive_uros/src) by extensions ['colcon_meta']
[1.368s] Level 1:colcon.colcon_core.package_identification:_identify(src/diff_drive_uros/src) by extension 'colcon_meta'
[1.368s] Level 1:colcon.colcon_core.package_identification:_identify(src/diff_drive_uros/src) by extensions ['ros']
[1.368s] Level 1:colcon.colcon_core.package_identification:_identify(src/diff_drive_uros/src) by extension 'ros'
[1.369s] Level 1:colcon.colcon_core.package_identification:_identify(src/diff_drive_uros/src) by extensions ['cmake', 'python']
[1.369s] Level 1:colcon.colcon_core.package_identification:_identify(src/diff_drive_uros/src) by extension 'cmake'
[1.369s] Level 1:colcon.colcon_core.package_identification:_identify(src/diff_drive_uros/src) by extension 'python'
[1.369s] Level 1:colcon.colcon_core.package_identification:_identify(src/diff_drive_uros/src) by extensions ['python_setup_py']
[1.369s] Level 1:colcon.colcon_core.package_identification:_identify(src/diff_drive_uros/src) by extension 'python_setup_py'
[1.369s] Level 1:colcon.colcon_core.package_identification:_identify(src/diff_drive_uros/test) by extensions ['ignore', 'ignore_ament_install']
[1.370s] Level 1:colcon.colcon_core.package_identification:_identify(src/diff_drive_uros/test) by extension 'ignore'
[1.370s] Level 1:colcon.colcon_core.package_identification:_identify(src/diff_drive_uros/test) by extension 'ignore_ament_install'
[1.370s] Level 1:colcon.colcon_core.package_identification:_identify(src/diff_drive_uros/test) by extensions ['colcon_pkg']
[1.370s] Level 1:colcon.colcon_core.package_identification:_identify(src/diff_drive_uros/test) by extension 'colcon_pkg'
[1.370s] Level 1:colcon.colcon_core.package_identification:_identify(src/diff_drive_uros/test) by extensions ['colcon_meta']
[1.371s] Level 1:colcon.colcon_core.package_identification:_identify(src/diff_drive_uros/test) by extension 'colcon_meta'
[1.371s] Level 1:colcon.colcon_core.package_identification:_identify(src/diff_drive_uros/test) by extensions ['ros']
[1.371s] Level 1:colcon.colcon_core.package_identification:_identify(src/diff_drive_uros/test) by extension 'ros'
[1.371s] Level 1:colcon.colcon_core.package_identification:_identify(src/diff_drive_uros/test) by extensions ['cmake', 'python']
[1.371s] Level 1:colcon.colcon_core.package_identification:_identify(src/diff_drive_uros/test) by extension 'cmake'
[1.371s] Level 1:colcon.colcon_core.package_identification:_identify(src/diff_drive_uros/test) by extension 'python'
[1.372s] Level 1:colcon.colcon_core.package_identification:_identify(src/diff_drive_uros/test) by extensions ['python_setup_py']
[1.372s] Level 1:colcon.colcon_core.package_identification:_identify(src/diff_drive_uros/test) by extension 'python_setup_py'
[1.372s] Level 1:colcon.colcon_core.package_identification:_identify(src/microRos_test) by extensions ['ignore', 'ignore_ament_install']
[1.373s] Level 1:colcon.colcon_core.package_identification:_identify(src/microRos_test) by extension 'ignore'
[1.373s] Level 1:colcon.colcon_core.package_identification:_identify(src/microRos_test) by extension 'ignore_ament_install'
[1.373s] Level 1:colcon.colcon_core.package_identification:_identify(src/microRos_test) by extensions ['colcon_pkg']
[1.373s] Level 1:colcon.colcon_core.package_identification:_identify(src/microRos_test) by extension 'colcon_pkg'
[1.373s] Level 1:colcon.colcon_core.package_identification:_identify(src/microRos_test) by extensions ['colcon_meta']
[1.373s] Level 1:colcon.colcon_core.package_identification:_identify(src/microRos_test) by extension 'colcon_meta'
[1.374s] Level 1:colcon.colcon_core.package_identification:_identify(src/microRos_test) by extensions ['ros']
[1.374s] Level 1:colcon.colcon_core.package_identification:_identify(src/microRos_test) by extension 'ros'
[1.374s] Level 1:colcon.colcon_core.package_identification:_identify(src/microRos_test) by extensions ['cmake', 'python']
[1.374s] Level 1:colcon.colcon_core.package_identification:_identify(src/microRos_test) by extension 'cmake'
[1.374s] Level 1:colcon.colcon_core.package_identification:_identify(src/microRos_test) by extension 'python'
[1.374s] Level 1:colcon.colcon_core.package_identification:_identify(src/microRos_test) by extensions ['python_setup_py']
[1.374s] Level 1:colcon.colcon_core.package_identification:_identify(src/microRos_test) by extension 'python_setup_py'
[1.375s] Level 1:colcon.colcon_core.package_identification:_identify(src/microRos_test/include) by extensions ['ignore', 'ignore_ament_install']
[1.375s] Level 1:colcon.colcon_core.package_identification:_identify(src/microRos_test/include) by extension 'ignore'
[1.375s] Level 1:colcon.colcon_core.package_identification:_identify(src/microRos_test/include) by extension 'ignore_ament_install'
[1.376s] Level 1:colcon.colcon_core.package_identification:_identify(src/microRos_test/include) by extensions ['colcon_pkg']
[1.376s] Level 1:colcon.colcon_core.package_identification:_identify(src/microRos_test/include) by extension 'colcon_pkg'
[1.376s] Level 1:colcon.colcon_core.package_identification:_identify(src/microRos_test/include) by extensions ['colcon_meta']
[1.376s] Level 1:colcon.colcon_core.package_identification:_identify(src/microRos_test/include) by extension 'colcon_meta'
[1.376s] Level 1:colcon.colcon_core.package_identification:_identify(src/microRos_test/include) by extensions ['ros']
[1.376s] Level 1:colcon.colcon_core.package_identification:_identify(src/microRos_test/include) by extension 'ros'
[1.377s] Level 1:colcon.colcon_core.package_identification:_identify(src/microRos_test/include) by extensions ['cmake', 'python']
[1.377s] Level 1:colcon.colcon_core.package_identification:_identify(src/microRos_test/include) by extension 'cmake'
[1.377s] Level 1:colcon.colcon_core.package_identification:_identify(src/microRos_test/include) by extension 'python'
[1.377s] Level 1:colcon.colcon_core.package_identification:_identify(src/microRos_test/include) by extensions ['python_setup_py']
[1.377s] Level 1:colcon.colcon_core.package_identification:_identify(src/microRos_test/include) by extension 'python_setup_py'
[1.378s] Level 1:colcon.colcon_core.package_identification:_identify(src/microRos_test/lib) by extensions ['ignore', 'ignore_ament_install']
[1.378s] Level 1:colcon.colcon_core.package_identification:_identify(src/microRos_test/lib) by extension 'ignore'
[1.378s] Level 1:colcon.colcon_core.package_identification:_identify(src/microRos_test/lib) by extension 'ignore_ament_install'
[1.378s] Level 1:colcon.colcon_core.package_identification:_identify(src/microRos_test/lib) by extensions ['colcon_pkg']
[1.378s] Level 1:colcon.colcon_core.package_identification:_identify(src/microRos_test/lib) by extension 'colcon_pkg'
[1.379s] Level 1:colcon.colcon_core.package_identification:_identify(src/microRos_test/lib) by extensions ['colcon_meta']
[1.379s] Level 1:colcon.colcon_core.package_identification:_identify(src/microRos_test/lib) by extension 'colcon_meta'
[1.379s] Level 1:colcon.colcon_core.package_identification:_identify(src/microRos_test/lib) by extensions ['ros']
[1.379s] Level 1:colcon.colcon_core.package_identification:_identify(src/microRos_test/lib) by extension 'ros'
[1.379s] Level 1:colcon.colcon_core.package_identification:_identify(src/microRos_test/lib) by extensions ['cmake', 'python']
[1.379s] Level 1:colcon.colcon_core.package_identification:_identify(src/microRos_test/lib) by extension 'cmake'
[1.380s] Level 1:colcon.colcon_core.package_identification:_identify(src/microRos_test/lib) by extension 'python'
[1.380s] Level 1:colcon.colcon_core.package_identification:_identify(src/microRos_test/lib) by extensions ['python_setup_py']
[1.380s] Level 1:colcon.colcon_core.package_identification:_identify(src/microRos_test/lib) by extension 'python_setup_py'
[1.380s] Level 1:colcon.colcon_core.package_identification:_identify(src/microRos_test/src) by extensions ['ignore', 'ignore_ament_install']
[1.381s] Level 1:colcon.colcon_core.package_identification:_identify(src/microRos_test/src) by extension 'ignore'
[1.381s] Level 1:colcon.colcon_core.package_identification:_identify(src/microRos_test/src) by extension 'ignore_ament_install'
[1.381s] Level 1:colcon.colcon_core.package_identification:_identify(src/microRos_test/src) by extensions ['colcon_pkg']
[1.381s] Level 1:colcon.colcon_core.package_identification:_identify(src/microRos_test/src) by extension 'colcon_pkg'
[1.381s] Level 1:colcon.colcon_core.package_identification:_identify(src/microRos_test/src) by extensions ['colcon_meta']
[1.381s] Level 1:colcon.colcon_core.package_identification:_identify(src/microRos_test/src) by extension 'colcon_meta'
[1.382s] Level 1:colcon.colcon_core.package_identification:_identify(src/microRos_test/src) by extensions ['ros']
[1.382s] Level 1:colcon.colcon_core.package_identification:_identify(src/microRos_test/src) by extension 'ros'
[1.382s] Level 1:colcon.colcon_core.package_identification:_identify(src/microRos_test/src) by extensions ['cmake', 'python']
[1.382s] Level 1:colcon.colcon_core.package_identification:_identify(src/microRos_test/src) by extension 'cmake'
[1.382s] Level 1:colcon.colcon_core.package_identification:_identify(src/microRos_test/src) by extension 'python'
[1.383s] Level 1:colcon.colcon_core.package_identification:_identify(src/microRos_test/src) by extensions ['python_setup_py']
[1.383s] Level 1:colcon.colcon_core.package_identification:_identify(src/microRos_test/src) by extension 'python_setup_py'
[1.383s] Level 1:colcon.colcon_core.package_identification:_identify(src/microRos_test/test) by extensions ['ignore', 'ignore_ament_install']
[1.383s] Level 1:colcon.colcon_core.package_identification:_identify(src/microRos_test/test) by extension 'ignore'
[1.384s] Level 1:colcon.colcon_core.package_identification:_identify(src/microRos_test/test) by extension 'ignore_ament_install'
[1.384s] Level 1:colcon.colcon_core.package_identification:_identify(src/microRos_test/test) by extensions ['colcon_pkg']
[1.384s] Level 1:colcon.colcon_core.package_identification:_identify(src/microRos_test/test) by extension 'colcon_pkg'
[1.384s] Level 1:colcon.colcon_core.package_identification:_identify(src/microRos_test/test) by extensions ['colcon_meta']
[1.384s] Level 1:colcon.colcon_core.package_identification:_identify(src/microRos_test/test) by extension 'colcon_meta'
[1.384s] Level 1:colcon.colcon_core.package_identification:_identify(src/microRos_test/test) by extensions ['ros']
[1.384s] Level 1:colcon.colcon_core.package_identification:_identify(src/microRos_test/test) by extension 'ros'
[1.385s] Level 1:colcon.colcon_core.package_identification:_identify(src/microRos_test/test) by extensions ['cmake', 'python']
[1.385s] Level 1:colcon.colcon_core.package_identification:_identify(src/microRos_test/test) by extension 'cmake'
[1.385s] Level 1:colcon.colcon_core.package_identification:_identify(src/microRos_test/test) by extension 'python'
[1.385s] Level 1:colcon.colcon_core.package_identification:_identify(src/microRos_test/test) by extensions ['python_setup_py']
[1.385s] Level 1:colcon.colcon_core.package_identification:_identify(src/microRos_test/test) by extension 'python_setup_py'
[1.386s] Level 1:colcon.colcon_core.package_identification:_identify(src/micro_ros_setup) by extensions ['ignore', 'ignore_ament_install']
[1.386s] Level 1:colcon.colcon_core.package_identification:_identify(src/micro_ros_setup) by extension 'ignore'
[1.386s] Level 1:colcon.colcon_core.package_identification:_identify(src/micro_ros_setup) by extension 'ignore_ament_install'
[1.386s] Level 1:colcon.colcon_core.package_identification:_identify(src/micro_ros_setup) by extensions ['colcon_pkg']
[1.387s] Level 1:colcon.colcon_core.package_identification:_identify(src/micro_ros_setup) by extension 'colcon_pkg'
[1.387s] Level 1:colcon.colcon_core.package_identification:_identify(src/micro_ros_setup) by extensions ['colcon_meta']
[1.387s] Level 1:colcon.colcon_core.package_identification:_identify(src/micro_ros_setup) by extension 'colcon_meta'
[1.387s] Level 1:colcon.colcon_core.package_identification:_identify(src/micro_ros_setup) by extensions ['ros']
[1.387s] Level 1:colcon.colcon_core.package_identification:_identify(src/micro_ros_setup) by extension 'ros'
[1.397s] DEBUG:colcon.colcon_core.package_identification:Package 'src/micro_ros_setup' with type 'ros.ament_cmake' and name 'micro_ros_setup'
[1.398s] Level 1:colcon.colcon_core.package_identification:_identify(src/three_wheel_uros) by extensions ['ignore', 'ignore_ament_install']
[1.398s] Level 1:colcon.colcon_core.package_identification:_identify(src/three_wheel_uros) by extension 'ignore'
[1.399s] Level 1:colcon.colcon_core.package_identification:_identify(src/three_wheel_uros) by extension 'ignore_ament_install'
[1.399s] Level 1:colcon.colcon_core.package_identification:_identify(src/three_wheel_uros) by extensions ['colcon_pkg']
[1.399s] Level 1:colcon.colcon_core.package_identification:_identify(src/three_wheel_uros) by extension 'colcon_pkg'
[1.399s] Level 1:colcon.colcon_core.package_identification:_identify(src/three_wheel_uros) by extensions ['colcon_meta']
[1.399s] Level 1:colcon.colcon_core.package_identification:_identify(src/three_wheel_uros) by extension 'colcon_meta'
[1.399s] Level 1:colcon.colcon_core.package_identification:_identify(src/three_wheel_uros) by extensions ['ros']
[1.399s] Level 1:colcon.colcon_core.package_identification:_identify(src/three_wheel_uros) by extension 'ros'
[1.400s] Level 1:colcon.colcon_core.package_identification:_identify(src/three_wheel_uros) by extensions ['cmake', 'python']
[1.400s] Level 1:colcon.colcon_core.package_identification:_identify(src/three_wheel_uros) by extension 'cmake'
[1.400s] Level 1:colcon.colcon_core.package_identification:_identify(src/three_wheel_uros) by extension 'python'
[1.400s] Level 1:colcon.colcon_core.package_identification:_identify(src/three_wheel_uros) by extensions ['python_setup_py']
[1.400s] Level 1:colcon.colcon_core.package_identification:_identify(src/three_wheel_uros) by extension 'python_setup_py'
[1.401s] Level 1:colcon.colcon_core.package_identification:_identify(src/three_wheel_uros/include) by extensions ['ignore', 'ignore_ament_install']
[1.401s] Level 1:colcon.colcon_core.package_identification:_identify(src/three_wheel_uros/include) by extension 'ignore'
[1.401s] Level 1:colcon.colcon_core.package_identification:_identify(src/three_wheel_uros/include) by extension 'ignore_ament_install'
[1.402s] Level 1:colcon.colcon_core.package_identification:_identify(src/three_wheel_uros/include) by extensions ['colcon_pkg']
[1.402s] Level 1:colcon.colcon_core.package_identification:_identify(src/three_wheel_uros/include) by extension 'colcon_pkg'
[1.402s] Level 1:colcon.colcon_core.package_identification:_identify(src/three_wheel_uros/include) by extensions ['colcon_meta']
[1.402s] Level 1:colcon.colcon_core.package_identification:_identify(src/three_wheel_uros/include) by extension 'colcon_meta'
[1.402s] Level 1:colcon.colcon_core.package_identification:_identify(src/three_wheel_uros/include) by extensions ['ros']
[1.402s] Level 1:colcon.colcon_core.package_identification:_identify(src/three_wheel_uros/include) by extension 'ros'
[1.403s] Level 1:colcon.colcon_core.package_identification:_identify(src/three_wheel_uros/include) by extensions ['cmake', 'python']
[1.403s] Level 1:colcon.colcon_core.package_identification:_identify(src/three_wheel_uros/include) by extension 'cmake'
[1.403s] Level 1:colcon.colcon_core.package_identification:_identify(src/three_wheel_uros/include) by extension 'python'
[1.403s] Level 1:colcon.colcon_core.package_identification:_identify(src/three_wheel_uros/include) by extensions ['python_setup_py']
[1.403s] Level 1:colcon.colcon_core.package_identification:_identify(src/three_wheel_uros/include) by extension 'python_setup_py'
[1.404s] Level 1:colcon.colcon_core.package_identification:_identify(src/three_wheel_uros/lib) by extensions ['ignore', 'ignore_ament_install']
[1.404s] Level 1:colcon.colcon_core.package_identification:_identify(src/three_wheel_uros/lib) by extension 'ignore'
[1.404s] Level 1:colcon.colcon_core.package_identification:_identify(src/three_wheel_uros/lib) by extension 'ignore_ament_install'
[1.404s] Level 1:colcon.colcon_core.package_identification:_identify(src/three_wheel_uros/lib) by extensions ['colcon_pkg']
[1.404s] Level 1:colcon.colcon_core.package_identification:_identify(src/three_wheel_uros/lib) by extension 'colcon_pkg'
[1.405s] Level 1:colcon.colcon_core.package_identification:_identify(src/three_wheel_uros/lib) by extensions ['colcon_meta']
[1.405s] Level 1:colcon.colcon_core.package_identification:_identify(src/three_wheel_uros/lib) by extension 'colcon_meta'
[1.405s] Level 1:colcon.colcon_core.package_identification:_identify(src/three_wheel_uros/lib) by extensions ['ros']
[1.405s] Level 1:colcon.colcon_core.package_identification:_identify(src/three_wheel_uros/lib) by extension 'ros'
[1.405s] Level 1:colcon.colcon_core.package_identification:_identify(src/three_wheel_uros/lib) by extensions ['cmake', 'python']
[1.405s] Level 1:colcon.colcon_core.package_identification:_identify(src/three_wheel_uros/lib) by extension 'cmake'
[1.406s] Level 1:colcon.colcon_core.package_identification:_identify(src/three_wheel_uros/lib) by extension 'python'
[1.406s] Level 1:colcon.colcon_core.package_identification:_identify(src/three_wheel_uros/lib) by extensions ['python_setup_py']
[1.406s] Level 1:colcon.colcon_core.package_identification:_identify(src/three_wheel_uros/lib) by extension 'python_setup_py'
[1.406s] Level 1:colcon.colcon_core.package_identification:_identify(src/three_wheel_uros/src) by extensions ['ignore', 'ignore_ament_install']
[1.407s] Level 1:colcon.colcon_core.package_identification:_identify(src/three_wheel_uros/src) by extension 'ignore'
[1.407s] Level 1:colcon.colcon_core.package_identification:_identify(src/three_wheel_uros/src) by extension 'ignore_ament_install'
[1.407s] Level 1:colcon.colcon_core.package_identification:_identify(src/three_wheel_uros/src) by extensions ['colcon_pkg']
[1.407s] Level 1:colcon.colcon_core.package_identification:_identify(src/three_wheel_uros/src) by extension 'colcon_pkg'
[1.407s] Level 1:colcon.colcon_core.package_identification:_identify(src/three_wheel_uros/src) by extensions ['colcon_meta']
[1.407s] Level 1:colcon.colcon_core.package_identification:_identify(src/three_wheel_uros/src) by extension 'colcon_meta'
[1.408s] Level 1:colcon.colcon_core.package_identification:_identify(src/three_wheel_uros/src) by extensions ['ros']
[1.408s] Level 1:colcon.colcon_core.package_identification:_identify(src/three_wheel_uros/src) by extension 'ros'
[1.408s] Level 1:colcon.colcon_core.package_identification:_identify(src/three_wheel_uros/src) by extensions ['cmake', 'python']
[1.408s] Level 1:colcon.colcon_core.package_identification:_identify(src/three_wheel_uros/src) by extension 'cmake'
[1.408s] Level 1:colcon.colcon_core.package_identification:_identify(src/three_wheel_uros/src) by extension 'python'
[1.408s] Level 1:colcon.colcon_core.package_identification:_identify(src/three_wheel_uros/src) by extensions ['python_setup_py']
[1.409s] Level 1:colcon.colcon_core.package_identification:_identify(src/three_wheel_uros/src) by extension 'python_setup_py'
[1.409s] Level 1:colcon.colcon_core.package_identification:_identify(src/three_wheel_uros/test) by extensions ['ignore', 'ignore_ament_install']
[1.409s] Level 1:colcon.colcon_core.package_identification:_identify(src/three_wheel_uros/test) by extension 'ignore'
[1.409s] Level 1:colcon.colcon_core.package_identification:_identify(src/three_wheel_uros/test) by extension 'ignore_ament_install'
[1.410s] Level 1:colcon.colcon_core.package_identification:_identify(src/three_wheel_uros/test) by extensions ['colcon_pkg']
[1.410s] Level 1:colcon.colcon_core.package_identification:_identify(src/three_wheel_uros/test) by extension 'colcon_pkg'
[1.410s] Level 1:colcon.colcon_core.package_identification:_identify(src/three_wheel_uros/test) by extensions ['colcon_meta']
[1.410s] Level 1:colcon.colcon_core.package_identification:_identify(src/three_wheel_uros/test) by extension 'colcon_meta'
[1.410s] Level 1:colcon.colcon_core.package_identification:_identify(src/three_wheel_uros/test) by extensions ['ros']
[1.410s] Level 1:colcon.colcon_core.package_identification:_identify(src/three_wheel_uros/test) by extension 'ros'
[1.411s] Level 1:colcon.colcon_core.package_identification:_identify(src/three_wheel_uros/test) by extensions ['cmake', 'python']
[1.411s] Level 1:colcon.colcon_core.package_identification:_identify(src/three_wheel_uros/test) by extension 'cmake'
[1.411s] Level 1:colcon.colcon_core.package_identification:_identify(src/three_wheel_uros/test) by extension 'python'
[1.411s] Level 1:colcon.colcon_core.package_identification:_identify(src/three_wheel_uros/test) by extensions ['python_setup_py']
[1.411s] Level 1:colcon.colcon_core.package_identification:_identify(src/three_wheel_uros/test) by extension 'python_setup_py'
[1.412s] Level 1:colcon.colcon_core.package_identification:_identify(src/uros) by extensions ['ignore', 'ignore_ament_install']
[1.412s] Level 1:colcon.colcon_core.package_identification:_identify(src/uros) by extension 'ignore'
[1.412s] Level 1:colcon.colcon_core.package_identification:_identify(src/uros) by extension 'ignore_ament_install'
[1.412s] Level 1:colcon.colcon_core.package_identification:_identify(src/uros) by extensions ['colcon_pkg']
[1.412s] Level 1:colcon.colcon_core.package_identification:_identify(src/uros) by extension 'colcon_pkg'
[1.413s] Level 1:colcon.colcon_core.package_identification:_identify(src/uros) by extensions ['colcon_meta']
[1.413s] Level 1:colcon.colcon_core.package_identification:_identify(src/uros) by extension 'colcon_meta'
[1.413s] Level 1:colcon.colcon_core.package_identification:_identify(src/uros) by extensions ['ros']
[1.413s] Level 1:colcon.colcon_core.package_identification:_identify(src/uros) by extension 'ros'
[1.413s] Level 1:colcon.colcon_core.package_identification:_identify(src/uros) by extensions ['cmake', 'python']
[1.413s] Level 1:colcon.colcon_core.package_identification:_identify(src/uros) by extension 'cmake'
[1.414s] Level 1:colcon.colcon_core.package_identification:_identify(src/uros) by extension 'python'
[1.414s] Level 1:colcon.colcon_core.package_identification:_identify(src/uros) by extensions ['python_setup_py']
[1.414s] Level 1:colcon.colcon_core.package_identification:_identify(src/uros) by extension 'python_setup_py'
[1.414s] Level 1:colcon.colcon_core.package_identification:_identify(src/uros/micro-ROS-Agent) by extensions ['ignore', 'ignore_ament_install']
[1.415s] Level 1:colcon.colcon_core.package_identification:_identify(src/uros/micro-ROS-Agent) by extension 'ignore'
[1.415s] Level 1:colcon.colcon_core.package_identification:_identify(src/uros/micro-ROS-Agent) by extension 'ignore_ament_install'
[1.415s] Level 1:colcon.colcon_core.package_identification:_identify(src/uros/micro-ROS-Agent) by extensions ['colcon_pkg']
[1.415s] Level 1:colcon.colcon_core.package_identification:_identify(src/uros/micro-ROS-Agent) by extension 'colcon_pkg'
[1.415s] Level 1:colcon.colcon_core.package_identification:_identify(src/uros/micro-ROS-Agent) by extensions ['colcon_meta']
[1.415s] Level 1:colcon.colcon_core.package_identification:_identify(src/uros/micro-ROS-Agent) by extension 'colcon_meta'
[1.416s] Level 1:colcon.colcon_core.package_identification:_identify(src/uros/micro-ROS-Agent) by extensions ['ros']
[1.416s] Level 1:colcon.colcon_core.package_identification:_identify(src/uros/micro-ROS-Agent) by extension 'ros'
[1.416s] Level 1:colcon.colcon_core.package_identification:_identify(src/uros/micro-ROS-Agent) by extensions ['cmake', 'python']
[1.416s] Level 1:colcon.colcon_core.package_identification:_identify(src/uros/micro-ROS-Agent) by extension 'cmake'
[1.416s] Level 1:colcon.colcon_core.package_identification:_identify(src/uros/micro-ROS-Agent) by extension 'python'
[1.417s] Level 1:colcon.colcon_core.package_identification:_identify(src/uros/micro-ROS-Agent) by extensions ['python_setup_py']
[1.417s] Level 1:colcon.colcon_core.package_identification:_identify(src/uros/micro-ROS-Agent) by extension 'python_setup_py'
[1.417s] Level 1:colcon.colcon_core.package_identification:_identify(src/uros/micro-ROS-Agent/micro_ros_agent) by extensions ['ignore', 'ignore_ament_install']
[1.418s] Level 1:colcon.colcon_core.package_identification:_identify(src/uros/micro-ROS-Agent/micro_ros_agent) by extension 'ignore'
[1.418s] Level 1:colcon.colcon_core.package_identification:_identify(src/uros/micro-ROS-Agent/micro_ros_agent) by extension 'ignore_ament_install'
[1.418s] Level 1:colcon.colcon_core.package_identification:_identify(src/uros/micro-ROS-Agent/micro_ros_agent) by extensions ['colcon_pkg']
[1.418s] Level 1:colcon.colcon_core.package_identification:_identify(src/uros/micro-ROS-Agent/micro_ros_agent) by extension 'colcon_pkg'
[1.418s] Level 1:colcon.colcon_core.package_identification:_identify(src/uros/micro-ROS-Agent/micro_ros_agent) by extensions ['colcon_meta']
[1.418s] Level 1:colcon.colcon_core.package_identification:_identify(src/uros/micro-ROS-Agent/micro_ros_agent) by extension 'colcon_meta'
[1.419s] Level 1:colcon.colcon_core.package_identification:_identify(src/uros/micro-ROS-Agent/micro_ros_agent) by extensions ['ros']
[1.419s] Level 1:colcon.colcon_core.package_identification:_identify(src/uros/micro-ROS-Agent/micro_ros_agent) by extension 'ros'
[1.422s] DEBUG:colcon.colcon_core.package_identification:Package 'src/uros/micro-ROS-Agent/micro_ros_agent' with type 'ros.ament_cmake' and name 'micro_ros_agent'
[1.423s] Level 1:colcon.colcon_core.package_identification:_identify(src/uros/micro-ROS-Agent/snap) by extensions ['ignore', 'ignore_ament_install']
[1.423s] Level 1:colcon.colcon_core.package_identification:_identify(src/uros/micro-ROS-Agent/snap) by extension 'ignore'
[1.424s] Level 1:colcon.colcon_core.package_identification:_identify(src/uros/micro-ROS-Agent/snap) by extension 'ignore_ament_install'
[1.424s] Level 1:colcon.colcon_core.package_identification:_identify(src/uros/micro-ROS-Agent/snap) by extensions ['colcon_pkg']
[1.424s] Level 1:colcon.colcon_core.package_identification:_identify(src/uros/micro-ROS-Agent/snap) by extension 'colcon_pkg'
[1.424s] Level 1:colcon.colcon_core.package_identification:_identify(src/uros/micro-ROS-Agent/snap) by extensions ['colcon_meta']
[1.424s] Level 1:colcon.colcon_core.package_identification:_identify(src/uros/micro-ROS-Agent/snap) by extension 'colcon_meta'
[1.424s] Level 1:colcon.colcon_core.package_identification:_identify(src/uros/micro-ROS-Agent/snap) by extensions ['ros']
[1.425s] Level 1:colcon.colcon_core.package_identification:_identify(src/uros/micro-ROS-Agent/snap) by extension 'ros'
[1.425s] Level 1:colcon.colcon_core.package_identification:_identify(src/uros/micro-ROS-Agent/snap) by extensions ['cmake', 'python']
[1.425s] Level 1:colcon.colcon_core.package_identification:_identify(src/uros/micro-ROS-Agent/snap) by extension 'cmake'
[1.425s] Level 1:colcon.colcon_core.package_identification:_identify(src/uros/micro-ROS-Agent/snap) by extension 'python'
[1.425s] Level 1:colcon.colcon_core.package_identification:_identify(src/uros/micro-ROS-Agent/snap) by extensions ['python_setup_py']
[1.425s] Level 1:colcon.colcon_core.package_identification:_identify(src/uros/micro-ROS-Agent/snap) by extension 'python_setup_py'
[1.426s] Level 1:colcon.colcon_core.package_identification:_identify(src/uros/micro-ROS-Agent/snap/hooks) by extensions ['ignore', 'ignore_ament_install']
[1.426s] Level 1:colcon.colcon_core.package_identification:_identify(src/uros/micro-ROS-Agent/snap/hooks) by extension 'ignore'
[1.427s] Level 1:colcon.colcon_core.package_identification:_identify(src/uros/micro-ROS-Agent/snap/hooks) by extension 'ignore_ament_install'
[1.427s] Level 1:colcon.colcon_core.package_identification:_identify(src/uros/micro-ROS-Agent/snap/hooks) by extensions ['colcon_pkg']
[1.427s] Level 1:colcon.colcon_core.package_identification:_identify(src/uros/micro-ROS-Agent/snap/hooks) by extension 'colcon_pkg'
[1.427s] Level 1:colcon.colcon_core.package_identification:_identify(src/uros/micro-ROS-Agent/snap/hooks) by extensions ['colcon_meta']
[1.427s] Level 1:colcon.colcon_core.package_identification:_identify(src/uros/micro-ROS-Agent/snap/hooks) by extension 'colcon_meta'
[1.427s] Level 1:colcon.colcon_core.package_identification:_identify(src/uros/micro-ROS-Agent/snap/hooks) by extensions ['ros']
[1.428s] Level 1:colcon.colcon_core.package_identification:_identify(src/uros/micro-ROS-Agent/snap/hooks) by extension 'ros'
[1.428s] Level 1:colcon.colcon_core.package_identification:_identify(src/uros/micro-ROS-Agent/snap/hooks) by extensions ['cmake', 'python']
[1.428s] Level 1:colcon.colcon_core.package_identification:_identify(src/uros/micro-ROS-Agent/snap/hooks) by extension 'cmake'
[1.428s] Level 1:colcon.colcon_core.package_identification:_identify(src/uros/micro-ROS-Agent/snap/hooks) by extension 'python'
[1.428s] Level 1:colcon.colcon_core.package_identification:_identify(src/uros/micro-ROS-Agent/snap/hooks) by extensions ['python_setup_py']
[1.428s] Level 1:colcon.colcon_core.package_identification:_identify(src/uros/micro-ROS-Agent/snap/hooks) by extension 'python_setup_py'
[1.429s] Level 1:colcon.colcon_core.package_identification:_identify(src/uros/micro-ROS-Agent/snap/local) by extensions ['ignore', 'ignore_ament_install']
[1.429s] Level 1:colcon.colcon_core.package_identification:_identify(src/uros/micro-ROS-Agent/snap/local) by extension 'ignore'
[1.429s] Level 1:colcon.colcon_core.package_identification:_identify(src/uros/micro-ROS-Agent/snap/local) by extension 'ignore_ament_install'
[1.430s] Level 1:colcon.colcon_core.package_identification:_identify(src/uros/micro-ROS-Agent/snap/local) by extensions ['colcon_pkg']
[1.430s] Level 1:colcon.colcon_core.package_identification:_identify(src/uros/micro-ROS-Agent/snap/local) by extension 'colcon_pkg'
[1.430s] Level 1:colcon.colcon_core.package_identification:_identify(src/uros/micro-ROS-Agent/snap/local) by extensions ['colcon_meta']
[1.430s] Level 1:colcon.colcon_core.package_identification:_identify(src/uros/micro-ROS-Agent/snap/local) by extension 'colcon_meta'
[1.430s] Level 1:colcon.colcon_core.package_identification:_identify(src/uros/micro-ROS-Agent/snap/local) by extensions ['ros']
[1.430s] Level 1:colcon.colcon_core.package_identification:_identify(src/uros/micro-ROS-Agent/snap/local) by extension 'ros'
[1.431s] Level 1:colcon.colcon_core.package_identification:_identify(src/uros/micro-ROS-Agent/snap/local) by extensions ['cmake', 'python']
[1.431s] Level 1:colcon.colcon_core.package_identification:_identify(src/uros/micro-ROS-Agent/snap/local) by extension 'cmake'
[1.431s] Level 1:colcon.colcon_core.package_identification:_identify(src/uros/micro-ROS-Agent/snap/local) by extension 'python'
[1.431s] Level 1:colcon.colcon_core.package_identification:_identify(src/uros/micro-ROS-Agent/snap/local) by extensions ['python_setup_py']
[1.431s] Level 1:colcon.colcon_core.package_identification:_identify(src/uros/micro-ROS-Agent/snap/local) by extension 'python_setup_py'
[1.432s] Level 1:colcon.colcon_core.package_identification:_identify(src/uros/micro_ros_msgs) by extensions ['ignore', 'ignore_ament_install']
[1.432s] Level 1:colcon.colcon_core.package_identification:_identify(src/uros/micro_ros_msgs) by extension 'ignore'
[1.432s] Level 1:colcon.colcon_core.package_identification:_identify(src/uros/micro_ros_msgs) by extension 'ignore_ament_install'
[1.432s] Level 1:colcon.colcon_core.package_identification:_identify(src/uros/micro_ros_msgs) by extensions ['colcon_pkg']
[1.433s] Level 1:colcon.colcon_core.package_identification:_identify(src/uros/micro_ros_msgs) by extension 'colcon_pkg'
[1.433s] Level 1:colcon.colcon_core.package_identification:_identify(src/uros/micro_ros_msgs) by extensions ['colcon_meta']
[1.433s] Level 1:colcon.colcon_core.package_identification:_identify(src/uros/micro_ros_msgs) by extension 'colcon_meta'
[1.433s] Level 1:colcon.colcon_core.package_identification:_identify(src/uros/micro_ros_msgs) by extensions ['ros']
[1.433s] Level 1:colcon.colcon_core.package_identification:_identify(src/uros/micro_ros_msgs) by extension 'ros'
[1.435s] DEBUG:colcon.colcon_core.package_identification:Package 'src/uros/micro_ros_msgs' with type 'ros.ament_cmake' and name 'micro_ros_msgs'
[1.436s] Level 1:colcon.colcon_core.package_discovery:discover_packages(recursive) using defaults
[1.436s] Level 1:colcon.colcon_core.package_discovery:discover_packages(ignore) discover
[1.436s] Level 1:colcon.colcon_core.package_discovery:discover_packages(ignore) using defaults
[1.436s] Level 1:colcon.colcon_core.package_discovery:discover_packages(path) discover
[1.436s] Level 1:colcon.colcon_core.package_discovery:discover_packages(path) using defaults
[1.557s] Level 1:colcon.colcon_core.package_discovery:discover_packages(prefix_path) check parameters
[1.557s] Level 1:colcon.colcon_core.package_discovery:discover_packages(prefix_path) discover
[1.565s] DEBUG:colcon.colcon_installed_package_information.package_discovery:Found 1 installed packages in /home/piros/Work/rplidar_ws/install
[1.575s] DEBUG:colcon.colcon_installed_package_information.package_discovery:Found 314 installed packages in /opt/ros/humble
[1.582s] Level 1:colcon.colcon_core.package_discovery:discover_packages(prefix_path) using defaults
[1.763s] Level 5:colcon.colcon_core.verb:set package 'micro_ros_msgs' build argument 'cmake_args' from command line to 'None'
[1.763s] Level 5:colcon.colcon_core.verb:set package 'micro_ros_msgs' build argument 'cmake_target' from command line to 'None'
[1.763s] Level 5:colcon.colcon_core.verb:set package 'micro_ros_msgs' build argument 'cmake_target_skip_unavailable' from command line to 'False'
[1.763s] Level 5:colcon.colcon_core.verb:set package 'micro_ros_msgs' build argument 'cmake_clean_cache' from command line to 'False'
[1.763s] Level 5:colcon.colcon_core.verb:set package 'micro_ros_msgs' build argument 'cmake_clean_first' from command line to 'False'
[1.764s] Level 5:colcon.colcon_core.verb:set package 'micro_ros_msgs' build argument 'cmake_force_configure' from command line to 'False'
[1.764s] Level 5:colcon.colcon_core.verb:set package 'micro_ros_msgs' build argument 'ament_cmake_args' from command line to 'None'
[1.764s] Level 5:colcon.colcon_core.verb:set package 'micro_ros_msgs' build argument 'catkin_cmake_args' from command line to 'None'
[1.764s] Level 5:colcon.colcon_core.verb:set package 'micro_ros_msgs' build argument 'catkin_skip_building_tests' from command line to 'False'
[1.764s] DEBUG:colcon.colcon_core.verb:Building package 'micro_ros_msgs' with the following arguments: {'ament_cmake_args': None, 'build_base': '/home/piros/Work/ROS2/microRos_ws/build/micro_ros_msgs', 'catkin_cmake_args': None, 'catkin_skip_building_tests': False, 'cmake_args': None, 'cmake_clean_cache': False, 'cmake_clean_first': False, 'cmake_force_configure': False, 'cmake_target': None, 'cmake_target_skip_unavailable': False, 'install_base': '/home/piros/Work/ROS2/microRos_ws/install/micro_ros_msgs', 'merge_install': False, 'path': '/home/piros/Work/ROS2/microRos_ws/src/uros/micro_ros_msgs', 'symlink_install': False, 'test_result_base': None}
[1.766s] Level 5:colcon.colcon_core.verb:set package 'micro_ros_setup' build argument 'cmake_args' from command line to 'None'
[1.766s] Level 5:colcon.colcon_core.verb:set package 'micro_ros_setup' build argument 'cmake_target' from command line to 'None'
[1.766s] Level 5:colcon.colcon_core.verb:set package 'micro_ros_setup' build argument 'cmake_target_skip_unavailable' from command line to 'False'
[1.766s] Level 5:colcon.colcon_core.verb:set package 'micro_ros_setup' build argument 'cmake_clean_cache' from command line to 'False'
[1.766s] Level 5:colcon.colcon_core.verb:set package 'micro_ros_setup' build argument 'cmake_clean_first' from command line to 'False'
[1.766s] Level 5:colcon.colcon_core.verb:set package 'micro_ros_setup' build argument 'cmake_force_configure' from command line to 'False'
[1.766s] Level 5:colcon.colcon_core.verb:set package 'micro_ros_setup' build argument 'ament_cmake_args' from command line to 'None'
[1.766s] Level 5:colcon.colcon_core.verb:set package 'micro_ros_setup' build argument 'catkin_cmake_args' from command line to 'None'
[1.766s] Level 5:colcon.colcon_core.verb:set package 'micro_ros_setup' build argument 'catkin_skip_building_tests' from command line to 'False'
[1.767s] DEBUG:colcon.colcon_core.verb:Building package 'micro_ros_setup' with the following arguments: {'ament_cmake_args': None, 'build_base': '/home/piros/Work/ROS2/microRos_ws/build/micro_ros_setup', 'catkin_cmake_args': None, 'catkin_skip_building_tests': False, 'cmake_args': None, 'cmake_clean_cache': False, 'cmake_clean_first': False, 'cmake_force_configure': False, 'cmake_target': None, 'cmake_target_skip_unavailable': False, 'install_base': '/home/piros/Work/ROS2/microRos_ws/install/micro_ros_setup', 'merge_install': False, 'path': '/home/piros/Work/ROS2/microRos_ws/src/micro_ros_setup', 'symlink_install': False, 'test_result_base': None}
[1.768s] Level 5:colcon.colcon_core.verb:set package 'micro_ros_agent' build argument 'cmake_args' from command line to 'None'
[1.768s] Level 5:colcon.colcon_core.verb:set package 'micro_ros_agent' build argument 'cmake_target' from command line to 'None'
[1.768s] Level 5:colcon.colcon_core.verb:set package 'micro_ros_agent' build argument 'cmake_target_skip_unavailable' from command line to 'False'
[1.768s] Level 5:colcon.colcon_core.verb:set package 'micro_ros_agent' build argument 'cmake_clean_cache' from command line to 'False'
[1.768s] Level 5:colcon.colcon_core.verb:set package 'micro_ros_agent' build argument 'cmake_clean_first' from command line to 'False'
[1.769s] Level 5:colcon.colcon_core.verb:set package 'micro_ros_agent' build argument 'cmake_force_configure' from command line to 'False'
[1.769s] Level 5:colcon.colcon_core.verb:set package 'micro_ros_agent' build argument 'ament_cmake_args' from command line to 'None'
[1.769s] Level 5:colcon.colcon_core.verb:set package 'micro_ros_agent' build argument 'catkin_cmake_args' from command line to 'None'
[1.769s] Level 5:colcon.colcon_core.verb:set package 'micro_ros_agent' build argument 'catkin_skip_building_tests' from command line to 'False'
[1.769s] DEBUG:colcon.colcon_core.verb:Building package 'micro_ros_agent' with the following arguments: {'ament_cmake_args': None, 'build_base': '/home/piros/Work/ROS2/microRos_ws/build/micro_ros_agent', 'catkin_cmake_args': None, 'catkin_skip_building_tests': False, 'cmake_args': None, 'cmake_clean_cache': False, 'cmake_clean_first': False, 'cmake_force_configure': False, 'cmake_target': None, 'cmake_target_skip_unavailable': False, 'install_base': '/home/piros/Work/ROS2/microRos_ws/install/micro_ros_agent', 'merge_install': False, 'path': '/home/piros/Work/ROS2/microRos_ws/src/uros/micro-ROS-Agent/micro_ros_agent', 'symlink_install': False, 'test_result_base': None}
[1.769s] INFO:colcon.colcon_core.executor:Executing jobs using 'parallel' executor
[1.772s] DEBUG:colcon.colcon_parallel_executor.executor.parallel:run_until_complete
[1.773s] INFO:colcon.colcon_ros.task.ament_cmake.build:Building ROS package in '/home/piros/Work/ROS2/microRos_ws/src/uros/micro_ros_msgs' with build type 'ament_cmake'
[1.774s] INFO:colcon.colcon_cmake.task.cmake.build:Building CMake package in '/home/piros/Work/ROS2/microRos_ws/src/uros/micro_ros_msgs'
[1.782s] INFO:colcon.colcon_core.plugin_system:Skipping extension 'colcon_core.shell.bat': Not used on non-Windows systems
[1.783s] INFO:colcon.colcon_core.shell:Skip shell extension 'powershell' for command environment: Not usable outside of PowerShell
[1.783s] DEBUG:colcon.colcon_core.shell:Skip shell extension 'dsv' for command environment
[1.805s] INFO:colcon.colcon_ros.task.ament_cmake.build:Building ROS package in '/home/piros/Work/ROS2/microRos_ws/src/micro_ros_setup' with build type 'ament_cmake'
[1.805s] INFO:colcon.colcon_cmake.task.cmake.build:Building CMake package in '/home/piros/Work/ROS2/microRos_ws/src/micro_ros_setup'
[1.807s] INFO:colcon.colcon_core.shell:Skip shell extension 'powershell' for command environment: Not usable outside of PowerShell
[1.807s] DEBUG:colcon.colcon_core.shell:Skip shell extension 'dsv' for command environment
[1.860s] DEBUG:colcon.colcon_core.event_handler.log_command:Invoking command in '/home/piros/Work/ROS2/microRos_ws/build/micro_ros_msgs': CMAKE_PREFIX_PATH=${CMAKE_PREFIX_PATH}:/opt/ros/humble /usr/bin/cmake --build /home/piros/Work/ROS2/microRos_ws/build/micro_ros_msgs -- -j4 -l4
[1.892s] DEBUG:colcon.colcon_core.event_handler.log_command:Invoking command in '/home/piros/Work/ROS2/microRos_ws/build/micro_ros_setup': CMAKE_PREFIX_PATH=${CMAKE_PREFIX_PATH}:/opt/ros/humble /usr/bin/cmake --build /home/piros/Work/ROS2/microRos_ws/build/micro_ros_setup -- -j4 -l4
[2.067s] DEBUG:colcon.colcon_core.event_handler.log_command:Invoked command in '/home/piros/Work/ROS2/microRos_ws/build/micro_ros_setup' returned '0': CMAKE_PREFIX_PATH=${CMAKE_PREFIX_PATH}:/opt/ros/humble /usr/bin/cmake --build /home/piros/Work/ROS2/microRos_ws/build/micro_ros_setup -- -j4 -l4
[2.119s] DEBUG:colcon.colcon_core.event_handler.log_command:Invoking command in '/home/piros/Work/ROS2/microRos_ws/build/micro_ros_setup': CMAKE_PREFIX_PATH=${CMAKE_PREFIX_PATH}:/opt/ros/humble /usr/bin/cmake --install /home/piros/Work/ROS2/microRos_ws/build/micro_ros_setup
[2.289s] Level 1:colcon.colcon_core.environment:create_environment_scripts_only(micro_ros_setup)
[2.318s] Level 1:colcon.colcon_core.environment:checking '/home/piros/Work/ROS2/microRos_ws/install/micro_ros_setup' for CMake module files
[2.322s] Level 1:colcon.colcon_core.environment:checking '/home/piros/Work/ROS2/microRos_ws/install/micro_ros_setup' for CMake config files
[2.326s] Level 1:colcon.colcon_core.shell:create_environment_hook('micro_ros_setup', 'cmake_prefix_path')
[2.328s] INFO:colcon.colcon_core.shell:Creating environment hook '/home/piros/Work/ROS2/microRos_ws/install/micro_ros_setup/share/micro_ros_setup/hook/cmake_prefix_path.ps1'
[2.352s] INFO:colcon.colcon_core.shell:Creating environment descriptor '/home/piros/Work/ROS2/microRos_ws/install/micro_ros_setup/share/micro_ros_setup/hook/cmake_prefix_path.dsv'
[2.355s] INFO:colcon.colcon_core.shell:Creating environment hook '/home/piros/Work/ROS2/microRos_ws/install/micro_ros_setup/share/micro_ros_setup/hook/cmake_prefix_path.sh'
[2.371s] Level 1:colcon.colcon_core.environment:checking '/home/piros/Work/ROS2/microRos_ws/install/micro_ros_setup/lib'
[2.374s] Level 1:colcon.colcon_core.environment:checking '/home/piros/Work/ROS2/microRos_ws/install/micro_ros_setup/bin'
[2.375s] Level 1:colcon.colcon_core.environment:checking '/home/piros/Work/ROS2/microRos_ws/install/micro_ros_setup/lib/pkgconfig/micro_ros_setup.pc'
[2.389s] Level 1:colcon.colcon_core.environment:checking '/home/piros/Work/ROS2/microRos_ws/install/micro_ros_setup/lib/python3.10/site-packages'
[2.390s] Level 1:colcon.colcon_core.environment:checking '/home/piros/Work/ROS2/microRos_ws/install/micro_ros_setup/bin'
[2.392s] INFO:colcon.colcon_core.shell:Creating package script '/home/piros/Work/ROS2/microRos_ws/install/micro_ros_setup/share/micro_ros_setup/package.ps1'
[2.412s] INFO:colcon.colcon_core.shell:Creating package descriptor '/home/piros/Work/ROS2/microRos_ws/install/micro_ros_setup/share/micro_ros_setup/package.dsv'
[2.422s] INFO:colcon.colcon_core.shell:Creating package script '/home/piros/Work/ROS2/microRos_ws/install/micro_ros_setup/share/micro_ros_setup/package.sh'
[2.429s] INFO:colcon.colcon_core.shell:Creating package script '/home/piros/Work/ROS2/microRos_ws/install/micro_ros_setup/share/micro_ros_setup/package.bash'
[2.435s] INFO:colcon.colcon_core.shell:Creating package script '/home/piros/Work/ROS2/microRos_ws/install/micro_ros_setup/share/micro_ros_setup/package.zsh'
[2.443s] Level 1:colcon.colcon_core.environment:create_file_with_runtime_dependencies(/home/piros/Work/ROS2/microRos_ws/install/micro_ros_setup/share/colcon-core/packages/micro_ros_setup)
[2.458s] Level 1:colcon.colcon_core.environment:create_environment_scripts_only(micro_ros_setup)
[2.460s] Level 1:colcon.colcon_core.environment:checking '/home/piros/Work/ROS2/microRos_ws/install/micro_ros_setup' for CMake module files
[2.474s] Level 1:colcon.colcon_core.environment:checking '/home/piros/Work/ROS2/microRos_ws/install/micro_ros_setup' for CMake config files
[2.475s] DEBUG:colcon.colcon_core.event_handler.log_command:Invoked command in '/home/piros/Work/ROS2/microRos_ws/build/micro_ros_setup' returned '0': CMAKE_PREFIX_PATH=${CMAKE_PREFIX_PATH}:/opt/ros/humble /usr/bin/cmake --install /home/piros/Work/ROS2/microRos_ws/build/micro_ros_setup
[2.486s] Level 1:colcon.colcon_core.shell:create_environment_hook('micro_ros_setup', 'cmake_prefix_path')
[2.487s] INFO:colcon.colcon_core.shell:Creating environment hook '/home/piros/Work/ROS2/microRos_ws/install/micro_ros_setup/share/micro_ros_setup/hook/cmake_prefix_path.ps1'
[2.490s] INFO:colcon.colcon_core.shell:Creating environment descriptor '/home/piros/Work/ROS2/microRos_ws/install/micro_ros_setup/share/micro_ros_setup/hook/cmake_prefix_path.dsv'
[2.493s] INFO:colcon.colcon_core.shell:Creating environment hook '/home/piros/Work/ROS2/microRos_ws/install/micro_ros_setup/share/micro_ros_setup/hook/cmake_prefix_path.sh'
[2.496s] Level 1:colcon.colcon_core.environment:checking '/home/piros/Work/ROS2/microRos_ws/install/micro_ros_setup/lib'
[2.497s] Level 1:colcon.colcon_core.environment:checking '/home/piros/Work/ROS2/microRos_ws/install/micro_ros_setup/bin'
[2.497s] Level 1:colcon.colcon_core.environment:checking '/home/piros/Work/ROS2/microRos_ws/install/micro_ros_setup/lib/pkgconfig/micro_ros_setup.pc'
[2.499s] Level 1:colcon.colcon_core.environment:checking '/home/piros/Work/ROS2/microRos_ws/install/micro_ros_setup/lib/python3.10/site-packages'
[2.500s] Level 1:colcon.colcon_core.environment:checking '/home/piros/Work/ROS2/microRos_ws/install/micro_ros_setup/bin'
[2.502s] INFO:colcon.colcon_core.shell:Creating package script '/home/piros/Work/ROS2/microRos_ws/install/micro_ros_setup/share/micro_ros_setup/package.ps1'
[2.510s] INFO:colcon.colcon_core.shell:Creating package descriptor '/home/piros/Work/ROS2/microRos_ws/install/micro_ros_setup/share/micro_ros_setup/package.dsv'
[2.515s] INFO:colcon.colcon_core.shell:Creating package script '/home/piros/Work/ROS2/microRos_ws/install/micro_ros_setup/share/micro_ros_setup/package.sh'
[2.519s] INFO:colcon.colcon_core.shell:Creating package script '/home/piros/Work/ROS2/microRos_ws/install/micro_ros_setup/share/micro_ros_setup/package.bash'
[2.523s] INFO:colcon.colcon_core.shell:Creating package script '/home/piros/Work/ROS2/microRos_ws/install/micro_ros_setup/share/micro_ros_setup/package.zsh'
[2.525s] Level 1:colcon.colcon_core.environment:create_file_with_runtime_dependencies(/home/piros/Work/ROS2/microRos_ws/install/micro_ros_setup/share/colcon-core/packages/micro_ros_setup)
[3.825s] DEBUG:colcon.colcon_core.event_handler.log_command:Invoked command in '/home/piros/Work/ROS2/microRos_ws/build/micro_ros_msgs' returned '0': CMAKE_PREFIX_PATH=${CMAKE_PREFIX_PATH}:/opt/ros/humble /usr/bin/cmake --build /home/piros/Work/ROS2/microRos_ws/build/micro_ros_msgs -- -j4 -l4
[3.835s] DEBUG:colcon.colcon_core.event_handler.log_command:Invoking command in '/home/piros/Work/ROS2/microRos_ws/build/micro_ros_msgs': CMAKE_PREFIX_PATH=${CMAKE_PREFIX_PATH}:/opt/ros/humble /usr/bin/cmake --install /home/piros/Work/ROS2/microRos_ws/build/micro_ros_msgs
[4.122s] Level 1:colcon.colcon_core.environment:create_environment_scripts_only(micro_ros_msgs)
[4.123s] Level 1:colcon.colcon_core.environment:checking '/home/piros/Work/ROS2/microRos_ws/install/micro_ros_msgs' for CMake module files
[4.125s] DEBUG:colcon.colcon_core.event_handler.log_command:Invoked command in '/home/piros/Work/ROS2/microRos_ws/build/micro_ros_msgs' returned '0': CMAKE_PREFIX_PATH=${CMAKE_PREFIX_PATH}:/opt/ros/humble /usr/bin/cmake --install /home/piros/Work/ROS2/microRos_ws/build/micro_ros_msgs
[4.129s] Level 1:colcon.colcon_core.environment:checking '/home/piros/Work/ROS2/microRos_ws/install/micro_ros_msgs' for CMake config files
[4.134s] Level 1:colcon.colcon_core.shell:create_environment_hook('micro_ros_msgs', 'cmake_prefix_path')
[4.135s] INFO:colcon.colcon_core.shell:Creating environment hook '/home/piros/Work/ROS2/microRos_ws/install/micro_ros_msgs/share/micro_ros_msgs/hook/cmake_prefix_path.ps1'
[4.137s] INFO:colcon.colcon_core.shell:Creating environment descriptor '/home/piros/Work/ROS2/microRos_ws/install/micro_ros_msgs/share/micro_ros_msgs/hook/cmake_prefix_path.dsv'
[4.140s] INFO:colcon.colcon_core.shell:Creating environment hook '/home/piros/Work/ROS2/microRos_ws/install/micro_ros_msgs/share/micro_ros_msgs/hook/cmake_prefix_path.sh'
[4.143s] Level 1:colcon.colcon_core.environment:checking '/home/piros/Work/ROS2/microRos_ws/install/micro_ros_msgs/lib'
[4.143s] Level 1:colcon.colcon_core.shell:create_environment_hook('micro_ros_msgs', 'ld_library_path_lib')
[4.144s] INFO:colcon.colcon_core.shell:Creating environment hook '/home/piros/Work/ROS2/microRos_ws/install/micro_ros_msgs/share/micro_ros_msgs/hook/ld_library_path_lib.ps1'
[4.146s] INFO:colcon.colcon_core.shell:Creating environment descriptor '/home/piros/Work/ROS2/microRos_ws/install/micro_ros_msgs/share/micro_ros_msgs/hook/ld_library_path_lib.dsv'
[4.148s] INFO:colcon.colcon_core.shell:Creating environment hook '/home/piros/Work/ROS2/microRos_ws/install/micro_ros_msgs/share/micro_ros_msgs/hook/ld_library_path_lib.sh'
[4.150s] Level 1:colcon.colcon_core.environment:checking '/home/piros/Work/ROS2/microRos_ws/install/micro_ros_msgs/bin'
[4.150s] Level 1:colcon.colcon_core.environment:checking '/home/piros/Work/ROS2/microRos_ws/install/micro_ros_msgs/lib/pkgconfig/micro_ros_msgs.pc'
[4.151s] Level 1:colcon.colcon_core.environment:checking '/home/piros/Work/ROS2/microRos_ws/install/micro_ros_msgs/lib/python3.10/site-packages'
[4.152s] Level 1:colcon.colcon_core.environment:checking '/home/piros/Work/ROS2/microRos_ws/install/micro_ros_msgs/bin'
[4.153s] INFO:colcon.colcon_core.shell:Creating package script '/home/piros/Work/ROS2/microRos_ws/install/micro_ros_msgs/share/micro_ros_msgs/package.ps1'
[4.156s] INFO:colcon.colcon_core.shell:Creating package descriptor '/home/piros/Work/ROS2/microRos_ws/install/micro_ros_msgs/share/micro_ros_msgs/package.dsv'
[4.158s] INFO:colcon.colcon_core.shell:Creating package script '/home/piros/Work/ROS2/microRos_ws/install/micro_ros_msgs/share/micro_ros_msgs/package.sh'
[4.160s] INFO:colcon.colcon_core.shell:Creating package script '/home/piros/Work/ROS2/microRos_ws/install/micro_ros_msgs/share/micro_ros_msgs/package.bash'
[4.162s] INFO:colcon.colcon_core.shell:Creating package script '/home/piros/Work/ROS2/microRos_ws/install/micro_ros_msgs/share/micro_ros_msgs/package.zsh'
[4.164s] Level 1:colcon.colcon_core.environment:create_file_with_runtime_dependencies(/home/piros/Work/ROS2/microRos_ws/install/micro_ros_msgs/share/colcon-core/packages/micro_ros_msgs)
[4.167s] Level 1:colcon.colcon_core.environment:create_environment_scripts_only(micro_ros_msgs)
[4.168s] Level 1:colcon.colcon_core.environment:checking '/home/piros/Work/ROS2/microRos_ws/install/micro_ros_msgs' for CMake module files
[4.173s] Level 1:colcon.colcon_core.environment:checking '/home/piros/Work/ROS2/microRos_ws/install/micro_ros_msgs' for CMake config files
[4.191s] Level 1:colcon.colcon_core.shell:create_environment_hook('micro_ros_msgs', 'cmake_prefix_path')
[4.193s] INFO:colcon.colcon_core.shell:Creating environment hook '/home/piros/Work/ROS2/microRos_ws/install/micro_ros_msgs/share/micro_ros_msgs/hook/cmake_prefix_path.ps1'
[4.195s] INFO:colcon.colcon_core.shell:Creating environment descriptor '/home/piros/Work/ROS2/microRos_ws/install/micro_ros_msgs/share/micro_ros_msgs/hook/cmake_prefix_path.dsv'
[4.198s] INFO:colcon.colcon_core.shell:Creating environment hook '/home/piros/Work/ROS2/microRos_ws/install/micro_ros_msgs/share/micro_ros_msgs/hook/cmake_prefix_path.sh'
[4.201s] Level 1:colcon.colcon_core.environment:checking '/home/piros/Work/ROS2/microRos_ws/install/micro_ros_msgs/lib'
[4.201s] Level 1:colcon.colcon_core.shell:create_environment_hook('micro_ros_msgs', 'ld_library_path_lib')
[4.203s] INFO:colcon.colcon_core.shell:Creating environment hook '/home/piros/Work/ROS2/microRos_ws/install/micro_ros_msgs/share/micro_ros_msgs/hook/ld_library_path_lib.ps1'
[4.205s] INFO:colcon.colcon_core.shell:Creating environment descriptor '/home/piros/Work/ROS2/microRos_ws/install/micro_ros_msgs/share/micro_ros_msgs/hook/ld_library_path_lib.dsv'
[4.207s] INFO:colcon.colcon_core.shell:Creating environment hook '/home/piros/Work/ROS2/microRos_ws/install/micro_ros_msgs/share/micro_ros_msgs/hook/ld_library_path_lib.sh'
[4.209s] Level 1:colcon.colcon_core.environment:checking '/home/piros/Work/ROS2/microRos_ws/install/micro_ros_msgs/bin'
[4.209s] Level 1:colcon.colcon_core.environment:checking '/home/piros/Work/ROS2/microRos_ws/install/micro_ros_msgs/lib/pkgconfig/micro_ros_msgs.pc'
[4.210s] Level 1:colcon.colcon_core.environment:checking '/home/piros/Work/ROS2/microRos_ws/install/micro_ros_msgs/lib/python3.10/site-packages'
[4.211s] Level 1:colcon.colcon_core.environment:checking '/home/piros/Work/ROS2/microRos_ws/install/micro_ros_msgs/bin'
[4.212s] INFO:colcon.colcon_core.shell:Creating package script '/home/piros/Work/ROS2/microRos_ws/install/micro_ros_msgs/share/micro_ros_msgs/package.ps1'
[4.215s] INFO:colcon.colcon_core.shell:Creating package descriptor '/home/piros/Work/ROS2/microRos_ws/install/micro_ros_msgs/share/micro_ros_msgs/package.dsv'
[4.219s] INFO:colcon.colcon_core.shell:Creating package script '/home/piros/Work/ROS2/microRos_ws/install/micro_ros_msgs/share/micro_ros_msgs/package.sh'
[4.222s] INFO:colcon.colcon_core.shell:Creating package script '/home/piros/Work/ROS2/microRos_ws/install/micro_ros_msgs/share/micro_ros_msgs/package.bash'
[4.224s] INFO:colcon.colcon_core.shell:Creating package script '/home/piros/Work/ROS2/microRos_ws/install/micro_ros_msgs/share/micro_ros_msgs/package.zsh'
[4.225s] Level 1:colcon.colcon_core.environment:create_file_with_runtime_dependencies(/home/piros/Work/ROS2/microRos_ws/install/micro_ros_msgs/share/colcon-core/packages/micro_ros_msgs)
[4.227s] INFO:colcon.colcon_ros.task.ament_cmake.build:Building ROS package in '/home/piros/Work/ROS2/microRos_ws/src/uros/micro-ROS-Agent/micro_ros_agent' with build type 'ament_cmake'
[4.227s] INFO:colcon.colcon_cmake.task.cmake.build:Building CMake package in '/home/piros/Work/ROS2/microRos_ws/src/uros/micro-ROS-Agent/micro_ros_agent'
[4.228s] INFO:colcon.colcon_core.shell:Skip shell extension 'powershell' for command environment: Not usable outside of PowerShell
[4.229s] DEBUG:colcon.colcon_core.shell:Skip shell extension 'dsv' for command environment
[4.287s] DEBUG:colcon.colcon_core.event_handler.log_command:Invoking command in '/home/piros/Work/ROS2/microRos_ws/build/micro_ros_agent': AMENT_PREFIX_PATH=/home/piros/Work/ROS2/microRos_ws/install/micro_ros_msgs:${AMENT_PREFIX_PATH} CMAKE_PREFIX_PATH=/home/piros/Work/ROS2/microRos_ws/install/micro_ros_msgs:/home/piros/Work/rplidar_ws/install/rplidar_ros:/opt/ros/humble LD_LIBRARY_PATH=/home/piros/Work/ROS2/microRos_ws/install/micro_ros_msgs/lib:${LD_LIBRARY_PATH} PYTHONPATH=/home/piros/Work/ROS2/microRos_ws/install/micro_ros_msgs/local/lib/python3.10/dist-packages:${PYTHONPATH} /usr/bin/cmake --build /home/piros/Work/ROS2/microRos_ws/build/micro_ros_agent -- -j4 -l4
[4.629s] DEBUG:colcon.colcon_core.event_handler.log_command:Invoked command in '/home/piros/Work/ROS2/microRos_ws/build/micro_ros_agent' returned '0': AMENT_PREFIX_PATH=/home/piros/Work/ROS2/microRos_ws/install/micro_ros_msgs:${AMENT_PREFIX_PATH} CMAKE_PREFIX_PATH=/home/piros/Work/ROS2/microRos_ws/install/micro_ros_msgs:/home/piros/Work/rplidar_ws/install/rplidar_ros:/opt/ros/humble LD_LIBRARY_PATH=/home/piros/Work/ROS2/microRos_ws/install/micro_ros_msgs/lib:${LD_LIBRARY_PATH} PYTHONPATH=/home/piros/Work/ROS2/microRos_ws/install/micro_ros_msgs/local/lib/python3.10/dist-packages:${PYTHONPATH} /usr/bin/cmake --build /home/piros/Work/ROS2/microRos_ws/build/micro_ros_agent -- -j4 -l4
[4.640s] DEBUG:colcon.colcon_core.event_handler.log_command:Invoking command in '/home/piros/Work/ROS2/microRos_ws/build/micro_ros_agent': AMENT_PREFIX_PATH=/home/piros/Work/ROS2/microRos_ws/install/micro_ros_msgs:${AMENT_PREFIX_PATH} CMAKE_PREFIX_PATH=/home/piros/Work/ROS2/microRos_ws/install/micro_ros_msgs:/home/piros/Work/rplidar_ws/install/rplidar_ros:/opt/ros/humble LD_LIBRARY_PATH=/home/piros/Work/ROS2/microRos_ws/install/micro_ros_msgs/lib:${LD_LIBRARY_PATH} PYTHONPATH=/home/piros/Work/ROS2/microRos_ws/install/micro_ros_msgs/local/lib/python3.10/dist-packages:${PYTHONPATH} /usr/bin/cmake --install /home/piros/Work/ROS2/microRos_ws/build/micro_ros_agent
[4.682s] Level 1:colcon.colcon_core.environment:create_environment_scripts_only(micro_ros_agent)
[4.683s] Level 1:colcon.colcon_core.environment:checking '/home/piros/Work/ROS2/microRos_ws/install/micro_ros_agent' for CMake module files
[4.685s] DEBUG:colcon.colcon_core.event_handler.log_command:Invoked command in '/home/piros/Work/ROS2/microRos_ws/build/micro_ros_agent' returned '0': AMENT_PREFIX_PATH=/home/piros/Work/ROS2/microRos_ws/install/micro_ros_msgs:${AMENT_PREFIX_PATH} CMAKE_PREFIX_PATH=/home/piros/Work/ROS2/microRos_ws/install/micro_ros_msgs:/home/piros/Work/rplidar_ws/install/rplidar_ros:/opt/ros/humble LD_LIBRARY_PATH=/home/piros/Work/ROS2/microRos_ws/install/micro_ros_msgs/lib:${LD_LIBRARY_PATH} PYTHONPATH=/home/piros/Work/ROS2/microRos_ws/install/micro_ros_msgs/local/lib/python3.10/dist-packages:${PYTHONPATH} /usr/bin/cmake --install /home/piros/Work/ROS2/microRos_ws/build/micro_ros_agent
[4.687s] Level 1:colcon.colcon_core.environment:checking '/home/piros/Work/ROS2/microRos_ws/install/micro_ros_agent' for CMake config files
[4.699s] Level 1:colcon.colcon_core.shell:create_environment_hook('micro_ros_agent', 'cmake_prefix_path')
[4.701s] INFO:colcon.colcon_core.shell:Creating environment hook '/home/piros/Work/ROS2/microRos_ws/install/micro_ros_agent/share/micro_ros_agent/hook/cmake_prefix_path.ps1'
[4.703s] INFO:colcon.colcon_core.shell:Creating environment descriptor '/home/piros/Work/ROS2/microRos_ws/install/micro_ros_agent/share/micro_ros_agent/hook/cmake_prefix_path.dsv'
[4.705s] INFO:colcon.colcon_core.shell:Creating environment hook '/home/piros/Work/ROS2/microRos_ws/install/micro_ros_agent/share/micro_ros_agent/hook/cmake_prefix_path.sh'
[4.708s] Level 1:colcon.colcon_core.environment:checking '/home/piros/Work/ROS2/microRos_ws/install/micro_ros_agent/lib'
[4.708s] Level 1:colcon.colcon_core.shell:create_environment_hook('micro_ros_agent', 'ld_library_path_lib')
[4.709s] INFO:colcon.colcon_core.shell:Creating environment hook '/home/piros/Work/ROS2/microRos_ws/install/micro_ros_agent/share/micro_ros_agent/hook/ld_library_path_lib.ps1'
[4.711s] INFO:colcon.colcon_core.shell:Creating environment descriptor '/home/piros/Work/ROS2/microRos_ws/install/micro_ros_agent/share/micro_ros_agent/hook/ld_library_path_lib.dsv'
[4.713s] INFO:colcon.colcon_core.shell:Creating environment hook '/home/piros/Work/ROS2/microRos_ws/install/micro_ros_agent/share/micro_ros_agent/hook/ld_library_path_lib.sh'
[4.715s] Level 1:colcon.colcon_core.environment:checking '/home/piros/Work/ROS2/microRos_ws/install/micro_ros_agent/bin'
[4.715s] Level 1:colcon.colcon_core.environment:checking '/home/piros/Work/ROS2/microRos_ws/install/micro_ros_agent/lib/pkgconfig/micro_ros_agent.pc'
[4.716s] Level 1:colcon.colcon_core.environment:checking '/home/piros/Work/ROS2/microRos_ws/install/micro_ros_agent/lib/python3.10/site-packages'
[4.717s] Level 1:colcon.colcon_core.environment:checking '/home/piros/Work/ROS2/microRos_ws/install/micro_ros_agent/bin'
[4.719s] INFO:colcon.colcon_core.shell:Creating package script '/home/piros/Work/ROS2/microRos_ws/install/micro_ros_agent/share/micro_ros_agent/package.ps1'
[4.723s] INFO:colcon.colcon_core.shell:Creating package descriptor '/home/piros/Work/ROS2/microRos_ws/install/micro_ros_agent/share/micro_ros_agent/package.dsv'
[4.725s] INFO:colcon.colcon_core.shell:Creating package script '/home/piros/Work/ROS2/microRos_ws/install/micro_ros_agent/share/micro_ros_agent/package.sh'
[4.727s] INFO:colcon.colcon_core.shell:Creating package script '/home/piros/Work/ROS2/microRos_ws/install/micro_ros_agent/share/micro_ros_agent/package.bash'
[4.729s] INFO:colcon.colcon_core.shell:Creating package script '/home/piros/Work/ROS2/microRos_ws/install/micro_ros_agent/share/micro_ros_agent/package.zsh'
[4.731s] Level 1:colcon.colcon_core.environment:create_file_with_runtime_dependencies(/home/piros/Work/ROS2/microRos_ws/install/micro_ros_agent/share/colcon-core/packages/micro_ros_agent)
[4.733s] Level 1:colcon.colcon_core.environment:create_environment_scripts_only(micro_ros_agent)
[4.735s] Level 1:colcon.colcon_core.environment:checking '/home/piros/Work/ROS2/microRos_ws/install/micro_ros_agent' for CMake module files
[4.737s] Level 1:colcon.colcon_core.environment:checking '/home/piros/Work/ROS2/microRos_ws/install/micro_ros_agent' for CMake config files
[4.745s] Level 1:colcon.colcon_core.shell:create_environment_hook('micro_ros_agent', 'cmake_prefix_path')
[4.747s] INFO:colcon.colcon_core.shell:Creating environment hook '/home/piros/Work/ROS2/microRos_ws/install/micro_ros_agent/share/micro_ros_agent/hook/cmake_prefix_path.ps1'
[4.749s] INFO:colcon.colcon_core.shell:Creating environment descriptor '/home/piros/Work/ROS2/microRos_ws/install/micro_ros_agent/share/micro_ros_agent/hook/cmake_prefix_path.dsv'
[4.750s] INFO:colcon.colcon_core.shell:Creating environment hook '/home/piros/Work/ROS2/microRos_ws/install/micro_ros_agent/share/micro_ros_agent/hook/cmake_prefix_path.sh'
[4.753s] Level 1:colcon.colcon_core.environment:checking '/home/piros/Work/ROS2/microRos_ws/install/micro_ros_agent/lib'
[4.753s] Level 1:colcon.colcon_core.shell:create_environment_hook('micro_ros_agent', 'ld_library_path_lib')
[4.754s] INFO:colcon.colcon_core.shell:Creating environment hook '/home/piros/Work/ROS2/microRos_ws/install/micro_ros_agent/share/micro_ros_agent/hook/ld_library_path_lib.ps1'
[4.756s] INFO:colcon.colcon_core.shell:Creating environment descriptor '/home/piros/Work/ROS2/microRos_ws/install/micro_ros_agent/share/micro_ros_agent/hook/ld_library_path_lib.dsv'
[4.758s] INFO:colcon.colcon_core.shell:Creating environment hook '/home/piros/Work/ROS2/microRos_ws/install/micro_ros_agent/share/micro_ros_agent/hook/ld_library_path_lib.sh'
[4.760s] Level 1:colcon.colcon_core.environment:checking '/home/piros/Work/ROS2/microRos_ws/install/micro_ros_agent/bin'
[4.761s] Level 1:colcon.colcon_core.environment:checking '/home/piros/Work/ROS2/microRos_ws/install/micro_ros_agent/lib/pkgconfig/micro_ros_agent.pc'
[4.761s] Level 1:colcon.colcon_core.environment:checking '/home/piros/Work/ROS2/microRos_ws/install/micro_ros_agent/lib/python3.10/site-packages'
[4.762s] Level 1:colcon.colcon_core.environment:checking '/home/piros/Work/ROS2/microRos_ws/install/micro_ros_agent/bin'
[4.764s] INFO:colcon.colcon_core.shell:Creating package script '/home/piros/Work/ROS2/microRos_ws/install/micro_ros_agent/share/micro_ros_agent/package.ps1'
[4.766s] INFO:colcon.colcon_core.shell:Creating package descriptor '/home/piros/Work/ROS2/microRos_ws/install/micro_ros_agent/share/micro_ros_agent/package.dsv'
[4.769s] INFO:colcon.colcon_core.shell:Creating package script '/home/piros/Work/ROS2/microRos_ws/install/micro_ros_agent/share/micro_ros_agent/package.sh'
[4.771s] INFO:colcon.colcon_core.shell:Creating package script '/home/piros/Work/ROS2/microRos_ws/install/micro_ros_agent/share/micro_ros_agent/package.bash'
[4.773s] INFO:colcon.colcon_core.shell:Creating package script '/home/piros/Work/ROS2/microRos_ws/install/micro_ros_agent/share/micro_ros_agent/package.zsh'
[4.775s] Level 1:colcon.colcon_core.environment:create_file_with_runtime_dependencies(/home/piros/Work/ROS2/microRos_ws/install/micro_ros_agent/share/colcon-core/packages/micro_ros_agent)
[4.776s] DEBUG:colcon.colcon_parallel_executor.executor.parallel:closing loop
[4.778s] DEBUG:colcon.colcon_parallel_executor.executor.parallel:loop closed
[4.778s] DEBUG:colcon.colcon_parallel_executor.executor.parallel:run_until_complete finished with '0'
[4.779s] DEBUG:colcon.colcon_core.event_reactor:joining thread
[4.802s] INFO:colcon.colcon_core.plugin_system:Skipping extension 'colcon_notification.desktop_notification.terminal_notifier': Not used on non-Darwin systems
[4.802s] INFO:colcon.colcon_core.plugin_system:Skipping extension 'colcon_notification.desktop_notification.win32': Not used on non-Windows systems
[4.802s] INFO:colcon.colcon_notification.desktop_notification:Sending desktop notification using 'notify2'
[5.343s] DEBUG:colcon.colcon_core.event_reactor:joined thread
[5.345s] INFO:colcon.colcon_core.shell:Creating prefix script '/home/piros/Work/ROS2/microRos_ws/install/local_setup.ps1'
[5.351s] INFO:colcon.colcon_core.shell:Creating prefix util module '/home/piros/Work/ROS2/microRos_ws/install/_local_setup_util_ps1.py'
[5.360s] INFO:colcon.colcon_core.shell:Creating prefix chain script '/home/piros/Work/ROS2/microRos_ws/install/setup.ps1'
[5.365s] INFO:colcon.colcon_core.shell:Creating prefix script '/home/piros/Work/ROS2/microRos_ws/install/local_setup.sh'
[5.368s] INFO:colcon.colcon_core.shell:Creating prefix util module '/home/piros/Work/ROS2/microRos_ws/install/_local_setup_util_sh.py'
[5.371s] INFO:colcon.colcon_core.shell:Creating prefix chain script '/home/piros/Work/ROS2/microRos_ws/install/setup.sh'
[5.376s] INFO:colcon.colcon_core.shell:Creating prefix script '/home/piros/Work/ROS2/microRos_ws/install/local_setup.bash'
[5.378s] INFO:colcon.colcon_core.shell:Creating prefix chain script '/home/piros/Work/ROS2/microRos_ws/install/setup.bash'
[5.383s] INFO:colcon.colcon_core.shell:Creating prefix script '/home/piros/Work/ROS2/microRos_ws/install/local_setup.zsh'
[5.385s] INFO:colcon.colcon_core.shell:Creating prefix chain script '/home/piros/Work/ROS2/microRos_ws/install/setup.zsh'
