-- The C compiler identification is GNU 11.4.0
-- The CXX compiler identification is GNU 11.4.0
-- Detecting C compiler ABI info
-- Detecting C compiler ABI info - done
-- Check for working C compiler: /usr/bin/cc - skipped
-- Detecting C compile features
-- Detecting C compile features - done
-- Detecting CXX compiler ABI info
-- Detecting CXX compiler ABI info - done
-- Check for working CXX compiler: /usr/bin/c++ - skipped
-- Detecting CXX compile features
-- Detecting CXX compile features - done
-- Found ament_cmake: 1.3.11 (/opt/ros/humble/share/ament_cmake/cmake)
-- Found Python3: /usr/bin/python3 (found version "3.10.12") found components: Interpreter 
-- Found controller_interface: 2.48.0 (/opt/ros/humble/share/controller_interface/cmake)
-- Found rosidl_generator_c: 3.1.6 (/opt/ros/humble/share/rosidl_generator_c/cmake)
-- Found rosidl_adapter: 3.1.6 (/opt/ros/humble/share/rosidl_adapter/cmake)
-- Found rosidl_generator_cpp: 3.1.6 (/opt/ros/humble/share/rosidl_generator_cpp/cmake)
-- Using all available rosidl_typesupport_c: rosidl_typesupport_fastrtps_c;rosidl_typesupport_introspection_c
-- Using all available rosidl_typesupport_cpp: rosidl_typesupport_fastrtps_cpp;rosidl_typesupport_introspection_cpp
-- Found rmw_implementation_cmake: 6.1.2 (/opt/ros/humble/share/rmw_implementation_cmake/cmake)
-- Found rmw_cyclonedds_cpp: 1.3.4 (/opt/ros/humble/share/rmw_cyclonedds_cpp/cmake)
-- Using RMW implementation 'rmw_cyclonedds_cpp' as default
-- Looking for pthread.h
-- Looking for pthread.h - found
-- Performing Test CMAKE_HAVE_LIBC_PTHREAD
-- Performing Test CMAKE_HAVE_LIBC_PTHREAD - Success
-- Found Threads: TRUE  
-- Found generate_parameter_library: 0.4.0 (/opt/ros/humble/share/generate_parameter_library/cmake)
-- Found parameter_traits: 0.4.0 (/opt/ros/humble/share/parameter_traits/cmake)
-- Found nav_msgs: 4.2.4 (/opt/ros/humble/share/nav_msgs/cmake)
-- Found realtime_tools: 2.11.0 (/opt/ros/humble/share/realtime_tools/cmake)
-- Found tf2: 0.25.12 (/opt/ros/humble/share/tf2/cmake)
-- Found tf2_msgs: 0.25.12 (/opt/ros/humble/share/tf2_msgs/cmake)
-- Found ament_lint_auto: 0.12.11 (/opt/ros/humble/share/ament_lint_auto/cmake)
-- Found controller_manager: 2.48.0 (/opt/ros/humble/share/controller_manager/cmake)
-- Configuring done
-- Generating done
-- Build files have been written to: /home/nikhil/Work/ROS/controller_ws/src/three_omniwheel_controller/build/three_omniwheel_controller
[ 16%] [34m[1mRunning `/opt/ros/humble/bin/generate_parameter_library_cpp /home/nikhil/Work/ROS/controller_ws/src/three_omniwheel_controller/build/three_omniwheel_controller/include/three_omniwheel_controller/three_omniwheel_controller_parameters.hpp /home/nikhil/Work/ROS/controller_ws/src/three_omniwheel_controller/src/three_omniwheel_controller_parameter.yaml `[0m
[ 33%] [34m[1mCreating deprecated header file /home/nikhil/Work/ROS/controller_ws/src/three_omniwheel_controller/build/three_omniwheel_controller/include/three_omniwheel_controller_parameters.hpp[0m
[ 33%] Built target three_omniwheel_controller_parameters
[ 66%] [32mBuilding CXX object CMakeFiles/three_omniwheel_controller.dir/src/speed_limiter.cpp.o[0m
[ 66%] [32mBuilding CXX object CMakeFiles/three_omniwheel_controller.dir/src/three_omniwheel_controller.cpp.o[0m
[ 83%] [32mBuilding CXX object CMakeFiles/three_omniwheel_controller.dir/src/odometry.cpp.o[0m
[100%] [32m[1mLinking CXX shared library libthree_omniwheel_controller.so[0m
[100%] Built target three_omniwheel_controller
-- Install configuration: ""
-- Installing: /home/nikhil/Work/ROS/controller_ws/src/three_omniwheel_controller/install/three_omniwheel_controller/include/three_omniwheel_controller
-- Installing: /home/nikhil/Work/ROS/controller_ws/src/three_omniwheel_controller/install/three_omniwheel_controller/include/three_omniwheel_controller/three_omniwheel_controller_parameters.hpp
-- Installing: /home/nikhil/Work/ROS/controller_ws/src/three_omniwheel_controller/install/three_omniwheel_controller/share/three_omniwheel_controller/three_omniwheel_plugin.xml
-- Up-to-date: /home/nikhil/Work/ROS/controller_ws/src/three_omniwheel_controller/install/three_omniwheel_controller/include/three_omniwheel_controller
-- Installing: /home/nikhil/Work/ROS/controller_ws/src/three_omniwheel_controller/install/three_omniwheel_controller/include/three_omniwheel_controller/three_omniwheel_controller
-- Installing: /home/nikhil/Work/ROS/controller_ws/src/three_omniwheel_controller/install/three_omniwheel_controller/include/three_omniwheel_controller/three_omniwheel_controller/three_omniwheel_controller.hpp
-- Installing: /home/nikhil/Work/ROS/controller_ws/src/three_omniwheel_controller/install/three_omniwheel_controller/include/three_omniwheel_controller/three_omniwheel_controller/odometry.hpp
-- Installing: /home/nikhil/Work/ROS/controller_ws/src/three_omniwheel_controller/install/three_omniwheel_controller/include/three_omniwheel_controller/three_omniwheel_controller/speed_limiter.hpp
-- Installing: /home/nikhil/Work/ROS/controller_ws/src/three_omniwheel_controller/install/three_omniwheel_controller/include/three_omniwheel_controller/three_omniwheel_controller/visibility_control.h
-- Installing: /home/nikhil/Work/ROS/controller_ws/src/three_omniwheel_controller/install/three_omniwheel_controller/lib/libthree_omniwheel_controller.so
-- Set runtime path of "/home/nikhil/Work/ROS/controller_ws/src/three_omniwheel_controller/install/three_omniwheel_controller/lib/libthree_omniwheel_controller.so" to ""
-- Installing: /home/nikhil/Work/ROS/controller_ws/src/three_omniwheel_controller/install/three_omniwheel_controller/share/three_omniwheel_controller/environment/library_path.sh
-- Installing: /home/nikhil/Work/ROS/controller_ws/src/three_omniwheel_controller/install/three_omniwheel_controller/share/three_omniwheel_controller/environment/library_path.dsv
-- Installing: /home/nikhil/Work/ROS/controller_ws/src/three_omniwheel_controller/install/three_omniwheel_controller/share/ament_index/resource_index/package_run_dependencies/three_omniwheel_controller
-- Installing: /home/nikhil/Work/ROS/controller_ws/src/three_omniwheel_controller/install/three_omniwheel_controller/share/ament_index/resource_index/parent_prefix_path/three_omniwheel_controller
-- Installing: /home/nikhil/Work/ROS/controller_ws/src/three_omniwheel_controller/install/three_omniwheel_controller/share/three_omniwheel_controller/environment/ament_prefix_path.sh
-- Installing: /home/nikhil/Work/ROS/controller_ws/src/three_omniwheel_controller/install/three_omniwheel_controller/share/three_omniwheel_controller/environment/ament_prefix_path.dsv
-- Installing: /home/nikhil/Work/ROS/controller_ws/src/three_omniwheel_controller/install/three_omniwheel_controller/share/three_omniwheel_controller/environment/path.sh
-- Installing: /home/nikhil/Work/ROS/controller_ws/src/three_omniwheel_controller/install/three_omniwheel_controller/share/three_omniwheel_controller/environment/path.dsv
-- Installing: /home/nikhil/Work/ROS/controller_ws/src/three_omniwheel_controller/install/three_omniwheel_controller/share/three_omniwheel_controller/local_setup.bash
-- Installing: /home/nikhil/Work/ROS/controller_ws/src/three_omniwheel_controller/install/three_omniwheel_controller/share/three_omniwheel_controller/local_setup.sh
-- Installing: /home/nikhil/Work/ROS/controller_ws/src/three_omniwheel_controller/install/three_omniwheel_controller/share/three_omniwheel_controller/local_setup.zsh
-- Installing: /home/nikhil/Work/ROS/controller_ws/src/three_omniwheel_controller/install/three_omniwheel_controller/share/three_omniwheel_controller/local_setup.dsv
-- Installing: /home/nikhil/Work/ROS/controller_ws/src/three_omniwheel_controller/install/three_omniwheel_controller/share/three_omniwheel_controller/package.dsv
-- Installing: /home/nikhil/Work/ROS/controller_ws/src/three_omniwheel_controller/install/three_omniwheel_controller/share/ament_index/resource_index/packages/three_omniwheel_controller
-- Installing: /home/nikhil/Work/ROS/controller_ws/src/three_omniwheel_controller/install/three_omniwheel_controller/share/ament_index/resource_index/controller_interface__pluginlib__plugin/three_omniwheel_controller
-- Installing: /home/nikhil/Work/ROS/controller_ws/src/three_omniwheel_controller/install/three_omniwheel_controller/share/three_omniwheel_controller/cmake/export_three_omniwheel_controllerExport.cmake
-- Installing: /home/nikhil/Work/ROS/controller_ws/src/three_omniwheel_controller/install/three_omniwheel_controller/share/three_omniwheel_controller/cmake/export_three_omniwheel_controllerExport-noconfig.cmake
-- Installing: /home/nikhil/Work/ROS/controller_ws/src/three_omniwheel_controller/install/three_omniwheel_controller/share/three_omniwheel_controller/cmake/ament_cmake_export_dependencies-extras.cmake
-- Installing: /home/nikhil/Work/ROS/controller_ws/src/three_omniwheel_controller/install/three_omniwheel_controller/share/three_omniwheel_controller/cmake/ament_cmake_export_targets-extras.cmake
-- Installing: /home/nikhil/Work/ROS/controller_ws/src/three_omniwheel_controller/install/three_omniwheel_controller/share/three_omniwheel_controller/cmake/three_omniwheel_controllerConfig.cmake
-- Installing: /home/nikhil/Work/ROS/controller_ws/src/three_omniwheel_controller/install/three_omniwheel_controller/share/three_omniwheel_controller/cmake/three_omniwheel_controllerConfig-version.cmake
-- Installing: /home/nikhil/Work/ROS/controller_ws/src/three_omniwheel_controller/install/three_omniwheel_controller/share/three_omniwheel_controller/package.xml
