[0.009s] Invoking command in '/home/nikhil/Work/ROS/controller_ws/src/three_omniwheel_controller/build/three_omniwheel_controller': CMAKE_PREFIX_PATH=${CMAKE_PREFIX_PATH}:/home/nikhil/Work/ROS/ros2_ws/install/py_pkg:/opt/ros/humble /usr/bin/cmake /home/nikhil/Work/ROS/controller_ws/src/three_omniwheel_controller -DCMAKE_INSTALL_PREFIX=/home/nikhil/Work/ROS/controller_ws/src/three_omniwheel_controller/install/three_omniwheel_controller
[0.087s] -- The C compiler identification is GNU 11.4.0
[0.148s] -- The CXX compiler identification is GNU 11.4.0
[0.156s] -- Detecting C compiler ABI info
[0.212s] -- Detecting C compiler ABI info - done
[0.218s] -- Check for working C compiler: /usr/bin/cc - skipped
[0.219s] -- Detecting C compile features
[0.219s] -- Detecting C compile features - done
[0.221s] -- Detecting CXX compiler ABI info
[0.284s] -- Detecting CXX compiler ABI info - done
[0.288s] -- Check for working CXX compiler: /usr/bin/c++ - skipped
[0.288s] -- Detecting CXX compile features
[0.289s] -- Detecting CXX compile features - done
[0.295s] -- Found ament_cmake: 1.3.11 (/opt/ros/humble/share/ament_cmake/cmake)
[0.405s] -- Found Python3: /usr/bin/python3 (found version "3.10.12") found components: Interpreter 
[0.489s] -- Found controller_interface: 2.48.0 (/opt/ros/humble/share/controller_interface/cmake)
[0.534s] -- Found rosidl_generator_c: 3.1.6 (/opt/ros/humble/share/rosidl_generator_c/cmake)
[0.539s] -- Found rosidl_adapter: 3.1.6 (/opt/ros/humble/share/rosidl_adapter/cmake)
[0.547s] -- Found rosidl_generator_cpp: 3.1.6 (/opt/ros/humble/share/rosidl_generator_cpp/cmake)
[0.560s] -- Using all available rosidl_typesupport_c: rosidl_typesupport_fastrtps_c;rosidl_typesupport_introspection_c
[0.577s] -- Using all available rosidl_typesupport_cpp: rosidl_typesupport_fastrtps_cpp;rosidl_typesupport_introspection_cpp
[0.759s] -- Found rmw_implementation_cmake: 6.1.2 (/opt/ros/humble/share/rmw_implementation_cmake/cmake)
[0.764s] -- Found rmw_cyclonedds_cpp: 1.3.4 (/opt/ros/humble/share/rmw_cyclonedds_cpp/cmake)
[0.800s] -- Using RMW implementation 'rmw_cyclonedds_cpp' as default
[0.811s] -- Looking for pthread.h
[0.891s] -- Looking for pthread.h - found
[0.891s] -- Performing Test CMAKE_HAVE_LIBC_PTHREAD
[0.965s] -- Performing Test CMAKE_HAVE_LIBC_PTHREAD - Success
[0.966s] -- Found Threads: TRUE  
[1.013s] -- Found generate_parameter_library: 0.4.0 (/opt/ros/humble/share/generate_parameter_library/cmake)
[1.015s] -- Found parameter_traits: 0.4.0 (/opt/ros/humble/share/parameter_traits/cmake)
[1.035s] -- Found nav_msgs: 4.2.4 (/opt/ros/humble/share/nav_msgs/cmake)
[1.050s] -- Found realtime_tools: 2.11.0 (/opt/ros/humble/share/realtime_tools/cmake)
[1.065s] -- Found tf2: 0.25.12 (/opt/ros/humble/share/tf2/cmake)
[1.070s] -- Found tf2_msgs: 0.25.12 (/opt/ros/humble/share/tf2_msgs/cmake)
[1.101s] -- Found ament_lint_auto: 0.12.11 (/opt/ros/humble/share/ament_lint_auto/cmake)
[1.104s] -- Found controller_manager: 2.48.0 (/opt/ros/humble/share/controller_manager/cmake)
[1.172s] -- Configuring done
[1.202s] -- Generating done
[1.205s] -- Build files have been written to: /home/nikhil/Work/ROS/controller_ws/src/three_omniwheel_controller/build/three_omniwheel_controller
[1.211s] Invoked command in '/home/nikhil/Work/ROS/controller_ws/src/three_omniwheel_controller/build/three_omniwheel_controller' returned '0': CMAKE_PREFIX_PATH=${CMAKE_PREFIX_PATH}:/home/nikhil/Work/ROS/ros2_ws/install/py_pkg:/opt/ros/humble /usr/bin/cmake /home/nikhil/Work/ROS/controller_ws/src/three_omniwheel_controller -DCMAKE_INSTALL_PREFIX=/home/nikhil/Work/ROS/controller_ws/src/three_omniwheel_controller/install/three_omniwheel_controller
[1.212s] Invoking command in '/home/nikhil/Work/ROS/controller_ws/src/three_omniwheel_controller/build/three_omniwheel_controller': CMAKE_PREFIX_PATH=${CMAKE_PREFIX_PATH}:/home/nikhil/Work/ROS/ros2_ws/install/py_pkg:/opt/ros/humble /usr/bin/cmake --build /home/nikhil/Work/ROS/controller_ws/src/three_omniwheel_controller/build/three_omniwheel_controller -- -j20 -l20
[1.261s] [ 16%] [34m[1mRunning `/opt/ros/humble/bin/generate_parameter_library_cpp /home/nikhil/Work/ROS/controller_ws/src/three_omniwheel_controller/build/three_omniwheel_controller/include/three_omniwheel_controller/three_omniwheel_controller_parameters.hpp /home/nikhil/Work/ROS/controller_ws/src/three_omniwheel_controller/src/three_omniwheel_controller_parameter.yaml `[0m
[2.064s] [ 33%] [34m[1mCreating deprecated header file /home/nikhil/Work/ROS/controller_ws/src/three_omniwheel_controller/build/three_omniwheel_controller/include/three_omniwheel_controller_parameters.hpp[0m
[2.097s] [ 33%] Built target three_omniwheel_controller_parameters
[2.116s] [ 66%] [32mBuilding CXX object CMakeFiles/three_omniwheel_controller.dir/src/speed_limiter.cpp.o[0m
[2.116s] [ 66%] [32mBuilding CXX object CMakeFiles/three_omniwheel_controller.dir/src/three_omniwheel_controller.cpp.o[0m
[2.117s] [ 83%] [32mBuilding CXX object CMakeFiles/three_omniwheel_controller.dir/src/odometry.cpp.o[0m
[10.028s] [100%] [32m[1mLinking CXX shared library libthree_omniwheel_controller.so[0m
[10.614s] [100%] Built target three_omniwheel_controller
[10.623s] Invoked command in '/home/nikhil/Work/ROS/controller_ws/src/three_omniwheel_controller/build/three_omniwheel_controller' returned '0': CMAKE_PREFIX_PATH=${CMAKE_PREFIX_PATH}:/home/nikhil/Work/ROS/ros2_ws/install/py_pkg:/opt/ros/humble /usr/bin/cmake --build /home/nikhil/Work/ROS/controller_ws/src/three_omniwheel_controller/build/three_omniwheel_controller -- -j20 -l20
[10.630s] Invoking command in '/home/nikhil/Work/ROS/controller_ws/src/three_omniwheel_controller/build/three_omniwheel_controller': CMAKE_PREFIX_PATH=${CMAKE_PREFIX_PATH}:/home/nikhil/Work/ROS/ros2_ws/install/py_pkg:/opt/ros/humble /usr/bin/cmake --install /home/nikhil/Work/ROS/controller_ws/src/three_omniwheel_controller/build/three_omniwheel_controller
[10.636s] -- Install configuration: ""
[10.636s] -- Installing: /home/nikhil/Work/ROS/controller_ws/src/three_omniwheel_controller/install/three_omniwheel_controller/include/three_omniwheel_controller
[10.636s] -- Installing: /home/nikhil/Work/ROS/controller_ws/src/three_omniwheel_controller/install/three_omniwheel_controller/include/three_omniwheel_controller/three_omniwheel_controller_parameters.hpp
[10.636s] -- Installing: /home/nikhil/Work/ROS/controller_ws/src/three_omniwheel_controller/install/three_omniwheel_controller/share/three_omniwheel_controller/three_omniwheel_plugin.xml
[10.636s] -- Up-to-date: /home/nikhil/Work/ROS/controller_ws/src/three_omniwheel_controller/install/three_omniwheel_controller/include/three_omniwheel_controller
[10.636s] -- Installing: /home/nikhil/Work/ROS/controller_ws/src/three_omniwheel_controller/install/three_omniwheel_controller/include/three_omniwheel_controller/three_omniwheel_controller
[10.636s] -- Installing: /home/nikhil/Work/ROS/controller_ws/src/three_omniwheel_controller/install/three_omniwheel_controller/include/three_omniwheel_controller/three_omniwheel_controller/three_omniwheel_controller.hpp
[10.636s] -- Installing: /home/nikhil/Work/ROS/controller_ws/src/three_omniwheel_controller/install/three_omniwheel_controller/include/three_omniwheel_controller/three_omniwheel_controller/odometry.hpp
[10.636s] -- Installing: /home/nikhil/Work/ROS/controller_ws/src/three_omniwheel_controller/install/three_omniwheel_controller/include/three_omniwheel_controller/three_omniwheel_controller/speed_limiter.hpp
[10.636s] -- Installing: /home/nikhil/Work/ROS/controller_ws/src/three_omniwheel_controller/install/three_omniwheel_controller/include/three_omniwheel_controller/three_omniwheel_controller/visibility_control.h
[10.636s] -- Installing: /home/nikhil/Work/ROS/controller_ws/src/three_omniwheel_controller/install/three_omniwheel_controller/lib/libthree_omniwheel_controller.so
[10.645s] -- Set runtime path of "/home/nikhil/Work/ROS/controller_ws/src/three_omniwheel_controller/install/three_omniwheel_controller/lib/libthree_omniwheel_controller.so" to ""
[10.645s] -- Installing: /home/nikhil/Work/ROS/controller_ws/src/three_omniwheel_controller/install/three_omniwheel_controller/share/three_omniwheel_controller/environment/library_path.sh
[10.645s] -- Installing: /home/nikhil/Work/ROS/controller_ws/src/three_omniwheel_controller/install/three_omniwheel_controller/share/three_omniwheel_controller/environment/library_path.dsv
[10.645s] -- Installing: /home/nikhil/Work/ROS/controller_ws/src/three_omniwheel_controller/install/three_omniwheel_controller/share/ament_index/resource_index/package_run_dependencies/three_omniwheel_controller
[10.645s] -- Installing: /home/nikhil/Work/ROS/controller_ws/src/three_omniwheel_controller/install/three_omniwheel_controller/share/ament_index/resource_index/parent_prefix_path/three_omniwheel_controller
[10.645s] -- Installing: /home/nikhil/Work/ROS/controller_ws/src/three_omniwheel_controller/install/three_omniwheel_controller/share/three_omniwheel_controller/environment/ament_prefix_path.sh
[10.645s] -- Installing: /home/nikhil/Work/ROS/controller_ws/src/three_omniwheel_controller/install/three_omniwheel_controller/share/three_omniwheel_controller/environment/ament_prefix_path.dsv
[10.645s] -- Installing: /home/nikhil/Work/ROS/controller_ws/src/three_omniwheel_controller/install/three_omniwheel_controller/share/three_omniwheel_controller/environment/path.sh
[10.645s] -- Installing: /home/nikhil/Work/ROS/controller_ws/src/three_omniwheel_controller/install/three_omniwheel_controller/share/three_omniwheel_controller/environment/path.dsv
[10.646s] -- Installing: /home/nikhil/Work/ROS/controller_ws/src/three_omniwheel_controller/install/three_omniwheel_controller/share/three_omniwheel_controller/local_setup.bash
[10.646s] -- Installing: /home/nikhil/Work/ROS/controller_ws/src/three_omniwheel_controller/install/three_omniwheel_controller/share/three_omniwheel_controller/local_setup.sh
[10.646s] -- Installing: /home/nikhil/Work/ROS/controller_ws/src/three_omniwheel_controller/install/three_omniwheel_controller/share/three_omniwheel_controller/local_setup.zsh
[10.646s] -- Installing: /home/nikhil/Work/ROS/controller_ws/src/three_omniwheel_controller/install/three_omniwheel_controller/share/three_omniwheel_controller/local_setup.dsv
[10.646s] -- Installing: /home/nikhil/Work/ROS/controller_ws/src/three_omniwheel_controller/install/three_omniwheel_controller/share/three_omniwheel_controller/package.dsv
[10.646s] -- Installing: /home/nikhil/Work/ROS/controller_ws/src/three_omniwheel_controller/install/three_omniwheel_controller/share/ament_index/resource_index/packages/three_omniwheel_controller
[10.646s] -- Installing: /home/nikhil/Work/ROS/controller_ws/src/three_omniwheel_controller/install/three_omniwheel_controller/share/ament_index/resource_index/controller_interface__pluginlib__plugin/three_omniwheel_controller
[10.646s] -- Installing: /home/nikhil/Work/ROS/controller_ws/src/three_omniwheel_controller/install/three_omniwheel_controller/share/three_omniwheel_controller/cmake/export_three_omniwheel_controllerExport.cmake
[10.646s] -- Installing: /home/nikhil/Work/ROS/controller_ws/src/three_omniwheel_controller/install/three_omniwheel_controller/share/three_omniwheel_controller/cmake/export_three_omniwheel_controllerExport-noconfig.cmake
[10.646s] -- Installing: /home/nikhil/Work/ROS/controller_ws/src/three_omniwheel_controller/install/three_omniwheel_controller/share/three_omniwheel_controller/cmake/ament_cmake_export_dependencies-extras.cmake
[10.646s] -- Installing: /home/nikhil/Work/ROS/controller_ws/src/three_omniwheel_controller/install/three_omniwheel_controller/share/three_omniwheel_controller/cmake/ament_cmake_export_targets-extras.cmake
[10.646s] -- Installing: /home/nikhil/Work/ROS/controller_ws/src/three_omniwheel_controller/install/three_omniwheel_controller/share/three_omniwheel_controller/cmake/three_omniwheel_controllerConfig.cmake
[10.646s] -- Installing: /home/nikhil/Work/ROS/controller_ws/src/three_omniwheel_controller/install/three_omniwheel_controller/share/three_omniwheel_controller/cmake/three_omniwheel_controllerConfig-version.cmake
[10.646s] -- Installing: /home/nikhil/Work/ROS/controller_ws/src/three_omniwheel_controller/install/three_omniwheel_controller/share/three_omniwheel_controller/package.xml
[10.648s] Invoked command in '/home/nikhil/Work/ROS/controller_ws/src/three_omniwheel_controller/build/three_omniwheel_controller' returned '0': CMAKE_PREFIX_PATH=${CMAKE_PREFIX_PATH}:/home/nikhil/Work/ROS/ros2_ws/install/py_pkg:/opt/ros/humble /usr/bin/cmake --install /home/nikhil/Work/ROS/controller_ws/src/three_omniwheel_controller/build/three_omniwheel_controller
