[0.088s] Invoking command in '/home/piros/Work/ROS2/controller_ws/build/diff_drive_controller': CMAKE_PREFIX_PATH=${CMAKE_PREFIX_PATH}:/opt/ros/humble /usr/bin/cmake /home/piros/Work/ROS2/controller_ws/src/diff_drive_controller -DCMAKE_INSTALL_PREFIX=/home/piros/Work/ROS2/controller_ws/install/diff_drive_controller
[1.373s] -- The CXX compiler identification is GNU 11.4.0
[1.425s] -- Detecting CXX compiler ABI info
[1.843s] -- Detecting CXX compiler ABI info - done
[1.873s] -- Check for working CXX compiler: /usr/bin/c++ - skipped
[1.875s] -- Detecting CXX compile features
[1.879s] -- Detecting CXX compile features - done
[1.931s] -- Found ament_cmake: 1.3.11 (/opt/ros/humble/share/ament_cmake/cmake)
[2.803s] -- Found Python3: /usr/bin/python3 (found version "3.10.12") found components: Interpreter 
[3.617s] -- Found controller_interface: 2.49.0 (/opt/ros/humble/share/controller_interface/cmake)
[4.078s] -- Found rosidl_generator_c: 3.1.6 (/opt/ros/humble/share/rosidl_generator_c/cmake)
[4.133s] -- Found rosidl_adapter: 3.1.6 (/opt/ros/humble/share/rosidl_adapter/cmake)
[4.210s] -- Found rosidl_generator_cpp: 3.1.6 (/opt/ros/humble/share/rosidl_generator_cpp/cmake)
[4.307s] -- Using all available rosidl_typesupport_c: rosidl_typesupport_fastrtps_c;rosidl_typesupport_introspection_c
[4.437s] -- Using all available rosidl_typesupport_cpp: rosidl_typesupport_fastrtps_cpp;rosidl_typesupport_introspection_cpp
[6.103s] -- Found rmw_implementation_cmake: 6.1.2 (/opt/ros/humble/share/rmw_implementation_cmake/cmake)
[6.136s] -- Found rmw_fastrtps_cpp: 6.2.7 (/opt/ros/humble/share/rmw_fastrtps_cpp/cmake)
[6.359s] -- Found TinyXML2 via Config file: TinyXML2_DIR-NOTFOUND
[6.627s] -- Found OpenSSL: /usr/lib/aarch64-linux-gnu/libcrypto.so (found version "3.0.2")  
[6.644s] -- Found TinyXML2 via Config file: TinyXML2_DIR-NOTFOUND
[6.736s] -- Found FastRTPS: /opt/ros/humble/include  
[6.751s] -- Found TinyXML2 via Config file: TinyXML2_DIR-NOTFOUND
[6.787s] -- Found TinyXML2 via Config file: TinyXML2_DIR-NOTFOUND
[6.827s] -- Using RMW implementation 'rmw_fastrtps_cpp' as default
[6.930s] -- Looking for C++ include pthread.h
[7.506s] -- Looking for C++ include pthread.h - found
[7.507s] -- Performing Test CMAKE_HAVE_LIBC_PTHREAD
[8.068s] -- Performing Test CMAKE_HAVE_LIBC_PTHREAD - Success
[8.072s] -- Found Threads: TRUE  
[8.360s] -- Found generate_parameter_library: 0.4.0 (/opt/ros/humble/share/generate_parameter_library/cmake)
[8.382s] -- Found parameter_traits: 0.4.0 (/opt/ros/humble/share/parameter_traits/cmake)
[8.605s] -- Found nav_msgs: 4.8.0 (/opt/ros/humble/share/nav_msgs/cmake)
[8.698s] -- Found realtime_tools: 2.12.0 (/opt/ros/humble/share/realtime_tools/cmake)
[8.814s] -- Found tf2: 0.25.12 (/opt/ros/humble/share/tf2/cmake)
[8.853s] -- Found tf2_msgs: 0.25.12 (/opt/ros/humble/share/tf2_msgs/cmake)
[9.027s] -- Found ament_cmake_gmock: 1.3.11 (/opt/ros/humble/share/ament_cmake_gmock/cmake)
[9.053s] -- Found controller_manager: 2.49.0 (/opt/ros/humble/share/controller_manager/cmake)
[9.207s] -- Found ros2_control_test_assets: 2.49.0 (/opt/ros/humble/share/ros2_control_test_assets/cmake)
[9.237s] -- Found gmock sources under '/opt/ros/humble/src/gmock_vendor': C++ tests using 'Google Mock' will be built
[9.457s] -- The C compiler identification is GNU 11.4.0
[9.515s] -- Detecting C compiler ABI info
[9.997s] -- Detecting C compiler ABI info - done
[10.028s] -- Check for working C compiler: /usr/bin/cc - skipped
[10.029s] -- Detecting C compile features
[10.031s] -- Detecting C compile features - done
[10.084s] -- Found ament_cmake_gtest: 1.3.11 (/opt/ros/humble/share/ament_cmake_gtest/cmake)
[10.097s] -- Found gtest sources under '/opt/ros/humble/src/gtest_vendor': C++ tests using 'Google Test' will be built
[10.561s] -- Configuring done
[11.134s] -- Generating done
[11.193s] -- Build files have been written to: /home/piros/Work/ROS2/controller_ws/build/diff_drive_controller
[11.257s] Invoked command in '/home/piros/Work/ROS2/controller_ws/build/diff_drive_controller' returned '0': CMAKE_PREFIX_PATH=${CMAKE_PREFIX_PATH}:/opt/ros/humble /usr/bin/cmake /home/piros/Work/ROS2/controller_ws/src/diff_drive_controller -DCMAKE_INSTALL_PREFIX=/home/piros/Work/ROS2/controller_ws/install/diff_drive_controller
[11.266s] Invoking command in '/home/piros/Work/ROS2/controller_ws/build/diff_drive_controller': CMAKE_PREFIX_PATH=${CMAKE_PREFIX_PATH}:/opt/ros/humble /usr/bin/cmake --build /home/piros/Work/ROS2/controller_ws/build/diff_drive_controller -- -j4 -l4
[11.521s] [  6%] [34m[1mRunning `/opt/ros/humble/bin/generate_parameter_library_cpp /home/piros/Work/ROS2/controller_ws/build/diff_drive_controller/include/diff_drive_controller/diff_drive_controller_parameters.hpp /home/piros/Work/ROS2/controller_ws/src/diff_drive_controller/src/diff_drive_controller_parameter.yaml `[0m
[11.523s] [ 13%] [32mBuilding CXX object gmock/CMakeFiles/gmock_main.dir/src/gmock_main.cc.o[0m
[11.528s] [ 20%] [32mBuilding CXX object gmock/CMakeFiles/gmock.dir/src/gmock-all.cc.o[0m
[11.558s] [ 26%] [32mBuilding CXX object gmock/CMakeFiles/gmock.dir/opt/ros/humble/src/gtest_vendor/src/gtest-all.cc.o[0m
[21.525s] [ 33%] [34m[1mCreating deprecated header file /home/piros/Work/ROS2/controller_ws/build/diff_drive_controller/include/diff_drive_controller_parameters.hpp[0m
[22.133s] [ 33%] Built target diff_drive_controller_parameters
[22.422s] [ 40%] [32mBuilding CXX object CMakeFiles/diff_drive_controller.dir/src/diff_drive_controller.cpp.o[0m
[26.982s] [ 46%] [32m[1mLinking CXX static library libgmock_main.a[0m
[29.238s] [ 46%] Built target gmock_main
[29.367s] [ 53%] [32mBuilding CXX object CMakeFiles/diff_drive_controller.dir/src/odometry.cpp.o[0m
[35.435s] [ 60%] [32mBuilding CXX object CMakeFiles/diff_drive_controller.dir/src/speed_limiter.cpp.o[0m
[42.356s] [ 66%] [32m[1mLinking CXX static library libgmock.a[0m
[42.942s] [ 66%] Built target gmock
[43.067s] [ 73%] [32mBuilding CXX object CMakeFiles/test_load_diff_drive_controller.dir/test/test_load_diff_drive_controller.cpp.o[0m
[74.877s] [ 80%] [32m[1mLinking CXX executable test_load_diff_drive_controller[0m
[77.717s] [ 80%] Built target test_load_diff_drive_controller
[103.284s] [ 86%] [32m[1mLinking CXX shared library libdiff_drive_controller.so[0m
[109.753s] [ 86%] Built target diff_drive_controller
[109.870s] [ 93%] [32mBuilding CXX object CMakeFiles/test_diff_drive_controller.dir/test/test_diff_drive_controller.cpp.o[0m
[139.571s] [100%] [32m[1mLinking CXX executable test_diff_drive_controller[0m
[145.763s] [100%] Built target test_diff_drive_controller
[145.809s] Invoked command in '/home/piros/Work/ROS2/controller_ws/build/diff_drive_controller' returned '0': CMAKE_PREFIX_PATH=${CMAKE_PREFIX_PATH}:/opt/ros/humble /usr/bin/cmake --build /home/piros/Work/ROS2/controller_ws/build/diff_drive_controller -- -j4 -l4
[145.818s] Invoking command in '/home/piros/Work/ROS2/controller_ws/build/diff_drive_controller': CMAKE_PREFIX_PATH=${CMAKE_PREFIX_PATH}:/opt/ros/humble /usr/bin/cmake --install /home/piros/Work/ROS2/controller_ws/build/diff_drive_controller
[145.848s] -- Install configuration: ""
[145.848s] -- Installing: /home/piros/Work/ROS2/controller_ws/install/diff_drive_controller/include/diff_drive_controller
[145.849s] -- Installing: /home/piros/Work/ROS2/controller_ws/install/diff_drive_controller/include/diff_drive_controller/diff_drive_controller_parameters.hpp
[145.851s] -- Installing: /home/piros/Work/ROS2/controller_ws/install/diff_drive_controller/share/diff_drive_controller/diff_drive_plugin.xml
[145.854s] -- Up-to-date: /home/piros/Work/ROS2/controller_ws/install/diff_drive_controller/include/diff_drive_controller
[145.855s] -- Installing: /home/piros/Work/ROS2/controller_ws/install/diff_drive_controller/include/diff_drive_controller/diff_drive_controller
[145.855s] -- Installing: /home/piros/Work/ROS2/controller_ws/install/diff_drive_controller/include/diff_drive_controller/diff_drive_controller/odometry.hpp
[145.856s] -- Installing: /home/piros/Work/ROS2/controller_ws/install/diff_drive_controller/include/diff_drive_controller/diff_drive_controller/diff_drive_controller.hpp
[145.858s] -- Installing: /home/piros/Work/ROS2/controller_ws/install/diff_drive_controller/include/diff_drive_controller/diff_drive_controller/speed_limiter.hpp
[145.859s] -- Installing: /home/piros/Work/ROS2/controller_ws/install/diff_drive_controller/include/diff_drive_controller/diff_drive_controller/visibility_control.h
[145.861s] -- Installing: /home/piros/Work/ROS2/controller_ws/install/diff_drive_controller/lib/libdiff_drive_controller.so
[145.943s] -- Set runtime path of "/home/piros/Work/ROS2/controller_ws/install/diff_drive_controller/lib/libdiff_drive_controller.so" to ""
[145.944s] -- Installing: /home/piros/Work/ROS2/controller_ws/install/diff_drive_controller/share/diff_drive_controller/environment/library_path.sh
[145.945s] -- Installing: /home/piros/Work/ROS2/controller_ws/install/diff_drive_controller/share/diff_drive_controller/environment/library_path.dsv
[145.947s] -- Installing: /home/piros/Work/ROS2/controller_ws/install/diff_drive_controller/share/ament_index/resource_index/package_run_dependencies/diff_drive_controller
[145.949s] -- Installing: /home/piros/Work/ROS2/controller_ws/install/diff_drive_controller/share/ament_index/resource_index/parent_prefix_path/diff_drive_controller
[145.950s] -- Installing: /home/piros/Work/ROS2/controller_ws/install/diff_drive_controller/share/diff_drive_controller/environment/ament_prefix_path.sh
[145.951s] -- Installing: /home/piros/Work/ROS2/controller_ws/install/diff_drive_controller/share/diff_drive_controller/environment/ament_prefix_path.dsv
[145.953s] -- Installing: /home/piros/Work/ROS2/controller_ws/install/diff_drive_controller/share/diff_drive_controller/environment/path.sh
[145.954s] -- Installing: /home/piros/Work/ROS2/controller_ws/install/diff_drive_controller/share/diff_drive_controller/environment/path.dsv
[145.955s] -- Installing: /home/piros/Work/ROS2/controller_ws/install/diff_drive_controller/share/diff_drive_controller/local_setup.bash
[145.957s] -- Installing: /home/piros/Work/ROS2/controller_ws/install/diff_drive_controller/share/diff_drive_controller/local_setup.sh
[145.958s] -- Installing: /home/piros/Work/ROS2/controller_ws/install/diff_drive_controller/share/diff_drive_controller/local_setup.zsh
[145.959s] -- Installing: /home/piros/Work/ROS2/controller_ws/install/diff_drive_controller/share/diff_drive_controller/local_setup.dsv
[145.960s] -- Installing: /home/piros/Work/ROS2/controller_ws/install/diff_drive_controller/share/diff_drive_controller/package.dsv
[145.962s] -- Installing: /home/piros/Work/ROS2/controller_ws/install/diff_drive_controller/share/ament_index/resource_index/packages/diff_drive_controller
[145.964s] -- Installing: /home/piros/Work/ROS2/controller_ws/install/diff_drive_controller/share/ament_index/resource_index/controller_interface__pluginlib__plugin/diff_drive_controller
[145.966s] -- Installing: /home/piros/Work/ROS2/controller_ws/install/diff_drive_controller/share/diff_drive_controller/cmake/export_diff_drive_controllerExport.cmake
[145.967s] -- Installing: /home/piros/Work/ROS2/controller_ws/install/diff_drive_controller/share/diff_drive_controller/cmake/export_diff_drive_controllerExport-noconfig.cmake
[145.969s] -- Installing: /home/piros/Work/ROS2/controller_ws/install/diff_drive_controller/share/diff_drive_controller/cmake/ament_cmake_export_dependencies-extras.cmake
[145.970s] -- Installing: /home/piros/Work/ROS2/controller_ws/install/diff_drive_controller/share/diff_drive_controller/cmake/ament_cmake_export_targets-extras.cmake
[145.972s] -- Installing: /home/piros/Work/ROS2/controller_ws/install/diff_drive_controller/share/diff_drive_controller/cmake/diff_drive_controllerConfig.cmake
[145.973s] -- Installing: /home/piros/Work/ROS2/controller_ws/install/diff_drive_controller/share/diff_drive_controller/cmake/diff_drive_controllerConfig-version.cmake
[145.974s] -- Installing: /home/piros/Work/ROS2/controller_ws/install/diff_drive_controller/share/diff_drive_controller/package.xml
[145.981s] Invoked command in '/home/piros/Work/ROS2/controller_ws/build/diff_drive_controller' returned '0': CMAKE_PREFIX_PATH=${CMAKE_PREFIX_PATH}:/opt/ros/humble /usr/bin/cmake --install /home/piros/Work/ROS2/controller_ws/build/diff_drive_controller
