[0.471s] DEBUG:colcon:Command line arguments: ['/usr/bin/colcon', 'build']
[0.471s] DEBUG:colcon:Parsed command line arguments: Namespace(log_base=None, log_level=None, verb_name='build', build_base='build', install_base='install', merge_install=False, symlink_install=False, test_result_base=None, continue_on_error=False, executor='parallel', parallel_workers=4, event_handlers=None, ignore_user_meta=False, metas=['./colcon.meta'], base_paths=['.'], packages_ignore=None, packages_ignore_regex=None, paths=None, packages_up_to=None, packages_up_to_regex=None, packages_above=None, packages_above_and_dependencies=None, packages_above_depth=None, packages_select_by_dep=None, packages_skip_by_dep=None, packages_skip_up_to=None, packages_select_build_failed=False, packages_skip_build_finished=False, packages_select_test_failures=False, packages_skip_test_passed=False, packages_select=None, packages_skip=None, packages_select_regex=None, packages_skip_regex=None, packages_start=None, packages_end=None, allow_overriding=[], cmake_args=None, cmake_target=None, cmake_target_skip_unavailable=False, cmake_clean_cache=False, cmake_clean_first=False, cmake_force_configure=False, ament_cmake_args=None, catkin_cmake_args=None, catkin_skip_building_tests=False, mixin_files=None, mixin=None, verb_parser=<colcon_mixin.mixin.mixin_argument.MixinArgumentDecorator object at 0xffffbd5969e0>, verb_extension=<colcon_core.verb.build.BuildVerb object at 0xffffbd7439a0>, main=<bound method BuildVerb.main of <colcon_core.verb.build.BuildVerb object at 0xffffbd7439a0>>, mixin_verb=('build',))
[1.314s] Level 1:colcon.colcon_core.package_discovery:discover_packages(colcon_meta) check parameters
[1.314s] Level 1:colcon.colcon_core.package_discovery:discover_packages(recursive) check parameters
[1.315s] Level 1:colcon.colcon_core.package_discovery:discover_packages(ignore) check parameters
[1.315s] Level 1:colcon.colcon_core.package_discovery:discover_packages(path) check parameters
[1.315s] Level 1:colcon.colcon_core.package_discovery:discover_packages(colcon_meta) discover
[1.315s] Level 1:colcon.colcon_core.package_discovery:discover_packages(recursive) discover
[1.315s] INFO:colcon.colcon_core.package_discovery:Crawling recursively for packages in '/home/piros/Work/ROS2/control_ws'
[1.316s] Level 1:colcon.colcon_core.package_identification:_identify(.) by extensions ['ignore', 'ignore_ament_install']
[1.316s] Level 1:colcon.colcon_core.package_identification:_identify(.) by extension 'ignore'
[1.316s] Level 1:colcon.colcon_core.package_identification:_identify(.) by extension 'ignore_ament_install'
[1.316s] Level 1:colcon.colcon_core.package_identification:_identify(.) by extensions ['colcon_pkg']
[1.317s] Level 1:colcon.colcon_core.package_identification:_identify(.) by extension 'colcon_pkg'
[1.317s] Level 1:colcon.colcon_core.package_identification:_identify(.) by extensions ['colcon_meta']
[1.317s] Level 1:colcon.colcon_core.package_identification:_identify(.) by extension 'colcon_meta'
[1.317s] Level 1:colcon.colcon_core.package_identification:_identify(.) by extensions ['ros']
[1.317s] Level 1:colcon.colcon_core.package_identification:_identify(.) by extension 'ros'
[1.361s] Level 1:colcon.colcon_core.package_identification:_identify(.) by extensions ['cmake', 'python']
[1.361s] Level 1:colcon.colcon_core.package_identification:_identify(.) by extension 'cmake'
[1.361s] Level 1:colcon.colcon_core.package_identification:_identify(.) by extension 'python'
[1.361s] Level 1:colcon.colcon_core.package_identification:_identify(.) by extensions ['python_setup_py']
[1.361s] Level 1:colcon.colcon_core.package_identification:_identify(.) by extension 'python_setup_py'
[1.362s] Level 1:colcon.colcon_core.package_identification:_identify(build) by extensions ['ignore', 'ignore_ament_install']
[1.362s] Level 1:colcon.colcon_core.package_identification:_identify(build) by extension 'ignore'
[1.362s] Level 1:colcon.colcon_core.package_identification:_identify(build) ignored
[1.363s] Level 1:colcon.colcon_core.package_identification:_identify(install) by extensions ['ignore', 'ignore_ament_install']
[1.363s] Level 1:colcon.colcon_core.package_identification:_identify(install) by extension 'ignore'
[1.364s] Level 1:colcon.colcon_core.package_identification:_identify(install) ignored
[1.364s] Level 1:colcon.colcon_core.package_identification:_identify(log) by extensions ['ignore', 'ignore_ament_install']
[1.364s] Level 1:colcon.colcon_core.package_identification:_identify(log) by extension 'ignore'
[1.364s] Level 1:colcon.colcon_core.package_identification:_identify(log) ignored
[1.365s] Level 1:colcon.colcon_core.package_identification:_identify(src) by extensions ['ignore', 'ignore_ament_install']
[1.365s] Level 1:colcon.colcon_core.package_identification:_identify(src) by extension 'ignore'
[1.365s] Level 1:colcon.colcon_core.package_identification:_identify(src) by extension 'ignore_ament_install'
[1.365s] Level 1:colcon.colcon_core.package_identification:_identify(src) by extensions ['colcon_pkg']
[1.366s] Level 1:colcon.colcon_core.package_identification:_identify(src) by extension 'colcon_pkg'
[1.366s] Level 1:colcon.colcon_core.package_identification:_identify(src) by extensions ['colcon_meta']
[1.366s] Level 1:colcon.colcon_core.package_identification:_identify(src) by extension 'colcon_meta'
[1.366s] Level 1:colcon.colcon_core.package_identification:_identify(src) by extensions ['ros']
[1.366s] Level 1:colcon.colcon_core.package_identification:_identify(src) by extension 'ros'
[1.366s] Level 1:colcon.colcon_core.package_identification:_identify(src) by extensions ['cmake', 'python']
[1.367s] Level 1:colcon.colcon_core.package_identification:_identify(src) by extension 'cmake'
[1.367s] Level 1:colcon.colcon_core.package_identification:_identify(src) by extension 'python'
[1.367s] Level 1:colcon.colcon_core.package_identification:_identify(src) by extensions ['python_setup_py']
[1.367s] Level 1:colcon.colcon_core.package_identification:_identify(src) by extension 'python_setup_py'
[1.367s] Level 1:colcon.colcon_core.package_identification:_identify(src/diff_drive) by extensions ['ignore', 'ignore_ament_install']
[1.368s] Level 1:colcon.colcon_core.package_identification:_identify(src/diff_drive) by extension 'ignore'
[1.368s] Level 1:colcon.colcon_core.package_identification:_identify(src/diff_drive) by extension 'ignore_ament_install'
[1.368s] Level 1:colcon.colcon_core.package_identification:_identify(src/diff_drive) by extensions ['colcon_pkg']
[1.368s] Level 1:colcon.colcon_core.package_identification:_identify(src/diff_drive) by extension 'colcon_pkg'
[1.368s] Level 1:colcon.colcon_core.package_identification:_identify(src/diff_drive) by extensions ['colcon_meta']
[1.369s] Level 1:colcon.colcon_core.package_identification:_identify(src/diff_drive) by extension 'colcon_meta'
[1.369s] Level 1:colcon.colcon_core.package_identification:_identify(src/diff_drive) by extensions ['ros']
[1.369s] Level 1:colcon.colcon_core.package_identification:_identify(src/diff_drive) by extension 'ros'
[1.379s] DEBUG:colcon.colcon_core.package_identification:Package 'src/diff_drive' with type 'ros.ament_cmake' and name 'diff_drive'
[1.380s] Level 1:colcon.colcon_core.package_identification:_identify(src/three_wheel) by extensions ['ignore', 'ignore_ament_install']
[1.380s] Level 1:colcon.colcon_core.package_identification:_identify(src/three_wheel) by extension 'ignore'
[1.381s] Level 1:colcon.colcon_core.package_identification:_identify(src/three_wheel) by extension 'ignore_ament_install'
[1.381s] Level 1:colcon.colcon_core.package_identification:_identify(src/three_wheel) by extensions ['colcon_pkg']
[1.381s] Level 1:colcon.colcon_core.package_identification:_identify(src/three_wheel) by extension 'colcon_pkg'
[1.381s] Level 1:colcon.colcon_core.package_identification:_identify(src/three_wheel) by extensions ['colcon_meta']
[1.381s] Level 1:colcon.colcon_core.package_identification:_identify(src/three_wheel) by extension 'colcon_meta'
[1.382s] Level 1:colcon.colcon_core.package_identification:_identify(src/three_wheel) by extensions ['ros']
[1.382s] Level 1:colcon.colcon_core.package_identification:_identify(src/three_wheel) by extension 'ros'
[1.386s] DEBUG:colcon.colcon_core.package_identification:Package 'src/three_wheel' with type 'ros.ament_cmake' and name 'three_wheel'
[1.386s] Level 1:colcon.colcon_core.package_discovery:discover_packages(recursive) using defaults
[1.386s] Level 1:colcon.colcon_core.package_discovery:discover_packages(ignore) discover
[1.386s] Level 1:colcon.colcon_core.package_discovery:discover_packages(ignore) using defaults
[1.386s] Level 1:colcon.colcon_core.package_discovery:discover_packages(path) discover
[1.387s] Level 1:colcon.colcon_core.package_discovery:discover_packages(path) using defaults
[1.508s] Level 1:colcon.colcon_core.package_discovery:discover_packages(prefix_path) check parameters
[1.508s] Level 1:colcon.colcon_core.package_discovery:discover_packages(prefix_path) discover
[1.512s] WARNING:colcon.colcon_core.prefix_path.colcon:The path '/home/piros/Work/ROS2/turtlebot3_ws/install' in the environment variable COLCON_PREFIX_PATH doesn't exist
[1.513s] WARNING:colcon.colcon_ros.prefix_path.ament:The path '/home/piros/Work/ROS2/control_ws/install/diffdrive_arduino' in the environment variable AMENT_PREFIX_PATH doesn't exist
[1.514s] WARNING:colcon.colcon_ros.prefix_path.ament:The path '/home/piros/Work/ROS2/turtlebot3_ws/install/turtlebot3_simulations' in the environment variable AMENT_PREFIX_PATH doesn't exist
[1.514s] WARNING:colcon.colcon_ros.prefix_path.ament:The path '/home/piros/Work/ROS2/turtlebot3_ws/install/turtlebot3_gazebo' in the environment variable AMENT_PREFIX_PATH doesn't exist
[1.514s] WARNING:colcon.colcon_ros.prefix_path.ament:The path '/home/piros/Work/ROS2/turtlebot3_ws/install/turtlebot3_fake_node' in the environment variable AMENT_PREFIX_PATH doesn't exist
[1.518s] WARNING:colcon.colcon_ros.prefix_path.catkin:The path '/home/piros/Work/ROS2/control_ws/install/diffdrive_arduino' in the environment variable CMAKE_PREFIX_PATH doesn't exist
[1.518s] WARNING:colcon.colcon_ros.prefix_path.catkin:The path '/home/piros/Work/ROS2/turtlebot3_ws/install/turtlebot3_simulations' in the environment variable CMAKE_PREFIX_PATH doesn't exist
[1.519s] WARNING:colcon.colcon_ros.prefix_path.catkin:The path '/home/piros/Work/ROS2/turtlebot3_ws/install/turtlebot3_gazebo' in the environment variable CMAKE_PREFIX_PATH doesn't exist
[1.519s] WARNING:colcon.colcon_ros.prefix_path.catkin:The path '/home/piros/Work/ROS2/turtlebot3_ws/install/turtlebot3_fake_node' in the environment variable CMAKE_PREFIX_PATH doesn't exist
[1.523s] DEBUG:colcon.colcon_installed_package_information.package_discovery:Found 3 installed packages in /home/piros/Work/ROS2/microRos_ws/install
[1.526s] DEBUG:colcon.colcon_installed_package_information.package_discovery:Found 1 installed packages in /home/piros/Work/rplidar_ws/install
[1.529s] DEBUG:colcon.colcon_installed_package_information.package_discovery:Found 2 installed packages in /home/piros/Work/ROS2/ros2_ws_1/install
[1.533s] DEBUG:colcon.colcon_installed_package_information.package_discovery:Found 5 installed packages in /home/piros/Work/ROS2/ros2_ws/install
[1.535s] DEBUG:colcon.colcon_installed_package_information.package_discovery:Found 2 installed packages in /home/piros/Work/ROS2/control_ws/install
[1.537s] DEBUG:colcon.colcon_installed_package_information.package_discovery:Found 2 installed packages in /home/piros/Work/ROS2/controller_ws/install
[1.547s] DEBUG:colcon.colcon_installed_package_information.package_discovery:Found 314 installed packages in /opt/ros/humble
[1.556s] Level 1:colcon.colcon_core.package_discovery:discover_packages(prefix_path) using defaults
[1.741s] Level 5:colcon.colcon_core.verb:set package 'diff_drive' build argument 'cmake_args' from command line to 'None'
[1.741s] Level 5:colcon.colcon_core.verb:set package 'diff_drive' build argument 'cmake_target' from command line to 'None'
[1.741s] Level 5:colcon.colcon_core.verb:set package 'diff_drive' build argument 'cmake_target_skip_unavailable' from command line to 'False'
[1.741s] Level 5:colcon.colcon_core.verb:set package 'diff_drive' build argument 'cmake_clean_cache' from command line to 'False'
[1.741s] Level 5:colcon.colcon_core.verb:set package 'diff_drive' build argument 'cmake_clean_first' from command line to 'False'
[1.741s] Level 5:colcon.colcon_core.verb:set package 'diff_drive' build argument 'cmake_force_configure' from command line to 'False'
[1.741s] Level 5:colcon.colcon_core.verb:set package 'diff_drive' build argument 'ament_cmake_args' from command line to 'None'
[1.741s] Level 5:colcon.colcon_core.verb:set package 'diff_drive' build argument 'catkin_cmake_args' from command line to 'None'
[1.742s] Level 5:colcon.colcon_core.verb:set package 'diff_drive' build argument 'catkin_skip_building_tests' from command line to 'False'
[1.742s] DEBUG:colcon.colcon_core.verb:Building package 'diff_drive' with the following arguments: {'ament_cmake_args': None, 'build_base': '/home/piros/Work/ROS2/control_ws/build/diff_drive', 'catkin_cmake_args': None, 'catkin_skip_building_tests': False, 'cmake_args': None, 'cmake_clean_cache': False, 'cmake_clean_first': False, 'cmake_force_configure': False, 'cmake_target': None, 'cmake_target_skip_unavailable': False, 'install_base': '/home/piros/Work/ROS2/control_ws/install/diff_drive', 'merge_install': False, 'path': '/home/piros/Work/ROS2/control_ws/src/diff_drive', 'symlink_install': False, 'test_result_base': None}
[1.743s] Level 5:colcon.colcon_core.verb:set package 'three_wheel' build argument 'cmake_args' from command line to 'None'
[1.743s] Level 5:colcon.colcon_core.verb:set package 'three_wheel' build argument 'cmake_target' from command line to 'None'
[1.743s] Level 5:colcon.colcon_core.verb:set package 'three_wheel' build argument 'cmake_target_skip_unavailable' from command line to 'False'
[1.744s] Level 5:colcon.colcon_core.verb:set package 'three_wheel' build argument 'cmake_clean_cache' from command line to 'False'
[1.744s] Level 5:colcon.colcon_core.verb:set package 'three_wheel' build argument 'cmake_clean_first' from command line to 'False'
[1.744s] Level 5:colcon.colcon_core.verb:set package 'three_wheel' build argument 'cmake_force_configure' from command line to 'False'
[1.744s] Level 5:colcon.colcon_core.verb:set package 'three_wheel' build argument 'ament_cmake_args' from command line to 'None'
[1.744s] Level 5:colcon.colcon_core.verb:set package 'three_wheel' build argument 'catkin_cmake_args' from command line to 'None'
[1.744s] Level 5:colcon.colcon_core.verb:set package 'three_wheel' build argument 'catkin_skip_building_tests' from command line to 'False'
[1.744s] DEBUG:colcon.colcon_core.verb:Building package 'three_wheel' with the following arguments: {'ament_cmake_args': None, 'build_base': '/home/piros/Work/ROS2/control_ws/build/three_wheel', 'catkin_cmake_args': None, 'catkin_skip_building_tests': False, 'cmake_args': None, 'cmake_clean_cache': False, 'cmake_clean_first': False, 'cmake_force_configure': False, 'cmake_target': None, 'cmake_target_skip_unavailable': False, 'install_base': '/home/piros/Work/ROS2/control_ws/install/three_wheel', 'merge_install': False, 'path': '/home/piros/Work/ROS2/control_ws/src/three_wheel', 'symlink_install': False, 'test_result_base': None}
[1.745s] INFO:colcon.colcon_core.executor:Executing jobs using 'parallel' executor
[1.748s] DEBUG:colcon.colcon_parallel_executor.executor.parallel:run_until_complete
[1.749s] INFO:colcon.colcon_ros.task.ament_cmake.build:Building ROS package in '/home/piros/Work/ROS2/control_ws/src/diff_drive' with build type 'ament_cmake'
[1.750s] INFO:colcon.colcon_cmake.task.cmake.build:Building CMake package in '/home/piros/Work/ROS2/control_ws/src/diff_drive'
[1.758s] INFO:colcon.colcon_core.plugin_system:Skipping extension 'colcon_core.shell.bat': Not used on non-Windows systems
[1.759s] INFO:colcon.colcon_core.shell:Skip shell extension 'powershell' for command environment: Not usable outside of PowerShell
[1.759s] DEBUG:colcon.colcon_core.shell:Skip shell extension 'dsv' for command environment
[1.797s] INFO:colcon.colcon_ros.task.ament_cmake.build:Building ROS package in '/home/piros/Work/ROS2/control_ws/src/three_wheel' with build type 'ament_cmake'
[1.798s] INFO:colcon.colcon_cmake.task.cmake.build:Building CMake package in '/home/piros/Work/ROS2/control_ws/src/three_wheel'
[1.799s] INFO:colcon.colcon_core.shell:Skip shell extension 'powershell' for command environment: Not usable outside of PowerShell
[1.800s] DEBUG:colcon.colcon_core.shell:Skip shell extension 'dsv' for command environment
[1.918s] DEBUG:colcon.colcon_core.event_handler.log_command:Invoking command in '/home/piros/Work/ROS2/control_ws/build/diff_drive': CMAKE_PREFIX_PATH=${CMAKE_PREFIX_PATH}:/home/piros/Work/ROS2/ros2_ws/install/py_pkg:/opt/ros/humble /usr/bin/cmake --build /home/piros/Work/ROS2/control_ws/build/diff_drive -- -j4 -l4
[1.952s] DEBUG:colcon.colcon_core.event_handler.log_command:Invoking command in '/home/piros/Work/ROS2/control_ws/build/three_wheel': CMAKE_PREFIX_PATH=${CMAKE_PREFIX_PATH}:/home/piros/Work/ROS2/ros2_ws/install/py_pkg:/opt/ros/humble /usr/bin/cmake --build /home/piros/Work/ROS2/control_ws/build/three_wheel -- -j4 -l4
[3.256s] DEBUG:colcon.colcon_core.event_handler.log_command:Invoked command in '/home/piros/Work/ROS2/control_ws/build/three_wheel' returned '0': CMAKE_PREFIX_PATH=${CMAKE_PREFIX_PATH}:/home/piros/Work/ROS2/ros2_ws/install/py_pkg:/opt/ros/humble /usr/bin/cmake --build /home/piros/Work/ROS2/control_ws/build/three_wheel -- -j4 -l4
[3.309s] DEBUG:colcon.colcon_core.event_handler.log_command:Invoking command in '/home/piros/Work/ROS2/control_ws/build/three_wheel': CMAKE_PREFIX_PATH=${CMAKE_PREFIX_PATH}:/home/piros/Work/ROS2/ros2_ws/install/py_pkg:/opt/ros/humble /usr/bin/cmake --install /home/piros/Work/ROS2/control_ws/build/three_wheel
[3.311s] DEBUG:colcon.colcon_core.event_handler.log_command:Invoked command in '/home/piros/Work/ROS2/control_ws/build/diff_drive' returned '0': CMAKE_PREFIX_PATH=${CMAKE_PREFIX_PATH}:/home/piros/Work/ROS2/ros2_ws/install/py_pkg:/opt/ros/humble /usr/bin/cmake --build /home/piros/Work/ROS2/control_ws/build/diff_drive -- -j4 -l4
[3.324s] DEBUG:colcon.colcon_core.event_handler.log_command:Invoking command in '/home/piros/Work/ROS2/control_ws/build/diff_drive': CMAKE_PREFIX_PATH=${CMAKE_PREFIX_PATH}:/home/piros/Work/ROS2/ros2_ws/install/py_pkg:/opt/ros/humble /usr/bin/cmake --install /home/piros/Work/ROS2/control_ws/build/diff_drive
[3.374s] Level 1:colcon.colcon_core.environment:create_environment_scripts_only(three_wheel)
[3.399s] Level 1:colcon.colcon_core.environment:checking '/home/piros/Work/ROS2/control_ws/install/three_wheel' for CMake module files
[3.411s] Level 1:colcon.colcon_core.environment:checking '/home/piros/Work/ROS2/control_ws/install/three_wheel' for CMake config files
[3.415s] DEBUG:colcon.colcon_core.event_handler.log_command:Invoked command in '/home/piros/Work/ROS2/control_ws/build/three_wheel' returned '0': CMAKE_PREFIX_PATH=${CMAKE_PREFIX_PATH}:/home/piros/Work/ROS2/ros2_ws/install/py_pkg:/opt/ros/humble /usr/bin/cmake --install /home/piros/Work/ROS2/control_ws/build/three_wheel
[3.421s] Level 1:colcon.colcon_core.shell:create_environment_hook('three_wheel', 'cmake_prefix_path')
[3.422s] INFO:colcon.colcon_core.shell:Creating environment hook '/home/piros/Work/ROS2/control_ws/install/three_wheel/share/three_wheel/hook/cmake_prefix_path.ps1'
[3.425s] INFO:colcon.colcon_core.shell:Creating environment descriptor '/home/piros/Work/ROS2/control_ws/install/three_wheel/share/three_wheel/hook/cmake_prefix_path.dsv'
[3.427s] INFO:colcon.colcon_core.shell:Creating environment hook '/home/piros/Work/ROS2/control_ws/install/three_wheel/share/three_wheel/hook/cmake_prefix_path.sh'
[3.432s] Level 1:colcon.colcon_core.environment:checking '/home/piros/Work/ROS2/control_ws/install/three_wheel/lib'
[3.433s] Level 1:colcon.colcon_core.shell:create_environment_hook('three_wheel', 'ld_library_path_lib')
[3.434s] INFO:colcon.colcon_core.shell:Creating environment hook '/home/piros/Work/ROS2/control_ws/install/three_wheel/share/three_wheel/hook/ld_library_path_lib.ps1'
[3.436s] INFO:colcon.colcon_core.shell:Creating environment descriptor '/home/piros/Work/ROS2/control_ws/install/three_wheel/share/three_wheel/hook/ld_library_path_lib.dsv'
[3.438s] INFO:colcon.colcon_core.shell:Creating environment hook '/home/piros/Work/ROS2/control_ws/install/three_wheel/share/three_wheel/hook/ld_library_path_lib.sh'
[3.440s] Level 1:colcon.colcon_core.environment:checking '/home/piros/Work/ROS2/control_ws/install/three_wheel/bin'
[3.441s] Level 1:colcon.colcon_core.environment:checking '/home/piros/Work/ROS2/control_ws/install/three_wheel/lib/pkgconfig/three_wheel.pc'
[3.442s] Level 1:colcon.colcon_core.environment:checking '/home/piros/Work/ROS2/control_ws/install/three_wheel/lib/python3.10/site-packages'
[3.442s] Level 1:colcon.colcon_core.environment:checking '/home/piros/Work/ROS2/control_ws/install/three_wheel/bin'
[3.444s] INFO:colcon.colcon_core.shell:Creating package script '/home/piros/Work/ROS2/control_ws/install/three_wheel/share/three_wheel/package.ps1'
[3.447s] INFO:colcon.colcon_core.shell:Creating package descriptor '/home/piros/Work/ROS2/control_ws/install/three_wheel/share/three_wheel/package.dsv'
[3.450s] INFO:colcon.colcon_core.shell:Creating package script '/home/piros/Work/ROS2/control_ws/install/three_wheel/share/three_wheel/package.sh'
[3.454s] INFO:colcon.colcon_core.shell:Creating package script '/home/piros/Work/ROS2/control_ws/install/three_wheel/share/three_wheel/package.bash'
[3.457s] INFO:colcon.colcon_core.shell:Creating package script '/home/piros/Work/ROS2/control_ws/install/three_wheel/share/three_wheel/package.zsh'
[3.460s] Level 1:colcon.colcon_core.environment:create_file_with_runtime_dependencies(/home/piros/Work/ROS2/control_ws/install/three_wheel/share/colcon-core/packages/three_wheel)
[3.462s] Level 1:colcon.colcon_core.environment:create_environment_scripts_only(three_wheel)
[3.463s] Level 1:colcon.colcon_core.environment:checking '/home/piros/Work/ROS2/control_ws/install/three_wheel' for CMake module files
[3.466s] Level 1:colcon.colcon_core.environment:checking '/home/piros/Work/ROS2/control_ws/install/three_wheel' for CMake config files
[3.470s] Level 1:colcon.colcon_core.shell:create_environment_hook('three_wheel', 'cmake_prefix_path')
[3.471s] INFO:colcon.colcon_core.shell:Creating environment hook '/home/piros/Work/ROS2/control_ws/install/three_wheel/share/three_wheel/hook/cmake_prefix_path.ps1'
[3.473s] INFO:colcon.colcon_core.shell:Creating environment descriptor '/home/piros/Work/ROS2/control_ws/install/three_wheel/share/three_wheel/hook/cmake_prefix_path.dsv'
[3.475s] INFO:colcon.colcon_core.shell:Creating environment hook '/home/piros/Work/ROS2/control_ws/install/three_wheel/share/three_wheel/hook/cmake_prefix_path.sh'
[3.477s] Level 1:colcon.colcon_core.environment:checking '/home/piros/Work/ROS2/control_ws/install/three_wheel/lib'
[3.478s] Level 1:colcon.colcon_core.shell:create_environment_hook('three_wheel', 'ld_library_path_lib')
[3.479s] INFO:colcon.colcon_core.shell:Creating environment hook '/home/piros/Work/ROS2/control_ws/install/three_wheel/share/three_wheel/hook/ld_library_path_lib.ps1'
[3.481s] INFO:colcon.colcon_core.shell:Creating environment descriptor '/home/piros/Work/ROS2/control_ws/install/three_wheel/share/three_wheel/hook/ld_library_path_lib.dsv'
[3.483s] INFO:colcon.colcon_core.shell:Creating environment hook '/home/piros/Work/ROS2/control_ws/install/three_wheel/share/three_wheel/hook/ld_library_path_lib.sh'
[3.485s] Level 1:colcon.colcon_core.environment:checking '/home/piros/Work/ROS2/control_ws/install/three_wheel/bin'
[3.485s] Level 1:colcon.colcon_core.environment:checking '/home/piros/Work/ROS2/control_ws/install/three_wheel/lib/pkgconfig/three_wheel.pc'
[3.486s] Level 1:colcon.colcon_core.environment:checking '/home/piros/Work/ROS2/control_ws/install/three_wheel/lib/python3.10/site-packages'
[3.487s] Level 1:colcon.colcon_core.environment:checking '/home/piros/Work/ROS2/control_ws/install/three_wheel/bin'
[3.488s] INFO:colcon.colcon_core.shell:Creating package script '/home/piros/Work/ROS2/control_ws/install/three_wheel/share/three_wheel/package.ps1'
[3.491s] INFO:colcon.colcon_core.shell:Creating package descriptor '/home/piros/Work/ROS2/control_ws/install/three_wheel/share/three_wheel/package.dsv'
[3.493s] INFO:colcon.colcon_core.shell:Creating package script '/home/piros/Work/ROS2/control_ws/install/three_wheel/share/three_wheel/package.sh'
[3.496s] INFO:colcon.colcon_core.shell:Creating package script '/home/piros/Work/ROS2/control_ws/install/three_wheel/share/three_wheel/package.bash'
[3.499s] INFO:colcon.colcon_core.shell:Creating package script '/home/piros/Work/ROS2/control_ws/install/three_wheel/share/three_wheel/package.zsh'
[3.502s] Level 1:colcon.colcon_core.environment:create_file_with_runtime_dependencies(/home/piros/Work/ROS2/control_ws/install/three_wheel/share/colcon-core/packages/three_wheel)
[3.506s] Level 1:colcon.colcon_core.environment:create_environment_scripts_only(diff_drive)
[3.507s] Level 1:colcon.colcon_core.environment:checking '/home/piros/Work/ROS2/control_ws/install/diff_drive' for CMake module files
[3.509s] DEBUG:colcon.colcon_core.event_handler.log_command:Invoked command in '/home/piros/Work/ROS2/control_ws/build/diff_drive' returned '0': CMAKE_PREFIX_PATH=${CMAKE_PREFIX_PATH}:/home/piros/Work/ROS2/ros2_ws/install/py_pkg:/opt/ros/humble /usr/bin/cmake --install /home/piros/Work/ROS2/control_ws/build/diff_drive
[3.512s] Level 1:colcon.colcon_core.environment:checking '/home/piros/Work/ROS2/control_ws/install/diff_drive' for CMake config files
[3.514s] Level 1:colcon.colcon_core.shell:create_environment_hook('diff_drive', 'cmake_prefix_path')
[3.515s] INFO:colcon.colcon_core.shell:Creating environment hook '/home/piros/Work/ROS2/control_ws/install/diff_drive/share/diff_drive/hook/cmake_prefix_path.ps1'
[3.517s] INFO:colcon.colcon_core.shell:Creating environment descriptor '/home/piros/Work/ROS2/control_ws/install/diff_drive/share/diff_drive/hook/cmake_prefix_path.dsv'
[3.519s] INFO:colcon.colcon_core.shell:Creating environment hook '/home/piros/Work/ROS2/control_ws/install/diff_drive/share/diff_drive/hook/cmake_prefix_path.sh'
[3.522s] Level 1:colcon.colcon_core.environment:checking '/home/piros/Work/ROS2/control_ws/install/diff_drive/lib'
[3.523s] Level 1:colcon.colcon_core.shell:create_environment_hook('diff_drive', 'ld_library_path_lib')
[3.524s] INFO:colcon.colcon_core.shell:Creating environment hook '/home/piros/Work/ROS2/control_ws/install/diff_drive/share/diff_drive/hook/ld_library_path_lib.ps1'
[3.526s] INFO:colcon.colcon_core.shell:Creating environment descriptor '/home/piros/Work/ROS2/control_ws/install/diff_drive/share/diff_drive/hook/ld_library_path_lib.dsv'
[3.528s] INFO:colcon.colcon_core.shell:Creating environment hook '/home/piros/Work/ROS2/control_ws/install/diff_drive/share/diff_drive/hook/ld_library_path_lib.sh'
[3.531s] Level 1:colcon.colcon_core.environment:checking '/home/piros/Work/ROS2/control_ws/install/diff_drive/bin'
[3.531s] Level 1:colcon.colcon_core.environment:checking '/home/piros/Work/ROS2/control_ws/install/diff_drive/lib/pkgconfig/diff_drive.pc'
[3.533s] Level 1:colcon.colcon_core.environment:checking '/home/piros/Work/ROS2/control_ws/install/diff_drive/lib/python3.10/site-packages'
[3.534s] Level 1:colcon.colcon_core.environment:checking '/home/piros/Work/ROS2/control_ws/install/diff_drive/bin'
[3.536s] INFO:colcon.colcon_core.shell:Creating package script '/home/piros/Work/ROS2/control_ws/install/diff_drive/share/diff_drive/package.ps1'
[3.538s] INFO:colcon.colcon_core.shell:Creating package descriptor '/home/piros/Work/ROS2/control_ws/install/diff_drive/share/diff_drive/package.dsv'
[3.541s] INFO:colcon.colcon_core.shell:Creating package script '/home/piros/Work/ROS2/control_ws/install/diff_drive/share/diff_drive/package.sh'
[3.543s] INFO:colcon.colcon_core.shell:Creating package script '/home/piros/Work/ROS2/control_ws/install/diff_drive/share/diff_drive/package.bash'
[3.545s] INFO:colcon.colcon_core.shell:Creating package script '/home/piros/Work/ROS2/control_ws/install/diff_drive/share/diff_drive/package.zsh'
[3.547s] Level 1:colcon.colcon_core.environment:create_file_with_runtime_dependencies(/home/piros/Work/ROS2/control_ws/install/diff_drive/share/colcon-core/packages/diff_drive)
[3.549s] Level 1:colcon.colcon_core.environment:create_environment_scripts_only(diff_drive)
[3.550s] Level 1:colcon.colcon_core.environment:checking '/home/piros/Work/ROS2/control_ws/install/diff_drive' for CMake module files
[3.553s] Level 1:colcon.colcon_core.environment:checking '/home/piros/Work/ROS2/control_ws/install/diff_drive' for CMake config files
[3.556s] Level 1:colcon.colcon_core.shell:create_environment_hook('diff_drive', 'cmake_prefix_path')
[3.557s] INFO:colcon.colcon_core.shell:Creating environment hook '/home/piros/Work/ROS2/control_ws/install/diff_drive/share/diff_drive/hook/cmake_prefix_path.ps1'
[3.559s] INFO:colcon.colcon_core.shell:Creating environment descriptor '/home/piros/Work/ROS2/control_ws/install/diff_drive/share/diff_drive/hook/cmake_prefix_path.dsv'
[3.560s] INFO:colcon.colcon_core.shell:Creating environment hook '/home/piros/Work/ROS2/control_ws/install/diff_drive/share/diff_drive/hook/cmake_prefix_path.sh'
[3.563s] Level 1:colcon.colcon_core.environment:checking '/home/piros/Work/ROS2/control_ws/install/diff_drive/lib'
[3.563s] Level 1:colcon.colcon_core.shell:create_environment_hook('diff_drive', 'ld_library_path_lib')
[3.564s] INFO:colcon.colcon_core.shell:Creating environment hook '/home/piros/Work/ROS2/control_ws/install/diff_drive/share/diff_drive/hook/ld_library_path_lib.ps1'
[3.566s] INFO:colcon.colcon_core.shell:Creating environment descriptor '/home/piros/Work/ROS2/control_ws/install/diff_drive/share/diff_drive/hook/ld_library_path_lib.dsv'
[3.568s] INFO:colcon.colcon_core.shell:Creating environment hook '/home/piros/Work/ROS2/control_ws/install/diff_drive/share/diff_drive/hook/ld_library_path_lib.sh'
[3.570s] Level 1:colcon.colcon_core.environment:checking '/home/piros/Work/ROS2/control_ws/install/diff_drive/bin'
[3.571s] Level 1:colcon.colcon_core.environment:checking '/home/piros/Work/ROS2/control_ws/install/diff_drive/lib/pkgconfig/diff_drive.pc'
[3.572s] Level 1:colcon.colcon_core.environment:checking '/home/piros/Work/ROS2/control_ws/install/diff_drive/lib/python3.10/site-packages'
[3.573s] Level 1:colcon.colcon_core.environment:checking '/home/piros/Work/ROS2/control_ws/install/diff_drive/bin'
[3.574s] INFO:colcon.colcon_core.shell:Creating package script '/home/piros/Work/ROS2/control_ws/install/diff_drive/share/diff_drive/package.ps1'
[3.576s] INFO:colcon.colcon_core.shell:Creating package descriptor '/home/piros/Work/ROS2/control_ws/install/diff_drive/share/diff_drive/package.dsv'
[3.579s] INFO:colcon.colcon_core.shell:Creating package script '/home/piros/Work/ROS2/control_ws/install/diff_drive/share/diff_drive/package.sh'
[3.582s] INFO:colcon.colcon_core.shell:Creating package script '/home/piros/Work/ROS2/control_ws/install/diff_drive/share/diff_drive/package.bash'
[3.585s] INFO:colcon.colcon_core.shell:Creating package script '/home/piros/Work/ROS2/control_ws/install/diff_drive/share/diff_drive/package.zsh'
[3.589s] Level 1:colcon.colcon_core.environment:create_file_with_runtime_dependencies(/home/piros/Work/ROS2/control_ws/install/diff_drive/share/colcon-core/packages/diff_drive)
[3.591s] DEBUG:colcon.colcon_parallel_executor.executor.parallel:closing loop
[3.593s] DEBUG:colcon.colcon_parallel_executor.executor.parallel:loop closed
[3.594s] DEBUG:colcon.colcon_parallel_executor.executor.parallel:run_until_complete finished with '0'
[3.594s] DEBUG:colcon.colcon_core.event_reactor:joining thread
[3.622s] INFO:colcon.colcon_core.plugin_system:Skipping extension 'colcon_notification.desktop_notification.terminal_notifier': Not used on non-Darwin systems
[3.622s] INFO:colcon.colcon_core.plugin_system:Skipping extension 'colcon_notification.desktop_notification.win32': Not used on non-Windows systems
[3.623s] INFO:colcon.colcon_notification.desktop_notification:Sending desktop notification using 'notify2'
[4.147s] DEBUG:colcon.colcon_core.event_reactor:joined thread
[4.148s] INFO:colcon.colcon_core.shell:Creating prefix script '/home/piros/Work/ROS2/control_ws/install/local_setup.ps1'
[4.153s] INFO:colcon.colcon_core.shell:Creating prefix util module '/home/piros/Work/ROS2/control_ws/install/_local_setup_util_ps1.py'
[4.161s] INFO:colcon.colcon_core.shell:Creating prefix chain script '/home/piros/Work/ROS2/control_ws/install/setup.ps1'
[4.170s] INFO:colcon.colcon_core.shell:Creating prefix script '/home/piros/Work/ROS2/control_ws/install/local_setup.sh'
[4.173s] INFO:colcon.colcon_core.shell:Creating prefix util module '/home/piros/Work/ROS2/control_ws/install/_local_setup_util_sh.py'
[4.175s] INFO:colcon.colcon_core.shell:Creating prefix chain script '/home/piros/Work/ROS2/control_ws/install/setup.sh'
[4.185s] INFO:colcon.colcon_core.shell:Creating prefix script '/home/piros/Work/ROS2/control_ws/install/local_setup.bash'
[4.187s] INFO:colcon.colcon_core.shell:Creating prefix chain script '/home/piros/Work/ROS2/control_ws/install/setup.bash'
[4.197s] INFO:colcon.colcon_core.shell:Creating prefix script '/home/piros/Work/ROS2/control_ws/install/local_setup.zsh'
[4.199s] INFO:colcon.colcon_core.shell:Creating prefix chain script '/home/piros/Work/ROS2/control_ws/install/setup.zsh'
