[0.468s] DEBUG:colcon:Command line arguments: ['/usr/bin/colcon', 'build']
[0.469s] DEBUG:colcon:Parsed command line arguments: Namespace(log_base=None, log_level=None, verb_name='build', build_base='build', install_base='install', merge_install=False, symlink_install=False, test_result_base=None, continue_on_error=False, executor='parallel', parallel_workers=4, event_handlers=None, ignore_user_meta=False, metas=['./colcon.meta'], base_paths=['.'], packages_ignore=None, packages_ignore_regex=None, paths=None, packages_up_to=None, packages_up_to_regex=None, packages_above=None, packages_above_and_dependencies=None, packages_above_depth=None, packages_select_by_dep=None, packages_skip_by_dep=None, packages_skip_up_to=None, packages_select_build_failed=False, packages_skip_build_finished=False, packages_select_test_failures=False, packages_skip_test_passed=False, packages_select=None, packages_skip=None, packages_select_regex=None, packages_skip_regex=None, packages_start=None, packages_end=None, allow_overriding=[], cmake_args=None, cmake_target=None, cmake_target_skip_unavailable=False, cmake_clean_cache=False, cmake_clean_first=False, cmake_force_configure=False, ament_cmake_args=None, catkin_cmake_args=None, catkin_skip_building_tests=False, mixin_files=None, mixin=None, verb_parser=<colcon_mixin.mixin.mixin_argument.MixinArgumentDecorator object at 0xffffafd369e0>, verb_extension=<colcon_core.verb.build.BuildVerb object at 0xffffafee39a0>, main=<bound method BuildVerb.main of <colcon_core.verb.build.BuildVerb object at 0xffffafee39a0>>, mixin_verb=('build',))
[1.339s] Level 1:colcon.colcon_core.package_discovery:discover_packages(colcon_meta) check parameters
[1.339s] Level 1:colcon.colcon_core.package_discovery:discover_packages(recursive) check parameters
[1.340s] Level 1:colcon.colcon_core.package_discovery:discover_packages(ignore) check parameters
[1.340s] Level 1:colcon.colcon_core.package_discovery:discover_packages(path) check parameters
[1.340s] Level 1:colcon.colcon_core.package_discovery:discover_packages(colcon_meta) discover
[1.340s] Level 1:colcon.colcon_core.package_discovery:discover_packages(recursive) discover
[1.340s] INFO:colcon.colcon_core.package_discovery:Crawling recursively for packages in '/home/piros/Work/ROS2/control_ws'
[1.341s] Level 1:colcon.colcon_core.package_identification:_identify(.) by extensions ['ignore', 'ignore_ament_install']
[1.341s] Level 1:colcon.colcon_core.package_identification:_identify(.) by extension 'ignore'
[1.341s] Level 1:colcon.colcon_core.package_identification:_identify(.) by extension 'ignore_ament_install'
[1.341s] Level 1:colcon.colcon_core.package_identification:_identify(.) by extensions ['colcon_pkg']
[1.341s] Level 1:colcon.colcon_core.package_identification:_identify(.) by extension 'colcon_pkg'
[1.342s] Level 1:colcon.colcon_core.package_identification:_identify(.) by extensions ['colcon_meta']
[1.342s] Level 1:colcon.colcon_core.package_identification:_identify(.) by extension 'colcon_meta'
[1.342s] Level 1:colcon.colcon_core.package_identification:_identify(.) by extensions ['ros']
[1.342s] Level 1:colcon.colcon_core.package_identification:_identify(.) by extension 'ros'
[1.385s] Level 1:colcon.colcon_core.package_identification:_identify(.) by extensions ['cmake', 'python']
[1.385s] Level 1:colcon.colcon_core.package_identification:_identify(.) by extension 'cmake'
[1.386s] Level 1:colcon.colcon_core.package_identification:_identify(.) by extension 'python'
[1.386s] Level 1:colcon.colcon_core.package_identification:_identify(.) by extensions ['python_setup_py']
[1.386s] Level 1:colcon.colcon_core.package_identification:_identify(.) by extension 'python_setup_py'
[1.386s] Level 1:colcon.colcon_core.package_identification:_identify(build) by extensions ['ignore', 'ignore_ament_install']
[1.387s] Level 1:colcon.colcon_core.package_identification:_identify(build) by extension 'ignore'
[1.387s] Level 1:colcon.colcon_core.package_identification:_identify(build) ignored
[1.388s] Level 1:colcon.colcon_core.package_identification:_identify(install) by extensions ['ignore', 'ignore_ament_install']
[1.388s] Level 1:colcon.colcon_core.package_identification:_identify(install) by extension 'ignore'
[1.388s] Level 1:colcon.colcon_core.package_identification:_identify(install) ignored
[1.388s] Level 1:colcon.colcon_core.package_identification:_identify(log) by extensions ['ignore', 'ignore_ament_install']
[1.389s] Level 1:colcon.colcon_core.package_identification:_identify(log) by extension 'ignore'
[1.389s] Level 1:colcon.colcon_core.package_identification:_identify(log) ignored
[1.389s] Level 1:colcon.colcon_core.package_identification:_identify(src) by extensions ['ignore', 'ignore_ament_install']
[1.389s] Level 1:colcon.colcon_core.package_identification:_identify(src) by extension 'ignore'
[1.390s] Level 1:colcon.colcon_core.package_identification:_identify(src) by extension 'ignore_ament_install'
[1.390s] Level 1:colcon.colcon_core.package_identification:_identify(src) by extensions ['colcon_pkg']
[1.390s] Level 1:colcon.colcon_core.package_identification:_identify(src) by extension 'colcon_pkg'
[1.390s] Level 1:colcon.colcon_core.package_identification:_identify(src) by extensions ['colcon_meta']
[1.390s] Level 1:colcon.colcon_core.package_identification:_identify(src) by extension 'colcon_meta'
[1.390s] Level 1:colcon.colcon_core.package_identification:_identify(src) by extensions ['ros']
[1.391s] Level 1:colcon.colcon_core.package_identification:_identify(src) by extension 'ros'
[1.391s] Level 1:colcon.colcon_core.package_identification:_identify(src) by extensions ['cmake', 'python']
[1.391s] Level 1:colcon.colcon_core.package_identification:_identify(src) by extension 'cmake'
[1.391s] Level 1:colcon.colcon_core.package_identification:_identify(src) by extension 'python'
[1.391s] Level 1:colcon.colcon_core.package_identification:_identify(src) by extensions ['python_setup_py']
[1.391s] Level 1:colcon.colcon_core.package_identification:_identify(src) by extension 'python_setup_py'
[1.392s] Level 1:colcon.colcon_core.package_identification:_identify(src/diff_drive) by extensions ['ignore', 'ignore_ament_install']
[1.392s] Level 1:colcon.colcon_core.package_identification:_identify(src/diff_drive) by extension 'ignore'
[1.392s] Level 1:colcon.colcon_core.package_identification:_identify(src/diff_drive) by extension 'ignore_ament_install'
[1.393s] Level 1:colcon.colcon_core.package_identification:_identify(src/diff_drive) by extensions ['colcon_pkg']
[1.393s] Level 1:colcon.colcon_core.package_identification:_identify(src/diff_drive) by extension 'colcon_pkg'
[1.393s] Level 1:colcon.colcon_core.package_identification:_identify(src/diff_drive) by extensions ['colcon_meta']
[1.393s] Level 1:colcon.colcon_core.package_identification:_identify(src/diff_drive) by extension 'colcon_meta'
[1.393s] Level 1:colcon.colcon_core.package_identification:_identify(src/diff_drive) by extensions ['ros']
[1.393s] Level 1:colcon.colcon_core.package_identification:_identify(src/diff_drive) by extension 'ros'
[1.404s] DEBUG:colcon.colcon_core.package_identification:Package 'src/diff_drive' with type 'ros.ament_cmake' and name 'diff_drive'
[1.404s] Level 1:colcon.colcon_core.package_identification:_identify(src/three_wheel) by extensions ['ignore', 'ignore_ament_install']
[1.405s] Level 1:colcon.colcon_core.package_identification:_identify(src/three_wheel) by extension 'ignore'
[1.405s] Level 1:colcon.colcon_core.package_identification:_identify(src/three_wheel) by extension 'ignore_ament_install'
[1.405s] Level 1:colcon.colcon_core.package_identification:_identify(src/three_wheel) by extensions ['colcon_pkg']
[1.405s] Level 1:colcon.colcon_core.package_identification:_identify(src/three_wheel) by extension 'colcon_pkg'
[1.406s] Level 1:colcon.colcon_core.package_identification:_identify(src/three_wheel) by extensions ['colcon_meta']
[1.406s] Level 1:colcon.colcon_core.package_identification:_identify(src/three_wheel) by extension 'colcon_meta'
[1.406s] Level 1:colcon.colcon_core.package_identification:_identify(src/three_wheel) by extensions ['ros']
[1.406s] Level 1:colcon.colcon_core.package_identification:_identify(src/three_wheel) by extension 'ros'
[1.410s] DEBUG:colcon.colcon_core.package_identification:Package 'src/three_wheel' with type 'ros.ament_cmake' and name 'three_wheel'
[1.410s] Level 1:colcon.colcon_core.package_discovery:discover_packages(recursive) using defaults
[1.411s] Level 1:colcon.colcon_core.package_discovery:discover_packages(ignore) discover
[1.411s] Level 1:colcon.colcon_core.package_discovery:discover_packages(ignore) using defaults
[1.411s] Level 1:colcon.colcon_core.package_discovery:discover_packages(path) discover
[1.411s] Level 1:colcon.colcon_core.package_discovery:discover_packages(path) using defaults
[1.532s] Level 1:colcon.colcon_core.package_discovery:discover_packages(prefix_path) check parameters
[1.532s] Level 1:colcon.colcon_core.package_discovery:discover_packages(prefix_path) discover
[1.537s] WARNING:colcon.colcon_ros.prefix_path.ament:The path '/home/piros/Work/ROS2/control_ws/install/three_wheel' in the environment variable AMENT_PREFIX_PATH doesn't exist
[1.537s] WARNING:colcon.colcon_ros.prefix_path.ament:The path '/home/piros/Work/ROS2/control_ws/install/diffdrive_arduino' in the environment variable AMENT_PREFIX_PATH doesn't exist
[1.537s] WARNING:colcon.colcon_ros.prefix_path.ament:The path '/home/piros/Work/ROS2/control_ws/install/diff_drive' in the environment variable AMENT_PREFIX_PATH doesn't exist
[1.537s] WARNING:colcon.colcon_ros.prefix_path.ament:The path '/home/piros/Work/ROS2/turtlebot3_ws/install/turtlebot3_simulations' in the environment variable AMENT_PREFIX_PATH doesn't exist
[1.538s] WARNING:colcon.colcon_ros.prefix_path.ament:The path '/home/piros/Work/ROS2/turtlebot3_ws/install/turtlebot3_gazebo' in the environment variable AMENT_PREFIX_PATH doesn't exist
[1.538s] WARNING:colcon.colcon_ros.prefix_path.ament:The path '/home/piros/Work/ROS2/turtlebot3_ws/install/turtlebot3_fake_node' in the environment variable AMENT_PREFIX_PATH doesn't exist
[1.542s] WARNING:colcon.colcon_ros.prefix_path.catkin:The path '/home/piros/Work/ROS2/control_ws/install/three_wheel' in the environment variable CMAKE_PREFIX_PATH doesn't exist
[1.542s] WARNING:colcon.colcon_ros.prefix_path.catkin:The path '/home/piros/Work/ROS2/control_ws/install/diffdrive_arduino' in the environment variable CMAKE_PREFIX_PATH doesn't exist
[1.542s] WARNING:colcon.colcon_ros.prefix_path.catkin:The path '/home/piros/Work/ROS2/control_ws/install/diff_drive' in the environment variable CMAKE_PREFIX_PATH doesn't exist
[1.542s] WARNING:colcon.colcon_ros.prefix_path.catkin:The path '/home/piros/Work/ROS2/turtlebot3_ws/install/turtlebot3_simulations' in the environment variable CMAKE_PREFIX_PATH doesn't exist
[1.543s] WARNING:colcon.colcon_ros.prefix_path.catkin:The path '/home/piros/Work/ROS2/turtlebot3_ws/install/turtlebot3_gazebo' in the environment variable CMAKE_PREFIX_PATH doesn't exist
[1.543s] WARNING:colcon.colcon_ros.prefix_path.catkin:The path '/home/piros/Work/ROS2/turtlebot3_ws/install/turtlebot3_fake_node' in the environment variable CMAKE_PREFIX_PATH doesn't exist
[1.547s] DEBUG:colcon.colcon_installed_package_information.package_discovery:Found 3 installed packages in /home/piros/Work/ROS2/microRos_ws/install
[1.550s] DEBUG:colcon.colcon_installed_package_information.package_discovery:Found 0 installed packages in /home/piros/Work/ROS2/turtlebot3_ws/install
[1.552s] DEBUG:colcon.colcon_installed_package_information.package_discovery:Found 1 installed packages in /home/piros/Work/rplidar_ws/install
[1.555s] DEBUG:colcon.colcon_installed_package_information.package_discovery:Found 2 installed packages in /home/piros/Work/ROS2/ros2_ws_1/install
[1.558s] DEBUG:colcon.colcon_installed_package_information.package_discovery:Found 5 installed packages in /home/piros/Work/ROS2/ros2_ws/install
[1.560s] DEBUG:colcon.colcon_installed_package_information.package_discovery:Found 0 installed packages in /home/piros/Work/ROS2/control_ws/install
[1.563s] DEBUG:colcon.colcon_installed_package_information.package_discovery:Found 2 installed packages in /home/piros/Work/ROS2/controller_ws/install
[1.573s] DEBUG:colcon.colcon_installed_package_information.package_discovery:Found 314 installed packages in /opt/ros/humble
[1.581s] Level 1:colcon.colcon_core.package_discovery:discover_packages(prefix_path) using defaults
[1.772s] Level 5:colcon.colcon_core.verb:set package 'diff_drive' build argument 'cmake_args' from command line to 'None'
[1.772s] Level 5:colcon.colcon_core.verb:set package 'diff_drive' build argument 'cmake_target' from command line to 'None'
[1.772s] Level 5:colcon.colcon_core.verb:set package 'diff_drive' build argument 'cmake_target_skip_unavailable' from command line to 'False'
[1.772s] Level 5:colcon.colcon_core.verb:set package 'diff_drive' build argument 'cmake_clean_cache' from command line to 'False'
[1.772s] Level 5:colcon.colcon_core.verb:set package 'diff_drive' build argument 'cmake_clean_first' from command line to 'False'
[1.772s] Level 5:colcon.colcon_core.verb:set package 'diff_drive' build argument 'cmake_force_configure' from command line to 'False'
[1.772s] Level 5:colcon.colcon_core.verb:set package 'diff_drive' build argument 'ament_cmake_args' from command line to 'None'
[1.772s] Level 5:colcon.colcon_core.verb:set package 'diff_drive' build argument 'catkin_cmake_args' from command line to 'None'
[1.773s] Level 5:colcon.colcon_core.verb:set package 'diff_drive' build argument 'catkin_skip_building_tests' from command line to 'False'
[1.773s] DEBUG:colcon.colcon_core.verb:Building package 'diff_drive' with the following arguments: {'ament_cmake_args': None, 'build_base': '/home/piros/Work/ROS2/control_ws/build/diff_drive', 'catkin_cmake_args': None, 'catkin_skip_building_tests': False, 'cmake_args': None, 'cmake_clean_cache': False, 'cmake_clean_first': False, 'cmake_force_configure': False, 'cmake_target': None, 'cmake_target_skip_unavailable': False, 'install_base': '/home/piros/Work/ROS2/control_ws/install/diff_drive', 'merge_install': False, 'path': '/home/piros/Work/ROS2/control_ws/src/diff_drive', 'symlink_install': False, 'test_result_base': None}
[1.774s] Level 5:colcon.colcon_core.verb:set package 'three_wheel' build argument 'cmake_args' from command line to 'None'
[1.774s] Level 5:colcon.colcon_core.verb:set package 'three_wheel' build argument 'cmake_target' from command line to 'None'
[1.774s] Level 5:colcon.colcon_core.verb:set package 'three_wheel' build argument 'cmake_target_skip_unavailable' from command line to 'False'
[1.775s] Level 5:colcon.colcon_core.verb:set package 'three_wheel' build argument 'cmake_clean_cache' from command line to 'False'
[1.775s] Level 5:colcon.colcon_core.verb:set package 'three_wheel' build argument 'cmake_clean_first' from command line to 'False'
[1.775s] Level 5:colcon.colcon_core.verb:set package 'three_wheel' build argument 'cmake_force_configure' from command line to 'False'
[1.775s] Level 5:colcon.colcon_core.verb:set package 'three_wheel' build argument 'ament_cmake_args' from command line to 'None'
[1.775s] Level 5:colcon.colcon_core.verb:set package 'three_wheel' build argument 'catkin_cmake_args' from command line to 'None'
[1.775s] Level 5:colcon.colcon_core.verb:set package 'three_wheel' build argument 'catkin_skip_building_tests' from command line to 'False'
[1.775s] DEBUG:colcon.colcon_core.verb:Building package 'three_wheel' with the following arguments: {'ament_cmake_args': None, 'build_base': '/home/piros/Work/ROS2/control_ws/build/three_wheel', 'catkin_cmake_args': None, 'catkin_skip_building_tests': False, 'cmake_args': None, 'cmake_clean_cache': False, 'cmake_clean_first': False, 'cmake_force_configure': False, 'cmake_target': None, 'cmake_target_skip_unavailable': False, 'install_base': '/home/piros/Work/ROS2/control_ws/install/three_wheel', 'merge_install': False, 'path': '/home/piros/Work/ROS2/control_ws/src/three_wheel', 'symlink_install': False, 'test_result_base': None}
[1.776s] INFO:colcon.colcon_core.executor:Executing jobs using 'parallel' executor
[1.779s] DEBUG:colcon.colcon_parallel_executor.executor.parallel:run_until_complete
[1.780s] INFO:colcon.colcon_ros.task.ament_cmake.build:Building ROS package in '/home/piros/Work/ROS2/control_ws/src/diff_drive' with build type 'ament_cmake'
[1.780s] INFO:colcon.colcon_cmake.task.cmake.build:Building CMake package in '/home/piros/Work/ROS2/control_ws/src/diff_drive'
[1.789s] INFO:colcon.colcon_core.plugin_system:Skipping extension 'colcon_core.shell.bat': Not used on non-Windows systems
[1.790s] INFO:colcon.colcon_core.shell:Skip shell extension 'powershell' for command environment: Not usable outside of PowerShell
[1.790s] DEBUG:colcon.colcon_core.shell:Skip shell extension 'dsv' for command environment
[1.829s] INFO:colcon.colcon_ros.task.ament_cmake.build:Building ROS package in '/home/piros/Work/ROS2/control_ws/src/three_wheel' with build type 'ament_cmake'
[1.829s] INFO:colcon.colcon_cmake.task.cmake.build:Building CMake package in '/home/piros/Work/ROS2/control_ws/src/three_wheel'
[1.830s] INFO:colcon.colcon_core.shell:Skip shell extension 'powershell' for command environment: Not usable outside of PowerShell
[1.831s] DEBUG:colcon.colcon_core.shell:Skip shell extension 'dsv' for command environment
[1.890s] DEBUG:colcon.colcon_core.event_handler.log_command:Invoking command in '/home/piros/Work/ROS2/control_ws/build/diff_drive': CMAKE_PREFIX_PATH=${CMAKE_PREFIX_PATH}:/home/piros/Work/ROS2/ros2_ws/install/py_pkg:/opt/ros/humble /usr/bin/cmake /home/piros/Work/ROS2/control_ws/src/diff_drive -DCMAKE_INSTALL_PREFIX=/home/piros/Work/ROS2/control_ws/install/diff_drive
[1.920s] DEBUG:colcon.colcon_core.event_handler.log_command:Invoking command in '/home/piros/Work/ROS2/control_ws/build/three_wheel': CMAKE_PREFIX_PATH=${CMAKE_PREFIX_PATH}:/home/piros/Work/ROS2/ros2_ws/install/py_pkg:/opt/ros/humble /usr/bin/cmake /home/piros/Work/ROS2/control_ws/src/three_wheel -DCMAKE_INSTALL_PREFIX=/home/piros/Work/ROS2/control_ws/install/three_wheel
[11.516s] DEBUG:colcon.colcon_core.event_handler.log_command:Invoked command in '/home/piros/Work/ROS2/control_ws/build/diff_drive' returned '0': CMAKE_PREFIX_PATH=${CMAKE_PREFIX_PATH}:/home/piros/Work/ROS2/ros2_ws/install/py_pkg:/opt/ros/humble /usr/bin/cmake /home/piros/Work/ROS2/control_ws/src/diff_drive -DCMAKE_INSTALL_PREFIX=/home/piros/Work/ROS2/control_ws/install/diff_drive
[11.521s] DEBUG:colcon.colcon_core.event_handler.log_command:Invoking command in '/home/piros/Work/ROS2/control_ws/build/diff_drive': CMAKE_PREFIX_PATH=${CMAKE_PREFIX_PATH}:/home/piros/Work/ROS2/ros2_ws/install/py_pkg:/opt/ros/humble /usr/bin/cmake --build /home/piros/Work/ROS2/control_ws/build/diff_drive -- -j4 -l4
[11.538s] DEBUG:colcon.colcon_core.event_handler.log_command:Invoked command in '/home/piros/Work/ROS2/control_ws/build/three_wheel' returned '0': CMAKE_PREFIX_PATH=${CMAKE_PREFIX_PATH}:/home/piros/Work/ROS2/ros2_ws/install/py_pkg:/opt/ros/humble /usr/bin/cmake /home/piros/Work/ROS2/control_ws/src/three_wheel -DCMAKE_INSTALL_PREFIX=/home/piros/Work/ROS2/control_ws/install/three_wheel
[11.541s] DEBUG:colcon.colcon_core.event_handler.log_command:Invoking command in '/home/piros/Work/ROS2/control_ws/build/three_wheel': CMAKE_PREFIX_PATH=${CMAKE_PREFIX_PATH}:/home/piros/Work/ROS2/ros2_ws/install/py_pkg:/opt/ros/humble /usr/bin/cmake --build /home/piros/Work/ROS2/control_ws/build/three_wheel -- -j4 -l4
[75.449s] DEBUG:colcon.colcon_core.event_handler.log_command:Invoked command in '/home/piros/Work/ROS2/control_ws/build/three_wheel' returned '0': CMAKE_PREFIX_PATH=${CMAKE_PREFIX_PATH}:/home/piros/Work/ROS2/ros2_ws/install/py_pkg:/opt/ros/humble /usr/bin/cmake --build /home/piros/Work/ROS2/control_ws/build/three_wheel -- -j4 -l4
[75.518s] DEBUG:colcon.colcon_core.event_handler.log_command:Invoking command in '/home/piros/Work/ROS2/control_ws/build/three_wheel': CMAKE_PREFIX_PATH=${CMAKE_PREFIX_PATH}:/home/piros/Work/ROS2/ros2_ws/install/py_pkg:/opt/ros/humble /usr/bin/cmake --install /home/piros/Work/ROS2/control_ws/build/three_wheel
[75.725s] Level 1:colcon.colcon_core.environment:create_environment_scripts_only(three_wheel)
[75.728s] DEBUG:colcon.colcon_core.event_handler.log_command:Invoked command in '/home/piros/Work/ROS2/control_ws/build/three_wheel' returned '0': CMAKE_PREFIX_PATH=${CMAKE_PREFIX_PATH}:/home/piros/Work/ROS2/ros2_ws/install/py_pkg:/opt/ros/humble /usr/bin/cmake --install /home/piros/Work/ROS2/control_ws/build/three_wheel
[75.745s] Level 1:colcon.colcon_core.environment:checking '/home/piros/Work/ROS2/control_ws/install/three_wheel' for CMake module files
[75.749s] Level 1:colcon.colcon_core.environment:checking '/home/piros/Work/ROS2/control_ws/install/three_wheel' for CMake config files
[75.752s] Level 1:colcon.colcon_core.shell:create_environment_hook('three_wheel', 'cmake_prefix_path')
[75.754s] INFO:colcon.colcon_core.shell:Creating environment hook '/home/piros/Work/ROS2/control_ws/install/three_wheel/share/three_wheel/hook/cmake_prefix_path.ps1'
[75.757s] INFO:colcon.colcon_core.shell:Creating environment descriptor '/home/piros/Work/ROS2/control_ws/install/three_wheel/share/three_wheel/hook/cmake_prefix_path.dsv'
[75.760s] INFO:colcon.colcon_core.shell:Creating environment hook '/home/piros/Work/ROS2/control_ws/install/three_wheel/share/three_wheel/hook/cmake_prefix_path.sh'
[75.764s] Level 1:colcon.colcon_core.environment:checking '/home/piros/Work/ROS2/control_ws/install/three_wheel/lib'
[75.765s] Level 1:colcon.colcon_core.shell:create_environment_hook('three_wheel', 'ld_library_path_lib')
[75.766s] INFO:colcon.colcon_core.shell:Creating environment hook '/home/piros/Work/ROS2/control_ws/install/three_wheel/share/three_wheel/hook/ld_library_path_lib.ps1'
[75.770s] INFO:colcon.colcon_core.shell:Creating environment descriptor '/home/piros/Work/ROS2/control_ws/install/three_wheel/share/three_wheel/hook/ld_library_path_lib.dsv'
[75.773s] INFO:colcon.colcon_core.shell:Creating environment hook '/home/piros/Work/ROS2/control_ws/install/three_wheel/share/three_wheel/hook/ld_library_path_lib.sh'
[75.776s] Level 1:colcon.colcon_core.environment:checking '/home/piros/Work/ROS2/control_ws/install/three_wheel/bin'
[75.777s] Level 1:colcon.colcon_core.environment:checking '/home/piros/Work/ROS2/control_ws/install/three_wheel/lib/pkgconfig/three_wheel.pc'
[75.778s] Level 1:colcon.colcon_core.environment:checking '/home/piros/Work/ROS2/control_ws/install/three_wheel/lib/python3.10/site-packages'
[75.780s] Level 1:colcon.colcon_core.environment:checking '/home/piros/Work/ROS2/control_ws/install/three_wheel/bin'
[75.782s] INFO:colcon.colcon_core.shell:Creating package script '/home/piros/Work/ROS2/control_ws/install/three_wheel/share/three_wheel/package.ps1'
[75.786s] INFO:colcon.colcon_core.shell:Creating package descriptor '/home/piros/Work/ROS2/control_ws/install/three_wheel/share/three_wheel/package.dsv'
[75.789s] INFO:colcon.colcon_core.shell:Creating package script '/home/piros/Work/ROS2/control_ws/install/three_wheel/share/three_wheel/package.sh'
[75.794s] INFO:colcon.colcon_core.shell:Creating package script '/home/piros/Work/ROS2/control_ws/install/three_wheel/share/three_wheel/package.bash'
[75.799s] INFO:colcon.colcon_core.shell:Creating package script '/home/piros/Work/ROS2/control_ws/install/three_wheel/share/three_wheel/package.zsh'
[75.802s] Level 1:colcon.colcon_core.environment:create_file_with_runtime_dependencies(/home/piros/Work/ROS2/control_ws/install/three_wheel/share/colcon-core/packages/three_wheel)
[75.806s] Level 1:colcon.colcon_core.environment:create_environment_scripts_only(three_wheel)
[75.807s] Level 1:colcon.colcon_core.environment:checking '/home/piros/Work/ROS2/control_ws/install/three_wheel' for CMake module files
[75.811s] Level 1:colcon.colcon_core.environment:checking '/home/piros/Work/ROS2/control_ws/install/three_wheel' for CMake config files
[75.815s] Level 1:colcon.colcon_core.shell:create_environment_hook('three_wheel', 'cmake_prefix_path')
[75.816s] INFO:colcon.colcon_core.shell:Creating environment hook '/home/piros/Work/ROS2/control_ws/install/three_wheel/share/three_wheel/hook/cmake_prefix_path.ps1'
[75.819s] INFO:colcon.colcon_core.shell:Creating environment descriptor '/home/piros/Work/ROS2/control_ws/install/three_wheel/share/three_wheel/hook/cmake_prefix_path.dsv'
[75.821s] INFO:colcon.colcon_core.shell:Creating environment hook '/home/piros/Work/ROS2/control_ws/install/three_wheel/share/three_wheel/hook/cmake_prefix_path.sh'
[75.824s] Level 1:colcon.colcon_core.environment:checking '/home/piros/Work/ROS2/control_ws/install/three_wheel/lib'
[75.825s] Level 1:colcon.colcon_core.shell:create_environment_hook('three_wheel', 'ld_library_path_lib')
[75.826s] INFO:colcon.colcon_core.shell:Creating environment hook '/home/piros/Work/ROS2/control_ws/install/three_wheel/share/three_wheel/hook/ld_library_path_lib.ps1'
[75.830s] INFO:colcon.colcon_core.shell:Creating environment descriptor '/home/piros/Work/ROS2/control_ws/install/three_wheel/share/three_wheel/hook/ld_library_path_lib.dsv'
[75.833s] INFO:colcon.colcon_core.shell:Creating environment hook '/home/piros/Work/ROS2/control_ws/install/three_wheel/share/three_wheel/hook/ld_library_path_lib.sh'
[75.835s] Level 1:colcon.colcon_core.environment:checking '/home/piros/Work/ROS2/control_ws/install/three_wheel/bin'
[75.836s] Level 1:colcon.colcon_core.environment:checking '/home/piros/Work/ROS2/control_ws/install/three_wheel/lib/pkgconfig/three_wheel.pc'
[75.837s] Level 1:colcon.colcon_core.environment:checking '/home/piros/Work/ROS2/control_ws/install/three_wheel/lib/python3.10/site-packages'
[75.839s] Level 1:colcon.colcon_core.environment:checking '/home/piros/Work/ROS2/control_ws/install/three_wheel/bin'
[75.842s] INFO:colcon.colcon_core.shell:Creating package script '/home/piros/Work/ROS2/control_ws/install/three_wheel/share/three_wheel/package.ps1'
[75.847s] INFO:colcon.colcon_core.shell:Creating package descriptor '/home/piros/Work/ROS2/control_ws/install/three_wheel/share/three_wheel/package.dsv'
[75.852s] INFO:colcon.colcon_core.shell:Creating package script '/home/piros/Work/ROS2/control_ws/install/three_wheel/share/three_wheel/package.sh'
[75.854s] INFO:colcon.colcon_core.shell:Creating package script '/home/piros/Work/ROS2/control_ws/install/three_wheel/share/three_wheel/package.bash'
[75.856s] INFO:colcon.colcon_core.shell:Creating package script '/home/piros/Work/ROS2/control_ws/install/three_wheel/share/three_wheel/package.zsh'
[75.859s] Level 1:colcon.colcon_core.environment:create_file_with_runtime_dependencies(/home/piros/Work/ROS2/control_ws/install/three_wheel/share/colcon-core/packages/three_wheel)
[77.257s] DEBUG:colcon.colcon_core.event_handler.log_command:Invoked command in '/home/piros/Work/ROS2/control_ws/build/diff_drive' returned '0': CMAKE_PREFIX_PATH=${CMAKE_PREFIX_PATH}:/home/piros/Work/ROS2/ros2_ws/install/py_pkg:/opt/ros/humble /usr/bin/cmake --build /home/piros/Work/ROS2/control_ws/build/diff_drive -- -j4 -l4
[77.267s] DEBUG:colcon.colcon_core.event_handler.log_command:Invoking command in '/home/piros/Work/ROS2/control_ws/build/diff_drive': CMAKE_PREFIX_PATH=${CMAKE_PREFIX_PATH}:/home/piros/Work/ROS2/ros2_ws/install/py_pkg:/opt/ros/humble /usr/bin/cmake --install /home/piros/Work/ROS2/control_ws/build/diff_drive
[77.432s] Level 1:colcon.colcon_core.environment:create_environment_scripts_only(diff_drive)
[77.433s] Level 1:colcon.colcon_core.environment:checking '/home/piros/Work/ROS2/control_ws/install/diff_drive' for CMake module files
[77.436s] DEBUG:colcon.colcon_core.event_handler.log_command:Invoked command in '/home/piros/Work/ROS2/control_ws/build/diff_drive' returned '0': CMAKE_PREFIX_PATH=${CMAKE_PREFIX_PATH}:/home/piros/Work/ROS2/ros2_ws/install/py_pkg:/opt/ros/humble /usr/bin/cmake --install /home/piros/Work/ROS2/control_ws/build/diff_drive
[77.438s] Level 1:colcon.colcon_core.environment:checking '/home/piros/Work/ROS2/control_ws/install/diff_drive' for CMake config files
[77.441s] Level 1:colcon.colcon_core.shell:create_environment_hook('diff_drive', 'cmake_prefix_path')
[77.442s] INFO:colcon.colcon_core.shell:Creating environment hook '/home/piros/Work/ROS2/control_ws/install/diff_drive/share/diff_drive/hook/cmake_prefix_path.ps1'
[77.444s] INFO:colcon.colcon_core.shell:Creating environment descriptor '/home/piros/Work/ROS2/control_ws/install/diff_drive/share/diff_drive/hook/cmake_prefix_path.dsv'
[77.446s] INFO:colcon.colcon_core.shell:Creating environment hook '/home/piros/Work/ROS2/control_ws/install/diff_drive/share/diff_drive/hook/cmake_prefix_path.sh'
[77.449s] Level 1:colcon.colcon_core.environment:checking '/home/piros/Work/ROS2/control_ws/install/diff_drive/lib'
[77.450s] Level 1:colcon.colcon_core.shell:create_environment_hook('diff_drive', 'ld_library_path_lib')
[77.451s] INFO:colcon.colcon_core.shell:Creating environment hook '/home/piros/Work/ROS2/control_ws/install/diff_drive/share/diff_drive/hook/ld_library_path_lib.ps1'
[77.453s] INFO:colcon.colcon_core.shell:Creating environment descriptor '/home/piros/Work/ROS2/control_ws/install/diff_drive/share/diff_drive/hook/ld_library_path_lib.dsv'
[77.454s] INFO:colcon.colcon_core.shell:Creating environment hook '/home/piros/Work/ROS2/control_ws/install/diff_drive/share/diff_drive/hook/ld_library_path_lib.sh'
[77.456s] Level 1:colcon.colcon_core.environment:checking '/home/piros/Work/ROS2/control_ws/install/diff_drive/bin'
[77.457s] Level 1:colcon.colcon_core.environment:checking '/home/piros/Work/ROS2/control_ws/install/diff_drive/lib/pkgconfig/diff_drive.pc'
[77.457s] Level 1:colcon.colcon_core.environment:checking '/home/piros/Work/ROS2/control_ws/install/diff_drive/lib/python3.10/site-packages'
[77.458s] Level 1:colcon.colcon_core.environment:checking '/home/piros/Work/ROS2/control_ws/install/diff_drive/bin'
[77.460s] INFO:colcon.colcon_core.shell:Creating package script '/home/piros/Work/ROS2/control_ws/install/diff_drive/share/diff_drive/package.ps1'
[77.462s] INFO:colcon.colcon_core.shell:Creating package descriptor '/home/piros/Work/ROS2/control_ws/install/diff_drive/share/diff_drive/package.dsv'
[77.464s] INFO:colcon.colcon_core.shell:Creating package script '/home/piros/Work/ROS2/control_ws/install/diff_drive/share/diff_drive/package.sh'
[77.466s] INFO:colcon.colcon_core.shell:Creating package script '/home/piros/Work/ROS2/control_ws/install/diff_drive/share/diff_drive/package.bash'
[77.468s] INFO:colcon.colcon_core.shell:Creating package script '/home/piros/Work/ROS2/control_ws/install/diff_drive/share/diff_drive/package.zsh'
[77.469s] Level 1:colcon.colcon_core.environment:create_file_with_runtime_dependencies(/home/piros/Work/ROS2/control_ws/install/diff_drive/share/colcon-core/packages/diff_drive)
[77.472s] Level 1:colcon.colcon_core.environment:create_environment_scripts_only(diff_drive)
[77.473s] Level 1:colcon.colcon_core.environment:checking '/home/piros/Work/ROS2/control_ws/install/diff_drive' for CMake module files
[77.476s] Level 1:colcon.colcon_core.environment:checking '/home/piros/Work/ROS2/control_ws/install/diff_drive' for CMake config files
[77.478s] Level 1:colcon.colcon_core.shell:create_environment_hook('diff_drive', 'cmake_prefix_path')
[77.479s] INFO:colcon.colcon_core.shell:Creating environment hook '/home/piros/Work/ROS2/control_ws/install/diff_drive/share/diff_drive/hook/cmake_prefix_path.ps1'
[77.481s] INFO:colcon.colcon_core.shell:Creating environment descriptor '/home/piros/Work/ROS2/control_ws/install/diff_drive/share/diff_drive/hook/cmake_prefix_path.dsv'
[77.484s] INFO:colcon.colcon_core.shell:Creating environment hook '/home/piros/Work/ROS2/control_ws/install/diff_drive/share/diff_drive/hook/cmake_prefix_path.sh'
[77.488s] Level 1:colcon.colcon_core.environment:checking '/home/piros/Work/ROS2/control_ws/install/diff_drive/lib'
[77.488s] Level 1:colcon.colcon_core.shell:create_environment_hook('diff_drive', 'ld_library_path_lib')
[77.489s] INFO:colcon.colcon_core.shell:Creating environment hook '/home/piros/Work/ROS2/control_ws/install/diff_drive/share/diff_drive/hook/ld_library_path_lib.ps1'
[77.491s] INFO:colcon.colcon_core.shell:Creating environment descriptor '/home/piros/Work/ROS2/control_ws/install/diff_drive/share/diff_drive/hook/ld_library_path_lib.dsv'
[77.493s] INFO:colcon.colcon_core.shell:Creating environment hook '/home/piros/Work/ROS2/control_ws/install/diff_drive/share/diff_drive/hook/ld_library_path_lib.sh'
[77.495s] Level 1:colcon.colcon_core.environment:checking '/home/piros/Work/ROS2/control_ws/install/diff_drive/bin'
[77.495s] Level 1:colcon.colcon_core.environment:checking '/home/piros/Work/ROS2/control_ws/install/diff_drive/lib/pkgconfig/diff_drive.pc'
[77.496s] Level 1:colcon.colcon_core.environment:checking '/home/piros/Work/ROS2/control_ws/install/diff_drive/lib/python3.10/site-packages'
[77.497s] Level 1:colcon.colcon_core.environment:checking '/home/piros/Work/ROS2/control_ws/install/diff_drive/bin'
[77.498s] INFO:colcon.colcon_core.shell:Creating package script '/home/piros/Work/ROS2/control_ws/install/diff_drive/share/diff_drive/package.ps1'
[77.501s] INFO:colcon.colcon_core.shell:Creating package descriptor '/home/piros/Work/ROS2/control_ws/install/diff_drive/share/diff_drive/package.dsv'
[77.503s] INFO:colcon.colcon_core.shell:Creating package script '/home/piros/Work/ROS2/control_ws/install/diff_drive/share/diff_drive/package.sh'
[77.506s] INFO:colcon.colcon_core.shell:Creating package script '/home/piros/Work/ROS2/control_ws/install/diff_drive/share/diff_drive/package.bash'
[77.508s] INFO:colcon.colcon_core.shell:Creating package script '/home/piros/Work/ROS2/control_ws/install/diff_drive/share/diff_drive/package.zsh'
[77.510s] Level 1:colcon.colcon_core.environment:create_file_with_runtime_dependencies(/home/piros/Work/ROS2/control_ws/install/diff_drive/share/colcon-core/packages/diff_drive)
[77.511s] DEBUG:colcon.colcon_parallel_executor.executor.parallel:closing loop
[77.512s] DEBUG:colcon.colcon_parallel_executor.executor.parallel:loop closed
[77.513s] DEBUG:colcon.colcon_parallel_executor.executor.parallel:run_until_complete finished with '0'
[77.513s] DEBUG:colcon.colcon_core.event_reactor:joining thread
[77.541s] INFO:colcon.colcon_core.plugin_system:Skipping extension 'colcon_notification.desktop_notification.terminal_notifier': Not used on non-Darwin systems
[77.541s] INFO:colcon.colcon_core.plugin_system:Skipping extension 'colcon_notification.desktop_notification.win32': Not used on non-Windows systems
[77.541s] INFO:colcon.colcon_notification.desktop_notification:Sending desktop notification using 'notify2'
[78.053s] DEBUG:colcon.colcon_core.event_reactor:joined thread
[78.054s] INFO:colcon.colcon_core.shell:Creating prefix script '/home/piros/Work/ROS2/control_ws/install/local_setup.ps1'
[78.061s] INFO:colcon.colcon_core.shell:Creating prefix util module '/home/piros/Work/ROS2/control_ws/install/_local_setup_util_ps1.py'
[78.067s] INFO:colcon.colcon_core.shell:Creating prefix chain script '/home/piros/Work/ROS2/control_ws/install/setup.ps1'
[78.068s] WARNING:colcon.colcon_core.prefix_path.colcon:The path '/home/piros/Work/ROS2/turtlebot3_ws/install' in the environment variable COLCON_PREFIX_PATH doesn't exist
[78.077s] INFO:colcon.colcon_core.shell:Creating prefix script '/home/piros/Work/ROS2/control_ws/install/local_setup.sh'
[78.080s] INFO:colcon.colcon_core.shell:Creating prefix util module '/home/piros/Work/ROS2/control_ws/install/_local_setup_util_sh.py'
[78.083s] INFO:colcon.colcon_core.shell:Creating prefix chain script '/home/piros/Work/ROS2/control_ws/install/setup.sh'
[78.094s] INFO:colcon.colcon_core.shell:Creating prefix script '/home/piros/Work/ROS2/control_ws/install/local_setup.bash'
[78.096s] INFO:colcon.colcon_core.shell:Creating prefix chain script '/home/piros/Work/ROS2/control_ws/install/setup.bash'
[78.107s] INFO:colcon.colcon_core.shell:Creating prefix script '/home/piros/Work/ROS2/control_ws/install/local_setup.zsh'
[78.109s] INFO:colcon.colcon_core.shell:Creating prefix chain script '/home/piros/Work/ROS2/control_ws/install/setup.zsh'
