[0.474s] DEBUG:colcon:Command line arguments: ['/usr/bin/colcon', 'build', '--packages-up-to', 'micro_ros_agent', '--cmake-args', '-DUAGENT_BUILD_EXECUTABLE=OFF', '-DUAGENT_P2P_PROFILE=OFF', '--no-warn-unused-cli']
[0.475s] DEBUG:colcon:Parsed command line arguments: Namespace(log_base=None, log_level=None, verb_name='build', build_base='build', install_base='install', merge_install=False, symlink_install=False, test_result_base=None, continue_on_error=False, executor='parallel', parallel_workers=4, event_handlers=None, ignore_user_meta=False, metas=['./colcon.meta'], base_paths=['.'], packages_ignore=None, packages_ignore_regex=None, paths=None, packages_up_to=['micro_ros_agent'], packages_up_to_regex=None, packages_above=None, packages_above_and_dependencies=None, packages_above_depth=None, packages_select_by_dep=None, packages_skip_by_dep=None, packages_skip_up_to=None, packages_select_build_failed=False, packages_skip_build_finished=False, packages_select_test_failures=False, packages_skip_test_passed=False, packages_select=None, packages_skip=None, packages_select_regex=None, packages_skip_regex=None, packages_start=None, packages_end=None, allow_overriding=[], cmake_args=['-DUAGENT_BUILD_EXECUTABLE=OFF', '-DUAGENT_P2P_PROFILE=OFF', '--no-warn-unused-cli'], cmake_target=None, cmake_target_skip_unavailable=False, cmake_clean_cache=False, cmake_clean_first=False, cmake_force_configure=False, ament_cmake_args=None, catkin_cmake_args=None, catkin_skip_building_tests=False, mixin_files=None, mixin=None, verb_parser=<colcon_mixin.mixin.mixin_argument.MixinArgumentDecorator object at 0xffff8c1769e0>, verb_extension=<colcon_core.verb.build.BuildVerb object at 0xffff8c3239a0>, main=<bound method BuildVerb.main of <colcon_core.verb.build.BuildVerb object at 0xffff8c3239a0>>, mixin_verb=('build',))
[1.323s] Level 1:colcon.colcon_core.package_discovery:discover_packages(colcon_meta) check parameters
[1.324s] Level 1:colcon.colcon_core.package_discovery:discover_packages(recursive) check parameters
[1.324s] Level 1:colcon.colcon_core.package_discovery:discover_packages(ignore) check parameters
[1.324s] Level 1:colcon.colcon_core.package_discovery:discover_packages(path) check parameters
[1.324s] Level 1:colcon.colcon_core.package_discovery:discover_packages(colcon_meta) discover
[1.324s] Level 1:colcon.colcon_core.package_discovery:discover_packages(recursive) discover
[1.325s] INFO:colcon.colcon_core.package_discovery:Crawling recursively for packages in '/home/piros/Work/ROS2/microRos_ws'
[1.325s] Level 1:colcon.colcon_core.package_identification:_identify(.) by extensions ['ignore', 'ignore_ament_install']
[1.325s] Level 1:colcon.colcon_core.package_identification:_identify(.) by extension 'ignore'
[1.326s] Level 1:colcon.colcon_core.package_identification:_identify(.) by extension 'ignore_ament_install'
[1.326s] Level 1:colcon.colcon_core.package_identification:_identify(.) by extensions ['colcon_pkg']
[1.326s] Level 1:colcon.colcon_core.package_identification:_identify(.) by extension 'colcon_pkg'
[1.326s] Level 1:colcon.colcon_core.package_identification:_identify(.) by extensions ['colcon_meta']
[1.326s] Level 1:colcon.colcon_core.package_identification:_identify(.) by extension 'colcon_meta'
[1.326s] Level 1:colcon.colcon_core.package_identification:_identify(.) by extensions ['ros']
[1.326s] Level 1:colcon.colcon_core.package_identification:_identify(.) by extension 'ros'
[1.370s] Level 1:colcon.colcon_core.package_identification:_identify(.) by extensions ['cmake', 'python']
[1.370s] Level 1:colcon.colcon_core.package_identification:_identify(.) by extension 'cmake'
[1.371s] Level 1:colcon.colcon_core.package_identification:_identify(.) by extension 'python'
[1.371s] Level 1:colcon.colcon_core.package_identification:_identify(.) by extensions ['python_setup_py']
[1.371s] Level 1:colcon.colcon_core.package_identification:_identify(.) by extension 'python_setup_py'
[1.372s] Level 1:colcon.colcon_core.package_identification:_identify(build) by extensions ['ignore', 'ignore_ament_install']
[1.372s] Level 1:colcon.colcon_core.package_identification:_identify(build) by extension 'ignore'
[1.373s] Level 1:colcon.colcon_core.package_identification:_identify(build) ignored
[1.373s] Level 1:colcon.colcon_core.package_identification:_identify(install) by extensions ['ignore', 'ignore_ament_install']
[1.374s] Level 1:colcon.colcon_core.package_identification:_identify(install) by extension 'ignore'
[1.374s] Level 1:colcon.colcon_core.package_identification:_identify(install) ignored
[1.375s] Level 1:colcon.colcon_core.package_identification:_identify(log) by extensions ['ignore', 'ignore_ament_install']
[1.376s] Level 1:colcon.colcon_core.package_identification:_identify(log) by extension 'ignore'
[1.376s] Level 1:colcon.colcon_core.package_identification:_identify(log) ignored
[1.377s] Level 1:colcon.colcon_core.package_identification:_identify(src) by extensions ['ignore', 'ignore_ament_install']
[1.377s] Level 1:colcon.colcon_core.package_identification:_identify(src) by extension 'ignore'
[1.377s] Level 1:colcon.colcon_core.package_identification:_identify(src) by extension 'ignore_ament_install'
[1.378s] Level 1:colcon.colcon_core.package_identification:_identify(src) by extensions ['colcon_pkg']
[1.378s] Level 1:colcon.colcon_core.package_identification:_identify(src) by extension 'colcon_pkg'
[1.378s] Level 1:colcon.colcon_core.package_identification:_identify(src) by extensions ['colcon_meta']
[1.378s] Level 1:colcon.colcon_core.package_identification:_identify(src) by extension 'colcon_meta'
[1.378s] Level 1:colcon.colcon_core.package_identification:_identify(src) by extensions ['ros']
[1.378s] Level 1:colcon.colcon_core.package_identification:_identify(src) by extension 'ros'
[1.379s] Level 1:colcon.colcon_core.package_identification:_identify(src) by extensions ['cmake', 'python']
[1.379s] Level 1:colcon.colcon_core.package_identification:_identify(src) by extension 'cmake'
[1.379s] Level 1:colcon.colcon_core.package_identification:_identify(src) by extension 'python'
[1.379s] Level 1:colcon.colcon_core.package_identification:_identify(src) by extensions ['python_setup_py']
[1.379s] Level 1:colcon.colcon_core.package_identification:_identify(src) by extension 'python_setup_py'
[1.380s] Level 1:colcon.colcon_core.package_identification:_identify(src/diff_drive_uros) by extensions ['ignore', 'ignore_ament_install']
[1.380s] Level 1:colcon.colcon_core.package_identification:_identify(src/diff_drive_uros) by extension 'ignore'
[1.380s] Level 1:colcon.colcon_core.package_identification:_identify(src/diff_drive_uros) by extension 'ignore_ament_install'
[1.380s] Level 1:colcon.colcon_core.package_identification:_identify(src/diff_drive_uros) by extensions ['colcon_pkg']
[1.380s] Level 1:colcon.colcon_core.package_identification:_identify(src/diff_drive_uros) by extension 'colcon_pkg'
[1.381s] Level 1:colcon.colcon_core.package_identification:_identify(src/diff_drive_uros) by extensions ['colcon_meta']
[1.381s] Level 1:colcon.colcon_core.package_identification:_identify(src/diff_drive_uros) by extension 'colcon_meta'
[1.381s] Level 1:colcon.colcon_core.package_identification:_identify(src/diff_drive_uros) by extensions ['ros']
[1.381s] Level 1:colcon.colcon_core.package_identification:_identify(src/diff_drive_uros) by extension 'ros'
[1.381s] Level 1:colcon.colcon_core.package_identification:_identify(src/diff_drive_uros) by extensions ['cmake', 'python']
[1.381s] Level 1:colcon.colcon_core.package_identification:_identify(src/diff_drive_uros) by extension 'cmake'
[1.382s] Level 1:colcon.colcon_core.package_identification:_identify(src/diff_drive_uros) by extension 'python'
[1.382s] Level 1:colcon.colcon_core.package_identification:_identify(src/diff_drive_uros) by extensions ['python_setup_py']
[1.382s] Level 1:colcon.colcon_core.package_identification:_identify(src/diff_drive_uros) by extension 'python_setup_py'
[1.382s] Level 1:colcon.colcon_core.package_identification:_identify(src/diff_drive_uros/include) by extensions ['ignore', 'ignore_ament_install']
[1.383s] Level 1:colcon.colcon_core.package_identification:_identify(src/diff_drive_uros/include) by extension 'ignore'
[1.383s] Level 1:colcon.colcon_core.package_identification:_identify(src/diff_drive_uros/include) by extension 'ignore_ament_install'
[1.383s] Level 1:colcon.colcon_core.package_identification:_identify(src/diff_drive_uros/include) by extensions ['colcon_pkg']
[1.383s] Level 1:colcon.colcon_core.package_identification:_identify(src/diff_drive_uros/include) by extension 'colcon_pkg'
[1.383s] Level 1:colcon.colcon_core.package_identification:_identify(src/diff_drive_uros/include) by extensions ['colcon_meta']
[1.384s] Level 1:colcon.colcon_core.package_identification:_identify(src/diff_drive_uros/include) by extension 'colcon_meta'
[1.384s] Level 1:colcon.colcon_core.package_identification:_identify(src/diff_drive_uros/include) by extensions ['ros']
[1.384s] Level 1:colcon.colcon_core.package_identification:_identify(src/diff_drive_uros/include) by extension 'ros'
[1.384s] Level 1:colcon.colcon_core.package_identification:_identify(src/diff_drive_uros/include) by extensions ['cmake', 'python']
[1.384s] Level 1:colcon.colcon_core.package_identification:_identify(src/diff_drive_uros/include) by extension 'cmake'
[1.384s] Level 1:colcon.colcon_core.package_identification:_identify(src/diff_drive_uros/include) by extension 'python'
[1.385s] Level 1:colcon.colcon_core.package_identification:_identify(src/diff_drive_uros/include) by extensions ['python_setup_py']
[1.385s] Level 1:colcon.colcon_core.package_identification:_identify(src/diff_drive_uros/include) by extension 'python_setup_py'
[1.385s] Level 1:colcon.colcon_core.package_identification:_identify(src/diff_drive_uros/lib) by extensions ['ignore', 'ignore_ament_install']
[1.385s] Level 1:colcon.colcon_core.package_identification:_identify(src/diff_drive_uros/lib) by extension 'ignore'
[1.386s] Level 1:colcon.colcon_core.package_identification:_identify(src/diff_drive_uros/lib) by extension 'ignore_ament_install'
[1.386s] Level 1:colcon.colcon_core.package_identification:_identify(src/diff_drive_uros/lib) by extensions ['colcon_pkg']
[1.386s] Level 1:colcon.colcon_core.package_identification:_identify(src/diff_drive_uros/lib) by extension 'colcon_pkg'
[1.386s] Level 1:colcon.colcon_core.package_identification:_identify(src/diff_drive_uros/lib) by extensions ['colcon_meta']
[1.386s] Level 1:colcon.colcon_core.package_identification:_identify(src/diff_drive_uros/lib) by extension 'colcon_meta'
[1.386s] Level 1:colcon.colcon_core.package_identification:_identify(src/diff_drive_uros/lib) by extensions ['ros']
[1.387s] Level 1:colcon.colcon_core.package_identification:_identify(src/diff_drive_uros/lib) by extension 'ros'
[1.387s] Level 1:colcon.colcon_core.package_identification:_identify(src/diff_drive_uros/lib) by extensions ['cmake', 'python']
[1.387s] Level 1:colcon.colcon_core.package_identification:_identify(src/diff_drive_uros/lib) by extension 'cmake'
[1.387s] Level 1:colcon.colcon_core.package_identification:_identify(src/diff_drive_uros/lib) by extension 'python'
[1.387s] Level 1:colcon.colcon_core.package_identification:_identify(src/diff_drive_uros/lib) by extensions ['python_setup_py']
[1.387s] Level 1:colcon.colcon_core.package_identification:_identify(src/diff_drive_uros/lib) by extension 'python_setup_py'
[1.388s] Level 1:colcon.colcon_core.package_identification:_identify(src/diff_drive_uros/src) by extensions ['ignore', 'ignore_ament_install']
[1.388s] Level 1:colcon.colcon_core.package_identification:_identify(src/diff_drive_uros/src) by extension 'ignore'
[1.388s] Level 1:colcon.colcon_core.package_identification:_identify(src/diff_drive_uros/src) by extension 'ignore_ament_install'
[1.389s] Level 1:colcon.colcon_core.package_identification:_identify(src/diff_drive_uros/src) by extensions ['colcon_pkg']
[1.389s] Level 1:colcon.colcon_core.package_identification:_identify(src/diff_drive_uros/src) by extension 'colcon_pkg'
[1.389s] Level 1:colcon.colcon_core.package_identification:_identify(src/diff_drive_uros/src) by extensions ['colcon_meta']
[1.389s] Level 1:colcon.colcon_core.package_identification:_identify(src/diff_drive_uros/src) by extension 'colcon_meta'
[1.389s] Level 1:colcon.colcon_core.package_identification:_identify(src/diff_drive_uros/src) by extensions ['ros']
[1.389s] Level 1:colcon.colcon_core.package_identification:_identify(src/diff_drive_uros/src) by extension 'ros'
[1.390s] Level 1:colcon.colcon_core.package_identification:_identify(src/diff_drive_uros/src) by extensions ['cmake', 'python']
[1.390s] Level 1:colcon.colcon_core.package_identification:_identify(src/diff_drive_uros/src) by extension 'cmake'
[1.390s] Level 1:colcon.colcon_core.package_identification:_identify(src/diff_drive_uros/src) by extension 'python'
[1.390s] Level 1:colcon.colcon_core.package_identification:_identify(src/diff_drive_uros/src) by extensions ['python_setup_py']
[1.390s] Level 1:colcon.colcon_core.package_identification:_identify(src/diff_drive_uros/src) by extension 'python_setup_py'
[1.391s] Level 1:colcon.colcon_core.package_identification:_identify(src/diff_drive_uros/test) by extensions ['ignore', 'ignore_ament_install']
[1.391s] Level 1:colcon.colcon_core.package_identification:_identify(src/diff_drive_uros/test) by extension 'ignore'
[1.391s] Level 1:colcon.colcon_core.package_identification:_identify(src/diff_drive_uros/test) by extension 'ignore_ament_install'
[1.391s] Level 1:colcon.colcon_core.package_identification:_identify(src/diff_drive_uros/test) by extensions ['colcon_pkg']
[1.391s] Level 1:colcon.colcon_core.package_identification:_identify(src/diff_drive_uros/test) by extension 'colcon_pkg'
[1.392s] Level 1:colcon.colcon_core.package_identification:_identify(src/diff_drive_uros/test) by extensions ['colcon_meta']
[1.392s] Level 1:colcon.colcon_core.package_identification:_identify(src/diff_drive_uros/test) by extension 'colcon_meta'
[1.392s] Level 1:colcon.colcon_core.package_identification:_identify(src/diff_drive_uros/test) by extensions ['ros']
[1.392s] Level 1:colcon.colcon_core.package_identification:_identify(src/diff_drive_uros/test) by extension 'ros'
[1.392s] Level 1:colcon.colcon_core.package_identification:_identify(src/diff_drive_uros/test) by extensions ['cmake', 'python']
[1.392s] Level 1:colcon.colcon_core.package_identification:_identify(src/diff_drive_uros/test) by extension 'cmake'
[1.393s] Level 1:colcon.colcon_core.package_identification:_identify(src/diff_drive_uros/test) by extension 'python'
[1.393s] Level 1:colcon.colcon_core.package_identification:_identify(src/diff_drive_uros/test) by extensions ['python_setup_py']
[1.393s] Level 1:colcon.colcon_core.package_identification:_identify(src/diff_drive_uros/test) by extension 'python_setup_py'
[1.393s] Level 1:colcon.colcon_core.package_identification:_identify(src/microRos_test) by extensions ['ignore', 'ignore_ament_install']
[1.394s] Level 1:colcon.colcon_core.package_identification:_identify(src/microRos_test) by extension 'ignore'
[1.394s] Level 1:colcon.colcon_core.package_identification:_identify(src/microRos_test) by extension 'ignore_ament_install'
[1.394s] Level 1:colcon.colcon_core.package_identification:_identify(src/microRos_test) by extensions ['colcon_pkg']
[1.394s] Level 1:colcon.colcon_core.package_identification:_identify(src/microRos_test) by extension 'colcon_pkg'
[1.395s] Level 1:colcon.colcon_core.package_identification:_identify(src/microRos_test) by extensions ['colcon_meta']
[1.395s] Level 1:colcon.colcon_core.package_identification:_identify(src/microRos_test) by extension 'colcon_meta'
[1.395s] Level 1:colcon.colcon_core.package_identification:_identify(src/microRos_test) by extensions ['ros']
[1.395s] Level 1:colcon.colcon_core.package_identification:_identify(src/microRos_test) by extension 'ros'
[1.395s] Level 1:colcon.colcon_core.package_identification:_identify(src/microRos_test) by extensions ['cmake', 'python']
[1.396s] Level 1:colcon.colcon_core.package_identification:_identify(src/microRos_test) by extension 'cmake'
[1.396s] Level 1:colcon.colcon_core.package_identification:_identify(src/microRos_test) by extension 'python'
[1.396s] Level 1:colcon.colcon_core.package_identification:_identify(src/microRos_test) by extensions ['python_setup_py']
[1.396s] Level 1:colcon.colcon_core.package_identification:_identify(src/microRos_test) by extension 'python_setup_py'
[1.397s] Level 1:colcon.colcon_core.package_identification:_identify(src/microRos_test/include) by extensions ['ignore', 'ignore_ament_install']
[1.397s] Level 1:colcon.colcon_core.package_identification:_identify(src/microRos_test/include) by extension 'ignore'
[1.397s] Level 1:colcon.colcon_core.package_identification:_identify(src/microRos_test/include) by extension 'ignore_ament_install'
[1.397s] Level 1:colcon.colcon_core.package_identification:_identify(src/microRos_test/include) by extensions ['colcon_pkg']
[1.397s] Level 1:colcon.colcon_core.package_identification:_identify(src/microRos_test/include) by extension 'colcon_pkg'
[1.398s] Level 1:colcon.colcon_core.package_identification:_identify(src/microRos_test/include) by extensions ['colcon_meta']
[1.398s] Level 1:colcon.colcon_core.package_identification:_identify(src/microRos_test/include) by extension 'colcon_meta'
[1.398s] Level 1:colcon.colcon_core.package_identification:_identify(src/microRos_test/include) by extensions ['ros']
[1.398s] Level 1:colcon.colcon_core.package_identification:_identify(src/microRos_test/include) by extension 'ros'
[1.398s] Level 1:colcon.colcon_core.package_identification:_identify(src/microRos_test/include) by extensions ['cmake', 'python']
[1.398s] Level 1:colcon.colcon_core.package_identification:_identify(src/microRos_test/include) by extension 'cmake'
[1.399s] Level 1:colcon.colcon_core.package_identification:_identify(src/microRos_test/include) by extension 'python'
[1.399s] Level 1:colcon.colcon_core.package_identification:_identify(src/microRos_test/include) by extensions ['python_setup_py']
[1.399s] Level 1:colcon.colcon_core.package_identification:_identify(src/microRos_test/include) by extension 'python_setup_py'
[1.399s] Level 1:colcon.colcon_core.package_identification:_identify(src/microRos_test/lib) by extensions ['ignore', 'ignore_ament_install']
[1.400s] Level 1:colcon.colcon_core.package_identification:_identify(src/microRos_test/lib) by extension 'ignore'
[1.400s] Level 1:colcon.colcon_core.package_identification:_identify(src/microRos_test/lib) by extension 'ignore_ament_install'
[1.400s] Level 1:colcon.colcon_core.package_identification:_identify(src/microRos_test/lib) by extensions ['colcon_pkg']
[1.400s] Level 1:colcon.colcon_core.package_identification:_identify(src/microRos_test/lib) by extension 'colcon_pkg'
[1.400s] Level 1:colcon.colcon_core.package_identification:_identify(src/microRos_test/lib) by extensions ['colcon_meta']
[1.400s] Level 1:colcon.colcon_core.package_identification:_identify(src/microRos_test/lib) by extension 'colcon_meta'
[1.401s] Level 1:colcon.colcon_core.package_identification:_identify(src/microRos_test/lib) by extensions ['ros']
[1.401s] Level 1:colcon.colcon_core.package_identification:_identify(src/microRos_test/lib) by extension 'ros'
[1.401s] Level 1:colcon.colcon_core.package_identification:_identify(src/microRos_test/lib) by extensions ['cmake', 'python']
[1.401s] Level 1:colcon.colcon_core.package_identification:_identify(src/microRos_test/lib) by extension 'cmake'
[1.401s] Level 1:colcon.colcon_core.package_identification:_identify(src/microRos_test/lib) by extension 'python'
[1.402s] Level 1:colcon.colcon_core.package_identification:_identify(src/microRos_test/lib) by extensions ['python_setup_py']
[1.402s] Level 1:colcon.colcon_core.package_identification:_identify(src/microRos_test/lib) by extension 'python_setup_py'
[1.402s] Level 1:colcon.colcon_core.package_identification:_identify(src/microRos_test/src) by extensions ['ignore', 'ignore_ament_install']
[1.402s] Level 1:colcon.colcon_core.package_identification:_identify(src/microRos_test/src) by extension 'ignore'
[1.403s] Level 1:colcon.colcon_core.package_identification:_identify(src/microRos_test/src) by extension 'ignore_ament_install'
[1.403s] Level 1:colcon.colcon_core.package_identification:_identify(src/microRos_test/src) by extensions ['colcon_pkg']
[1.403s] Level 1:colcon.colcon_core.package_identification:_identify(src/microRos_test/src) by extension 'colcon_pkg'
[1.403s] Level 1:colcon.colcon_core.package_identification:_identify(src/microRos_test/src) by extensions ['colcon_meta']
[1.403s] Level 1:colcon.colcon_core.package_identification:_identify(src/microRos_test/src) by extension 'colcon_meta'
[1.403s] Level 1:colcon.colcon_core.package_identification:_identify(src/microRos_test/src) by extensions ['ros']
[1.403s] Level 1:colcon.colcon_core.package_identification:_identify(src/microRos_test/src) by extension 'ros'
[1.404s] Level 1:colcon.colcon_core.package_identification:_identify(src/microRos_test/src) by extensions ['cmake', 'python']
[1.404s] Level 1:colcon.colcon_core.package_identification:_identify(src/microRos_test/src) by extension 'cmake'
[1.404s] Level 1:colcon.colcon_core.package_identification:_identify(src/microRos_test/src) by extension 'python'
[1.404s] Level 1:colcon.colcon_core.package_identification:_identify(src/microRos_test/src) by extensions ['python_setup_py']
[1.404s] Level 1:colcon.colcon_core.package_identification:_identify(src/microRos_test/src) by extension 'python_setup_py'
[1.405s] Level 1:colcon.colcon_core.package_identification:_identify(src/microRos_test/test) by extensions ['ignore', 'ignore_ament_install']
[1.405s] Level 1:colcon.colcon_core.package_identification:_identify(src/microRos_test/test) by extension 'ignore'
[1.405s] Level 1:colcon.colcon_core.package_identification:_identify(src/microRos_test/test) by extension 'ignore_ament_install'
[1.405s] Level 1:colcon.colcon_core.package_identification:_identify(src/microRos_test/test) by extensions ['colcon_pkg']
[1.406s] Level 1:colcon.colcon_core.package_identification:_identify(src/microRos_test/test) by extension 'colcon_pkg'
[1.406s] Level 1:colcon.colcon_core.package_identification:_identify(src/microRos_test/test) by extensions ['colcon_meta']
[1.406s] Level 1:colcon.colcon_core.package_identification:_identify(src/microRos_test/test) by extension 'colcon_meta'
[1.406s] Level 1:colcon.colcon_core.package_identification:_identify(src/microRos_test/test) by extensions ['ros']
[1.406s] Level 1:colcon.colcon_core.package_identification:_identify(src/microRos_test/test) by extension 'ros'
[1.407s] Level 1:colcon.colcon_core.package_identification:_identify(src/microRos_test/test) by extensions ['cmake', 'python']
[1.407s] Level 1:colcon.colcon_core.package_identification:_identify(src/microRos_test/test) by extension 'cmake'
[1.407s] Level 1:colcon.colcon_core.package_identification:_identify(src/microRos_test/test) by extension 'python'
[1.407s] Level 1:colcon.colcon_core.package_identification:_identify(src/microRos_test/test) by extensions ['python_setup_py']
[1.407s] Level 1:colcon.colcon_core.package_identification:_identify(src/microRos_test/test) by extension 'python_setup_py'
[1.408s] Level 1:colcon.colcon_core.package_identification:_identify(src/micro_ros_setup) by extensions ['ignore', 'ignore_ament_install']
[1.408s] Level 1:colcon.colcon_core.package_identification:_identify(src/micro_ros_setup) by extension 'ignore'
[1.408s] Level 1:colcon.colcon_core.package_identification:_identify(src/micro_ros_setup) by extension 'ignore_ament_install'
[1.408s] Level 1:colcon.colcon_core.package_identification:_identify(src/micro_ros_setup) by extensions ['colcon_pkg']
[1.408s] Level 1:colcon.colcon_core.package_identification:_identify(src/micro_ros_setup) by extension 'colcon_pkg'
[1.409s] Level 1:colcon.colcon_core.package_identification:_identify(src/micro_ros_setup) by extensions ['colcon_meta']
[1.409s] Level 1:colcon.colcon_core.package_identification:_identify(src/micro_ros_setup) by extension 'colcon_meta'
[1.409s] Level 1:colcon.colcon_core.package_identification:_identify(src/micro_ros_setup) by extensions ['ros']
[1.409s] Level 1:colcon.colcon_core.package_identification:_identify(src/micro_ros_setup) by extension 'ros'
[1.419s] DEBUG:colcon.colcon_core.package_identification:Package 'src/micro_ros_setup' with type 'ros.ament_cmake' and name 'micro_ros_setup'
[1.420s] Level 1:colcon.colcon_core.package_identification:_identify(src/three_wheel_uros) by extensions ['ignore', 'ignore_ament_install']
[1.420s] Level 1:colcon.colcon_core.package_identification:_identify(src/three_wheel_uros) by extension 'ignore'
[1.420s] Level 1:colcon.colcon_core.package_identification:_identify(src/three_wheel_uros) by extension 'ignore_ament_install'
[1.421s] Level 1:colcon.colcon_core.package_identification:_identify(src/three_wheel_uros) by extensions ['colcon_pkg']
[1.421s] Level 1:colcon.colcon_core.package_identification:_identify(src/three_wheel_uros) by extension 'colcon_pkg'
[1.421s] Level 1:colcon.colcon_core.package_identification:_identify(src/three_wheel_uros) by extensions ['colcon_meta']
[1.421s] Level 1:colcon.colcon_core.package_identification:_identify(src/three_wheel_uros) by extension 'colcon_meta'
[1.421s] Level 1:colcon.colcon_core.package_identification:_identify(src/three_wheel_uros) by extensions ['ros']
[1.421s] Level 1:colcon.colcon_core.package_identification:_identify(src/three_wheel_uros) by extension 'ros'
[1.422s] Level 1:colcon.colcon_core.package_identification:_identify(src/three_wheel_uros) by extensions ['cmake', 'python']
[1.422s] Level 1:colcon.colcon_core.package_identification:_identify(src/three_wheel_uros) by extension 'cmake'
[1.422s] Level 1:colcon.colcon_core.package_identification:_identify(src/three_wheel_uros) by extension 'python'
[1.422s] Level 1:colcon.colcon_core.package_identification:_identify(src/three_wheel_uros) by extensions ['python_setup_py']
[1.422s] Level 1:colcon.colcon_core.package_identification:_identify(src/three_wheel_uros) by extension 'python_setup_py'
[1.423s] Level 1:colcon.colcon_core.package_identification:_identify(src/three_wheel_uros/include) by extensions ['ignore', 'ignore_ament_install']
[1.423s] Level 1:colcon.colcon_core.package_identification:_identify(src/three_wheel_uros/include) by extension 'ignore'
[1.423s] Level 1:colcon.colcon_core.package_identification:_identify(src/three_wheel_uros/include) by extension 'ignore_ament_install'
[1.424s] Level 1:colcon.colcon_core.package_identification:_identify(src/three_wheel_uros/include) by extensions ['colcon_pkg']
[1.424s] Level 1:colcon.colcon_core.package_identification:_identify(src/three_wheel_uros/include) by extension 'colcon_pkg'
[1.424s] Level 1:colcon.colcon_core.package_identification:_identify(src/three_wheel_uros/include) by extensions ['colcon_meta']
[1.424s] Level 1:colcon.colcon_core.package_identification:_identify(src/three_wheel_uros/include) by extension 'colcon_meta'
[1.424s] Level 1:colcon.colcon_core.package_identification:_identify(src/three_wheel_uros/include) by extensions ['ros']
[1.424s] Level 1:colcon.colcon_core.package_identification:_identify(src/three_wheel_uros/include) by extension 'ros'
[1.425s] Level 1:colcon.colcon_core.package_identification:_identify(src/three_wheel_uros/include) by extensions ['cmake', 'python']
[1.425s] Level 1:colcon.colcon_core.package_identification:_identify(src/three_wheel_uros/include) by extension 'cmake'
[1.425s] Level 1:colcon.colcon_core.package_identification:_identify(src/three_wheel_uros/include) by extension 'python'
[1.425s] Level 1:colcon.colcon_core.package_identification:_identify(src/three_wheel_uros/include) by extensions ['python_setup_py']
[1.425s] Level 1:colcon.colcon_core.package_identification:_identify(src/three_wheel_uros/include) by extension 'python_setup_py'
[1.426s] Level 1:colcon.colcon_core.package_identification:_identify(src/three_wheel_uros/lib) by extensions ['ignore', 'ignore_ament_install']
[1.426s] Level 1:colcon.colcon_core.package_identification:_identify(src/three_wheel_uros/lib) by extension 'ignore'
[1.426s] Level 1:colcon.colcon_core.package_identification:_identify(src/three_wheel_uros/lib) by extension 'ignore_ament_install'
[1.426s] Level 1:colcon.colcon_core.package_identification:_identify(src/three_wheel_uros/lib) by extensions ['colcon_pkg']
[1.426s] Level 1:colcon.colcon_core.package_identification:_identify(src/three_wheel_uros/lib) by extension 'colcon_pkg'
[1.427s] Level 1:colcon.colcon_core.package_identification:_identify(src/three_wheel_uros/lib) by extensions ['colcon_meta']
[1.427s] Level 1:colcon.colcon_core.package_identification:_identify(src/three_wheel_uros/lib) by extension 'colcon_meta'
[1.427s] Level 1:colcon.colcon_core.package_identification:_identify(src/three_wheel_uros/lib) by extensions ['ros']
[1.427s] Level 1:colcon.colcon_core.package_identification:_identify(src/three_wheel_uros/lib) by extension 'ros'
[1.427s] Level 1:colcon.colcon_core.package_identification:_identify(src/three_wheel_uros/lib) by extensions ['cmake', 'python']
[1.427s] Level 1:colcon.colcon_core.package_identification:_identify(src/three_wheel_uros/lib) by extension 'cmake'
[1.428s] Level 1:colcon.colcon_core.package_identification:_identify(src/three_wheel_uros/lib) by extension 'python'
[1.428s] Level 1:colcon.colcon_core.package_identification:_identify(src/three_wheel_uros/lib) by extensions ['python_setup_py']
[1.428s] Level 1:colcon.colcon_core.package_identification:_identify(src/three_wheel_uros/lib) by extension 'python_setup_py'
[1.428s] Level 1:colcon.colcon_core.package_identification:_identify(src/three_wheel_uros/src) by extensions ['ignore', 'ignore_ament_install']
[1.429s] Level 1:colcon.colcon_core.package_identification:_identify(src/three_wheel_uros/src) by extension 'ignore'
[1.429s] Level 1:colcon.colcon_core.package_identification:_identify(src/three_wheel_uros/src) by extension 'ignore_ament_install'
[1.429s] Level 1:colcon.colcon_core.package_identification:_identify(src/three_wheel_uros/src) by extensions ['colcon_pkg']
[1.429s] Level 1:colcon.colcon_core.package_identification:_identify(src/three_wheel_uros/src) by extension 'colcon_pkg'
[1.429s] Level 1:colcon.colcon_core.package_identification:_identify(src/three_wheel_uros/src) by extensions ['colcon_meta']
[1.429s] Level 1:colcon.colcon_core.package_identification:_identify(src/three_wheel_uros/src) by extension 'colcon_meta'
[1.430s] Level 1:colcon.colcon_core.package_identification:_identify(src/three_wheel_uros/src) by extensions ['ros']
[1.430s] Level 1:colcon.colcon_core.package_identification:_identify(src/three_wheel_uros/src) by extension 'ros'
[1.430s] Level 1:colcon.colcon_core.package_identification:_identify(src/three_wheel_uros/src) by extensions ['cmake', 'python']
[1.430s] Level 1:colcon.colcon_core.package_identification:_identify(src/three_wheel_uros/src) by extension 'cmake'
[1.430s] Level 1:colcon.colcon_core.package_identification:_identify(src/three_wheel_uros/src) by extension 'python'
[1.431s] Level 1:colcon.colcon_core.package_identification:_identify(src/three_wheel_uros/src) by extensions ['python_setup_py']
[1.431s] Level 1:colcon.colcon_core.package_identification:_identify(src/three_wheel_uros/src) by extension 'python_setup_py'
[1.431s] Level 1:colcon.colcon_core.package_identification:_identify(src/three_wheel_uros/test) by extensions ['ignore', 'ignore_ament_install']
[1.431s] Level 1:colcon.colcon_core.package_identification:_identify(src/three_wheel_uros/test) by extension 'ignore'
[1.432s] Level 1:colcon.colcon_core.package_identification:_identify(src/three_wheel_uros/test) by extension 'ignore_ament_install'
[1.432s] Level 1:colcon.colcon_core.package_identification:_identify(src/three_wheel_uros/test) by extensions ['colcon_pkg']
[1.432s] Level 1:colcon.colcon_core.package_identification:_identify(src/three_wheel_uros/test) by extension 'colcon_pkg'
[1.432s] Level 1:colcon.colcon_core.package_identification:_identify(src/three_wheel_uros/test) by extensions ['colcon_meta']
[1.432s] Level 1:colcon.colcon_core.package_identification:_identify(src/three_wheel_uros/test) by extension 'colcon_meta'
[1.432s] Level 1:colcon.colcon_core.package_identification:_identify(src/three_wheel_uros/test) by extensions ['ros']
[1.432s] Level 1:colcon.colcon_core.package_identification:_identify(src/three_wheel_uros/test) by extension 'ros'
[1.433s] Level 1:colcon.colcon_core.package_identification:_identify(src/three_wheel_uros/test) by extensions ['cmake', 'python']
[1.433s] Level 1:colcon.colcon_core.package_identification:_identify(src/three_wheel_uros/test) by extension 'cmake'
[1.433s] Level 1:colcon.colcon_core.package_identification:_identify(src/three_wheel_uros/test) by extension 'python'
[1.433s] Level 1:colcon.colcon_core.package_identification:_identify(src/three_wheel_uros/test) by extensions ['python_setup_py']
[1.433s] Level 1:colcon.colcon_core.package_identification:_identify(src/three_wheel_uros/test) by extension 'python_setup_py'
[1.434s] Level 1:colcon.colcon_core.package_identification:_identify(src/uros) by extensions ['ignore', 'ignore_ament_install']
[1.434s] Level 1:colcon.colcon_core.package_identification:_identify(src/uros) by extension 'ignore'
[1.434s] Level 1:colcon.colcon_core.package_identification:_identify(src/uros) by extension 'ignore_ament_install'
[1.435s] Level 1:colcon.colcon_core.package_identification:_identify(src/uros) by extensions ['colcon_pkg']
[1.435s] Level 1:colcon.colcon_core.package_identification:_identify(src/uros) by extension 'colcon_pkg'
[1.435s] Level 1:colcon.colcon_core.package_identification:_identify(src/uros) by extensions ['colcon_meta']
[1.435s] Level 1:colcon.colcon_core.package_identification:_identify(src/uros) by extension 'colcon_meta'
[1.435s] Level 1:colcon.colcon_core.package_identification:_identify(src/uros) by extensions ['ros']
[1.435s] Level 1:colcon.colcon_core.package_identification:_identify(src/uros) by extension 'ros'
[1.435s] Level 1:colcon.colcon_core.package_identification:_identify(src/uros) by extensions ['cmake', 'python']
[1.436s] Level 1:colcon.colcon_core.package_identification:_identify(src/uros) by extension 'cmake'
[1.436s] Level 1:colcon.colcon_core.package_identification:_identify(src/uros) by extension 'python'
[1.436s] Level 1:colcon.colcon_core.package_identification:_identify(src/uros) by extensions ['python_setup_py']
[1.436s] Level 1:colcon.colcon_core.package_identification:_identify(src/uros) by extension 'python_setup_py'
[1.437s] Level 1:colcon.colcon_core.package_identification:_identify(src/uros/micro-ROS-Agent) by extensions ['ignore', 'ignore_ament_install']
[1.437s] Level 1:colcon.colcon_core.package_identification:_identify(src/uros/micro-ROS-Agent) by extension 'ignore'
[1.437s] Level 1:colcon.colcon_core.package_identification:_identify(src/uros/micro-ROS-Agent) by extension 'ignore_ament_install'
[1.437s] Level 1:colcon.colcon_core.package_identification:_identify(src/uros/micro-ROS-Agent) by extensions ['colcon_pkg']
[1.437s] Level 1:colcon.colcon_core.package_identification:_identify(src/uros/micro-ROS-Agent) by extension 'colcon_pkg'
[1.437s] Level 1:colcon.colcon_core.package_identification:_identify(src/uros/micro-ROS-Agent) by extensions ['colcon_meta']
[1.438s] Level 1:colcon.colcon_core.package_identification:_identify(src/uros/micro-ROS-Agent) by extension 'colcon_meta'
[1.438s] Level 1:colcon.colcon_core.package_identification:_identify(src/uros/micro-ROS-Agent) by extensions ['ros']
[1.438s] Level 1:colcon.colcon_core.package_identification:_identify(src/uros/micro-ROS-Agent) by extension 'ros'
[1.438s] Level 1:colcon.colcon_core.package_identification:_identify(src/uros/micro-ROS-Agent) by extensions ['cmake', 'python']
[1.438s] Level 1:colcon.colcon_core.package_identification:_identify(src/uros/micro-ROS-Agent) by extension 'cmake'
[1.439s] Level 1:colcon.colcon_core.package_identification:_identify(src/uros/micro-ROS-Agent) by extension 'python'
[1.439s] Level 1:colcon.colcon_core.package_identification:_identify(src/uros/micro-ROS-Agent) by extensions ['python_setup_py']
[1.439s] Level 1:colcon.colcon_core.package_identification:_identify(src/uros/micro-ROS-Agent) by extension 'python_setup_py'
[1.439s] Level 1:colcon.colcon_core.package_identification:_identify(src/uros/micro-ROS-Agent/micro_ros_agent) by extensions ['ignore', 'ignore_ament_install']
[1.440s] Level 1:colcon.colcon_core.package_identification:_identify(src/uros/micro-ROS-Agent/micro_ros_agent) by extension 'ignore'
[1.440s] Level 1:colcon.colcon_core.package_identification:_identify(src/uros/micro-ROS-Agent/micro_ros_agent) by extension 'ignore_ament_install'
[1.440s] Level 1:colcon.colcon_core.package_identification:_identify(src/uros/micro-ROS-Agent/micro_ros_agent) by extensions ['colcon_pkg']
[1.440s] Level 1:colcon.colcon_core.package_identification:_identify(src/uros/micro-ROS-Agent/micro_ros_agent) by extension 'colcon_pkg'
[1.440s] Level 1:colcon.colcon_core.package_identification:_identify(src/uros/micro-ROS-Agent/micro_ros_agent) by extensions ['colcon_meta']
[1.440s] Level 1:colcon.colcon_core.package_identification:_identify(src/uros/micro-ROS-Agent/micro_ros_agent) by extension 'colcon_meta'
[1.441s] Level 1:colcon.colcon_core.package_identification:_identify(src/uros/micro-ROS-Agent/micro_ros_agent) by extensions ['ros']
[1.441s] Level 1:colcon.colcon_core.package_identification:_identify(src/uros/micro-ROS-Agent/micro_ros_agent) by extension 'ros'
[1.445s] DEBUG:colcon.colcon_core.package_identification:Package 'src/uros/micro-ROS-Agent/micro_ros_agent' with type 'ros.ament_cmake' and name 'micro_ros_agent'
[1.445s] Level 1:colcon.colcon_core.package_identification:_identify(src/uros/micro-ROS-Agent/snap) by extensions ['ignore', 'ignore_ament_install']
[1.446s] Level 1:colcon.colcon_core.package_identification:_identify(src/uros/micro-ROS-Agent/snap) by extension 'ignore'
[1.446s] Level 1:colcon.colcon_core.package_identification:_identify(src/uros/micro-ROS-Agent/snap) by extension 'ignore_ament_install'
[1.446s] Level 1:colcon.colcon_core.package_identification:_identify(src/uros/micro-ROS-Agent/snap) by extensions ['colcon_pkg']
[1.446s] Level 1:colcon.colcon_core.package_identification:_identify(src/uros/micro-ROS-Agent/snap) by extension 'colcon_pkg'
[1.446s] Level 1:colcon.colcon_core.package_identification:_identify(src/uros/micro-ROS-Agent/snap) by extensions ['colcon_meta']
[1.446s] Level 1:colcon.colcon_core.package_identification:_identify(src/uros/micro-ROS-Agent/snap) by extension 'colcon_meta'
[1.447s] Level 1:colcon.colcon_core.package_identification:_identify(src/uros/micro-ROS-Agent/snap) by extensions ['ros']
[1.447s] Level 1:colcon.colcon_core.package_identification:_identify(src/uros/micro-ROS-Agent/snap) by extension 'ros'
[1.447s] Level 1:colcon.colcon_core.package_identification:_identify(src/uros/micro-ROS-Agent/snap) by extensions ['cmake', 'python']
[1.447s] Level 1:colcon.colcon_core.package_identification:_identify(src/uros/micro-ROS-Agent/snap) by extension 'cmake'
[1.447s] Level 1:colcon.colcon_core.package_identification:_identify(src/uros/micro-ROS-Agent/snap) by extension 'python'
[1.448s] Level 1:colcon.colcon_core.package_identification:_identify(src/uros/micro-ROS-Agent/snap) by extensions ['python_setup_py']
[1.448s] Level 1:colcon.colcon_core.package_identification:_identify(src/uros/micro-ROS-Agent/snap) by extension 'python_setup_py'
[1.448s] Level 1:colcon.colcon_core.package_identification:_identify(src/uros/micro-ROS-Agent/snap/hooks) by extensions ['ignore', 'ignore_ament_install']
[1.448s] Level 1:colcon.colcon_core.package_identification:_identify(src/uros/micro-ROS-Agent/snap/hooks) by extension 'ignore'
[1.449s] Level 1:colcon.colcon_core.package_identification:_identify(src/uros/micro-ROS-Agent/snap/hooks) by extension 'ignore_ament_install'
[1.449s] Level 1:colcon.colcon_core.package_identification:_identify(src/uros/micro-ROS-Agent/snap/hooks) by extensions ['colcon_pkg']
[1.449s] Level 1:colcon.colcon_core.package_identification:_identify(src/uros/micro-ROS-Agent/snap/hooks) by extension 'colcon_pkg'
[1.449s] Level 1:colcon.colcon_core.package_identification:_identify(src/uros/micro-ROS-Agent/snap/hooks) by extensions ['colcon_meta']
[1.449s] Level 1:colcon.colcon_core.package_identification:_identify(src/uros/micro-ROS-Agent/snap/hooks) by extension 'colcon_meta'
[1.450s] Level 1:colcon.colcon_core.package_identification:_identify(src/uros/micro-ROS-Agent/snap/hooks) by extensions ['ros']
[1.450s] Level 1:colcon.colcon_core.package_identification:_identify(src/uros/micro-ROS-Agent/snap/hooks) by extension 'ros'
[1.450s] Level 1:colcon.colcon_core.package_identification:_identify(src/uros/micro-ROS-Agent/snap/hooks) by extensions ['cmake', 'python']
[1.450s] Level 1:colcon.colcon_core.package_identification:_identify(src/uros/micro-ROS-Agent/snap/hooks) by extension 'cmake'
[1.450s] Level 1:colcon.colcon_core.package_identification:_identify(src/uros/micro-ROS-Agent/snap/hooks) by extension 'python'
[1.450s] Level 1:colcon.colcon_core.package_identification:_identify(src/uros/micro-ROS-Agent/snap/hooks) by extensions ['python_setup_py']
[1.451s] Level 1:colcon.colcon_core.package_identification:_identify(src/uros/micro-ROS-Agent/snap/hooks) by extension 'python_setup_py'
[1.451s] Level 1:colcon.colcon_core.package_identification:_identify(src/uros/micro-ROS-Agent/snap/local) by extensions ['ignore', 'ignore_ament_install']
[1.451s] Level 1:colcon.colcon_core.package_identification:_identify(src/uros/micro-ROS-Agent/snap/local) by extension 'ignore'
[1.452s] Level 1:colcon.colcon_core.package_identification:_identify(src/uros/micro-ROS-Agent/snap/local) by extension 'ignore_ament_install'
[1.452s] Level 1:colcon.colcon_core.package_identification:_identify(src/uros/micro-ROS-Agent/snap/local) by extensions ['colcon_pkg']
[1.452s] Level 1:colcon.colcon_core.package_identification:_identify(src/uros/micro-ROS-Agent/snap/local) by extension 'colcon_pkg'
[1.452s] Level 1:colcon.colcon_core.package_identification:_identify(src/uros/micro-ROS-Agent/snap/local) by extensions ['colcon_meta']
[1.452s] Level 1:colcon.colcon_core.package_identification:_identify(src/uros/micro-ROS-Agent/snap/local) by extension 'colcon_meta'
[1.452s] Level 1:colcon.colcon_core.package_identification:_identify(src/uros/micro-ROS-Agent/snap/local) by extensions ['ros']
[1.452s] Level 1:colcon.colcon_core.package_identification:_identify(src/uros/micro-ROS-Agent/snap/local) by extension 'ros'
[1.453s] Level 1:colcon.colcon_core.package_identification:_identify(src/uros/micro-ROS-Agent/snap/local) by extensions ['cmake', 'python']
[1.453s] Level 1:colcon.colcon_core.package_identification:_identify(src/uros/micro-ROS-Agent/snap/local) by extension 'cmake'
[1.453s] Level 1:colcon.colcon_core.package_identification:_identify(src/uros/micro-ROS-Agent/snap/local) by extension 'python'
[1.453s] Level 1:colcon.colcon_core.package_identification:_identify(src/uros/micro-ROS-Agent/snap/local) by extensions ['python_setup_py']
[1.453s] Level 1:colcon.colcon_core.package_identification:_identify(src/uros/micro-ROS-Agent/snap/local) by extension 'python_setup_py'
[1.454s] Level 1:colcon.colcon_core.package_identification:_identify(src/uros/micro_ros_msgs) by extensions ['ignore', 'ignore_ament_install']
[1.454s] Level 1:colcon.colcon_core.package_identification:_identify(src/uros/micro_ros_msgs) by extension 'ignore'
[1.454s] Level 1:colcon.colcon_core.package_identification:_identify(src/uros/micro_ros_msgs) by extension 'ignore_ament_install'
[1.455s] Level 1:colcon.colcon_core.package_identification:_identify(src/uros/micro_ros_msgs) by extensions ['colcon_pkg']
[1.455s] Level 1:colcon.colcon_core.package_identification:_identify(src/uros/micro_ros_msgs) by extension 'colcon_pkg'
[1.455s] Level 1:colcon.colcon_core.package_identification:_identify(src/uros/micro_ros_msgs) by extensions ['colcon_meta']
[1.455s] Level 1:colcon.colcon_core.package_identification:_identify(src/uros/micro_ros_msgs) by extension 'colcon_meta'
[1.455s] Level 1:colcon.colcon_core.package_identification:_identify(src/uros/micro_ros_msgs) by extensions ['ros']
[1.455s] Level 1:colcon.colcon_core.package_identification:_identify(src/uros/micro_ros_msgs) by extension 'ros'
[1.458s] DEBUG:colcon.colcon_core.package_identification:Package 'src/uros/micro_ros_msgs' with type 'ros.ament_cmake' and name 'micro_ros_msgs'
[1.458s] Level 1:colcon.colcon_core.package_discovery:discover_packages(recursive) using defaults
[1.458s] Level 1:colcon.colcon_core.package_discovery:discover_packages(ignore) discover
[1.458s] Level 1:colcon.colcon_core.package_discovery:discover_packages(ignore) using defaults
[1.458s] Level 1:colcon.colcon_core.package_discovery:discover_packages(path) discover
[1.458s] Level 1:colcon.colcon_core.package_discovery:discover_packages(path) using defaults
[1.577s] INFO:colcon.colcon_core.package_selection:Skipping package 'micro_ros_setup' in 'src/micro_ros_setup'
[1.579s] Level 1:colcon.colcon_core.package_discovery:discover_packages(prefix_path) check parameters
[1.579s] Level 1:colcon.colcon_core.package_discovery:discover_packages(prefix_path) discover
[1.583s] WARNING:colcon.colcon_ros.prefix_path.ament:The path '/home/piros/Work/ROS2/control_ws/install/three_wheel' in the environment variable AMENT_PREFIX_PATH doesn't exist
[1.584s] WARNING:colcon.colcon_ros.prefix_path.ament:The path '/home/piros/Work/ROS2/control_ws/install/diffdrive_arduino' in the environment variable AMENT_PREFIX_PATH doesn't exist
[1.584s] WARNING:colcon.colcon_ros.prefix_path.ament:The path '/home/piros/Work/ROS2/turtlebot3_ws/install/turtlebot3_simulations' in the environment variable AMENT_PREFIX_PATH doesn't exist
[1.584s] WARNING:colcon.colcon_ros.prefix_path.ament:The path '/home/piros/Work/ROS2/turtlebot3_ws/install/turtlebot3_gazebo' in the environment variable AMENT_PREFIX_PATH doesn't exist
[1.585s] WARNING:colcon.colcon_ros.prefix_path.ament:The path '/home/piros/Work/ROS2/turtlebot3_ws/install/turtlebot3_fake_node' in the environment variable AMENT_PREFIX_PATH doesn't exist
[1.588s] WARNING:colcon.colcon_ros.prefix_path.catkin:The path '/home/piros/Work/ROS2/control_ws/install/three_wheel' in the environment variable CMAKE_PREFIX_PATH doesn't exist
[1.589s] WARNING:colcon.colcon_ros.prefix_path.catkin:The path '/home/piros/Work/ROS2/control_ws/install/diffdrive_arduino' in the environment variable CMAKE_PREFIX_PATH doesn't exist
[1.589s] WARNING:colcon.colcon_ros.prefix_path.catkin:The path '/home/piros/Work/ROS2/turtlebot3_ws/install/turtlebot3_simulations' in the environment variable CMAKE_PREFIX_PATH doesn't exist
[1.589s] WARNING:colcon.colcon_ros.prefix_path.catkin:The path '/home/piros/Work/ROS2/turtlebot3_ws/install/turtlebot3_gazebo' in the environment variable CMAKE_PREFIX_PATH doesn't exist
[1.589s] WARNING:colcon.colcon_ros.prefix_path.catkin:The path '/home/piros/Work/ROS2/turtlebot3_ws/install/turtlebot3_fake_node' in the environment variable CMAKE_PREFIX_PATH doesn't exist
[1.593s] DEBUG:colcon.colcon_installed_package_information.package_discovery:Found 0 installed packages in /home/piros/Work/ROS2/turtlebot3_ws/install
[1.595s] DEBUG:colcon.colcon_installed_package_information.package_discovery:Found 1 installed packages in /home/piros/Work/rplidar_ws/install
[1.598s] DEBUG:colcon.colcon_installed_package_information.package_discovery:Found 2 installed packages in /home/piros/Work/ROS2/ros2_ws_1/install
[1.602s] DEBUG:colcon.colcon_installed_package_information.package_discovery:Found 5 installed packages in /home/piros/Work/ROS2/ros2_ws/install
[1.606s] DEBUG:colcon.colcon_installed_package_information.package_discovery:Found 3 installed packages in /home/piros/Work/ROS2/microRos_ws/install
[1.608s] DEBUG:colcon.colcon_installed_package_information.package_discovery:Found 1 installed packages in /home/piros/Work/ROS2/control_ws/install
[1.611s] DEBUG:colcon.colcon_installed_package_information.package_discovery:Found 2 installed packages in /home/piros/Work/ROS2/controller_ws/install
[1.621s] DEBUG:colcon.colcon_installed_package_information.package_discovery:Found 314 installed packages in /opt/ros/humble
[1.630s] Level 1:colcon.colcon_core.package_discovery:discover_packages(prefix_path) using defaults
[1.813s] WARNING:colcon.colcon_core.package_selection:Some selected packages are already built in one or more underlay workspaces:
	'micro_ros_agent' is in: /home/piros/Work/ROS2/microRos_ws/install/micro_ros_agent
If a package in a merged underlay workspace is overridden and it installs headers, then all packages in the overlay must sort their include directories by workspace order. Failure to do so may result in build failures or undefined behavior at run time.
If the overridden package is used by another package in any underlay, then the overriding package in the overlay must be API and ABI compatible or undefined behavior at run time may occur.

If you understand the risks and want to override a package anyways, add the following to the command line:
	--allow-overriding micro_ros_agent

This may be promoted to an error in a future release of colcon-override-check.
[1.817s] Level 5:colcon.colcon_core.verb:set package 'micro_ros_msgs' build argument 'cmake_args' from command line to '['-DUAGENT_BUILD_EXECUTABLE=OFF', '-DUAGENT_P2P_PROFILE=OFF', '--no-warn-unused-cli']'
[1.817s] Level 5:colcon.colcon_core.verb:set package 'micro_ros_msgs' build argument 'cmake_target' from command line to 'None'
[1.817s] Level 5:colcon.colcon_core.verb:set package 'micro_ros_msgs' build argument 'cmake_target_skip_unavailable' from command line to 'False'
[1.817s] Level 5:colcon.colcon_core.verb:set package 'micro_ros_msgs' build argument 'cmake_clean_cache' from command line to 'False'
[1.817s] Level 5:colcon.colcon_core.verb:set package 'micro_ros_msgs' build argument 'cmake_clean_first' from command line to 'False'
[1.817s] Level 5:colcon.colcon_core.verb:set package 'micro_ros_msgs' build argument 'cmake_force_configure' from command line to 'False'
[1.817s] Level 5:colcon.colcon_core.verb:set package 'micro_ros_msgs' build argument 'ament_cmake_args' from command line to 'None'
[1.818s] Level 5:colcon.colcon_core.verb:set package 'micro_ros_msgs' build argument 'catkin_cmake_args' from command line to 'None'
[1.818s] Level 5:colcon.colcon_core.verb:set package 'micro_ros_msgs' build argument 'catkin_skip_building_tests' from command line to 'False'
[1.818s] DEBUG:colcon.colcon_core.verb:Building package 'micro_ros_msgs' with the following arguments: {'ament_cmake_args': None, 'build_base': '/home/piros/Work/ROS2/microRos_ws/build/micro_ros_msgs', 'catkin_cmake_args': None, 'catkin_skip_building_tests': False, 'cmake_args': ['-DUAGENT_BUILD_EXECUTABLE=OFF', '-DUAGENT_P2P_PROFILE=OFF', '--no-warn-unused-cli'], 'cmake_clean_cache': False, 'cmake_clean_first': False, 'cmake_force_configure': False, 'cmake_target': None, 'cmake_target_skip_unavailable': False, 'install_base': '/home/piros/Work/ROS2/microRos_ws/install/micro_ros_msgs', 'merge_install': False, 'path': '/home/piros/Work/ROS2/microRos_ws/src/uros/micro_ros_msgs', 'symlink_install': False, 'test_result_base': None}
[1.819s] Level 5:colcon.colcon_core.verb:set package 'micro_ros_agent' build argument 'cmake_args' from command line to '['-DUAGENT_BUILD_EXECUTABLE=OFF', '-DUAGENT_P2P_PROFILE=OFF', '--no-warn-unused-cli']'
[1.819s] Level 5:colcon.colcon_core.verb:set package 'micro_ros_agent' build argument 'cmake_target' from command line to 'None'
[1.820s] Level 5:colcon.colcon_core.verb:set package 'micro_ros_agent' build argument 'cmake_target_skip_unavailable' from command line to 'False'
[1.820s] Level 5:colcon.colcon_core.verb:set package 'micro_ros_agent' build argument 'cmake_clean_cache' from command line to 'False'
[1.820s] Level 5:colcon.colcon_core.verb:set package 'micro_ros_agent' build argument 'cmake_clean_first' from command line to 'False'
[1.820s] Level 5:colcon.colcon_core.verb:set package 'micro_ros_agent' build argument 'cmake_force_configure' from command line to 'False'
[1.820s] Level 5:colcon.colcon_core.verb:set package 'micro_ros_agent' build argument 'ament_cmake_args' from command line to 'None'
[1.820s] Level 5:colcon.colcon_core.verb:set package 'micro_ros_agent' build argument 'catkin_cmake_args' from command line to 'None'
[1.820s] Level 5:colcon.colcon_core.verb:set package 'micro_ros_agent' build argument 'catkin_skip_building_tests' from command line to 'False'
[1.820s] DEBUG:colcon.colcon_core.verb:Building package 'micro_ros_agent' with the following arguments: {'ament_cmake_args': None, 'build_base': '/home/piros/Work/ROS2/microRos_ws/build/micro_ros_agent', 'catkin_cmake_args': None, 'catkin_skip_building_tests': False, 'cmake_args': ['-DUAGENT_BUILD_EXECUTABLE=OFF', '-DUAGENT_P2P_PROFILE=OFF', '--no-warn-unused-cli'], 'cmake_clean_cache': False, 'cmake_clean_first': False, 'cmake_force_configure': False, 'cmake_target': None, 'cmake_target_skip_unavailable': False, 'install_base': '/home/piros/Work/ROS2/microRos_ws/install/micro_ros_agent', 'merge_install': False, 'path': '/home/piros/Work/ROS2/microRos_ws/src/uros/micro-ROS-Agent/micro_ros_agent', 'symlink_install': False, 'test_result_base': None}
[1.821s] INFO:colcon.colcon_core.executor:Executing jobs using 'parallel' executor
[1.824s] DEBUG:colcon.colcon_parallel_executor.executor.parallel:run_until_complete
[1.825s] INFO:colcon.colcon_ros.task.ament_cmake.build:Building ROS package in '/home/piros/Work/ROS2/microRos_ws/src/uros/micro_ros_msgs' with build type 'ament_cmake'
[1.826s] INFO:colcon.colcon_cmake.task.cmake.build:Building CMake package in '/home/piros/Work/ROS2/microRos_ws/src/uros/micro_ros_msgs'
[1.837s] INFO:colcon.colcon_core.plugin_system:Skipping extension 'colcon_core.shell.bat': Not used on non-Windows systems
[1.838s] INFO:colcon.colcon_core.shell:Skip shell extension 'powershell' for command environment: Not usable outside of PowerShell
[1.839s] DEBUG:colcon.colcon_core.shell:Skip shell extension 'dsv' for command environment
[1.902s] DEBUG:colcon.colcon_core.event_handler.log_command:Invoking command in '/home/piros/Work/ROS2/microRos_ws/build/micro_ros_msgs': CMAKE_PREFIX_PATH=${CMAKE_PREFIX_PATH}:/home/piros/Work/ROS2/ros2_ws/install/py_pkg:/opt/ros/humble /usr/bin/cmake /home/piros/Work/ROS2/microRos_ws/src/uros/micro_ros_msgs -DUAGENT_BUILD_EXECUTABLE=OFF -DUAGENT_P2P_PROFILE=OFF --no-warn-unused-cli -DCMAKE_INSTALL_PREFIX=/home/piros/Work/ROS2/microRos_ws/install/micro_ros_msgs
[6.936s] DEBUG:colcon.colcon_core.event_handler.log_command:Invoked command in '/home/piros/Work/ROS2/microRos_ws/build/micro_ros_msgs' returned '0': CMAKE_PREFIX_PATH=${CMAKE_PREFIX_PATH}:/home/piros/Work/ROS2/ros2_ws/install/py_pkg:/opt/ros/humble /usr/bin/cmake /home/piros/Work/ROS2/microRos_ws/src/uros/micro_ros_msgs -DUAGENT_BUILD_EXECUTABLE=OFF -DUAGENT_P2P_PROFILE=OFF --no-warn-unused-cli -DCMAKE_INSTALL_PREFIX=/home/piros/Work/ROS2/microRos_ws/install/micro_ros_msgs
[6.947s] DEBUG:colcon.colcon_core.event_handler.log_command:Invoking command in '/home/piros/Work/ROS2/microRos_ws/build/micro_ros_msgs': CMAKE_PREFIX_PATH=${CMAKE_PREFIX_PATH}:/home/piros/Work/ROS2/ros2_ws/install/py_pkg:/opt/ros/humble /usr/bin/cmake --build /home/piros/Work/ROS2/microRos_ws/build/micro_ros_msgs -- -j4 -l4
[8.951s] DEBUG:colcon.colcon_core.event_handler.log_command:Invoked command in '/home/piros/Work/ROS2/microRos_ws/build/micro_ros_msgs' returned '0': CMAKE_PREFIX_PATH=${CMAKE_PREFIX_PATH}:/home/piros/Work/ROS2/ros2_ws/install/py_pkg:/opt/ros/humble /usr/bin/cmake --build /home/piros/Work/ROS2/microRos_ws/build/micro_ros_msgs -- -j4 -l4
[9.006s] DEBUG:colcon.colcon_core.event_handler.log_command:Invoking command in '/home/piros/Work/ROS2/microRos_ws/build/micro_ros_msgs': CMAKE_PREFIX_PATH=${CMAKE_PREFIX_PATH}:/home/piros/Work/ROS2/ros2_ws/install/py_pkg:/opt/ros/humble /usr/bin/cmake --install /home/piros/Work/ROS2/microRos_ws/build/micro_ros_msgs
[9.333s] Level 1:colcon.colcon_core.environment:create_environment_scripts_only(micro_ros_msgs)
[9.334s] DEBUG:colcon.colcon_core.event_handler.log_command:Invoked command in '/home/piros/Work/ROS2/microRos_ws/build/micro_ros_msgs' returned '0': CMAKE_PREFIX_PATH=${CMAKE_PREFIX_PATH}:/home/piros/Work/ROS2/ros2_ws/install/py_pkg:/opt/ros/humble /usr/bin/cmake --install /home/piros/Work/ROS2/microRos_ws/build/micro_ros_msgs
[9.344s] Level 1:colcon.colcon_core.environment:checking '/home/piros/Work/ROS2/microRos_ws/install/micro_ros_msgs' for CMake module files
[9.350s] Level 1:colcon.colcon_core.environment:checking '/home/piros/Work/ROS2/microRos_ws/install/micro_ros_msgs' for CMake config files
[9.356s] Level 1:colcon.colcon_core.shell:create_environment_hook('micro_ros_msgs', 'cmake_prefix_path')
[9.357s] INFO:colcon.colcon_core.shell:Creating environment hook '/home/piros/Work/ROS2/microRos_ws/install/micro_ros_msgs/share/micro_ros_msgs/hook/cmake_prefix_path.ps1'
[9.360s] INFO:colcon.colcon_core.shell:Creating environment descriptor '/home/piros/Work/ROS2/microRos_ws/install/micro_ros_msgs/share/micro_ros_msgs/hook/cmake_prefix_path.dsv'
[9.362s] INFO:colcon.colcon_core.shell:Creating environment hook '/home/piros/Work/ROS2/microRos_ws/install/micro_ros_msgs/share/micro_ros_msgs/hook/cmake_prefix_path.sh'
[9.366s] Level 1:colcon.colcon_core.environment:checking '/home/piros/Work/ROS2/microRos_ws/install/micro_ros_msgs/lib'
[9.367s] Level 1:colcon.colcon_core.shell:create_environment_hook('micro_ros_msgs', 'ld_library_path_lib')
[9.368s] INFO:colcon.colcon_core.shell:Creating environment hook '/home/piros/Work/ROS2/microRos_ws/install/micro_ros_msgs/share/micro_ros_msgs/hook/ld_library_path_lib.ps1'
[9.370s] INFO:colcon.colcon_core.shell:Creating environment descriptor '/home/piros/Work/ROS2/microRos_ws/install/micro_ros_msgs/share/micro_ros_msgs/hook/ld_library_path_lib.dsv'
[9.372s] INFO:colcon.colcon_core.shell:Creating environment hook '/home/piros/Work/ROS2/microRos_ws/install/micro_ros_msgs/share/micro_ros_msgs/hook/ld_library_path_lib.sh'
[9.374s] Level 1:colcon.colcon_core.environment:checking '/home/piros/Work/ROS2/microRos_ws/install/micro_ros_msgs/bin'
[9.374s] Level 1:colcon.colcon_core.environment:checking '/home/piros/Work/ROS2/microRos_ws/install/micro_ros_msgs/lib/pkgconfig/micro_ros_msgs.pc'
[9.375s] Level 1:colcon.colcon_core.environment:checking '/home/piros/Work/ROS2/microRos_ws/install/micro_ros_msgs/lib/python3.10/site-packages'
[9.376s] Level 1:colcon.colcon_core.environment:checking '/home/piros/Work/ROS2/microRos_ws/install/micro_ros_msgs/bin'
[9.377s] INFO:colcon.colcon_core.shell:Creating package script '/home/piros/Work/ROS2/microRos_ws/install/micro_ros_msgs/share/micro_ros_msgs/package.ps1'
[9.381s] INFO:colcon.colcon_core.shell:Creating package descriptor '/home/piros/Work/ROS2/microRos_ws/install/micro_ros_msgs/share/micro_ros_msgs/package.dsv'
[9.384s] INFO:colcon.colcon_core.shell:Creating package script '/home/piros/Work/ROS2/microRos_ws/install/micro_ros_msgs/share/micro_ros_msgs/package.sh'
[9.387s] INFO:colcon.colcon_core.shell:Creating package script '/home/piros/Work/ROS2/microRos_ws/install/micro_ros_msgs/share/micro_ros_msgs/package.bash'
[9.391s] INFO:colcon.colcon_core.shell:Creating package script '/home/piros/Work/ROS2/microRos_ws/install/micro_ros_msgs/share/micro_ros_msgs/package.zsh'
[9.394s] Level 1:colcon.colcon_core.environment:create_file_with_runtime_dependencies(/home/piros/Work/ROS2/microRos_ws/install/micro_ros_msgs/share/colcon-core/packages/micro_ros_msgs)
[9.397s] Level 1:colcon.colcon_core.environment:create_environment_scripts_only(micro_ros_msgs)
[9.398s] Level 1:colcon.colcon_core.environment:checking '/home/piros/Work/ROS2/microRos_ws/install/micro_ros_msgs' for CMake module files
[9.404s] Level 1:colcon.colcon_core.environment:checking '/home/piros/Work/ROS2/microRos_ws/install/micro_ros_msgs' for CMake config files
[9.409s] Level 1:colcon.colcon_core.shell:create_environment_hook('micro_ros_msgs', 'cmake_prefix_path')
[9.410s] INFO:colcon.colcon_core.shell:Creating environment hook '/home/piros/Work/ROS2/microRos_ws/install/micro_ros_msgs/share/micro_ros_msgs/hook/cmake_prefix_path.ps1'
[9.412s] INFO:colcon.colcon_core.shell:Creating environment descriptor '/home/piros/Work/ROS2/microRos_ws/install/micro_ros_msgs/share/micro_ros_msgs/hook/cmake_prefix_path.dsv'
[9.414s] INFO:colcon.colcon_core.shell:Creating environment hook '/home/piros/Work/ROS2/microRos_ws/install/micro_ros_msgs/share/micro_ros_msgs/hook/cmake_prefix_path.sh'
[9.416s] Level 1:colcon.colcon_core.environment:checking '/home/piros/Work/ROS2/microRos_ws/install/micro_ros_msgs/lib'
[9.417s] Level 1:colcon.colcon_core.shell:create_environment_hook('micro_ros_msgs', 'ld_library_path_lib')
[9.418s] INFO:colcon.colcon_core.shell:Creating environment hook '/home/piros/Work/ROS2/microRos_ws/install/micro_ros_msgs/share/micro_ros_msgs/hook/ld_library_path_lib.ps1'
[9.420s] INFO:colcon.colcon_core.shell:Creating environment descriptor '/home/piros/Work/ROS2/microRos_ws/install/micro_ros_msgs/share/micro_ros_msgs/hook/ld_library_path_lib.dsv'
[9.422s] INFO:colcon.colcon_core.shell:Creating environment hook '/home/piros/Work/ROS2/microRos_ws/install/micro_ros_msgs/share/micro_ros_msgs/hook/ld_library_path_lib.sh'
[9.424s] Level 1:colcon.colcon_core.environment:checking '/home/piros/Work/ROS2/microRos_ws/install/micro_ros_msgs/bin'
[9.425s] Level 1:colcon.colcon_core.environment:checking '/home/piros/Work/ROS2/microRos_ws/install/micro_ros_msgs/lib/pkgconfig/micro_ros_msgs.pc'
[9.426s] Level 1:colcon.colcon_core.environment:checking '/home/piros/Work/ROS2/microRos_ws/install/micro_ros_msgs/lib/python3.10/site-packages'
[9.427s] Level 1:colcon.colcon_core.environment:checking '/home/piros/Work/ROS2/microRos_ws/install/micro_ros_msgs/bin'
[9.428s] INFO:colcon.colcon_core.shell:Creating package script '/home/piros/Work/ROS2/microRos_ws/install/micro_ros_msgs/share/micro_ros_msgs/package.ps1'
[9.431s] INFO:colcon.colcon_core.shell:Creating package descriptor '/home/piros/Work/ROS2/microRos_ws/install/micro_ros_msgs/share/micro_ros_msgs/package.dsv'
[9.433s] INFO:colcon.colcon_core.shell:Creating package script '/home/piros/Work/ROS2/microRos_ws/install/micro_ros_msgs/share/micro_ros_msgs/package.sh'
[9.435s] INFO:colcon.colcon_core.shell:Creating package script '/home/piros/Work/ROS2/microRos_ws/install/micro_ros_msgs/share/micro_ros_msgs/package.bash'
[9.437s] INFO:colcon.colcon_core.shell:Creating package script '/home/piros/Work/ROS2/microRos_ws/install/micro_ros_msgs/share/micro_ros_msgs/package.zsh'
[9.439s] Level 1:colcon.colcon_core.environment:create_file_with_runtime_dependencies(/home/piros/Work/ROS2/microRos_ws/install/micro_ros_msgs/share/colcon-core/packages/micro_ros_msgs)
[9.441s] INFO:colcon.colcon_ros.task.ament_cmake.build:Building ROS package in '/home/piros/Work/ROS2/microRos_ws/src/uros/micro-ROS-Agent/micro_ros_agent' with build type 'ament_cmake'
[9.441s] INFO:colcon.colcon_cmake.task.cmake.build:Building CMake package in '/home/piros/Work/ROS2/microRos_ws/src/uros/micro-ROS-Agent/micro_ros_agent'
[9.443s] INFO:colcon.colcon_core.shell:Skip shell extension 'powershell' for command environment: Not usable outside of PowerShell
[9.443s] DEBUG:colcon.colcon_core.shell:Skip shell extension 'dsv' for command environment
[9.532s] DEBUG:colcon.colcon_core.event_handler.log_command:Invoking command in '/home/piros/Work/ROS2/microRos_ws/build/micro_ros_agent': CMAKE_PREFIX_PATH=/home/piros/Work/ROS2/microRos_ws/install/micro_ros_msgs:/home/piros/Work/ROS2/control_ws/install/three_wheel:/home/piros/Work/ROS2/control_ws/install/diffdrive_arduino:/home/piros/Work/ROS2/control_ws/install/diff_drive:/home/piros/Work/ROS2/turtlebot3_ws/install/turtlebot3_simulations:/home/piros/Work/ROS2/turtlebot3_ws/install/turtlebot3_gazebo:/home/piros/Work/ROS2/turtlebot3_ws/install/turtlebot3_fake_node:/home/piros/Work/ROS2/microRos_ws/install/micro_ros_setup:/home/piros/Work/ROS2/microRos_ws/install/micro_ros_agent:/home/piros/Work/ROS2/ros2_ws_1/install/mera_robot_bringup:/home/piros/Work/ROS2/ros2_ws_1/install/my_robot_description:/home/piros/Work/ROS2/ros2_ws/install/my_robot_bringup:/home/piros/Work/ROS2/ros2_ws/install/cpp_pkg:/home/piros/Work/ROS2/ros2_ws/install/course_activities:/home/piros/Work/ROS2/ros2_ws/install/my_robot_interfaces:/home/piros/Work/ROS2/controller_ws/install/three_omniwheel_controller:/home/piros/Work/ROS2/controller_ws/install/diff_drive_controller:/home/piros/Work/rplidar_ws/install/rplidar_ros:/home/piros/Work/ROS2/ros2_ws/install/py_pkg:/opt/ros/humble LD_LIBRARY_PATH=/home/piros/Work/ROS2/microRos_ws/install/micro_ros_msgs/lib:/home/piros/Work/ROS2/control_ws/install/three_wheel/lib:/home/piros/Work/ROS2/control_ws/install/diffdrive_arduino/lib:/home/piros/Work/ROS2/control_ws/install/diff_drive/lib:/home/piros/Work/ROS2/microRos_ws/install/micro_ros_agent/lib:/home/piros/Work/ROS2/ros2_ws/install/my_robot_interfaces/lib:/home/piros/Work/ROS2/controller_ws/install/three_omniwheel_controller/lib:/home/piros/Work/ROS2/controller_ws/install/diff_drive_controller/lib:/opt/ros/humble/opt/rviz_ogre_vendor/lib:/opt/ros/humble/lib/aarch64-linux-gnu:/opt/ros/humble/lib /usr/bin/cmake /home/piros/Work/ROS2/microRos_ws/src/uros/micro-ROS-Agent/micro_ros_agent -DUAGENT_BUILD_EXECUTABLE=OFF -DUAGENT_P2P_PROFILE=OFF --no-warn-unused-cli -DCMAKE_INSTALL_PREFIX=/home/piros/Work/ROS2/microRos_ws/install/micro_ros_agent
[12.074s] DEBUG:colcon.colcon_core.event_handler.log_command:Invoked command in '/home/piros/Work/ROS2/microRos_ws/build/micro_ros_agent' returned '0': CMAKE_PREFIX_PATH=/home/piros/Work/ROS2/microRos_ws/install/micro_ros_msgs:/home/piros/Work/ROS2/control_ws/install/three_wheel:/home/piros/Work/ROS2/control_ws/install/diffdrive_arduino:/home/piros/Work/ROS2/control_ws/install/diff_drive:/home/piros/Work/ROS2/turtlebot3_ws/install/turtlebot3_simulations:/home/piros/Work/ROS2/turtlebot3_ws/install/turtlebot3_gazebo:/home/piros/Work/ROS2/turtlebot3_ws/install/turtlebot3_fake_node:/home/piros/Work/ROS2/microRos_ws/install/micro_ros_setup:/home/piros/Work/ROS2/microRos_ws/install/micro_ros_agent:/home/piros/Work/ROS2/ros2_ws_1/install/mera_robot_bringup:/home/piros/Work/ROS2/ros2_ws_1/install/my_robot_description:/home/piros/Work/ROS2/ros2_ws/install/my_robot_bringup:/home/piros/Work/ROS2/ros2_ws/install/cpp_pkg:/home/piros/Work/ROS2/ros2_ws/install/course_activities:/home/piros/Work/ROS2/ros2_ws/install/my_robot_interfaces:/home/piros/Work/ROS2/controller_ws/install/three_omniwheel_controller:/home/piros/Work/ROS2/controller_ws/install/diff_drive_controller:/home/piros/Work/rplidar_ws/install/rplidar_ros:/home/piros/Work/ROS2/ros2_ws/install/py_pkg:/opt/ros/humble LD_LIBRARY_PATH=/home/piros/Work/ROS2/microRos_ws/install/micro_ros_msgs/lib:/home/piros/Work/ROS2/control_ws/install/three_wheel/lib:/home/piros/Work/ROS2/control_ws/install/diffdrive_arduino/lib:/home/piros/Work/ROS2/control_ws/install/diff_drive/lib:/home/piros/Work/ROS2/microRos_ws/install/micro_ros_agent/lib:/home/piros/Work/ROS2/ros2_ws/install/my_robot_interfaces/lib:/home/piros/Work/ROS2/controller_ws/install/three_omniwheel_controller/lib:/home/piros/Work/ROS2/controller_ws/install/diff_drive_controller/lib:/opt/ros/humble/opt/rviz_ogre_vendor/lib:/opt/ros/humble/lib/aarch64-linux-gnu:/opt/ros/humble/lib /usr/bin/cmake /home/piros/Work/ROS2/microRos_ws/src/uros/micro-ROS-Agent/micro_ros_agent -DUAGENT_BUILD_EXECUTABLE=OFF -DUAGENT_P2P_PROFILE=OFF --no-warn-unused-cli -DCMAKE_INSTALL_PREFIX=/home/piros/Work/ROS2/microRos_ws/install/micro_ros_agent
[12.085s] DEBUG:colcon.colcon_core.event_handler.log_command:Invoking command in '/home/piros/Work/ROS2/microRos_ws/build/micro_ros_agent': CMAKE_PREFIX_PATH=/home/piros/Work/ROS2/microRos_ws/install/micro_ros_msgs:/home/piros/Work/ROS2/control_ws/install/three_wheel:/home/piros/Work/ROS2/control_ws/install/diffdrive_arduino:/home/piros/Work/ROS2/control_ws/install/diff_drive:/home/piros/Work/ROS2/turtlebot3_ws/install/turtlebot3_simulations:/home/piros/Work/ROS2/turtlebot3_ws/install/turtlebot3_gazebo:/home/piros/Work/ROS2/turtlebot3_ws/install/turtlebot3_fake_node:/home/piros/Work/ROS2/microRos_ws/install/micro_ros_setup:/home/piros/Work/ROS2/microRos_ws/install/micro_ros_agent:/home/piros/Work/ROS2/ros2_ws_1/install/mera_robot_bringup:/home/piros/Work/ROS2/ros2_ws_1/install/my_robot_description:/home/piros/Work/ROS2/ros2_ws/install/my_robot_bringup:/home/piros/Work/ROS2/ros2_ws/install/cpp_pkg:/home/piros/Work/ROS2/ros2_ws/install/course_activities:/home/piros/Work/ROS2/ros2_ws/install/my_robot_interfaces:/home/piros/Work/ROS2/controller_ws/install/three_omniwheel_controller:/home/piros/Work/ROS2/controller_ws/install/diff_drive_controller:/home/piros/Work/rplidar_ws/install/rplidar_ros:/home/piros/Work/ROS2/ros2_ws/install/py_pkg:/opt/ros/humble LD_LIBRARY_PATH=/home/piros/Work/ROS2/microRos_ws/install/micro_ros_msgs/lib:/home/piros/Work/ROS2/control_ws/install/three_wheel/lib:/home/piros/Work/ROS2/control_ws/install/diffdrive_arduino/lib:/home/piros/Work/ROS2/control_ws/install/diff_drive/lib:/home/piros/Work/ROS2/microRos_ws/install/micro_ros_agent/lib:/home/piros/Work/ROS2/ros2_ws/install/my_robot_interfaces/lib:/home/piros/Work/ROS2/controller_ws/install/three_omniwheel_controller/lib:/home/piros/Work/ROS2/controller_ws/install/diff_drive_controller/lib:/opt/ros/humble/opt/rviz_ogre_vendor/lib:/opt/ros/humble/lib/aarch64-linux-gnu:/opt/ros/humble/lib /usr/bin/cmake --build /home/piros/Work/ROS2/microRos_ws/build/micro_ros_agent -- -j4 -l4
[12.482s] DEBUG:colcon.colcon_core.event_handler.log_command:Invoked command in '/home/piros/Work/ROS2/microRos_ws/build/micro_ros_agent' returned '0': CMAKE_PREFIX_PATH=/home/piros/Work/ROS2/microRos_ws/install/micro_ros_msgs:/home/piros/Work/ROS2/control_ws/install/three_wheel:/home/piros/Work/ROS2/control_ws/install/diffdrive_arduino:/home/piros/Work/ROS2/control_ws/install/diff_drive:/home/piros/Work/ROS2/turtlebot3_ws/install/turtlebot3_simulations:/home/piros/Work/ROS2/turtlebot3_ws/install/turtlebot3_gazebo:/home/piros/Work/ROS2/turtlebot3_ws/install/turtlebot3_fake_node:/home/piros/Work/ROS2/microRos_ws/install/micro_ros_setup:/home/piros/Work/ROS2/microRos_ws/install/micro_ros_agent:/home/piros/Work/ROS2/ros2_ws_1/install/mera_robot_bringup:/home/piros/Work/ROS2/ros2_ws_1/install/my_robot_description:/home/piros/Work/ROS2/ros2_ws/install/my_robot_bringup:/home/piros/Work/ROS2/ros2_ws/install/cpp_pkg:/home/piros/Work/ROS2/ros2_ws/install/course_activities:/home/piros/Work/ROS2/ros2_ws/install/my_robot_interfaces:/home/piros/Work/ROS2/controller_ws/install/three_omniwheel_controller:/home/piros/Work/ROS2/controller_ws/install/diff_drive_controller:/home/piros/Work/rplidar_ws/install/rplidar_ros:/home/piros/Work/ROS2/ros2_ws/install/py_pkg:/opt/ros/humble LD_LIBRARY_PATH=/home/piros/Work/ROS2/microRos_ws/install/micro_ros_msgs/lib:/home/piros/Work/ROS2/control_ws/install/three_wheel/lib:/home/piros/Work/ROS2/control_ws/install/diffdrive_arduino/lib:/home/piros/Work/ROS2/control_ws/install/diff_drive/lib:/home/piros/Work/ROS2/microRos_ws/install/micro_ros_agent/lib:/home/piros/Work/ROS2/ros2_ws/install/my_robot_interfaces/lib:/home/piros/Work/ROS2/controller_ws/install/three_omniwheel_controller/lib:/home/piros/Work/ROS2/controller_ws/install/diff_drive_controller/lib:/opt/ros/humble/opt/rviz_ogre_vendor/lib:/opt/ros/humble/lib/aarch64-linux-gnu:/opt/ros/humble/lib /usr/bin/cmake --build /home/piros/Work/ROS2/microRos_ws/build/micro_ros_agent -- -j4 -l4
[12.492s] DEBUG:colcon.colcon_core.event_handler.log_command:Invoking command in '/home/piros/Work/ROS2/microRos_ws/build/micro_ros_agent': CMAKE_PREFIX_PATH=/home/piros/Work/ROS2/microRos_ws/install/micro_ros_msgs:/home/piros/Work/ROS2/control_ws/install/three_wheel:/home/piros/Work/ROS2/control_ws/install/diffdrive_arduino:/home/piros/Work/ROS2/control_ws/install/diff_drive:/home/piros/Work/ROS2/turtlebot3_ws/install/turtlebot3_simulations:/home/piros/Work/ROS2/turtlebot3_ws/install/turtlebot3_gazebo:/home/piros/Work/ROS2/turtlebot3_ws/install/turtlebot3_fake_node:/home/piros/Work/ROS2/microRos_ws/install/micro_ros_setup:/home/piros/Work/ROS2/microRos_ws/install/micro_ros_agent:/home/piros/Work/ROS2/ros2_ws_1/install/mera_robot_bringup:/home/piros/Work/ROS2/ros2_ws_1/install/my_robot_description:/home/piros/Work/ROS2/ros2_ws/install/my_robot_bringup:/home/piros/Work/ROS2/ros2_ws/install/cpp_pkg:/home/piros/Work/ROS2/ros2_ws/install/course_activities:/home/piros/Work/ROS2/ros2_ws/install/my_robot_interfaces:/home/piros/Work/ROS2/controller_ws/install/three_omniwheel_controller:/home/piros/Work/ROS2/controller_ws/install/diff_drive_controller:/home/piros/Work/rplidar_ws/install/rplidar_ros:/home/piros/Work/ROS2/ros2_ws/install/py_pkg:/opt/ros/humble LD_LIBRARY_PATH=/home/piros/Work/ROS2/microRos_ws/install/micro_ros_msgs/lib:/home/piros/Work/ROS2/control_ws/install/three_wheel/lib:/home/piros/Work/ROS2/control_ws/install/diffdrive_arduino/lib:/home/piros/Work/ROS2/control_ws/install/diff_drive/lib:/home/piros/Work/ROS2/microRos_ws/install/micro_ros_agent/lib:/home/piros/Work/ROS2/ros2_ws/install/my_robot_interfaces/lib:/home/piros/Work/ROS2/controller_ws/install/three_omniwheel_controller/lib:/home/piros/Work/ROS2/controller_ws/install/diff_drive_controller/lib:/opt/ros/humble/opt/rviz_ogre_vendor/lib:/opt/ros/humble/lib/aarch64-linux-gnu:/opt/ros/humble/lib /usr/bin/cmake --install /home/piros/Work/ROS2/microRos_ws/build/micro_ros_agent
[12.549s] Level 1:colcon.colcon_core.environment:create_environment_scripts_only(micro_ros_agent)
[12.550s] Level 1:colcon.colcon_core.environment:checking '/home/piros/Work/ROS2/microRos_ws/install/micro_ros_agent' for CMake module files
[12.552s] DEBUG:colcon.colcon_core.event_handler.log_command:Invoked command in '/home/piros/Work/ROS2/microRos_ws/build/micro_ros_agent' returned '0': CMAKE_PREFIX_PATH=/home/piros/Work/ROS2/microRos_ws/install/micro_ros_msgs:/home/piros/Work/ROS2/control_ws/install/three_wheel:/home/piros/Work/ROS2/control_ws/install/diffdrive_arduino:/home/piros/Work/ROS2/control_ws/install/diff_drive:/home/piros/Work/ROS2/turtlebot3_ws/install/turtlebot3_simulations:/home/piros/Work/ROS2/turtlebot3_ws/install/turtlebot3_gazebo:/home/piros/Work/ROS2/turtlebot3_ws/install/turtlebot3_fake_node:/home/piros/Work/ROS2/microRos_ws/install/micro_ros_setup:/home/piros/Work/ROS2/microRos_ws/install/micro_ros_agent:/home/piros/Work/ROS2/ros2_ws_1/install/mera_robot_bringup:/home/piros/Work/ROS2/ros2_ws_1/install/my_robot_description:/home/piros/Work/ROS2/ros2_ws/install/my_robot_bringup:/home/piros/Work/ROS2/ros2_ws/install/cpp_pkg:/home/piros/Work/ROS2/ros2_ws/install/course_activities:/home/piros/Work/ROS2/ros2_ws/install/my_robot_interfaces:/home/piros/Work/ROS2/controller_ws/install/three_omniwheel_controller:/home/piros/Work/ROS2/controller_ws/install/diff_drive_controller:/home/piros/Work/rplidar_ws/install/rplidar_ros:/home/piros/Work/ROS2/ros2_ws/install/py_pkg:/opt/ros/humble LD_LIBRARY_PATH=/home/piros/Work/ROS2/microRos_ws/install/micro_ros_msgs/lib:/home/piros/Work/ROS2/control_ws/install/three_wheel/lib:/home/piros/Work/ROS2/control_ws/install/diffdrive_arduino/lib:/home/piros/Work/ROS2/control_ws/install/diff_drive/lib:/home/piros/Work/ROS2/microRos_ws/install/micro_ros_agent/lib:/home/piros/Work/ROS2/ros2_ws/install/my_robot_interfaces/lib:/home/piros/Work/ROS2/controller_ws/install/three_omniwheel_controller/lib:/home/piros/Work/ROS2/controller_ws/install/diff_drive_controller/lib:/opt/ros/humble/opt/rviz_ogre_vendor/lib:/opt/ros/humble/lib/aarch64-linux-gnu:/opt/ros/humble/lib /usr/bin/cmake --install /home/piros/Work/ROS2/microRos_ws/build/micro_ros_agent
[12.555s] Level 1:colcon.colcon_core.environment:checking '/home/piros/Work/ROS2/microRos_ws/install/micro_ros_agent' for CMake config files
[12.564s] Level 1:colcon.colcon_core.shell:create_environment_hook('micro_ros_agent', 'cmake_prefix_path')
[12.565s] INFO:colcon.colcon_core.shell:Creating environment hook '/home/piros/Work/ROS2/microRos_ws/install/micro_ros_agent/share/micro_ros_agent/hook/cmake_prefix_path.ps1'
[12.568s] INFO:colcon.colcon_core.shell:Creating environment descriptor '/home/piros/Work/ROS2/microRos_ws/install/micro_ros_agent/share/micro_ros_agent/hook/cmake_prefix_path.dsv'
[12.570s] INFO:colcon.colcon_core.shell:Creating environment hook '/home/piros/Work/ROS2/microRos_ws/install/micro_ros_agent/share/micro_ros_agent/hook/cmake_prefix_path.sh'
[12.573s] Level 1:colcon.colcon_core.environment:checking '/home/piros/Work/ROS2/microRos_ws/install/micro_ros_agent/lib'
[12.573s] Level 1:colcon.colcon_core.shell:create_environment_hook('micro_ros_agent', 'ld_library_path_lib')
[12.574s] INFO:colcon.colcon_core.shell:Creating environment hook '/home/piros/Work/ROS2/microRos_ws/install/micro_ros_agent/share/micro_ros_agent/hook/ld_library_path_lib.ps1'
[12.576s] INFO:colcon.colcon_core.shell:Creating environment descriptor '/home/piros/Work/ROS2/microRos_ws/install/micro_ros_agent/share/micro_ros_agent/hook/ld_library_path_lib.dsv'
[12.578s] INFO:colcon.colcon_core.shell:Creating environment hook '/home/piros/Work/ROS2/microRos_ws/install/micro_ros_agent/share/micro_ros_agent/hook/ld_library_path_lib.sh'
[12.580s] Level 1:colcon.colcon_core.environment:checking '/home/piros/Work/ROS2/microRos_ws/install/micro_ros_agent/bin'
[12.581s] Level 1:colcon.colcon_core.environment:checking '/home/piros/Work/ROS2/microRos_ws/install/micro_ros_agent/lib/pkgconfig/micro_ros_agent.pc'
[12.581s] Level 1:colcon.colcon_core.environment:checking '/home/piros/Work/ROS2/microRos_ws/install/micro_ros_agent/lib/python3.10/site-packages'
[12.582s] Level 1:colcon.colcon_core.environment:checking '/home/piros/Work/ROS2/microRos_ws/install/micro_ros_agent/bin'
[12.584s] INFO:colcon.colcon_core.shell:Creating package script '/home/piros/Work/ROS2/microRos_ws/install/micro_ros_agent/share/micro_ros_agent/package.ps1'
[12.586s] INFO:colcon.colcon_core.shell:Creating package descriptor '/home/piros/Work/ROS2/microRos_ws/install/micro_ros_agent/share/micro_ros_agent/package.dsv'
[12.588s] INFO:colcon.colcon_core.shell:Creating package script '/home/piros/Work/ROS2/microRos_ws/install/micro_ros_agent/share/micro_ros_agent/package.sh'
[12.591s] INFO:colcon.colcon_core.shell:Creating package script '/home/piros/Work/ROS2/microRos_ws/install/micro_ros_agent/share/micro_ros_agent/package.bash'
[12.592s] INFO:colcon.colcon_core.shell:Creating package script '/home/piros/Work/ROS2/microRos_ws/install/micro_ros_agent/share/micro_ros_agent/package.zsh'
[12.595s] Level 1:colcon.colcon_core.environment:create_file_with_runtime_dependencies(/home/piros/Work/ROS2/microRos_ws/install/micro_ros_agent/share/colcon-core/packages/micro_ros_agent)
[12.598s] Level 1:colcon.colcon_core.environment:create_environment_scripts_only(micro_ros_agent)
[12.599s] Level 1:colcon.colcon_core.environment:checking '/home/piros/Work/ROS2/microRos_ws/install/micro_ros_agent' for CMake module files
[12.602s] Level 1:colcon.colcon_core.environment:checking '/home/piros/Work/ROS2/microRos_ws/install/micro_ros_agent' for CMake config files
[12.610s] Level 1:colcon.colcon_core.shell:create_environment_hook('micro_ros_agent', 'cmake_prefix_path')
[12.611s] INFO:colcon.colcon_core.shell:Creating environment hook '/home/piros/Work/ROS2/microRos_ws/install/micro_ros_agent/share/micro_ros_agent/hook/cmake_prefix_path.ps1'
[12.613s] INFO:colcon.colcon_core.shell:Creating environment descriptor '/home/piros/Work/ROS2/microRos_ws/install/micro_ros_agent/share/micro_ros_agent/hook/cmake_prefix_path.dsv'
[12.615s] INFO:colcon.colcon_core.shell:Creating environment hook '/home/piros/Work/ROS2/microRos_ws/install/micro_ros_agent/share/micro_ros_agent/hook/cmake_prefix_path.sh'
[12.617s] Level 1:colcon.colcon_core.environment:checking '/home/piros/Work/ROS2/microRos_ws/install/micro_ros_agent/lib'
[12.618s] Level 1:colcon.colcon_core.shell:create_environment_hook('micro_ros_agent', 'ld_library_path_lib')
[12.619s] INFO:colcon.colcon_core.shell:Creating environment hook '/home/piros/Work/ROS2/microRos_ws/install/micro_ros_agent/share/micro_ros_agent/hook/ld_library_path_lib.ps1'
[12.621s] INFO:colcon.colcon_core.shell:Creating environment descriptor '/home/piros/Work/ROS2/microRos_ws/install/micro_ros_agent/share/micro_ros_agent/hook/ld_library_path_lib.dsv'
[12.623s] INFO:colcon.colcon_core.shell:Creating environment hook '/home/piros/Work/ROS2/microRos_ws/install/micro_ros_agent/share/micro_ros_agent/hook/ld_library_path_lib.sh'
[12.626s] Level 1:colcon.colcon_core.environment:checking '/home/piros/Work/ROS2/microRos_ws/install/micro_ros_agent/bin'
[12.627s] Level 1:colcon.colcon_core.environment:checking '/home/piros/Work/ROS2/microRos_ws/install/micro_ros_agent/lib/pkgconfig/micro_ros_agent.pc'
[12.628s] Level 1:colcon.colcon_core.environment:checking '/home/piros/Work/ROS2/microRos_ws/install/micro_ros_agent/lib/python3.10/site-packages'
[12.629s] Level 1:colcon.colcon_core.environment:checking '/home/piros/Work/ROS2/microRos_ws/install/micro_ros_agent/bin'
[12.630s] INFO:colcon.colcon_core.shell:Creating package script '/home/piros/Work/ROS2/microRos_ws/install/micro_ros_agent/share/micro_ros_agent/package.ps1'
[12.632s] INFO:colcon.colcon_core.shell:Creating package descriptor '/home/piros/Work/ROS2/microRos_ws/install/micro_ros_agent/share/micro_ros_agent/package.dsv'
[12.635s] INFO:colcon.colcon_core.shell:Creating package script '/home/piros/Work/ROS2/microRos_ws/install/micro_ros_agent/share/micro_ros_agent/package.sh'
[12.638s] INFO:colcon.colcon_core.shell:Creating package script '/home/piros/Work/ROS2/microRos_ws/install/micro_ros_agent/share/micro_ros_agent/package.bash'
[12.640s] INFO:colcon.colcon_core.shell:Creating package script '/home/piros/Work/ROS2/microRos_ws/install/micro_ros_agent/share/micro_ros_agent/package.zsh'
[12.642s] Level 1:colcon.colcon_core.environment:create_file_with_runtime_dependencies(/home/piros/Work/ROS2/microRos_ws/install/micro_ros_agent/share/colcon-core/packages/micro_ros_agent)
[12.643s] DEBUG:colcon.colcon_parallel_executor.executor.parallel:closing loop
[12.645s] DEBUG:colcon.colcon_parallel_executor.executor.parallel:loop closed
[12.645s] DEBUG:colcon.colcon_parallel_executor.executor.parallel:run_until_complete finished with '0'
[12.646s] DEBUG:colcon.colcon_core.event_reactor:joining thread
[12.675s] INFO:colcon.colcon_core.plugin_system:Skipping extension 'colcon_notification.desktop_notification.terminal_notifier': Not used on non-Darwin systems
[12.675s] INFO:colcon.colcon_core.plugin_system:Skipping extension 'colcon_notification.desktop_notification.win32': Not used on non-Windows systems
[12.676s] INFO:colcon.colcon_notification.desktop_notification:Sending desktop notification using 'notify2'
[13.198s] DEBUG:colcon.colcon_core.event_reactor:joined thread
[13.199s] INFO:colcon.colcon_core.shell:Creating prefix script '/home/piros/Work/ROS2/microRos_ws/install/local_setup.ps1'
[13.206s] INFO:colcon.colcon_core.shell:Creating prefix util module '/home/piros/Work/ROS2/microRos_ws/install/_local_setup_util_ps1.py'
[13.214s] INFO:colcon.colcon_core.shell:Creating prefix chain script '/home/piros/Work/ROS2/microRos_ws/install/setup.ps1'
[13.223s] INFO:colcon.colcon_core.shell:Creating prefix script '/home/piros/Work/ROS2/microRos_ws/install/local_setup.sh'
[13.227s] INFO:colcon.colcon_core.shell:Creating prefix util module '/home/piros/Work/ROS2/microRos_ws/install/_local_setup_util_sh.py'
[13.230s] INFO:colcon.colcon_core.shell:Creating prefix chain script '/home/piros/Work/ROS2/microRos_ws/install/setup.sh'
[13.239s] INFO:colcon.colcon_core.shell:Creating prefix script '/home/piros/Work/ROS2/microRos_ws/install/local_setup.bash'
[13.242s] INFO:colcon.colcon_core.shell:Creating prefix chain script '/home/piros/Work/ROS2/microRos_ws/install/setup.bash'
[13.251s] INFO:colcon.colcon_core.shell:Creating prefix script '/home/piros/Work/ROS2/microRos_ws/install/local_setup.zsh'
[13.254s] INFO:colcon.colcon_core.shell:Creating prefix chain script '/home/piros/Work/ROS2/microRos_ws/install/setup.zsh'
