[0.090s] Invoking command in '/home/piros/Work/ROS2/control_ws/build/three_wheel': CMAKE_PREFIX_PATH=${CMAKE_PREFIX_PATH}:/home/piros/Work/ROS2/ros2_ws/install/py_pkg:/opt/ros/humble /usr/bin/cmake /home/piros/Work/ROS2/control_ws/src/three_wheel -DCMAKE_INSTALL_PREFIX=/home/piros/Work/ROS2/control_ws/install/three_wheel
[0.404s] -- The C compiler identification is GNU 11.4.0
[0.698s] -- The CXX compiler identification is GNU 11.4.0
[0.730s] -- Detecting C compiler ABI info
[1.161s] -- Detecting C compiler ABI info - done
[1.186s] -- Check for working C compiler: /usr/bin/cc - skipped
[1.187s] -- Detecting C compile features
[1.189s] -- Detecting C compile features - done
[1.201s] -- Detecting CXX compiler ABI info
[1.626s] -- Detecting CXX compiler ABI info - done
[1.650s] -- Check for working CXX compiler: /usr/bin/c++ - skipped
[1.652s] -- Detecting CXX compile features
[1.653s] -- Detecting CXX compile features - done
[1.695s] -- Found ament_cmake: 1.3.11 (/opt/ros/humble/share/ament_cmake/cmake)
[2.703s] -- Found Python3: /usr/bin/python3 (found version "3.10.12") found components: Interpreter 
[3.577s] -- Found hardware_interface: 2.49.0 (/opt/ros/humble/share/hardware_interface/cmake)
[4.138s] -- Found rosidl_generator_c: 3.1.6 (/opt/ros/humble/share/rosidl_generator_c/cmake)
[4.231s] -- Found rosidl_adapter: 3.1.6 (/opt/ros/humble/share/rosidl_adapter/cmake)
[4.339s] -- Found rosidl_generator_cpp: 3.1.6 (/opt/ros/humble/share/rosidl_generator_cpp/cmake)
[4.483s] -- Using all available rosidl_typesupport_c: rosidl_typesupport_fastrtps_c;rosidl_typesupport_introspection_c
[4.661s] -- Using all available rosidl_typesupport_cpp: rosidl_typesupport_fastrtps_cpp;rosidl_typesupport_introspection_cpp
[6.454s] -- Found rmw_implementation_cmake: 6.1.2 (/opt/ros/humble/share/rmw_implementation_cmake/cmake)
[6.495s] -- Found rmw_fastrtps_cpp: 6.2.7 (/opt/ros/humble/share/rmw_fastrtps_cpp/cmake)
[6.740s] -- Found TinyXML2 via Config file: TinyXML2_DIR-NOTFOUND
[7.086s] -- Found OpenSSL: /usr/lib/aarch64-linux-gnu/libcrypto.so (found version "3.0.2")  
[7.098s] -- Found TinyXML2 via Config file: TinyXML2_DIR-NOTFOUND
[7.200s] -- Found FastRTPS: /opt/ros/humble/include  
[7.218s] -- Found TinyXML2 via Config file: TinyXML2_DIR-NOTFOUND
[7.257s] -- Found TinyXML2 via Config file: TinyXML2_DIR-NOTFOUND
[7.307s] -- Using RMW implementation 'rmw_fastrtps_cpp' as default
[7.436s] -- Looking for pthread.h
[7.869s] -- Looking for pthread.h - found
[7.871s] -- Performing Test CMAKE_HAVE_LIBC_PTHREAD
[8.303s] -- Performing Test CMAKE_HAVE_LIBC_PTHREAD - Success
[8.307s] -- Found Threads: TRUE  
[8.766s] -- Found micro_ros_agent: 3.0.6 (/home/piros/Work/ROS2/microRos_ws/install/micro_ros_agent/share/micro_ros_agent/cmake)
[8.786s] -- Found TinyXML2 via Config file: TinyXML2_DIR-NOTFOUND
[8.957s] -- Found ament_cmake_gtest: 1.3.11 (/opt/ros/humble/share/ament_cmake_gtest/cmake)
[9.417s] -- Configuring done
[9.605s] -- Generating done
[9.639s] -- Build files have been written to: /home/piros/Work/ROS2/control_ws/build/three_wheel
[9.708s] Invoked command in '/home/piros/Work/ROS2/control_ws/build/three_wheel' returned '0': CMAKE_PREFIX_PATH=${CMAKE_PREFIX_PATH}:/home/piros/Work/ROS2/ros2_ws/install/py_pkg:/opt/ros/humble /usr/bin/cmake /home/piros/Work/ROS2/control_ws/src/three_wheel -DCMAKE_INSTALL_PREFIX=/home/piros/Work/ROS2/control_ws/install/three_wheel
[9.711s] Invoking command in '/home/piros/Work/ROS2/control_ws/build/three_wheel': CMAKE_PREFIX_PATH=${CMAKE_PREFIX_PATH}:/home/piros/Work/ROS2/ros2_ws/install/py_pkg:/opt/ros/humble /usr/bin/cmake --build /home/piros/Work/ROS2/control_ws/build/three_wheel -- -j4 -l4
[10.063s] [ 50%] [32mBuilding CXX object CMakeFiles/three_wheel.dir/hardware/threewheel_system.cpp.o[0m
[68.339s] [100%] [32m[1mLinking CXX shared library libthree_wheel.so[0m
[73.552s] [100%] Built target three_wheel
[73.618s] Invoked command in '/home/piros/Work/ROS2/control_ws/build/three_wheel' returned '0': CMAKE_PREFIX_PATH=${CMAKE_PREFIX_PATH}:/home/piros/Work/ROS2/ros2_ws/install/py_pkg:/opt/ros/humble /usr/bin/cmake --build /home/piros/Work/ROS2/control_ws/build/three_wheel -- -j4 -l4
[73.687s] Invoking command in '/home/piros/Work/ROS2/control_ws/build/three_wheel': CMAKE_PREFIX_PATH=${CMAKE_PREFIX_PATH}:/home/piros/Work/ROS2/ros2_ws/install/py_pkg:/opt/ros/humble /usr/bin/cmake --install /home/piros/Work/ROS2/control_ws/build/three_wheel
[73.732s] -- Install configuration: ""
[73.733s] -- Installing: /home/piros/Work/ROS2/control_ws/install/three_wheel/share/three_wheel/three_wheel.xml
[73.735s] -- Installing: /home/piros/Work/ROS2/control_ws/install/three_wheel/include/three_wheel
[73.748s] -- Installing: /home/piros/Work/ROS2/control_ws/install/three_wheel/include/three_wheel/three_wheel
[73.754s] -- Installing: /home/piros/Work/ROS2/control_ws/install/three_wheel/include/three_wheel/three_wheel/drive_wheel.hpp
[73.755s] -- Installing: /home/piros/Work/ROS2/control_ws/install/three_wheel/include/three_wheel/three_wheel/threewheel_system.hpp
[73.756s] -- Installing: /home/piros/Work/ROS2/control_ws/install/three_wheel/include/three_wheel/three_wheel/dead_wheel.hpp
[73.758s] -- Installing: /home/piros/Work/ROS2/control_ws/install/three_wheel/include/three_wheel/three_wheel/visibility_control.h
[73.760s] -- Installing: /home/piros/Work/ROS2/control_ws/install/three_wheel/share/three_wheel/launch
[73.762s] -- Installing: /home/piros/Work/ROS2/control_ws/install/three_wheel/share/three_wheel/ros2_control
[73.763s] -- Installing: /home/piros/Work/ROS2/control_ws/install/three_wheel/share/three_wheel/ros2_control/three_wheel.ros2_control.xacro
[73.764s] -- Installing: /home/piros/Work/ROS2/control_ws/install/three_wheel/share/three_wheel/urdf
[73.765s] -- Installing: /home/piros/Work/ROS2/control_ws/install/three_wheel/share/three_wheel/urdf/three_wheel.urdf.xacro
[73.767s] -- Installing: /home/piros/Work/ROS2/control_ws/install/three_wheel/share/three_wheel/urdf/three_wheel.materials.xacro
[73.768s] -- Installing: /home/piros/Work/ROS2/control_ws/install/three_wheel/share/three_wheel/urdf/three_wheel_description.urdf.xacro
[73.769s] -- Installing: /home/piros/Work/ROS2/control_ws/install/three_wheel/share/three_wheel/rviz
[73.769s] -- Installing: /home/piros/Work/ROS2/control_ws/install/three_wheel/share/three_wheel/rviz/three_wheel_view.rviz
[73.770s] -- Installing: /home/piros/Work/ROS2/control_ws/install/three_wheel/share/three_wheel/rviz/three_wheel.rviz
[73.771s] -- Up-to-date: /home/piros/Work/ROS2/control_ws/install/three_wheel/share/three_wheel/launch
[73.772s] -- Installing: /home/piros/Work/ROS2/control_ws/install/three_wheel/share/three_wheel/launch/three_wheel.launch.py
[73.772s] -- Installing: /home/piros/Work/ROS2/control_ws/install/three_wheel/share/three_wheel/config
[73.772s] -- Installing: /home/piros/Work/ROS2/control_ws/install/three_wheel/share/three_wheel/config/three_wheel_controller.yaml
[73.774s] -- Installing: /home/piros/Work/ROS2/control_ws/install/three_wheel/share/three_wheel/config/joystick.yaml
[73.775s] -- Installing: /home/piros/Work/ROS2/control_ws/install/three_wheel/lib/libthree_wheel.so
[73.851s] -- Set runtime path of "/home/piros/Work/ROS2/control_ws/install/three_wheel/lib/libthree_wheel.so" to ""
[73.852s] -- Installing: /home/piros/Work/ROS2/control_ws/install/three_wheel/share/three_wheel/environment/library_path.sh
[73.853s] -- Installing: /home/piros/Work/ROS2/control_ws/install/three_wheel/share/three_wheel/environment/library_path.dsv
[73.855s] -- Installing: /home/piros/Work/ROS2/control_ws/install/three_wheel/share/ament_index/resource_index/package_run_dependencies/three_wheel
[73.857s] -- Installing: /home/piros/Work/ROS2/control_ws/install/three_wheel/share/ament_index/resource_index/parent_prefix_path/three_wheel
[73.859s] -- Installing: /home/piros/Work/ROS2/control_ws/install/three_wheel/share/three_wheel/environment/ament_prefix_path.sh
[73.861s] -- Installing: /home/piros/Work/ROS2/control_ws/install/three_wheel/share/three_wheel/environment/ament_prefix_path.dsv
[73.862s] -- Installing: /home/piros/Work/ROS2/control_ws/install/three_wheel/share/three_wheel/environment/path.sh
[73.864s] -- Installing: /home/piros/Work/ROS2/control_ws/install/three_wheel/share/three_wheel/environment/path.dsv
[73.866s] -- Installing: /home/piros/Work/ROS2/control_ws/install/three_wheel/share/three_wheel/local_setup.bash
[73.867s] -- Installing: /home/piros/Work/ROS2/control_ws/install/three_wheel/share/three_wheel/local_setup.sh
[73.869s] -- Installing: /home/piros/Work/ROS2/control_ws/install/three_wheel/share/three_wheel/local_setup.zsh
[73.870s] -- Installing: /home/piros/Work/ROS2/control_ws/install/three_wheel/share/three_wheel/local_setup.dsv
[73.871s] -- Installing: /home/piros/Work/ROS2/control_ws/install/three_wheel/share/three_wheel/package.dsv
[73.873s] -- Installing: /home/piros/Work/ROS2/control_ws/install/three_wheel/share/ament_index/resource_index/packages/three_wheel
[73.875s] -- Installing: /home/piros/Work/ROS2/control_ws/install/three_wheel/share/ament_index/resource_index/hardware_interface__pluginlib__plugin/three_wheel
[73.878s] -- Installing: /home/piros/Work/ROS2/control_ws/install/three_wheel/share/three_wheel/cmake/export_three_wheelExport.cmake
[73.879s] -- Installing: /home/piros/Work/ROS2/control_ws/install/three_wheel/share/three_wheel/cmake/export_three_wheelExport-noconfig.cmake
[73.881s] -- Installing: /home/piros/Work/ROS2/control_ws/install/three_wheel/share/three_wheel/cmake/ament_cmake_export_targets-extras.cmake
[73.883s] -- Installing: /home/piros/Work/ROS2/control_ws/install/three_wheel/share/three_wheel/cmake/ament_cmake_export_dependencies-extras.cmake
[73.884s] -- Installing: /home/piros/Work/ROS2/control_ws/install/three_wheel/share/three_wheel/cmake/three_wheelConfig.cmake
[73.886s] -- Installing: /home/piros/Work/ROS2/control_ws/install/three_wheel/share/three_wheel/cmake/three_wheelConfig-version.cmake
[73.887s] -- Installing: /home/piros/Work/ROS2/control_ws/install/three_wheel/share/three_wheel/package.xml
[73.898s] Invoked command in '/home/piros/Work/ROS2/control_ws/build/three_wheel' returned '0': CMAKE_PREFIX_PATH=${CMAKE_PREFIX_PATH}:/home/piros/Work/ROS2/ros2_ws/install/py_pkg:/opt/ros/humble /usr/bin/cmake --install /home/piros/Work/ROS2/control_ws/build/three_wheel
