[0.461s] DEBUG:colcon:Command line arguments: ['/usr/bin/colcon', 'build']
[0.462s] DEBUG:colcon:Parsed command line arguments: Namespace(log_base=None, log_level=None, verb_name='build', build_base='build', install_base='install', merge_install=False, symlink_install=False, test_result_base=None, continue_on_error=False, executor='parallel', parallel_workers=4, event_handlers=None, ignore_user_meta=False, metas=['./colcon.meta'], base_paths=['.'], packages_ignore=None, packages_ignore_regex=None, paths=None, packages_up_to=None, packages_up_to_regex=None, packages_above=None, packages_above_and_dependencies=None, packages_above_depth=None, packages_select_by_dep=None, packages_skip_by_dep=None, packages_skip_up_to=None, packages_select_build_failed=False, packages_skip_build_finished=False, packages_select_test_failures=False, packages_skip_test_passed=False, packages_select=None, packages_skip=None, packages_select_regex=None, packages_skip_regex=None, packages_start=None, packages_end=None, allow_overriding=[], cmake_args=None, cmake_target=None, cmake_target_skip_unavailable=False, cmake_clean_cache=False, cmake_clean_first=False, cmake_force_configure=False, ament_cmake_args=None, catkin_cmake_args=None, catkin_skip_building_tests=False, mixin_files=None, mixin=None, verb_parser=<colcon_mixin.mixin.mixin_argument.MixinArgumentDecorator object at 0xffff8b859c60>, verb_extension=<colcon_core.verb.build.BuildVerb object at 0xffff8ba06c20>, main=<bound method BuildVerb.main of <colcon_core.verb.build.BuildVerb object at 0xffff8ba06c20>>, mixin_verb=('build',))
[1.302s] Level 1:colcon.colcon_core.package_discovery:discover_packages(colcon_meta) check parameters
[1.303s] Level 1:colcon.colcon_core.package_discovery:discover_packages(recursive) check parameters
[1.303s] Level 1:colcon.colcon_core.package_discovery:discover_packages(ignore) check parameters
[1.303s] Level 1:colcon.colcon_core.package_discovery:discover_packages(path) check parameters
[1.303s] Level 1:colcon.colcon_core.package_discovery:discover_packages(colcon_meta) discover
[1.303s] Level 1:colcon.colcon_core.package_discovery:discover_packages(recursive) discover
[1.303s] INFO:colcon.colcon_core.package_discovery:Crawling recursively for packages in '/home/piros/Work/ROS2/microRos_ws'
[1.304s] Level 1:colcon.colcon_core.package_identification:_identify(.) by extensions ['ignore', 'ignore_ament_install']
[1.304s] Level 1:colcon.colcon_core.package_identification:_identify(.) by extension 'ignore'
[1.304s] Level 1:colcon.colcon_core.package_identification:_identify(.) by extension 'ignore_ament_install'
[1.305s] Level 1:colcon.colcon_core.package_identification:_identify(.) by extensions ['colcon_pkg']
[1.305s] Level 1:colcon.colcon_core.package_identification:_identify(.) by extension 'colcon_pkg'
[1.305s] Level 1:colcon.colcon_core.package_identification:_identify(.) by extensions ['colcon_meta']
[1.305s] Level 1:colcon.colcon_core.package_identification:_identify(.) by extension 'colcon_meta'
[1.305s] Level 1:colcon.colcon_core.package_identification:_identify(.) by extensions ['ros']
[1.305s] Level 1:colcon.colcon_core.package_identification:_identify(.) by extension 'ros'
[1.349s] Level 1:colcon.colcon_core.package_identification:_identify(.) by extensions ['cmake', 'python']
[1.349s] Level 1:colcon.colcon_core.package_identification:_identify(.) by extension 'cmake'
[1.349s] Level 1:colcon.colcon_core.package_identification:_identify(.) by extension 'python'
[1.350s] Level 1:colcon.colcon_core.package_identification:_identify(.) by extensions ['python_setup_py']
[1.350s] Level 1:colcon.colcon_core.package_identification:_identify(.) by extension 'python_setup_py'
[1.350s] Level 1:colcon.colcon_core.package_identification:_identify(build) by extensions ['ignore', 'ignore_ament_install']
[1.351s] Level 1:colcon.colcon_core.package_identification:_identify(build) by extension 'ignore'
[1.351s] Level 1:colcon.colcon_core.package_identification:_identify(build) ignored
[1.351s] Level 1:colcon.colcon_core.package_identification:_identify(install) by extensions ['ignore', 'ignore_ament_install']
[1.352s] Level 1:colcon.colcon_core.package_identification:_identify(install) by extension 'ignore'
[1.352s] Level 1:colcon.colcon_core.package_identification:_identify(install) ignored
[1.352s] Level 1:colcon.colcon_core.package_identification:_identify(log) by extensions ['ignore', 'ignore_ament_install']
[1.352s] Level 1:colcon.colcon_core.package_identification:_identify(log) by extension 'ignore'
[1.353s] Level 1:colcon.colcon_core.package_identification:_identify(log) ignored
[1.353s] Level 1:colcon.colcon_core.package_identification:_identify(src) by extensions ['ignore', 'ignore_ament_install']
[1.353s] Level 1:colcon.colcon_core.package_identification:_identify(src) by extension 'ignore'
[1.354s] Level 1:colcon.colcon_core.package_identification:_identify(src) by extension 'ignore_ament_install'
[1.354s] Level 1:colcon.colcon_core.package_identification:_identify(src) by extensions ['colcon_pkg']
[1.354s] Level 1:colcon.colcon_core.package_identification:_identify(src) by extension 'colcon_pkg'
[1.354s] Level 1:colcon.colcon_core.package_identification:_identify(src) by extensions ['colcon_meta']
[1.354s] Level 1:colcon.colcon_core.package_identification:_identify(src) by extension 'colcon_meta'
[1.354s] Level 1:colcon.colcon_core.package_identification:_identify(src) by extensions ['ros']
[1.354s] Level 1:colcon.colcon_core.package_identification:_identify(src) by extension 'ros'
[1.355s] Level 1:colcon.colcon_core.package_identification:_identify(src) by extensions ['cmake', 'python']
[1.355s] Level 1:colcon.colcon_core.package_identification:_identify(src) by extension 'cmake'
[1.355s] Level 1:colcon.colcon_core.package_identification:_identify(src) by extension 'python'
[1.355s] Level 1:colcon.colcon_core.package_identification:_identify(src) by extensions ['python_setup_py']
[1.355s] Level 1:colcon.colcon_core.package_identification:_identify(src) by extension 'python_setup_py'
[1.356s] Level 1:colcon.colcon_core.package_identification:_identify(src/diff_drive_uros) by extensions ['ignore', 'ignore_ament_install']
[1.356s] Level 1:colcon.colcon_core.package_identification:_identify(src/diff_drive_uros) by extension 'ignore'
[1.356s] Level 1:colcon.colcon_core.package_identification:_identify(src/diff_drive_uros) by extension 'ignore_ament_install'
[1.357s] Level 1:colcon.colcon_core.package_identification:_identify(src/diff_drive_uros) by extensions ['colcon_pkg']
[1.357s] Level 1:colcon.colcon_core.package_identification:_identify(src/diff_drive_uros) by extension 'colcon_pkg'
[1.357s] Level 1:colcon.colcon_core.package_identification:_identify(src/diff_drive_uros) by extensions ['colcon_meta']
[1.357s] Level 1:colcon.colcon_core.package_identification:_identify(src/diff_drive_uros) by extension 'colcon_meta'
[1.357s] Level 1:colcon.colcon_core.package_identification:_identify(src/diff_drive_uros) by extensions ['ros']
[1.357s] Level 1:colcon.colcon_core.package_identification:_identify(src/diff_drive_uros) by extension 'ros'
[1.358s] Level 1:colcon.colcon_core.package_identification:_identify(src/diff_drive_uros) by extensions ['cmake', 'python']
[1.358s] Level 1:colcon.colcon_core.package_identification:_identify(src/diff_drive_uros) by extension 'cmake'
[1.358s] Level 1:colcon.colcon_core.package_identification:_identify(src/diff_drive_uros) by extension 'python'
[1.358s] Level 1:colcon.colcon_core.package_identification:_identify(src/diff_drive_uros) by extensions ['python_setup_py']
[1.358s] Level 1:colcon.colcon_core.package_identification:_identify(src/diff_drive_uros) by extension 'python_setup_py'
[1.359s] Level 1:colcon.colcon_core.package_identification:_identify(src/diff_drive_uros/include) by extensions ['ignore', 'ignore_ament_install']
[1.359s] Level 1:colcon.colcon_core.package_identification:_identify(src/diff_drive_uros/include) by extension 'ignore'
[1.359s] Level 1:colcon.colcon_core.package_identification:_identify(src/diff_drive_uros/include) by extension 'ignore_ament_install'
[1.359s] Level 1:colcon.colcon_core.package_identification:_identify(src/diff_drive_uros/include) by extensions ['colcon_pkg']
[1.360s] Level 1:colcon.colcon_core.package_identification:_identify(src/diff_drive_uros/include) by extension 'colcon_pkg'
[1.360s] Level 1:colcon.colcon_core.package_identification:_identify(src/diff_drive_uros/include) by extensions ['colcon_meta']
[1.360s] Level 1:colcon.colcon_core.package_identification:_identify(src/diff_drive_uros/include) by extension 'colcon_meta'
[1.360s] Level 1:colcon.colcon_core.package_identification:_identify(src/diff_drive_uros/include) by extensions ['ros']
[1.360s] Level 1:colcon.colcon_core.package_identification:_identify(src/diff_drive_uros/include) by extension 'ros'
[1.361s] Level 1:colcon.colcon_core.package_identification:_identify(src/diff_drive_uros/include) by extensions ['cmake', 'python']
[1.361s] Level 1:colcon.colcon_core.package_identification:_identify(src/diff_drive_uros/include) by extension 'cmake'
[1.361s] Level 1:colcon.colcon_core.package_identification:_identify(src/diff_drive_uros/include) by extension 'python'
[1.361s] Level 1:colcon.colcon_core.package_identification:_identify(src/diff_drive_uros/include) by extensions ['python_setup_py']
[1.361s] Level 1:colcon.colcon_core.package_identification:_identify(src/diff_drive_uros/include) by extension 'python_setup_py'
[1.362s] Level 1:colcon.colcon_core.package_identification:_identify(src/diff_drive_uros/lib) by extensions ['ignore', 'ignore_ament_install']
[1.362s] Level 1:colcon.colcon_core.package_identification:_identify(src/diff_drive_uros/lib) by extension 'ignore'
[1.362s] Level 1:colcon.colcon_core.package_identification:_identify(src/diff_drive_uros/lib) by extension 'ignore_ament_install'
[1.362s] Level 1:colcon.colcon_core.package_identification:_identify(src/diff_drive_uros/lib) by extensions ['colcon_pkg']
[1.363s] Level 1:colcon.colcon_core.package_identification:_identify(src/diff_drive_uros/lib) by extension 'colcon_pkg'
[1.363s] Level 1:colcon.colcon_core.package_identification:_identify(src/diff_drive_uros/lib) by extensions ['colcon_meta']
[1.363s] Level 1:colcon.colcon_core.package_identification:_identify(src/diff_drive_uros/lib) by extension 'colcon_meta'
[1.363s] Level 1:colcon.colcon_core.package_identification:_identify(src/diff_drive_uros/lib) by extensions ['ros']
[1.363s] Level 1:colcon.colcon_core.package_identification:_identify(src/diff_drive_uros/lib) by extension 'ros'
[1.364s] Level 1:colcon.colcon_core.package_identification:_identify(src/diff_drive_uros/lib) by extensions ['cmake', 'python']
[1.364s] Level 1:colcon.colcon_core.package_identification:_identify(src/diff_drive_uros/lib) by extension 'cmake'
[1.364s] Level 1:colcon.colcon_core.package_identification:_identify(src/diff_drive_uros/lib) by extension 'python'
[1.364s] Level 1:colcon.colcon_core.package_identification:_identify(src/diff_drive_uros/lib) by extensions ['python_setup_py']
[1.364s] Level 1:colcon.colcon_core.package_identification:_identify(src/diff_drive_uros/lib) by extension 'python_setup_py'
[1.364s] Level 1:colcon.colcon_core.package_identification:_identify(src/diff_drive_uros/src) by extensions ['ignore', 'ignore_ament_install']
[1.365s] Level 1:colcon.colcon_core.package_identification:_identify(src/diff_drive_uros/src) by extension 'ignore'
[1.365s] Level 1:colcon.colcon_core.package_identification:_identify(src/diff_drive_uros/src) by extension 'ignore_ament_install'
[1.365s] Level 1:colcon.colcon_core.package_identification:_identify(src/diff_drive_uros/src) by extensions ['colcon_pkg']
[1.365s] Level 1:colcon.colcon_core.package_identification:_identify(src/diff_drive_uros/src) by extension 'colcon_pkg'
[1.366s] Level 1:colcon.colcon_core.package_identification:_identify(src/diff_drive_uros/src) by extensions ['colcon_meta']
[1.366s] Level 1:colcon.colcon_core.package_identification:_identify(src/diff_drive_uros/src) by extension 'colcon_meta'
[1.366s] Level 1:colcon.colcon_core.package_identification:_identify(src/diff_drive_uros/src) by extensions ['ros']
[1.366s] Level 1:colcon.colcon_core.package_identification:_identify(src/diff_drive_uros/src) by extension 'ros'
[1.366s] Level 1:colcon.colcon_core.package_identification:_identify(src/diff_drive_uros/src) by extensions ['cmake', 'python']
[1.367s] Level 1:colcon.colcon_core.package_identification:_identify(src/diff_drive_uros/src) by extension 'cmake'
[1.367s] Level 1:colcon.colcon_core.package_identification:_identify(src/diff_drive_uros/src) by extension 'python'
[1.367s] Level 1:colcon.colcon_core.package_identification:_identify(src/diff_drive_uros/src) by extensions ['python_setup_py']
[1.367s] Level 1:colcon.colcon_core.package_identification:_identify(src/diff_drive_uros/src) by extension 'python_setup_py'
[1.367s] Level 1:colcon.colcon_core.package_identification:_identify(src/diff_drive_uros/test) by extensions ['ignore', 'ignore_ament_install']
[1.368s] Level 1:colcon.colcon_core.package_identification:_identify(src/diff_drive_uros/test) by extension 'ignore'
[1.368s] Level 1:colcon.colcon_core.package_identification:_identify(src/diff_drive_uros/test) by extension 'ignore_ament_install'
[1.368s] Level 1:colcon.colcon_core.package_identification:_identify(src/diff_drive_uros/test) by extensions ['colcon_pkg']
[1.368s] Level 1:colcon.colcon_core.package_identification:_identify(src/diff_drive_uros/test) by extension 'colcon_pkg'
[1.368s] Level 1:colcon.colcon_core.package_identification:_identify(src/diff_drive_uros/test) by extensions ['colcon_meta']
[1.369s] Level 1:colcon.colcon_core.package_identification:_identify(src/diff_drive_uros/test) by extension 'colcon_meta'
[1.369s] Level 1:colcon.colcon_core.package_identification:_identify(src/diff_drive_uros/test) by extensions ['ros']
[1.369s] Level 1:colcon.colcon_core.package_identification:_identify(src/diff_drive_uros/test) by extension 'ros'
[1.369s] Level 1:colcon.colcon_core.package_identification:_identify(src/diff_drive_uros/test) by extensions ['cmake', 'python']
[1.369s] Level 1:colcon.colcon_core.package_identification:_identify(src/diff_drive_uros/test) by extension 'cmake'
[1.370s] Level 1:colcon.colcon_core.package_identification:_identify(src/diff_drive_uros/test) by extension 'python'
[1.370s] Level 1:colcon.colcon_core.package_identification:_identify(src/diff_drive_uros/test) by extensions ['python_setup_py']
[1.370s] Level 1:colcon.colcon_core.package_identification:_identify(src/diff_drive_uros/test) by extension 'python_setup_py'
[1.370s] Level 1:colcon.colcon_core.package_identification:_identify(src/microRos_test) by extensions ['ignore', 'ignore_ament_install']
[1.371s] Level 1:colcon.colcon_core.package_identification:_identify(src/microRos_test) by extension 'ignore'
[1.371s] Level 1:colcon.colcon_core.package_identification:_identify(src/microRos_test) by extension 'ignore_ament_install'
[1.371s] Level 1:colcon.colcon_core.package_identification:_identify(src/microRos_test) by extensions ['colcon_pkg']
[1.371s] Level 1:colcon.colcon_core.package_identification:_identify(src/microRos_test) by extension 'colcon_pkg'
[1.371s] Level 1:colcon.colcon_core.package_identification:_identify(src/microRos_test) by extensions ['colcon_meta']
[1.371s] Level 1:colcon.colcon_core.package_identification:_identify(src/microRos_test) by extension 'colcon_meta'
[1.372s] Level 1:colcon.colcon_core.package_identification:_identify(src/microRos_test) by extensions ['ros']
[1.372s] Level 1:colcon.colcon_core.package_identification:_identify(src/microRos_test) by extension 'ros'
[1.372s] Level 1:colcon.colcon_core.package_identification:_identify(src/microRos_test) by extensions ['cmake', 'python']
[1.372s] Level 1:colcon.colcon_core.package_identification:_identify(src/microRos_test) by extension 'cmake'
[1.372s] Level 1:colcon.colcon_core.package_identification:_identify(src/microRos_test) by extension 'python'
[1.372s] Level 1:colcon.colcon_core.package_identification:_identify(src/microRos_test) by extensions ['python_setup_py']
[1.373s] Level 1:colcon.colcon_core.package_identification:_identify(src/microRos_test) by extension 'python_setup_py'
[1.373s] Level 1:colcon.colcon_core.package_identification:_identify(src/microRos_test/include) by extensions ['ignore', 'ignore_ament_install']
[1.374s] Level 1:colcon.colcon_core.package_identification:_identify(src/microRos_test/include) by extension 'ignore'
[1.374s] Level 1:colcon.colcon_core.package_identification:_identify(src/microRos_test/include) by extension 'ignore_ament_install'
[1.374s] Level 1:colcon.colcon_core.package_identification:_identify(src/microRos_test/include) by extensions ['colcon_pkg']
[1.374s] Level 1:colcon.colcon_core.package_identification:_identify(src/microRos_test/include) by extension 'colcon_pkg'
[1.374s] Level 1:colcon.colcon_core.package_identification:_identify(src/microRos_test/include) by extensions ['colcon_meta']
[1.374s] Level 1:colcon.colcon_core.package_identification:_identify(src/microRos_test/include) by extension 'colcon_meta'
[1.375s] Level 1:colcon.colcon_core.package_identification:_identify(src/microRos_test/include) by extensions ['ros']
[1.375s] Level 1:colcon.colcon_core.package_identification:_identify(src/microRos_test/include) by extension 'ros'
[1.375s] Level 1:colcon.colcon_core.package_identification:_identify(src/microRos_test/include) by extensions ['cmake', 'python']
[1.375s] Level 1:colcon.colcon_core.package_identification:_identify(src/microRos_test/include) by extension 'cmake'
[1.375s] Level 1:colcon.colcon_core.package_identification:_identify(src/microRos_test/include) by extension 'python'
[1.375s] Level 1:colcon.colcon_core.package_identification:_identify(src/microRos_test/include) by extensions ['python_setup_py']
[1.376s] Level 1:colcon.colcon_core.package_identification:_identify(src/microRos_test/include) by extension 'python_setup_py'
[1.376s] Level 1:colcon.colcon_core.package_identification:_identify(src/microRos_test/lib) by extensions ['ignore', 'ignore_ament_install']
[1.376s] Level 1:colcon.colcon_core.package_identification:_identify(src/microRos_test/lib) by extension 'ignore'
[1.376s] Level 1:colcon.colcon_core.package_identification:_identify(src/microRos_test/lib) by extension 'ignore_ament_install'
[1.377s] Level 1:colcon.colcon_core.package_identification:_identify(src/microRos_test/lib) by extensions ['colcon_pkg']
[1.377s] Level 1:colcon.colcon_core.package_identification:_identify(src/microRos_test/lib) by extension 'colcon_pkg'
[1.377s] Level 1:colcon.colcon_core.package_identification:_identify(src/microRos_test/lib) by extensions ['colcon_meta']
[1.377s] Level 1:colcon.colcon_core.package_identification:_identify(src/microRos_test/lib) by extension 'colcon_meta'
[1.377s] Level 1:colcon.colcon_core.package_identification:_identify(src/microRos_test/lib) by extensions ['ros']
[1.377s] Level 1:colcon.colcon_core.package_identification:_identify(src/microRos_test/lib) by extension 'ros'
[1.378s] Level 1:colcon.colcon_core.package_identification:_identify(src/microRos_test/lib) by extensions ['cmake', 'python']
[1.378s] Level 1:colcon.colcon_core.package_identification:_identify(src/microRos_test/lib) by extension 'cmake'
[1.378s] Level 1:colcon.colcon_core.package_identification:_identify(src/microRos_test/lib) by extension 'python'
[1.378s] Level 1:colcon.colcon_core.package_identification:_identify(src/microRos_test/lib) by extensions ['python_setup_py']
[1.378s] Level 1:colcon.colcon_core.package_identification:_identify(src/microRos_test/lib) by extension 'python_setup_py'
[1.379s] Level 1:colcon.colcon_core.package_identification:_identify(src/microRos_test/src) by extensions ['ignore', 'ignore_ament_install']
[1.379s] Level 1:colcon.colcon_core.package_identification:_identify(src/microRos_test/src) by extension 'ignore'
[1.379s] Level 1:colcon.colcon_core.package_identification:_identify(src/microRos_test/src) by extension 'ignore_ament_install'
[1.380s] Level 1:colcon.colcon_core.package_identification:_identify(src/microRos_test/src) by extensions ['colcon_pkg']
[1.380s] Level 1:colcon.colcon_core.package_identification:_identify(src/microRos_test/src) by extension 'colcon_pkg'
[1.380s] Level 1:colcon.colcon_core.package_identification:_identify(src/microRos_test/src) by extensions ['colcon_meta']
[1.380s] Level 1:colcon.colcon_core.package_identification:_identify(src/microRos_test/src) by extension 'colcon_meta'
[1.380s] Level 1:colcon.colcon_core.package_identification:_identify(src/microRos_test/src) by extensions ['ros']
[1.380s] Level 1:colcon.colcon_core.package_identification:_identify(src/microRos_test/src) by extension 'ros'
[1.381s] Level 1:colcon.colcon_core.package_identification:_identify(src/microRos_test/src) by extensions ['cmake', 'python']
[1.381s] Level 1:colcon.colcon_core.package_identification:_identify(src/microRos_test/src) by extension 'cmake'
[1.381s] Level 1:colcon.colcon_core.package_identification:_identify(src/microRos_test/src) by extension 'python'
[1.381s] Level 1:colcon.colcon_core.package_identification:_identify(src/microRos_test/src) by extensions ['python_setup_py']
[1.381s] Level 1:colcon.colcon_core.package_identification:_identify(src/microRos_test/src) by extension 'python_setup_py'
[1.382s] Level 1:colcon.colcon_core.package_identification:_identify(src/microRos_test/test) by extensions ['ignore', 'ignore_ament_install']
[1.382s] Level 1:colcon.colcon_core.package_identification:_identify(src/microRos_test/test) by extension 'ignore'
[1.382s] Level 1:colcon.colcon_core.package_identification:_identify(src/microRos_test/test) by extension 'ignore_ament_install'
[1.382s] Level 1:colcon.colcon_core.package_identification:_identify(src/microRos_test/test) by extensions ['colcon_pkg']
[1.382s] Level 1:colcon.colcon_core.package_identification:_identify(src/microRos_test/test) by extension 'colcon_pkg'
[1.383s] Level 1:colcon.colcon_core.package_identification:_identify(src/microRos_test/test) by extensions ['colcon_meta']
[1.383s] Level 1:colcon.colcon_core.package_identification:_identify(src/microRos_test/test) by extension 'colcon_meta'
[1.383s] Level 1:colcon.colcon_core.package_identification:_identify(src/microRos_test/test) by extensions ['ros']
[1.383s] Level 1:colcon.colcon_core.package_identification:_identify(src/microRos_test/test) by extension 'ros'
[1.383s] Level 1:colcon.colcon_core.package_identification:_identify(src/microRos_test/test) by extensions ['cmake', 'python']
[1.384s] Level 1:colcon.colcon_core.package_identification:_identify(src/microRos_test/test) by extension 'cmake'
[1.384s] Level 1:colcon.colcon_core.package_identification:_identify(src/microRos_test/test) by extension 'python'
[1.384s] Level 1:colcon.colcon_core.package_identification:_identify(src/microRos_test/test) by extensions ['python_setup_py']
[1.384s] Level 1:colcon.colcon_core.package_identification:_identify(src/microRos_test/test) by extension 'python_setup_py'
[1.384s] Level 1:colcon.colcon_core.package_identification:_identify(src/micro_ros_setup) by extensions ['ignore', 'ignore_ament_install']
[1.385s] Level 1:colcon.colcon_core.package_identification:_identify(src/micro_ros_setup) by extension 'ignore'
[1.385s] Level 1:colcon.colcon_core.package_identification:_identify(src/micro_ros_setup) by extension 'ignore_ament_install'
[1.385s] Level 1:colcon.colcon_core.package_identification:_identify(src/micro_ros_setup) by extensions ['colcon_pkg']
[1.385s] Level 1:colcon.colcon_core.package_identification:_identify(src/micro_ros_setup) by extension 'colcon_pkg'
[1.386s] Level 1:colcon.colcon_core.package_identification:_identify(src/micro_ros_setup) by extensions ['colcon_meta']
[1.386s] Level 1:colcon.colcon_core.package_identification:_identify(src/micro_ros_setup) by extension 'colcon_meta'
[1.386s] Level 1:colcon.colcon_core.package_identification:_identify(src/micro_ros_setup) by extensions ['ros']
[1.386s] Level 1:colcon.colcon_core.package_identification:_identify(src/micro_ros_setup) by extension 'ros'
[1.397s] DEBUG:colcon.colcon_core.package_identification:Package 'src/micro_ros_setup' with type 'ros.ament_cmake' and name 'micro_ros_setup'
[1.398s] Level 1:colcon.colcon_core.package_identification:_identify(src/three_wheel_uros) by extensions ['ignore', 'ignore_ament_install']
[1.398s] Level 1:colcon.colcon_core.package_identification:_identify(src/three_wheel_uros) by extension 'ignore'
[1.399s] Level 1:colcon.colcon_core.package_identification:_identify(src/three_wheel_uros) by extension 'ignore_ament_install'
[1.399s] Level 1:colcon.colcon_core.package_identification:_identify(src/three_wheel_uros) by extensions ['colcon_pkg']
[1.399s] Level 1:colcon.colcon_core.package_identification:_identify(src/three_wheel_uros) by extension 'colcon_pkg'
[1.399s] Level 1:colcon.colcon_core.package_identification:_identify(src/three_wheel_uros) by extensions ['colcon_meta']
[1.399s] Level 1:colcon.colcon_core.package_identification:_identify(src/three_wheel_uros) by extension 'colcon_meta'
[1.400s] Level 1:colcon.colcon_core.package_identification:_identify(src/three_wheel_uros) by extensions ['ros']
[1.400s] Level 1:colcon.colcon_core.package_identification:_identify(src/three_wheel_uros) by extension 'ros'
[1.400s] Level 1:colcon.colcon_core.package_identification:_identify(src/three_wheel_uros) by extensions ['cmake', 'python']
[1.400s] Level 1:colcon.colcon_core.package_identification:_identify(src/three_wheel_uros) by extension 'cmake'
[1.400s] Level 1:colcon.colcon_core.package_identification:_identify(src/three_wheel_uros) by extension 'python'
[1.401s] Level 1:colcon.colcon_core.package_identification:_identify(src/three_wheel_uros) by extensions ['python_setup_py']
[1.401s] Level 1:colcon.colcon_core.package_identification:_identify(src/three_wheel_uros) by extension 'python_setup_py'
[1.401s] Level 1:colcon.colcon_core.package_identification:_identify(src/three_wheel_uros/include) by extensions ['ignore', 'ignore_ament_install']
[1.402s] Level 1:colcon.colcon_core.package_identification:_identify(src/three_wheel_uros/include) by extension 'ignore'
[1.402s] Level 1:colcon.colcon_core.package_identification:_identify(src/three_wheel_uros/include) by extension 'ignore_ament_install'
[1.402s] Level 1:colcon.colcon_core.package_identification:_identify(src/three_wheel_uros/include) by extensions ['colcon_pkg']
[1.402s] Level 1:colcon.colcon_core.package_identification:_identify(src/three_wheel_uros/include) by extension 'colcon_pkg'
[1.402s] Level 1:colcon.colcon_core.package_identification:_identify(src/three_wheel_uros/include) by extensions ['colcon_meta']
[1.402s] Level 1:colcon.colcon_core.package_identification:_identify(src/three_wheel_uros/include) by extension 'colcon_meta'
[1.403s] Level 1:colcon.colcon_core.package_identification:_identify(src/three_wheel_uros/include) by extensions ['ros']
[1.403s] Level 1:colcon.colcon_core.package_identification:_identify(src/three_wheel_uros/include) by extension 'ros'
[1.403s] Level 1:colcon.colcon_core.package_identification:_identify(src/three_wheel_uros/include) by extensions ['cmake', 'python']
[1.403s] Level 1:colcon.colcon_core.package_identification:_identify(src/three_wheel_uros/include) by extension 'cmake'
[1.403s] Level 1:colcon.colcon_core.package_identification:_identify(src/three_wheel_uros/include) by extension 'python'
[1.404s] Level 1:colcon.colcon_core.package_identification:_identify(src/three_wheel_uros/include) by extensions ['python_setup_py']
[1.404s] Level 1:colcon.colcon_core.package_identification:_identify(src/three_wheel_uros/include) by extension 'python_setup_py'
[1.404s] Level 1:colcon.colcon_core.package_identification:_identify(src/three_wheel_uros/lib) by extensions ['ignore', 'ignore_ament_install']
[1.405s] Level 1:colcon.colcon_core.package_identification:_identify(src/three_wheel_uros/lib) by extension 'ignore'
[1.405s] Level 1:colcon.colcon_core.package_identification:_identify(src/three_wheel_uros/lib) by extension 'ignore_ament_install'
[1.405s] Level 1:colcon.colcon_core.package_identification:_identify(src/three_wheel_uros/lib) by extensions ['colcon_pkg']
[1.405s] Level 1:colcon.colcon_core.package_identification:_identify(src/three_wheel_uros/lib) by extension 'colcon_pkg'
[1.405s] Level 1:colcon.colcon_core.package_identification:_identify(src/three_wheel_uros/lib) by extensions ['colcon_meta']
[1.405s] Level 1:colcon.colcon_core.package_identification:_identify(src/three_wheel_uros/lib) by extension 'colcon_meta'
[1.406s] Level 1:colcon.colcon_core.package_identification:_identify(src/three_wheel_uros/lib) by extensions ['ros']
[1.406s] Level 1:colcon.colcon_core.package_identification:_identify(src/three_wheel_uros/lib) by extension 'ros'
[1.406s] Level 1:colcon.colcon_core.package_identification:_identify(src/three_wheel_uros/lib) by extensions ['cmake', 'python']
[1.406s] Level 1:colcon.colcon_core.package_identification:_identify(src/three_wheel_uros/lib) by extension 'cmake'
[1.407s] Level 1:colcon.colcon_core.package_identification:_identify(src/three_wheel_uros/lib) by extension 'python'
[1.407s] Level 1:colcon.colcon_core.package_identification:_identify(src/three_wheel_uros/lib) by extensions ['python_setup_py']
[1.407s] Level 1:colcon.colcon_core.package_identification:_identify(src/three_wheel_uros/lib) by extension 'python_setup_py'
[1.407s] Level 1:colcon.colcon_core.package_identification:_identify(src/three_wheel_uros/src) by extensions ['ignore', 'ignore_ament_install']
[1.408s] Level 1:colcon.colcon_core.package_identification:_identify(src/three_wheel_uros/src) by extension 'ignore'
[1.408s] Level 1:colcon.colcon_core.package_identification:_identify(src/three_wheel_uros/src) by extension 'ignore_ament_install'
[1.408s] Level 1:colcon.colcon_core.package_identification:_identify(src/three_wheel_uros/src) by extensions ['colcon_pkg']
[1.408s] Level 1:colcon.colcon_core.package_identification:_identify(src/three_wheel_uros/src) by extension 'colcon_pkg'
[1.408s] Level 1:colcon.colcon_core.package_identification:_identify(src/three_wheel_uros/src) by extensions ['colcon_meta']
[1.408s] Level 1:colcon.colcon_core.package_identification:_identify(src/three_wheel_uros/src) by extension 'colcon_meta'
[1.409s] Level 1:colcon.colcon_core.package_identification:_identify(src/three_wheel_uros/src) by extensions ['ros']
[1.409s] Level 1:colcon.colcon_core.package_identification:_identify(src/three_wheel_uros/src) by extension 'ros'
[1.409s] Level 1:colcon.colcon_core.package_identification:_identify(src/three_wheel_uros/src) by extensions ['cmake', 'python']
[1.410s] Level 1:colcon.colcon_core.package_identification:_identify(src/three_wheel_uros/src) by extension 'cmake'
[1.410s] Level 1:colcon.colcon_core.package_identification:_identify(src/three_wheel_uros/src) by extension 'python'
[1.410s] Level 1:colcon.colcon_core.package_identification:_identify(src/three_wheel_uros/src) by extensions ['python_setup_py']
[1.410s] Level 1:colcon.colcon_core.package_identification:_identify(src/three_wheel_uros/src) by extension 'python_setup_py'
[1.410s] Level 1:colcon.colcon_core.package_identification:_identify(src/three_wheel_uros/test) by extensions ['ignore', 'ignore_ament_install']
[1.411s] Level 1:colcon.colcon_core.package_identification:_identify(src/three_wheel_uros/test) by extension 'ignore'
[1.411s] Level 1:colcon.colcon_core.package_identification:_identify(src/three_wheel_uros/test) by extension 'ignore_ament_install'
[1.411s] Level 1:colcon.colcon_core.package_identification:_identify(src/three_wheel_uros/test) by extensions ['colcon_pkg']
[1.411s] Level 1:colcon.colcon_core.package_identification:_identify(src/three_wheel_uros/test) by extension 'colcon_pkg'
[1.412s] Level 1:colcon.colcon_core.package_identification:_identify(src/three_wheel_uros/test) by extensions ['colcon_meta']
[1.412s] Level 1:colcon.colcon_core.package_identification:_identify(src/three_wheel_uros/test) by extension 'colcon_meta'
[1.412s] Level 1:colcon.colcon_core.package_identification:_identify(src/three_wheel_uros/test) by extensions ['ros']
[1.412s] Level 1:colcon.colcon_core.package_identification:_identify(src/three_wheel_uros/test) by extension 'ros'
[1.412s] Level 1:colcon.colcon_core.package_identification:_identify(src/three_wheel_uros/test) by extensions ['cmake', 'python']
[1.412s] Level 1:colcon.colcon_core.package_identification:_identify(src/three_wheel_uros/test) by extension 'cmake'
[1.413s] Level 1:colcon.colcon_core.package_identification:_identify(src/three_wheel_uros/test) by extension 'python'
[1.413s] Level 1:colcon.colcon_core.package_identification:_identify(src/three_wheel_uros/test) by extensions ['python_setup_py']
[1.413s] Level 1:colcon.colcon_core.package_identification:_identify(src/three_wheel_uros/test) by extension 'python_setup_py'
[1.413s] Level 1:colcon.colcon_core.package_identification:_identify(src/uros) by extensions ['ignore', 'ignore_ament_install']
[1.414s] Level 1:colcon.colcon_core.package_identification:_identify(src/uros) by extension 'ignore'
[1.414s] Level 1:colcon.colcon_core.package_identification:_identify(src/uros) by extension 'ignore_ament_install'
[1.414s] Level 1:colcon.colcon_core.package_identification:_identify(src/uros) by extensions ['colcon_pkg']
[1.414s] Level 1:colcon.colcon_core.package_identification:_identify(src/uros) by extension 'colcon_pkg'
[1.414s] Level 1:colcon.colcon_core.package_identification:_identify(src/uros) by extensions ['colcon_meta']
[1.415s] Level 1:colcon.colcon_core.package_identification:_identify(src/uros) by extension 'colcon_meta'
[1.415s] Level 1:colcon.colcon_core.package_identification:_identify(src/uros) by extensions ['ros']
[1.415s] Level 1:colcon.colcon_core.package_identification:_identify(src/uros) by extension 'ros'
[1.415s] Level 1:colcon.colcon_core.package_identification:_identify(src/uros) by extensions ['cmake', 'python']
[1.415s] Level 1:colcon.colcon_core.package_identification:_identify(src/uros) by extension 'cmake'
[1.415s] Level 1:colcon.colcon_core.package_identification:_identify(src/uros) by extension 'python'
[1.416s] Level 1:colcon.colcon_core.package_identification:_identify(src/uros) by extensions ['python_setup_py']
[1.416s] Level 1:colcon.colcon_core.package_identification:_identify(src/uros) by extension 'python_setup_py'
[1.416s] Level 1:colcon.colcon_core.package_identification:_identify(src/uros/micro-ROS-Agent) by extensions ['ignore', 'ignore_ament_install']
[1.417s] Level 1:colcon.colcon_core.package_identification:_identify(src/uros/micro-ROS-Agent) by extension 'ignore'
[1.417s] Level 1:colcon.colcon_core.package_identification:_identify(src/uros/micro-ROS-Agent) by extension 'ignore_ament_install'
[1.417s] Level 1:colcon.colcon_core.package_identification:_identify(src/uros/micro-ROS-Agent) by extensions ['colcon_pkg']
[1.417s] Level 1:colcon.colcon_core.package_identification:_identify(src/uros/micro-ROS-Agent) by extension 'colcon_pkg'
[1.417s] Level 1:colcon.colcon_core.package_identification:_identify(src/uros/micro-ROS-Agent) by extensions ['colcon_meta']
[1.417s] Level 1:colcon.colcon_core.package_identification:_identify(src/uros/micro-ROS-Agent) by extension 'colcon_meta'
[1.418s] Level 1:colcon.colcon_core.package_identification:_identify(src/uros/micro-ROS-Agent) by extensions ['ros']
[1.418s] Level 1:colcon.colcon_core.package_identification:_identify(src/uros/micro-ROS-Agent) by extension 'ros'
[1.418s] Level 1:colcon.colcon_core.package_identification:_identify(src/uros/micro-ROS-Agent) by extensions ['cmake', 'python']
[1.418s] Level 1:colcon.colcon_core.package_identification:_identify(src/uros/micro-ROS-Agent) by extension 'cmake'
[1.418s] Level 1:colcon.colcon_core.package_identification:_identify(src/uros/micro-ROS-Agent) by extension 'python'
[1.419s] Level 1:colcon.colcon_core.package_identification:_identify(src/uros/micro-ROS-Agent) by extensions ['python_setup_py']
[1.419s] Level 1:colcon.colcon_core.package_identification:_identify(src/uros/micro-ROS-Agent) by extension 'python_setup_py'
[1.420s] Level 1:colcon.colcon_core.package_identification:_identify(src/uros/micro-ROS-Agent/micro_ros_agent) by extensions ['ignore', 'ignore_ament_install']
[1.420s] Level 1:colcon.colcon_core.package_identification:_identify(src/uros/micro-ROS-Agent/micro_ros_agent) by extension 'ignore'
[1.421s] Level 1:colcon.colcon_core.package_identification:_identify(src/uros/micro-ROS-Agent/micro_ros_agent) by extension 'ignore_ament_install'
[1.421s] Level 1:colcon.colcon_core.package_identification:_identify(src/uros/micro-ROS-Agent/micro_ros_agent) by extensions ['colcon_pkg']
[1.421s] Level 1:colcon.colcon_core.package_identification:_identify(src/uros/micro-ROS-Agent/micro_ros_agent) by extension 'colcon_pkg'
[1.421s] Level 1:colcon.colcon_core.package_identification:_identify(src/uros/micro-ROS-Agent/micro_ros_agent) by extensions ['colcon_meta']
[1.421s] Level 1:colcon.colcon_core.package_identification:_identify(src/uros/micro-ROS-Agent/micro_ros_agent) by extension 'colcon_meta'
[1.422s] Level 1:colcon.colcon_core.package_identification:_identify(src/uros/micro-ROS-Agent/micro_ros_agent) by extensions ['ros']
[1.422s] Level 1:colcon.colcon_core.package_identification:_identify(src/uros/micro-ROS-Agent/micro_ros_agent) by extension 'ros'
[1.426s] DEBUG:colcon.colcon_core.package_identification:Package 'src/uros/micro-ROS-Agent/micro_ros_agent' with type 'ros.ament_cmake' and name 'micro_ros_agent'
[1.428s] Level 1:colcon.colcon_core.package_identification:_identify(src/uros/micro-ROS-Agent/snap) by extensions ['ignore', 'ignore_ament_install']
[1.428s] Level 1:colcon.colcon_core.package_identification:_identify(src/uros/micro-ROS-Agent/snap) by extension 'ignore'
[1.428s] Level 1:colcon.colcon_core.package_identification:_identify(src/uros/micro-ROS-Agent/snap) by extension 'ignore_ament_install'
[1.429s] Level 1:colcon.colcon_core.package_identification:_identify(src/uros/micro-ROS-Agent/snap) by extensions ['colcon_pkg']
[1.429s] Level 1:colcon.colcon_core.package_identification:_identify(src/uros/micro-ROS-Agent/snap) by extension 'colcon_pkg'
[1.429s] Level 1:colcon.colcon_core.package_identification:_identify(src/uros/micro-ROS-Agent/snap) by extensions ['colcon_meta']
[1.429s] Level 1:colcon.colcon_core.package_identification:_identify(src/uros/micro-ROS-Agent/snap) by extension 'colcon_meta'
[1.429s] Level 1:colcon.colcon_core.package_identification:_identify(src/uros/micro-ROS-Agent/snap) by extensions ['ros']
[1.429s] Level 1:colcon.colcon_core.package_identification:_identify(src/uros/micro-ROS-Agent/snap) by extension 'ros'
[1.430s] Level 1:colcon.colcon_core.package_identification:_identify(src/uros/micro-ROS-Agent/snap) by extensions ['cmake', 'python']
[1.430s] Level 1:colcon.colcon_core.package_identification:_identify(src/uros/micro-ROS-Agent/snap) by extension 'cmake'
[1.430s] Level 1:colcon.colcon_core.package_identification:_identify(src/uros/micro-ROS-Agent/snap) by extension 'python'
[1.430s] Level 1:colcon.colcon_core.package_identification:_identify(src/uros/micro-ROS-Agent/snap) by extensions ['python_setup_py']
[1.430s] Level 1:colcon.colcon_core.package_identification:_identify(src/uros/micro-ROS-Agent/snap) by extension 'python_setup_py'
[1.431s] Level 1:colcon.colcon_core.package_identification:_identify(src/uros/micro-ROS-Agent/snap/hooks) by extensions ['ignore', 'ignore_ament_install']
[1.432s] Level 1:colcon.colcon_core.package_identification:_identify(src/uros/micro-ROS-Agent/snap/hooks) by extension 'ignore'
[1.432s] Level 1:colcon.colcon_core.package_identification:_identify(src/uros/micro-ROS-Agent/snap/hooks) by extension 'ignore_ament_install'
[1.432s] Level 1:colcon.colcon_core.package_identification:_identify(src/uros/micro-ROS-Agent/snap/hooks) by extensions ['colcon_pkg']
[1.432s] Level 1:colcon.colcon_core.package_identification:_identify(src/uros/micro-ROS-Agent/snap/hooks) by extension 'colcon_pkg'
[1.433s] Level 1:colcon.colcon_core.package_identification:_identify(src/uros/micro-ROS-Agent/snap/hooks) by extensions ['colcon_meta']
[1.433s] Level 1:colcon.colcon_core.package_identification:_identify(src/uros/micro-ROS-Agent/snap/hooks) by extension 'colcon_meta'
[1.433s] Level 1:colcon.colcon_core.package_identification:_identify(src/uros/micro-ROS-Agent/snap/hooks) by extensions ['ros']
[1.433s] Level 1:colcon.colcon_core.package_identification:_identify(src/uros/micro-ROS-Agent/snap/hooks) by extension 'ros'
[1.434s] Level 1:colcon.colcon_core.package_identification:_identify(src/uros/micro-ROS-Agent/snap/hooks) by extensions ['cmake', 'python']
[1.434s] Level 1:colcon.colcon_core.package_identification:_identify(src/uros/micro-ROS-Agent/snap/hooks) by extension 'cmake'
[1.434s] Level 1:colcon.colcon_core.package_identification:_identify(src/uros/micro-ROS-Agent/snap/hooks) by extension 'python'
[1.434s] Level 1:colcon.colcon_core.package_identification:_identify(src/uros/micro-ROS-Agent/snap/hooks) by extensions ['python_setup_py']
[1.435s] Level 1:colcon.colcon_core.package_identification:_identify(src/uros/micro-ROS-Agent/snap/hooks) by extension 'python_setup_py'
[1.436s] Level 1:colcon.colcon_core.package_identification:_identify(src/uros/micro-ROS-Agent/snap/local) by extensions ['ignore', 'ignore_ament_install']
[1.436s] Level 1:colcon.colcon_core.package_identification:_identify(src/uros/micro-ROS-Agent/snap/local) by extension 'ignore'
[1.436s] Level 1:colcon.colcon_core.package_identification:_identify(src/uros/micro-ROS-Agent/snap/local) by extension 'ignore_ament_install'
[1.437s] Level 1:colcon.colcon_core.package_identification:_identify(src/uros/micro-ROS-Agent/snap/local) by extensions ['colcon_pkg']
[1.437s] Level 1:colcon.colcon_core.package_identification:_identify(src/uros/micro-ROS-Agent/snap/local) by extension 'colcon_pkg'
[1.437s] Level 1:colcon.colcon_core.package_identification:_identify(src/uros/micro-ROS-Agent/snap/local) by extensions ['colcon_meta']
[1.437s] Level 1:colcon.colcon_core.package_identification:_identify(src/uros/micro-ROS-Agent/snap/local) by extension 'colcon_meta'
[1.438s] Level 1:colcon.colcon_core.package_identification:_identify(src/uros/micro-ROS-Agent/snap/local) by extensions ['ros']
[1.438s] Level 1:colcon.colcon_core.package_identification:_identify(src/uros/micro-ROS-Agent/snap/local) by extension 'ros'
[1.438s] Level 1:colcon.colcon_core.package_identification:_identify(src/uros/micro-ROS-Agent/snap/local) by extensions ['cmake', 'python']
[1.438s] Level 1:colcon.colcon_core.package_identification:_identify(src/uros/micro-ROS-Agent/snap/local) by extension 'cmake'
[1.438s] Level 1:colcon.colcon_core.package_identification:_identify(src/uros/micro-ROS-Agent/snap/local) by extension 'python'
[1.439s] Level 1:colcon.colcon_core.package_identification:_identify(src/uros/micro-ROS-Agent/snap/local) by extensions ['python_setup_py']
[1.439s] Level 1:colcon.colcon_core.package_identification:_identify(src/uros/micro-ROS-Agent/snap/local) by extension 'python_setup_py'
[1.439s] Level 1:colcon.colcon_core.package_identification:_identify(src/uros/micro_ros_msgs) by extensions ['ignore', 'ignore_ament_install']
[1.440s] Level 1:colcon.colcon_core.package_identification:_identify(src/uros/micro_ros_msgs) by extension 'ignore'
[1.440s] Level 1:colcon.colcon_core.package_identification:_identify(src/uros/micro_ros_msgs) by extension 'ignore_ament_install'
[1.440s] Level 1:colcon.colcon_core.package_identification:_identify(src/uros/micro_ros_msgs) by extensions ['colcon_pkg']
[1.440s] Level 1:colcon.colcon_core.package_identification:_identify(src/uros/micro_ros_msgs) by extension 'colcon_pkg'
[1.440s] Level 1:colcon.colcon_core.package_identification:_identify(src/uros/micro_ros_msgs) by extensions ['colcon_meta']
[1.441s] Level 1:colcon.colcon_core.package_identification:_identify(src/uros/micro_ros_msgs) by extension 'colcon_meta'
[1.441s] Level 1:colcon.colcon_core.package_identification:_identify(src/uros/micro_ros_msgs) by extensions ['ros']
[1.441s] Level 1:colcon.colcon_core.package_identification:_identify(src/uros/micro_ros_msgs) by extension 'ros'
[1.444s] DEBUG:colcon.colcon_core.package_identification:Package 'src/uros/micro_ros_msgs' with type 'ros.ament_cmake' and name 'micro_ros_msgs'
[1.445s] Level 1:colcon.colcon_core.package_discovery:discover_packages(recursive) using defaults
[1.445s] Level 1:colcon.colcon_core.package_discovery:discover_packages(ignore) discover
[1.445s] Level 1:colcon.colcon_core.package_discovery:discover_packages(ignore) using defaults
[1.445s] Level 1:colcon.colcon_core.package_discovery:discover_packages(path) discover
[1.445s] Level 1:colcon.colcon_core.package_discovery:discover_packages(path) using defaults
[1.564s] Level 1:colcon.colcon_core.package_discovery:discover_packages(prefix_path) check parameters
[1.565s] Level 1:colcon.colcon_core.package_discovery:discover_packages(prefix_path) discover
[1.572s] DEBUG:colcon.colcon_installed_package_information.package_discovery:Found 1 installed packages in /home/piros/Work/rplidar_ws/install
[1.582s] DEBUG:colcon.colcon_installed_package_information.package_discovery:Found 314 installed packages in /opt/ros/humble
[1.589s] Level 1:colcon.colcon_core.package_discovery:discover_packages(prefix_path) using defaults
[1.775s] Level 5:colcon.colcon_core.verb:set package 'micro_ros_msgs' build argument 'cmake_args' from command line to 'None'
[1.776s] Level 5:colcon.colcon_core.verb:set package 'micro_ros_msgs' build argument 'cmake_target' from command line to 'None'
[1.776s] Level 5:colcon.colcon_core.verb:set package 'micro_ros_msgs' build argument 'cmake_target_skip_unavailable' from command line to 'False'
[1.776s] Level 5:colcon.colcon_core.verb:set package 'micro_ros_msgs' build argument 'cmake_clean_cache' from command line to 'False'
[1.776s] Level 5:colcon.colcon_core.verb:set package 'micro_ros_msgs' build argument 'cmake_clean_first' from command line to 'False'
[1.776s] Level 5:colcon.colcon_core.verb:set package 'micro_ros_msgs' build argument 'cmake_force_configure' from command line to 'False'
[1.776s] Level 5:colcon.colcon_core.verb:set package 'micro_ros_msgs' build argument 'ament_cmake_args' from command line to 'None'
[1.776s] Level 5:colcon.colcon_core.verb:set package 'micro_ros_msgs' build argument 'catkin_cmake_args' from command line to 'None'
[1.776s] Level 5:colcon.colcon_core.verb:set package 'micro_ros_msgs' build argument 'catkin_skip_building_tests' from command line to 'False'
[1.776s] DEBUG:colcon.colcon_core.verb:Building package 'micro_ros_msgs' with the following arguments: {'ament_cmake_args': None, 'build_base': '/home/piros/Work/ROS2/microRos_ws/build/micro_ros_msgs', 'catkin_cmake_args': None, 'catkin_skip_building_tests': False, 'cmake_args': None, 'cmake_clean_cache': False, 'cmake_clean_first': False, 'cmake_force_configure': False, 'cmake_target': None, 'cmake_target_skip_unavailable': False, 'install_base': '/home/piros/Work/ROS2/microRos_ws/install/micro_ros_msgs', 'merge_install': False, 'path': '/home/piros/Work/ROS2/microRos_ws/src/uros/micro_ros_msgs', 'symlink_install': False, 'test_result_base': None}
[1.778s] Level 5:colcon.colcon_core.verb:set package 'micro_ros_setup' build argument 'cmake_args' from command line to 'None'
[1.778s] Level 5:colcon.colcon_core.verb:set package 'micro_ros_setup' build argument 'cmake_target' from command line to 'None'
[1.778s] Level 5:colcon.colcon_core.verb:set package 'micro_ros_setup' build argument 'cmake_target_skip_unavailable' from command line to 'False'
[1.778s] Level 5:colcon.colcon_core.verb:set package 'micro_ros_setup' build argument 'cmake_clean_cache' from command line to 'False'
[1.779s] Level 5:colcon.colcon_core.verb:set package 'micro_ros_setup' build argument 'cmake_clean_first' from command line to 'False'
[1.779s] Level 5:colcon.colcon_core.verb:set package 'micro_ros_setup' build argument 'cmake_force_configure' from command line to 'False'
[1.779s] Level 5:colcon.colcon_core.verb:set package 'micro_ros_setup' build argument 'ament_cmake_args' from command line to 'None'
[1.779s] Level 5:colcon.colcon_core.verb:set package 'micro_ros_setup' build argument 'catkin_cmake_args' from command line to 'None'
[1.779s] Level 5:colcon.colcon_core.verb:set package 'micro_ros_setup' build argument 'catkin_skip_building_tests' from command line to 'False'
[1.779s] DEBUG:colcon.colcon_core.verb:Building package 'micro_ros_setup' with the following arguments: {'ament_cmake_args': None, 'build_base': '/home/piros/Work/ROS2/microRos_ws/build/micro_ros_setup', 'catkin_cmake_args': None, 'catkin_skip_building_tests': False, 'cmake_args': None, 'cmake_clean_cache': False, 'cmake_clean_first': False, 'cmake_force_configure': False, 'cmake_target': None, 'cmake_target_skip_unavailable': False, 'install_base': '/home/piros/Work/ROS2/microRos_ws/install/micro_ros_setup', 'merge_install': False, 'path': '/home/piros/Work/ROS2/microRos_ws/src/micro_ros_setup', 'symlink_install': False, 'test_result_base': None}
[1.780s] Level 5:colcon.colcon_core.verb:set package 'micro_ros_agent' build argument 'cmake_args' from command line to 'None'
[1.781s] Level 5:colcon.colcon_core.verb:set package 'micro_ros_agent' build argument 'cmake_target' from command line to 'None'
[1.781s] Level 5:colcon.colcon_core.verb:set package 'micro_ros_agent' build argument 'cmake_target_skip_unavailable' from command line to 'False'
[1.781s] Level 5:colcon.colcon_core.verb:set package 'micro_ros_agent' build argument 'cmake_clean_cache' from command line to 'False'
[1.781s] Level 5:colcon.colcon_core.verb:set package 'micro_ros_agent' build argument 'cmake_clean_first' from command line to 'False'
[1.781s] Level 5:colcon.colcon_core.verb:set package 'micro_ros_agent' build argument 'cmake_force_configure' from command line to 'False'
[1.781s] Level 5:colcon.colcon_core.verb:set package 'micro_ros_agent' build argument 'ament_cmake_args' from command line to 'None'
[1.781s] Level 5:colcon.colcon_core.verb:set package 'micro_ros_agent' build argument 'catkin_cmake_args' from command line to 'None'
[1.781s] Level 5:colcon.colcon_core.verb:set package 'micro_ros_agent' build argument 'catkin_skip_building_tests' from command line to 'False'
[1.781s] DEBUG:colcon.colcon_core.verb:Building package 'micro_ros_agent' with the following arguments: {'ament_cmake_args': None, 'build_base': '/home/piros/Work/ROS2/microRos_ws/build/micro_ros_agent', 'catkin_cmake_args': None, 'catkin_skip_building_tests': False, 'cmake_args': None, 'cmake_clean_cache': False, 'cmake_clean_first': False, 'cmake_force_configure': False, 'cmake_target': None, 'cmake_target_skip_unavailable': False, 'install_base': '/home/piros/Work/ROS2/microRos_ws/install/micro_ros_agent', 'merge_install': False, 'path': '/home/piros/Work/ROS2/microRos_ws/src/uros/micro-ROS-Agent/micro_ros_agent', 'symlink_install': False, 'test_result_base': None}
[1.782s] INFO:colcon.colcon_core.executor:Executing jobs using 'parallel' executor
[1.785s] DEBUG:colcon.colcon_parallel_executor.executor.parallel:run_until_complete
[1.786s] INFO:colcon.colcon_ros.task.ament_cmake.build:Building ROS package in '/home/piros/Work/ROS2/microRos_ws/src/uros/micro_ros_msgs' with build type 'ament_cmake'
[1.787s] INFO:colcon.colcon_cmake.task.cmake.build:Building CMake package in '/home/piros/Work/ROS2/microRos_ws/src/uros/micro_ros_msgs'
[1.795s] INFO:colcon.colcon_core.plugin_system:Skipping extension 'colcon_core.shell.bat': Not used on non-Windows systems
[1.796s] INFO:colcon.colcon_core.shell:Skip shell extension 'powershell' for command environment: Not usable outside of PowerShell
[1.796s] DEBUG:colcon.colcon_core.shell:Skip shell extension 'dsv' for command environment
[1.817s] INFO:colcon.colcon_ros.task.ament_cmake.build:Building ROS package in '/home/piros/Work/ROS2/microRos_ws/src/micro_ros_setup' with build type 'ament_cmake'
[1.818s] INFO:colcon.colcon_cmake.task.cmake.build:Building CMake package in '/home/piros/Work/ROS2/microRos_ws/src/micro_ros_setup'
[1.820s] INFO:colcon.colcon_core.shell:Skip shell extension 'powershell' for command environment: Not usable outside of PowerShell
[1.820s] DEBUG:colcon.colcon_core.shell:Skip shell extension 'dsv' for command environment
[1.853s] DEBUG:colcon.colcon_core.event_handler.log_command:Invoking command in '/home/piros/Work/ROS2/microRos_ws/build/micro_ros_msgs': CMAKE_PREFIX_PATH=${CMAKE_PREFIX_PATH}:/opt/ros/humble /usr/bin/cmake /home/piros/Work/ROS2/microRos_ws/src/uros/micro_ros_msgs -DCMAKE_INSTALL_PREFIX=/home/piros/Work/ROS2/microRos_ws/install/micro_ros_msgs
[1.887s] DEBUG:colcon.colcon_core.event_handler.log_command:Invoking command in '/home/piros/Work/ROS2/microRos_ws/build/micro_ros_setup': CMAKE_PREFIX_PATH=${CMAKE_PREFIX_PATH}:/opt/ros/humble /usr/bin/cmake /home/piros/Work/ROS2/microRos_ws/src/micro_ros_setup -DCMAKE_INSTALL_PREFIX=/home/piros/Work/ROS2/microRos_ws/install/micro_ros_setup
[5.826s] DEBUG:colcon.colcon_core.event_handler.log_command:Invoked command in '/home/piros/Work/ROS2/microRos_ws/build/micro_ros_setup' returned '0': CMAKE_PREFIX_PATH=${CMAKE_PREFIX_PATH}:/opt/ros/humble /usr/bin/cmake /home/piros/Work/ROS2/microRos_ws/src/micro_ros_setup -DCMAKE_INSTALL_PREFIX=/home/piros/Work/ROS2/microRos_ws/install/micro_ros_setup
[5.837s] DEBUG:colcon.colcon_core.event_handler.log_command:Invoking command in '/home/piros/Work/ROS2/microRos_ws/build/micro_ros_setup': CMAKE_PREFIX_PATH=${CMAKE_PREFIX_PATH}:/opt/ros/humble /usr/bin/cmake --build /home/piros/Work/ROS2/microRos_ws/build/micro_ros_setup -- -j4 -l4
[5.979s] DEBUG:colcon.colcon_core.event_handler.log_command:Invoked command in '/home/piros/Work/ROS2/microRos_ws/build/micro_ros_setup' returned '0': CMAKE_PREFIX_PATH=${CMAKE_PREFIX_PATH}:/opt/ros/humble /usr/bin/cmake --build /home/piros/Work/ROS2/microRos_ws/build/micro_ros_setup -- -j4 -l4
[6.021s] DEBUG:colcon.colcon_core.event_handler.log_command:Invoking command in '/home/piros/Work/ROS2/microRos_ws/build/micro_ros_setup': CMAKE_PREFIX_PATH=${CMAKE_PREFIX_PATH}:/opt/ros/humble /usr/bin/cmake --install /home/piros/Work/ROS2/microRos_ws/build/micro_ros_setup
[6.359s] Level 1:colcon.colcon_core.environment:create_environment_scripts_only(micro_ros_setup)
[6.362s] DEBUG:colcon.colcon_core.event_handler.log_command:Invoked command in '/home/piros/Work/ROS2/microRos_ws/build/micro_ros_setup' returned '0': CMAKE_PREFIX_PATH=${CMAKE_PREFIX_PATH}:/opt/ros/humble /usr/bin/cmake --install /home/piros/Work/ROS2/microRos_ws/build/micro_ros_setup
[6.374s] Level 1:colcon.colcon_core.environment:checking '/home/piros/Work/ROS2/microRos_ws/install/micro_ros_setup' for CMake module files
[6.377s] Level 1:colcon.colcon_core.environment:checking '/home/piros/Work/ROS2/microRos_ws/install/micro_ros_setup' for CMake config files
[6.379s] Level 1:colcon.colcon_core.shell:create_environment_hook('micro_ros_setup', 'cmake_prefix_path')
[6.380s] INFO:colcon.colcon_core.shell:Creating environment hook '/home/piros/Work/ROS2/microRos_ws/install/micro_ros_setup/share/micro_ros_setup/hook/cmake_prefix_path.ps1'
[6.383s] INFO:colcon.colcon_core.shell:Creating environment descriptor '/home/piros/Work/ROS2/microRos_ws/install/micro_ros_setup/share/micro_ros_setup/hook/cmake_prefix_path.dsv'
[6.385s] INFO:colcon.colcon_core.shell:Creating environment hook '/home/piros/Work/ROS2/microRos_ws/install/micro_ros_setup/share/micro_ros_setup/hook/cmake_prefix_path.sh'
[6.389s] Level 1:colcon.colcon_core.environment:checking '/home/piros/Work/ROS2/microRos_ws/install/micro_ros_setup/lib'
[6.390s] Level 1:colcon.colcon_core.environment:checking '/home/piros/Work/ROS2/microRos_ws/install/micro_ros_setup/bin'
[6.390s] Level 1:colcon.colcon_core.environment:checking '/home/piros/Work/ROS2/microRos_ws/install/micro_ros_setup/lib/pkgconfig/micro_ros_setup.pc'
[6.391s] Level 1:colcon.colcon_core.environment:checking '/home/piros/Work/ROS2/microRos_ws/install/micro_ros_setup/lib/python3.10/site-packages'
[6.392s] Level 1:colcon.colcon_core.environment:checking '/home/piros/Work/ROS2/microRos_ws/install/micro_ros_setup/bin'
[6.394s] INFO:colcon.colcon_core.shell:Creating package script '/home/piros/Work/ROS2/microRos_ws/install/micro_ros_setup/share/micro_ros_setup/package.ps1'
[6.397s] INFO:colcon.colcon_core.shell:Creating package descriptor '/home/piros/Work/ROS2/microRos_ws/install/micro_ros_setup/share/micro_ros_setup/package.dsv'
[6.400s] INFO:colcon.colcon_core.shell:Creating package script '/home/piros/Work/ROS2/microRos_ws/install/micro_ros_setup/share/micro_ros_setup/package.sh'
[6.404s] INFO:colcon.colcon_core.shell:Creating package script '/home/piros/Work/ROS2/microRos_ws/install/micro_ros_setup/share/micro_ros_setup/package.bash'
[6.407s] INFO:colcon.colcon_core.shell:Creating package script '/home/piros/Work/ROS2/microRos_ws/install/micro_ros_setup/share/micro_ros_setup/package.zsh'
[6.411s] Level 1:colcon.colcon_core.environment:create_file_with_runtime_dependencies(/home/piros/Work/ROS2/microRos_ws/install/micro_ros_setup/share/colcon-core/packages/micro_ros_setup)
[6.414s] Level 1:colcon.colcon_core.environment:create_environment_scripts_only(micro_ros_setup)
[6.415s] Level 1:colcon.colcon_core.environment:checking '/home/piros/Work/ROS2/microRos_ws/install/micro_ros_setup' for CMake module files
[6.419s] Level 1:colcon.colcon_core.environment:checking '/home/piros/Work/ROS2/microRos_ws/install/micro_ros_setup' for CMake config files
[6.421s] Level 1:colcon.colcon_core.shell:create_environment_hook('micro_ros_setup', 'cmake_prefix_path')
[6.422s] INFO:colcon.colcon_core.shell:Creating environment hook '/home/piros/Work/ROS2/microRos_ws/install/micro_ros_setup/share/micro_ros_setup/hook/cmake_prefix_path.ps1'
[6.424s] INFO:colcon.colcon_core.shell:Creating environment descriptor '/home/piros/Work/ROS2/microRos_ws/install/micro_ros_setup/share/micro_ros_setup/hook/cmake_prefix_path.dsv'
[6.427s] INFO:colcon.colcon_core.shell:Creating environment hook '/home/piros/Work/ROS2/microRos_ws/install/micro_ros_setup/share/micro_ros_setup/hook/cmake_prefix_path.sh'
[6.430s] Level 1:colcon.colcon_core.environment:checking '/home/piros/Work/ROS2/microRos_ws/install/micro_ros_setup/lib'
[6.431s] Level 1:colcon.colcon_core.environment:checking '/home/piros/Work/ROS2/microRos_ws/install/micro_ros_setup/bin'
[6.431s] Level 1:colcon.colcon_core.environment:checking '/home/piros/Work/ROS2/microRos_ws/install/micro_ros_setup/lib/pkgconfig/micro_ros_setup.pc'
[6.432s] Level 1:colcon.colcon_core.environment:checking '/home/piros/Work/ROS2/microRos_ws/install/micro_ros_setup/lib/python3.10/site-packages'
[6.433s] Level 1:colcon.colcon_core.environment:checking '/home/piros/Work/ROS2/microRos_ws/install/micro_ros_setup/bin'
[6.435s] INFO:colcon.colcon_core.shell:Creating package script '/home/piros/Work/ROS2/microRos_ws/install/micro_ros_setup/share/micro_ros_setup/package.ps1'
[6.437s] INFO:colcon.colcon_core.shell:Creating package descriptor '/home/piros/Work/ROS2/microRos_ws/install/micro_ros_setup/share/micro_ros_setup/package.dsv'
[6.440s] INFO:colcon.colcon_core.shell:Creating package script '/home/piros/Work/ROS2/microRos_ws/install/micro_ros_setup/share/micro_ros_setup/package.sh'
[6.443s] INFO:colcon.colcon_core.shell:Creating package script '/home/piros/Work/ROS2/microRos_ws/install/micro_ros_setup/share/micro_ros_setup/package.bash'
[6.446s] INFO:colcon.colcon_core.shell:Creating package script '/home/piros/Work/ROS2/microRos_ws/install/micro_ros_setup/share/micro_ros_setup/package.zsh'
[6.449s] Level 1:colcon.colcon_core.environment:create_file_with_runtime_dependencies(/home/piros/Work/ROS2/microRos_ws/install/micro_ros_setup/share/colcon-core/packages/micro_ros_setup)
[9.984s] DEBUG:colcon.colcon_core.event_handler.log_command:Invoked command in '/home/piros/Work/ROS2/microRos_ws/build/micro_ros_msgs' returned '0': CMAKE_PREFIX_PATH=${CMAKE_PREFIX_PATH}:/opt/ros/humble /usr/bin/cmake /home/piros/Work/ROS2/microRos_ws/src/uros/micro_ros_msgs -DCMAKE_INSTALL_PREFIX=/home/piros/Work/ROS2/microRos_ws/install/micro_ros_msgs
[9.993s] DEBUG:colcon.colcon_core.event_handler.log_command:Invoking command in '/home/piros/Work/ROS2/microRos_ws/build/micro_ros_msgs': CMAKE_PREFIX_PATH=${CMAKE_PREFIX_PATH}:/opt/ros/humble /usr/bin/cmake --build /home/piros/Work/ROS2/microRos_ws/build/micro_ros_msgs -- -j4 -l4
[29.235s] DEBUG:colcon.colcon_core.event_handler.log_command:Invoked command in '/home/piros/Work/ROS2/microRos_ws/build/micro_ros_msgs' returned '0': CMAKE_PREFIX_PATH=${CMAKE_PREFIX_PATH}:/opt/ros/humble /usr/bin/cmake --build /home/piros/Work/ROS2/microRos_ws/build/micro_ros_msgs -- -j4 -l4
[29.246s] DEBUG:colcon.colcon_core.event_handler.log_command:Invoking command in '/home/piros/Work/ROS2/microRos_ws/build/micro_ros_msgs': CMAKE_PREFIX_PATH=${CMAKE_PREFIX_PATH}:/opt/ros/humble /usr/bin/cmake --install /home/piros/Work/ROS2/microRos_ws/build/micro_ros_msgs
[29.687s] Level 1:colcon.colcon_core.environment:create_environment_scripts_only(micro_ros_msgs)
[29.688s] Level 1:colcon.colcon_core.environment:checking '/home/piros/Work/ROS2/microRos_ws/install/micro_ros_msgs' for CMake module files
[29.690s] DEBUG:colcon.colcon_core.event_handler.log_command:Invoked command in '/home/piros/Work/ROS2/microRos_ws/build/micro_ros_msgs' returned '0': CMAKE_PREFIX_PATH=${CMAKE_PREFIX_PATH}:/opt/ros/humble /usr/bin/cmake --install /home/piros/Work/ROS2/microRos_ws/build/micro_ros_msgs
[29.694s] Level 1:colcon.colcon_core.environment:checking '/home/piros/Work/ROS2/microRos_ws/install/micro_ros_msgs' for CMake config files
[29.699s] Level 1:colcon.colcon_core.shell:create_environment_hook('micro_ros_msgs', 'cmake_prefix_path')
[29.700s] INFO:colcon.colcon_core.shell:Creating environment hook '/home/piros/Work/ROS2/microRos_ws/install/micro_ros_msgs/share/micro_ros_msgs/hook/cmake_prefix_path.ps1'
[29.702s] INFO:colcon.colcon_core.shell:Creating environment descriptor '/home/piros/Work/ROS2/microRos_ws/install/micro_ros_msgs/share/micro_ros_msgs/hook/cmake_prefix_path.dsv'
[29.704s] INFO:colcon.colcon_core.shell:Creating environment hook '/home/piros/Work/ROS2/microRos_ws/install/micro_ros_msgs/share/micro_ros_msgs/hook/cmake_prefix_path.sh'
[29.706s] Level 1:colcon.colcon_core.environment:checking '/home/piros/Work/ROS2/microRos_ws/install/micro_ros_msgs/lib'
[29.707s] Level 1:colcon.colcon_core.shell:create_environment_hook('micro_ros_msgs', 'ld_library_path_lib')
[29.708s] INFO:colcon.colcon_core.shell:Creating environment hook '/home/piros/Work/ROS2/microRos_ws/install/micro_ros_msgs/share/micro_ros_msgs/hook/ld_library_path_lib.ps1'
[29.710s] INFO:colcon.colcon_core.shell:Creating environment descriptor '/home/piros/Work/ROS2/microRos_ws/install/micro_ros_msgs/share/micro_ros_msgs/hook/ld_library_path_lib.dsv'
[29.712s] INFO:colcon.colcon_core.shell:Creating environment hook '/home/piros/Work/ROS2/microRos_ws/install/micro_ros_msgs/share/micro_ros_msgs/hook/ld_library_path_lib.sh'
[29.714s] Level 1:colcon.colcon_core.environment:checking '/home/piros/Work/ROS2/microRos_ws/install/micro_ros_msgs/bin'
[29.715s] Level 1:colcon.colcon_core.environment:checking '/home/piros/Work/ROS2/microRos_ws/install/micro_ros_msgs/lib/pkgconfig/micro_ros_msgs.pc'
[29.716s] Level 1:colcon.colcon_core.environment:checking '/home/piros/Work/ROS2/microRos_ws/install/micro_ros_msgs/lib/python3.10/site-packages'
[29.717s] Level 1:colcon.colcon_core.environment:checking '/home/piros/Work/ROS2/microRos_ws/install/micro_ros_msgs/bin'
[29.718s] INFO:colcon.colcon_core.shell:Creating package script '/home/piros/Work/ROS2/microRos_ws/install/micro_ros_msgs/share/micro_ros_msgs/package.ps1'
[29.721s] INFO:colcon.colcon_core.shell:Creating package descriptor '/home/piros/Work/ROS2/microRos_ws/install/micro_ros_msgs/share/micro_ros_msgs/package.dsv'
[29.723s] INFO:colcon.colcon_core.shell:Creating package script '/home/piros/Work/ROS2/microRos_ws/install/micro_ros_msgs/share/micro_ros_msgs/package.sh'
[29.725s] INFO:colcon.colcon_core.shell:Creating package script '/home/piros/Work/ROS2/microRos_ws/install/micro_ros_msgs/share/micro_ros_msgs/package.bash'
[29.727s] INFO:colcon.colcon_core.shell:Creating package script '/home/piros/Work/ROS2/microRos_ws/install/micro_ros_msgs/share/micro_ros_msgs/package.zsh'
[29.728s] Level 1:colcon.colcon_core.environment:create_file_with_runtime_dependencies(/home/piros/Work/ROS2/microRos_ws/install/micro_ros_msgs/share/colcon-core/packages/micro_ros_msgs)
[29.731s] Level 1:colcon.colcon_core.environment:create_environment_scripts_only(micro_ros_msgs)
[29.732s] Level 1:colcon.colcon_core.environment:checking '/home/piros/Work/ROS2/microRos_ws/install/micro_ros_msgs' for CMake module files
[29.736s] Level 1:colcon.colcon_core.environment:checking '/home/piros/Work/ROS2/microRos_ws/install/micro_ros_msgs' for CMake config files
[29.741s] Level 1:colcon.colcon_core.shell:create_environment_hook('micro_ros_msgs', 'cmake_prefix_path')
[29.742s] INFO:colcon.colcon_core.shell:Creating environment hook '/home/piros/Work/ROS2/microRos_ws/install/micro_ros_msgs/share/micro_ros_msgs/hook/cmake_prefix_path.ps1'
[29.744s] INFO:colcon.colcon_core.shell:Creating environment descriptor '/home/piros/Work/ROS2/microRos_ws/install/micro_ros_msgs/share/micro_ros_msgs/hook/cmake_prefix_path.dsv'
[29.746s] INFO:colcon.colcon_core.shell:Creating environment hook '/home/piros/Work/ROS2/microRos_ws/install/micro_ros_msgs/share/micro_ros_msgs/hook/cmake_prefix_path.sh'
[29.748s] Level 1:colcon.colcon_core.environment:checking '/home/piros/Work/ROS2/microRos_ws/install/micro_ros_msgs/lib'
[29.749s] Level 1:colcon.colcon_core.shell:create_environment_hook('micro_ros_msgs', 'ld_library_path_lib')
[29.750s] INFO:colcon.colcon_core.shell:Creating environment hook '/home/piros/Work/ROS2/microRos_ws/install/micro_ros_msgs/share/micro_ros_msgs/hook/ld_library_path_lib.ps1'
[29.752s] INFO:colcon.colcon_core.shell:Creating environment descriptor '/home/piros/Work/ROS2/microRos_ws/install/micro_ros_msgs/share/micro_ros_msgs/hook/ld_library_path_lib.dsv'
[29.754s] INFO:colcon.colcon_core.shell:Creating environment hook '/home/piros/Work/ROS2/microRos_ws/install/micro_ros_msgs/share/micro_ros_msgs/hook/ld_library_path_lib.sh'
[29.756s] Level 1:colcon.colcon_core.environment:checking '/home/piros/Work/ROS2/microRos_ws/install/micro_ros_msgs/bin'
[29.757s] Level 1:colcon.colcon_core.environment:checking '/home/piros/Work/ROS2/microRos_ws/install/micro_ros_msgs/lib/pkgconfig/micro_ros_msgs.pc'
[29.758s] Level 1:colcon.colcon_core.environment:checking '/home/piros/Work/ROS2/microRos_ws/install/micro_ros_msgs/lib/python3.10/site-packages'
[29.759s] Level 1:colcon.colcon_core.environment:checking '/home/piros/Work/ROS2/microRos_ws/install/micro_ros_msgs/bin'
[29.761s] INFO:colcon.colcon_core.shell:Creating package script '/home/piros/Work/ROS2/microRos_ws/install/micro_ros_msgs/share/micro_ros_msgs/package.ps1'
[29.764s] INFO:colcon.colcon_core.shell:Creating package descriptor '/home/piros/Work/ROS2/microRos_ws/install/micro_ros_msgs/share/micro_ros_msgs/package.dsv'
[29.766s] INFO:colcon.colcon_core.shell:Creating package script '/home/piros/Work/ROS2/microRos_ws/install/micro_ros_msgs/share/micro_ros_msgs/package.sh'
[29.768s] INFO:colcon.colcon_core.shell:Creating package script '/home/piros/Work/ROS2/microRos_ws/install/micro_ros_msgs/share/micro_ros_msgs/package.bash'
[29.770s] INFO:colcon.colcon_core.shell:Creating package script '/home/piros/Work/ROS2/microRos_ws/install/micro_ros_msgs/share/micro_ros_msgs/package.zsh'
[29.773s] Level 1:colcon.colcon_core.environment:create_file_with_runtime_dependencies(/home/piros/Work/ROS2/microRos_ws/install/micro_ros_msgs/share/colcon-core/packages/micro_ros_msgs)
[29.774s] INFO:colcon.colcon_ros.task.ament_cmake.build:Building ROS package in '/home/piros/Work/ROS2/microRos_ws/src/uros/micro-ROS-Agent/micro_ros_agent' with build type 'ament_cmake'
[29.775s] INFO:colcon.colcon_cmake.task.cmake.build:Building CMake package in '/home/piros/Work/ROS2/microRos_ws/src/uros/micro-ROS-Agent/micro_ros_agent'
[29.776s] INFO:colcon.colcon_core.shell:Skip shell extension 'powershell' for command environment: Not usable outside of PowerShell
[29.776s] DEBUG:colcon.colcon_core.shell:Skip shell extension 'dsv' for command environment
[29.836s] DEBUG:colcon.colcon_core.event_handler.log_command:Invoking command in '/home/piros/Work/ROS2/microRos_ws/build/micro_ros_agent': AMENT_PREFIX_PATH=/home/piros/Work/ROS2/microRos_ws/install/micro_ros_msgs:${AMENT_PREFIX_PATH} CMAKE_PREFIX_PATH=/home/piros/Work/ROS2/microRos_ws/install/micro_ros_msgs:/home/piros/Work/rplidar_ws/install/rplidar_ros:/opt/ros/humble LD_LIBRARY_PATH=/home/piros/Work/ROS2/microRos_ws/install/micro_ros_msgs/lib:${LD_LIBRARY_PATH} PYTHONPATH=/home/piros/Work/ROS2/microRos_ws/install/micro_ros_msgs/local/lib/python3.10/dist-packages:${PYTHONPATH} /usr/bin/cmake /home/piros/Work/ROS2/microRos_ws/src/uros/micro-ROS-Agent/micro_ros_agent -DCMAKE_INSTALL_PREFIX=/home/piros/Work/ROS2/microRos_ws/install/micro_ros_agent
[31.493s] DEBUG:colcon.colcon_core.event_handler.log_command:Invoked command in '/home/piros/Work/ROS2/microRos_ws/build/micro_ros_agent' returned '0': AMENT_PREFIX_PATH=/home/piros/Work/ROS2/microRos_ws/install/micro_ros_msgs:${AMENT_PREFIX_PATH} CMAKE_PREFIX_PATH=/home/piros/Work/ROS2/microRos_ws/install/micro_ros_msgs:/home/piros/Work/rplidar_ws/install/rplidar_ros:/opt/ros/humble LD_LIBRARY_PATH=/home/piros/Work/ROS2/microRos_ws/install/micro_ros_msgs/lib:${LD_LIBRARY_PATH} PYTHONPATH=/home/piros/Work/ROS2/microRos_ws/install/micro_ros_msgs/local/lib/python3.10/dist-packages:${PYTHONPATH} /usr/bin/cmake /home/piros/Work/ROS2/microRos_ws/src/uros/micro-ROS-Agent/micro_ros_agent -DCMAKE_INSTALL_PREFIX=/home/piros/Work/ROS2/microRos_ws/install/micro_ros_agent
[31.504s] DEBUG:colcon.colcon_core.event_handler.log_command:Invoking command in '/home/piros/Work/ROS2/microRos_ws/build/micro_ros_agent': AMENT_PREFIX_PATH=/home/piros/Work/ROS2/microRos_ws/install/micro_ros_msgs:${AMENT_PREFIX_PATH} CMAKE_PREFIX_PATH=/home/piros/Work/ROS2/microRos_ws/install/micro_ros_msgs:/home/piros/Work/rplidar_ws/install/rplidar_ros:/opt/ros/humble LD_LIBRARY_PATH=/home/piros/Work/ROS2/microRos_ws/install/micro_ros_msgs/lib:${LD_LIBRARY_PATH} PYTHONPATH=/home/piros/Work/ROS2/microRos_ws/install/micro_ros_msgs/local/lib/python3.10/dist-packages:${PYTHONPATH} /usr/bin/cmake --build /home/piros/Work/ROS2/microRos_ws/build/micro_ros_agent -- -j4 -l4
[318.489s] DEBUG:colcon.colcon_core.event_handler.log_command:Invoked command in '/home/piros/Work/ROS2/microRos_ws/build/micro_ros_agent' returned '0': AMENT_PREFIX_PATH=/home/piros/Work/ROS2/microRos_ws/install/micro_ros_msgs:${AMENT_PREFIX_PATH} CMAKE_PREFIX_PATH=/home/piros/Work/ROS2/microRos_ws/install/micro_ros_msgs:/home/piros/Work/rplidar_ws/install/rplidar_ros:/opt/ros/humble LD_LIBRARY_PATH=/home/piros/Work/ROS2/microRos_ws/install/micro_ros_msgs/lib:${LD_LIBRARY_PATH} PYTHONPATH=/home/piros/Work/ROS2/microRos_ws/install/micro_ros_msgs/local/lib/python3.10/dist-packages:${PYTHONPATH} /usr/bin/cmake --build /home/piros/Work/ROS2/microRos_ws/build/micro_ros_agent -- -j4 -l4
[318.501s] DEBUG:colcon.colcon_core.event_handler.log_command:Invoking command in '/home/piros/Work/ROS2/microRos_ws/build/micro_ros_agent': AMENT_PREFIX_PATH=/home/piros/Work/ROS2/microRos_ws/install/micro_ros_msgs:${AMENT_PREFIX_PATH} CMAKE_PREFIX_PATH=/home/piros/Work/ROS2/microRos_ws/install/micro_ros_msgs:/home/piros/Work/rplidar_ws/install/rplidar_ros:/opt/ros/humble LD_LIBRARY_PATH=/home/piros/Work/ROS2/microRos_ws/install/micro_ros_msgs/lib:${LD_LIBRARY_PATH} PYTHONPATH=/home/piros/Work/ROS2/microRos_ws/install/micro_ros_msgs/local/lib/python3.10/dist-packages:${PYTHONPATH} /usr/bin/cmake --install /home/piros/Work/ROS2/microRos_ws/build/micro_ros_agent
[318.570s] Level 1:colcon.colcon_core.environment:create_environment_scripts_only(micro_ros_agent)
[318.571s] Level 1:colcon.colcon_core.environment:checking '/home/piros/Work/ROS2/microRos_ws/install/micro_ros_agent' for CMake module files
[318.573s] DEBUG:colcon.colcon_core.event_handler.log_command:Invoked command in '/home/piros/Work/ROS2/microRos_ws/build/micro_ros_agent' returned '0': AMENT_PREFIX_PATH=/home/piros/Work/ROS2/microRos_ws/install/micro_ros_msgs:${AMENT_PREFIX_PATH} CMAKE_PREFIX_PATH=/home/piros/Work/ROS2/microRos_ws/install/micro_ros_msgs:/home/piros/Work/rplidar_ws/install/rplidar_ros:/opt/ros/humble LD_LIBRARY_PATH=/home/piros/Work/ROS2/microRos_ws/install/micro_ros_msgs/lib:${LD_LIBRARY_PATH} PYTHONPATH=/home/piros/Work/ROS2/microRos_ws/install/micro_ros_msgs/local/lib/python3.10/dist-packages:${PYTHONPATH} /usr/bin/cmake --install /home/piros/Work/ROS2/microRos_ws/build/micro_ros_agent
[318.576s] Level 1:colcon.colcon_core.environment:checking '/home/piros/Work/ROS2/microRos_ws/install/micro_ros_agent' for CMake config files
[318.586s] Level 1:colcon.colcon_core.shell:create_environment_hook('micro_ros_agent', 'cmake_prefix_path')
[318.587s] INFO:colcon.colcon_core.shell:Creating environment hook '/home/piros/Work/ROS2/microRos_ws/install/micro_ros_agent/share/micro_ros_agent/hook/cmake_prefix_path.ps1'
[318.589s] INFO:colcon.colcon_core.shell:Creating environment descriptor '/home/piros/Work/ROS2/microRos_ws/install/micro_ros_agent/share/micro_ros_agent/hook/cmake_prefix_path.dsv'
[318.591s] INFO:colcon.colcon_core.shell:Creating environment hook '/home/piros/Work/ROS2/microRos_ws/install/micro_ros_agent/share/micro_ros_agent/hook/cmake_prefix_path.sh'
[318.593s] Level 1:colcon.colcon_core.environment:checking '/home/piros/Work/ROS2/microRos_ws/install/micro_ros_agent/lib'
[318.594s] Level 1:colcon.colcon_core.shell:create_environment_hook('micro_ros_agent', 'ld_library_path_lib')
[318.595s] INFO:colcon.colcon_core.shell:Creating environment hook '/home/piros/Work/ROS2/microRos_ws/install/micro_ros_agent/share/micro_ros_agent/hook/ld_library_path_lib.ps1'
[318.596s] INFO:colcon.colcon_core.shell:Creating environment descriptor '/home/piros/Work/ROS2/microRos_ws/install/micro_ros_agent/share/micro_ros_agent/hook/ld_library_path_lib.dsv'
[318.598s] INFO:colcon.colcon_core.shell:Creating environment hook '/home/piros/Work/ROS2/microRos_ws/install/micro_ros_agent/share/micro_ros_agent/hook/ld_library_path_lib.sh'
[318.599s] Level 1:colcon.colcon_core.environment:checking '/home/piros/Work/ROS2/microRos_ws/install/micro_ros_agent/bin'
[318.600s] Level 1:colcon.colcon_core.environment:checking '/home/piros/Work/ROS2/microRos_ws/install/micro_ros_agent/lib/pkgconfig/micro_ros_agent.pc'
[318.601s] Level 1:colcon.colcon_core.environment:checking '/home/piros/Work/ROS2/microRos_ws/install/micro_ros_agent/lib/python3.10/site-packages'
[318.602s] Level 1:colcon.colcon_core.environment:checking '/home/piros/Work/ROS2/microRos_ws/install/micro_ros_agent/bin'
[318.603s] INFO:colcon.colcon_core.shell:Creating package script '/home/piros/Work/ROS2/microRos_ws/install/micro_ros_agent/share/micro_ros_agent/package.ps1'
[318.605s] INFO:colcon.colcon_core.shell:Creating package descriptor '/home/piros/Work/ROS2/microRos_ws/install/micro_ros_agent/share/micro_ros_agent/package.dsv'
[318.607s] INFO:colcon.colcon_core.shell:Creating package script '/home/piros/Work/ROS2/microRos_ws/install/micro_ros_agent/share/micro_ros_agent/package.sh'
[318.609s] INFO:colcon.colcon_core.shell:Creating package script '/home/piros/Work/ROS2/microRos_ws/install/micro_ros_agent/share/micro_ros_agent/package.bash'
[318.611s] INFO:colcon.colcon_core.shell:Creating package script '/home/piros/Work/ROS2/microRos_ws/install/micro_ros_agent/share/micro_ros_agent/package.zsh'
[318.612s] Level 1:colcon.colcon_core.environment:create_file_with_runtime_dependencies(/home/piros/Work/ROS2/microRos_ws/install/micro_ros_agent/share/colcon-core/packages/micro_ros_agent)
[318.615s] Level 1:colcon.colcon_core.environment:create_environment_scripts_only(micro_ros_agent)
[318.616s] Level 1:colcon.colcon_core.environment:checking '/home/piros/Work/ROS2/microRos_ws/install/micro_ros_agent' for CMake module files
[318.619s] Level 1:colcon.colcon_core.environment:checking '/home/piros/Work/ROS2/microRos_ws/install/micro_ros_agent' for CMake config files
[318.627s] Level 1:colcon.colcon_core.shell:create_environment_hook('micro_ros_agent', 'cmake_prefix_path')
[318.628s] INFO:colcon.colcon_core.shell:Creating environment hook '/home/piros/Work/ROS2/microRos_ws/install/micro_ros_agent/share/micro_ros_agent/hook/cmake_prefix_path.ps1'
[318.630s] INFO:colcon.colcon_core.shell:Creating environment descriptor '/home/piros/Work/ROS2/microRos_ws/install/micro_ros_agent/share/micro_ros_agent/hook/cmake_prefix_path.dsv'
[318.631s] INFO:colcon.colcon_core.shell:Creating environment hook '/home/piros/Work/ROS2/microRos_ws/install/micro_ros_agent/share/micro_ros_agent/hook/cmake_prefix_path.sh'
[318.634s] Level 1:colcon.colcon_core.environment:checking '/home/piros/Work/ROS2/microRos_ws/install/micro_ros_agent/lib'
[318.634s] Level 1:colcon.colcon_core.shell:create_environment_hook('micro_ros_agent', 'ld_library_path_lib')
[318.635s] INFO:colcon.colcon_core.shell:Creating environment hook '/home/piros/Work/ROS2/microRos_ws/install/micro_ros_agent/share/micro_ros_agent/hook/ld_library_path_lib.ps1'
[318.637s] INFO:colcon.colcon_core.shell:Creating environment descriptor '/home/piros/Work/ROS2/microRos_ws/install/micro_ros_agent/share/micro_ros_agent/hook/ld_library_path_lib.dsv'
[318.639s] INFO:colcon.colcon_core.shell:Creating environment hook '/home/piros/Work/ROS2/microRos_ws/install/micro_ros_agent/share/micro_ros_agent/hook/ld_library_path_lib.sh'
[318.641s] Level 1:colcon.colcon_core.environment:checking '/home/piros/Work/ROS2/microRos_ws/install/micro_ros_agent/bin'
[318.641s] Level 1:colcon.colcon_core.environment:checking '/home/piros/Work/ROS2/microRos_ws/install/micro_ros_agent/lib/pkgconfig/micro_ros_agent.pc'
[318.642s] Level 1:colcon.colcon_core.environment:checking '/home/piros/Work/ROS2/microRos_ws/install/micro_ros_agent/lib/python3.10/site-packages'
[318.643s] Level 1:colcon.colcon_core.environment:checking '/home/piros/Work/ROS2/microRos_ws/install/micro_ros_agent/bin'
[318.644s] INFO:colcon.colcon_core.shell:Creating package script '/home/piros/Work/ROS2/microRos_ws/install/micro_ros_agent/share/micro_ros_agent/package.ps1'
[318.647s] INFO:colcon.colcon_core.shell:Creating package descriptor '/home/piros/Work/ROS2/microRos_ws/install/micro_ros_agent/share/micro_ros_agent/package.dsv'
[318.650s] INFO:colcon.colcon_core.shell:Creating package script '/home/piros/Work/ROS2/microRos_ws/install/micro_ros_agent/share/micro_ros_agent/package.sh'
[318.653s] INFO:colcon.colcon_core.shell:Creating package script '/home/piros/Work/ROS2/microRos_ws/install/micro_ros_agent/share/micro_ros_agent/package.bash'
[318.655s] INFO:colcon.colcon_core.shell:Creating package script '/home/piros/Work/ROS2/microRos_ws/install/micro_ros_agent/share/micro_ros_agent/package.zsh'
[318.657s] Level 1:colcon.colcon_core.environment:create_file_with_runtime_dependencies(/home/piros/Work/ROS2/microRos_ws/install/micro_ros_agent/share/colcon-core/packages/micro_ros_agent)
[318.658s] DEBUG:colcon.colcon_parallel_executor.executor.parallel:closing loop
[318.659s] DEBUG:colcon.colcon_parallel_executor.executor.parallel:loop closed
[318.660s] DEBUG:colcon.colcon_parallel_executor.executor.parallel:run_until_complete finished with '0'
[318.660s] DEBUG:colcon.colcon_core.event_reactor:joining thread
[318.685s] INFO:colcon.colcon_core.plugin_system:Skipping extension 'colcon_notification.desktop_notification.terminal_notifier': Not used on non-Darwin systems
[318.685s] INFO:colcon.colcon_core.plugin_system:Skipping extension 'colcon_notification.desktop_notification.win32': Not used on non-Windows systems
[318.685s] INFO:colcon.colcon_notification.desktop_notification:Sending desktop notification using 'notify2'
[319.221s] DEBUG:colcon.colcon_core.event_reactor:joined thread
[319.222s] INFO:colcon.colcon_core.shell:Creating prefix script '/home/piros/Work/ROS2/microRos_ws/install/local_setup.ps1'
[319.228s] INFO:colcon.colcon_core.shell:Creating prefix util module '/home/piros/Work/ROS2/microRos_ws/install/_local_setup_util_ps1.py'
[319.235s] INFO:colcon.colcon_core.shell:Creating prefix chain script '/home/piros/Work/ROS2/microRos_ws/install/setup.ps1'
[319.240s] INFO:colcon.colcon_core.shell:Creating prefix script '/home/piros/Work/ROS2/microRos_ws/install/local_setup.sh'
[319.242s] INFO:colcon.colcon_core.shell:Creating prefix util module '/home/piros/Work/ROS2/microRos_ws/install/_local_setup_util_sh.py'
[319.245s] INFO:colcon.colcon_core.shell:Creating prefix chain script '/home/piros/Work/ROS2/microRos_ws/install/setup.sh'
[319.250s] INFO:colcon.colcon_core.shell:Creating prefix script '/home/piros/Work/ROS2/microRos_ws/install/local_setup.bash'
[319.252s] INFO:colcon.colcon_core.shell:Creating prefix chain script '/home/piros/Work/ROS2/microRos_ws/install/setup.bash'
[319.256s] INFO:colcon.colcon_core.shell:Creating prefix script '/home/piros/Work/ROS2/microRos_ws/install/local_setup.zsh'
[319.258s] INFO:colcon.colcon_core.shell:Creating prefix chain script '/home/piros/Work/ROS2/microRos_ws/install/setup.zsh'
