[0.074s] Invoking command in '/home/piros/Work/ROS2/microRos_ws/build/micro_ros_msgs': CMAKE_PREFIX_PATH=${CMAKE_PREFIX_PATH}:/home/piros/Work/ROS2/ros2_ws/install/py_pkg:/opt/ros/humble /usr/bin/cmake /home/piros/Work/ROS2/microRos_ws/src/uros/micro_ros_msgs -DUAGENT_BUILD_EXECUTABLE=OFF -DUAGENT_P2P_PROFILE=OFF --no-warn-unused-cli -DCMAKE_INSTALL_PREFIX=/home/piros/Work/ROS2/microRos_ws/install/micro_ros_msgs
[0.119s] Not searching for unused variables given on the command line.
[0.143s] -- Found ament_cmake: 1.3.11 (/opt/ros/humble/share/ament_cmake/cmake)
[0.757s] -- Found rosidl_default_generators: 1.2.0 (/opt/ros/humble/share/rosidl_default_generators/cmake)
[0.775s] -- Using all available rosidl_typesupport_c: rosidl_typesupport_fastrtps_c;rosidl_typesupport_introspection_c
[0.787s] -- Found rosidl_adapter: 3.1.6 (/opt/ros/humble/share/rosidl_adapter/cmake)
[0.992s] -- Using all available rosidl_typesupport_cpp: rosidl_typesupport_fastrtps_cpp;rosidl_typesupport_introspection_cpp
[1.095s] -- Found ament_lint_auto: 0.12.12 (/opt/ros/humble/share/ament_lint_auto/cmake)
[2.334s] -- Found ament_cmake_ros: 0.10.0 (/opt/ros/humble/share/ament_cmake_ros/cmake)
[3.235s] -- Using all available rosidl_typesupport_c: rosidl_typesupport_fastrtps_c;rosidl_typesupport_introspection_c
[4.409s] -- Using all available rosidl_typesupport_cpp: rosidl_typesupport_fastrtps_cpp;rosidl_typesupport_introspection_cpp
[4.522s] -- Found python_cmake_module: 0.10.0 (/opt/ros/humble/share/python_cmake_module/cmake)
[4.639s] -- Using PYTHON_EXECUTABLE: /usr/bin/python3
[4.640s] -- Using PYTHON_INCLUDE_DIRS: /usr/include/python3.10
[4.640s] -- Using PYTHON_LIBRARIES: /usr/lib/aarch64-linux-gnu/libpython3.10.so
[4.714s] -- Added test 'copyright' to check source files copyright and LICENSE
[4.801s] -- Added test 'lint_cmake' to check CMake code style
[4.846s] -- Added test 'xmllint' to check XML markup files
[4.866s] -- Configuring done
[5.041s] -- Generating done
[5.090s] -- Build files have been written to: /home/piros/Work/ROS2/microRos_ws/build/micro_ros_msgs
[5.108s] Invoked command in '/home/piros/Work/ROS2/microRos_ws/build/micro_ros_msgs' returned '0': CMAKE_PREFIX_PATH=${CMAKE_PREFIX_PATH}:/home/piros/Work/ROS2/ros2_ws/install/py_pkg:/opt/ros/humble /usr/bin/cmake /home/piros/Work/ROS2/microRos_ws/src/uros/micro_ros_msgs -DUAGENT_BUILD_EXECUTABLE=OFF -DUAGENT_P2P_PROFILE=OFF --no-warn-unused-cli -DCMAKE_INSTALL_PREFIX=/home/piros/Work/ROS2/microRos_ws/install/micro_ros_msgs
[5.118s] Invoking command in '/home/piros/Work/ROS2/microRos_ws/build/micro_ros_msgs': CMAKE_PREFIX_PATH=${CMAKE_PREFIX_PATH}:/home/piros/Work/ROS2/ros2_ws/install/py_pkg:/opt/ros/humble /usr/bin/cmake --build /home/piros/Work/ROS2/microRos_ws/build/micro_ros_msgs -- -j4 -l4
[5.331s] [35m[1mConsolidate compiler generated dependencies of target micro_ros_msgs__rosidl_generator_c[0m
[5.381s] [  2%] Built target micro_ros_msgs__cpp
[5.400s] [ 12%] Built target micro_ros_msgs__rosidl_generator_c
[5.443s] [35m[1mConsolidate compiler generated dependencies of target micro_ros_msgs__rosidl_typesupport_cpp[0m
[5.444s] [ 12%] Built target ament_cmake_python_copy_micro_ros_msgs
[5.447s] [35m[1mConsolidate compiler generated dependencies of target micro_ros_msgs__rosidl_typesupport_fastrtps_cpp[0m
[5.472s] [35m[1mConsolidate compiler generated dependencies of target micro_ros_msgs__rosidl_typesupport_introspection_cpp[0m
[5.510s] [35m[1mConsolidate compiler generated dependencies of target micro_ros_msgs__rosidl_typesupport_fastrtps_c[0m
[5.531s] [ 23%] Built target micro_ros_msgs__rosidl_typesupport_cpp
[5.537s] [ 34%] Built target micro_ros_msgs__rosidl_typesupport_fastrtps_cpp
[5.558s] [ 44%] Built target micro_ros_msgs__rosidl_typesupport_introspection_cpp
[5.597s] [35m[1mConsolidate compiler generated dependencies of target micro_ros_msgs__rosidl_typesupport_c[0m
[5.597s] [35m[1mConsolidate compiler generated dependencies of target micro_ros_msgs__rosidl_typesupport_introspection_c[0m
[5.605s] [ 55%] Built target micro_ros_msgs__rosidl_typesupport_fastrtps_c
[5.663s] [ 65%] Built target micro_ros_msgs__rosidl_typesupport_c
[5.667s] [ 76%] Built target micro_ros_msgs__rosidl_typesupport_introspection_c
[5.778s] [ 76%] Built target micro_ros_msgs
[5.910s] [ 78%] Built target micro_ros_msgs__py
[5.970s] [35m[1mConsolidate compiler generated dependencies of target micro_ros_msgs__rosidl_generator_py[0m
[6.053s] [ 87%] Built target micro_ros_msgs__rosidl_generator_py
[6.117s] [35m[1mConsolidate compiler generated dependencies of target micro_ros_msgs__rosidl_typesupport_fastrtps_c__pyext[0m
[6.119s] [35m[1mConsolidate compiler generated dependencies of target micro_ros_msgs__rosidl_typesupport_introspection_c__pyext[0m
[6.138s] [35m[1mConsolidate compiler generated dependencies of target micro_ros_msgs__rosidl_typesupport_c__pyext[0m
[6.199s] [ 91%] Built target micro_ros_msgs__rosidl_typesupport_introspection_c__pyext
[6.212s] [ 95%] Built target micro_ros_msgs__rosidl_typesupport_fastrtps_c__pyext
[6.227s] [100%] Built target micro_ros_msgs__rosidl_typesupport_c__pyext
[6.909s] running egg_info
[6.912s] writing micro_ros_msgs.egg-info/PKG-INFO
[6.913s] writing dependency_links to micro_ros_msgs.egg-info/dependency_links.txt
[6.914s] writing top-level names to micro_ros_msgs.egg-info/top_level.txt
[6.925s] reading manifest file 'micro_ros_msgs.egg-info/SOURCES.txt'
[6.928s] writing manifest file 'micro_ros_msgs.egg-info/SOURCES.txt'
[7.072s] [100%] Built target ament_cmake_python_build_micro_ros_msgs_egg
[7.123s] Invoked command in '/home/piros/Work/ROS2/microRos_ws/build/micro_ros_msgs' returned '0': CMAKE_PREFIX_PATH=${CMAKE_PREFIX_PATH}:/home/piros/Work/ROS2/ros2_ws/install/py_pkg:/opt/ros/humble /usr/bin/cmake --build /home/piros/Work/ROS2/microRos_ws/build/micro_ros_msgs -- -j4 -l4
[7.177s] Invoking command in '/home/piros/Work/ROS2/microRos_ws/build/micro_ros_msgs': CMAKE_PREFIX_PATH=${CMAKE_PREFIX_PATH}:/home/piros/Work/ROS2/ros2_ws/install/py_pkg:/opt/ros/humble /usr/bin/cmake --install /home/piros/Work/ROS2/microRos_ws/build/micro_ros_msgs
[7.215s] -- Install configuration: ""
[7.216s] -- Up-to-date: /home/piros/Work/ROS2/microRos_ws/install/micro_ros_msgs/share/ament_index/resource_index/rosidl_interfaces/micro_ros_msgs
[7.216s] -- Up-to-date: /home/piros/Work/ROS2/microRos_ws/install/micro_ros_msgs/include/micro_ros_msgs/micro_ros_msgs
[7.216s] -- Up-to-date: /home/piros/Work/ROS2/microRos_ws/install/micro_ros_msgs/include/micro_ros_msgs/micro_ros_msgs/msg
[7.217s] -- Up-to-date: /home/piros/Work/ROS2/microRos_ws/install/micro_ros_msgs/include/micro_ros_msgs/micro_ros_msgs/msg/graph.h
[7.217s] -- Up-to-date: /home/piros/Work/ROS2/microRos_ws/install/micro_ros_msgs/include/micro_ros_msgs/micro_ros_msgs/msg/detail
[7.218s] -- Up-to-date: /home/piros/Work/ROS2/microRos_ws/install/micro_ros_msgs/include/micro_ros_msgs/micro_ros_msgs/msg/detail/graph__functions.h
[7.218s] -- Up-to-date: /home/piros/Work/ROS2/microRos_ws/install/micro_ros_msgs/include/micro_ros_msgs/micro_ros_msgs/msg/detail/entity__struct.h
[7.218s] -- Up-to-date: /home/piros/Work/ROS2/microRos_ws/install/micro_ros_msgs/include/micro_ros_msgs/micro_ros_msgs/msg/detail/entity__type_support.h
[7.219s] -- Up-to-date: /home/piros/Work/ROS2/microRos_ws/install/micro_ros_msgs/include/micro_ros_msgs/micro_ros_msgs/msg/detail/node__functions.h
[7.219s] -- Up-to-date: /home/piros/Work/ROS2/microRos_ws/install/micro_ros_msgs/include/micro_ros_msgs/micro_ros_msgs/msg/detail/graph__struct.h
[7.219s] -- Up-to-date: /home/piros/Work/ROS2/microRos_ws/install/micro_ros_msgs/include/micro_ros_msgs/micro_ros_msgs/msg/detail/entity__functions.h
[7.220s] -- Up-to-date: /home/piros/Work/ROS2/microRos_ws/install/micro_ros_msgs/include/micro_ros_msgs/micro_ros_msgs/msg/detail/graph__functions.c
[7.220s] -- Up-to-date: /home/piros/Work/ROS2/microRos_ws/install/micro_ros_msgs/include/micro_ros_msgs/micro_ros_msgs/msg/detail/node__type_support.h
[7.221s] -- Up-to-date: /home/piros/Work/ROS2/microRos_ws/install/micro_ros_msgs/include/micro_ros_msgs/micro_ros_msgs/msg/detail/entity__functions.c
[7.221s] -- Up-to-date: /home/piros/Work/ROS2/microRos_ws/install/micro_ros_msgs/include/micro_ros_msgs/micro_ros_msgs/msg/detail/graph__type_support.h
[7.221s] -- Up-to-date: /home/piros/Work/ROS2/microRos_ws/install/micro_ros_msgs/include/micro_ros_msgs/micro_ros_msgs/msg/detail/node__functions.c
[7.222s] -- Up-to-date: /home/piros/Work/ROS2/microRos_ws/install/micro_ros_msgs/include/micro_ros_msgs/micro_ros_msgs/msg/detail/node__struct.h
[7.222s] -- Up-to-date: /home/piros/Work/ROS2/microRos_ws/install/micro_ros_msgs/include/micro_ros_msgs/micro_ros_msgs/msg/rosidl_generator_c__visibility_control.h
[7.222s] -- Up-to-date: /home/piros/Work/ROS2/microRos_ws/install/micro_ros_msgs/include/micro_ros_msgs/micro_ros_msgs/msg/entity.h
[7.223s] -- Up-to-date: /home/piros/Work/ROS2/microRos_ws/install/micro_ros_msgs/include/micro_ros_msgs/micro_ros_msgs/msg/node.h
[7.223s] -- Up-to-date: /home/piros/Work/ROS2/microRos_ws/install/micro_ros_msgs/share/micro_ros_msgs/environment/library_path.sh
[7.223s] -- Installing: /home/piros/Work/ROS2/microRos_ws/install/micro_ros_msgs/share/micro_ros_msgs/environment/library_path.dsv
[7.225s] -- Up-to-date: /home/piros/Work/ROS2/microRos_ws/install/micro_ros_msgs/lib/libmicro_ros_msgs__rosidl_generator_c.so
[7.226s] -- Up-to-date: /home/piros/Work/ROS2/microRos_ws/install/micro_ros_msgs/include/micro_ros_msgs/micro_ros_msgs
[7.226s] -- Up-to-date: /home/piros/Work/ROS2/microRos_ws/install/micro_ros_msgs/include/micro_ros_msgs/micro_ros_msgs/msg
[7.227s] -- Up-to-date: /home/piros/Work/ROS2/microRos_ws/install/micro_ros_msgs/include/micro_ros_msgs/micro_ros_msgs/msg/detail
[7.227s] -- Up-to-date: /home/piros/Work/ROS2/microRos_ws/install/micro_ros_msgs/include/micro_ros_msgs/micro_ros_msgs/msg/detail/graph__rosidl_typesupport_fastrtps_c.h
[7.227s] -- Up-to-date: /home/piros/Work/ROS2/microRos_ws/install/micro_ros_msgs/include/micro_ros_msgs/micro_ros_msgs/msg/detail/node__rosidl_typesupport_fastrtps_c.h
[7.228s] -- Up-to-date: /home/piros/Work/ROS2/microRos_ws/install/micro_ros_msgs/include/micro_ros_msgs/micro_ros_msgs/msg/detail/entity__rosidl_typesupport_fastrtps_c.h
[7.228s] -- Up-to-date: /home/piros/Work/ROS2/microRos_ws/install/micro_ros_msgs/include/micro_ros_msgs/micro_ros_msgs/msg/rosidl_typesupport_fastrtps_c__visibility_control.h
[7.229s] -- Up-to-date: /home/piros/Work/ROS2/microRos_ws/install/micro_ros_msgs/lib/libmicro_ros_msgs__rosidl_typesupport_fastrtps_c.so
[7.231s] -- Up-to-date: /home/piros/Work/ROS2/microRos_ws/install/micro_ros_msgs/include/micro_ros_msgs/micro_ros_msgs
[7.231s] -- Up-to-date: /home/piros/Work/ROS2/microRos_ws/install/micro_ros_msgs/include/micro_ros_msgs/micro_ros_msgs/msg
[7.231s] -- Up-to-date: /home/piros/Work/ROS2/microRos_ws/install/micro_ros_msgs/include/micro_ros_msgs/micro_ros_msgs/msg/detail
[7.232s] -- Up-to-date: /home/piros/Work/ROS2/microRos_ws/install/micro_ros_msgs/include/micro_ros_msgs/micro_ros_msgs/msg/detail/node__rosidl_typesupport_introspection_c.h
[7.232s] -- Up-to-date: /home/piros/Work/ROS2/microRos_ws/install/micro_ros_msgs/include/micro_ros_msgs/micro_ros_msgs/msg/detail/entity__type_support.c
[7.233s] -- Up-to-date: /home/piros/Work/ROS2/microRos_ws/install/micro_ros_msgs/include/micro_ros_msgs/micro_ros_msgs/msg/detail/node__type_support.c
[7.233s] -- Up-to-date: /home/piros/Work/ROS2/microRos_ws/install/micro_ros_msgs/include/micro_ros_msgs/micro_ros_msgs/msg/detail/entity__rosidl_typesupport_introspection_c.h
[7.233s] -- Up-to-date: /home/piros/Work/ROS2/microRos_ws/install/micro_ros_msgs/include/micro_ros_msgs/micro_ros_msgs/msg/detail/graph__rosidl_typesupport_introspection_c.h
[7.234s] -- Up-to-date: /home/piros/Work/ROS2/microRos_ws/install/micro_ros_msgs/include/micro_ros_msgs/micro_ros_msgs/msg/detail/graph__type_support.c
[7.234s] -- Up-to-date: /home/piros/Work/ROS2/microRos_ws/install/micro_ros_msgs/include/micro_ros_msgs/micro_ros_msgs/msg/rosidl_typesupport_introspection_c__visibility_control.h
[7.235s] -- Up-to-date: /home/piros/Work/ROS2/microRos_ws/install/micro_ros_msgs/lib/libmicro_ros_msgs__rosidl_typesupport_introspection_c.so
[7.237s] -- Up-to-date: /home/piros/Work/ROS2/microRos_ws/install/micro_ros_msgs/lib/libmicro_ros_msgs__rosidl_typesupport_c.so
[7.239s] -- Up-to-date: /home/piros/Work/ROS2/microRos_ws/install/micro_ros_msgs/include/micro_ros_msgs/micro_ros_msgs
[7.240s] -- Up-to-date: /home/piros/Work/ROS2/microRos_ws/install/micro_ros_msgs/include/micro_ros_msgs/micro_ros_msgs/msg
[7.241s] -- Up-to-date: /home/piros/Work/ROS2/microRos_ws/install/micro_ros_msgs/include/micro_ros_msgs/micro_ros_msgs/msg/detail
[7.241s] -- Up-to-date: /home/piros/Work/ROS2/microRos_ws/install/micro_ros_msgs/include/micro_ros_msgs/micro_ros_msgs/msg/detail/graph__traits.hpp
[7.241s] -- Up-to-date: /home/piros/Work/ROS2/microRos_ws/install/micro_ros_msgs/include/micro_ros_msgs/micro_ros_msgs/msg/detail/entity__type_support.hpp
[7.242s] -- Up-to-date: /home/piros/Work/ROS2/microRos_ws/install/micro_ros_msgs/include/micro_ros_msgs/micro_ros_msgs/msg/detail/entity__struct.hpp
[7.242s] -- Up-to-date: /home/piros/Work/ROS2/microRos_ws/install/micro_ros_msgs/include/micro_ros_msgs/micro_ros_msgs/msg/detail/graph__builder.hpp
[7.242s] -- Up-to-date: /home/piros/Work/ROS2/microRos_ws/install/micro_ros_msgs/include/micro_ros_msgs/micro_ros_msgs/msg/detail/entity__traits.hpp
[7.243s] -- Up-to-date: /home/piros/Work/ROS2/microRos_ws/install/micro_ros_msgs/include/micro_ros_msgs/micro_ros_msgs/msg/detail/graph__struct.hpp
[7.243s] -- Up-to-date: /home/piros/Work/ROS2/microRos_ws/install/micro_ros_msgs/include/micro_ros_msgs/micro_ros_msgs/msg/detail/node__struct.hpp
[7.244s] -- Up-to-date: /home/piros/Work/ROS2/microRos_ws/install/micro_ros_msgs/include/micro_ros_msgs/micro_ros_msgs/msg/detail/node__builder.hpp
[7.244s] -- Up-to-date: /home/piros/Work/ROS2/microRos_ws/install/micro_ros_msgs/include/micro_ros_msgs/micro_ros_msgs/msg/detail/entity__builder.hpp
[7.244s] -- Up-to-date: /home/piros/Work/ROS2/microRos_ws/install/micro_ros_msgs/include/micro_ros_msgs/micro_ros_msgs/msg/detail/node__traits.hpp
[7.245s] -- Up-to-date: /home/piros/Work/ROS2/microRos_ws/install/micro_ros_msgs/include/micro_ros_msgs/micro_ros_msgs/msg/detail/node__type_support.hpp
[7.245s] -- Up-to-date: /home/piros/Work/ROS2/microRos_ws/install/micro_ros_msgs/include/micro_ros_msgs/micro_ros_msgs/msg/detail/graph__type_support.hpp
[7.246s] -- Up-to-date: /home/piros/Work/ROS2/microRos_ws/install/micro_ros_msgs/include/micro_ros_msgs/micro_ros_msgs/msg/entity.hpp
[7.246s] -- Up-to-date: /home/piros/Work/ROS2/microRos_ws/install/micro_ros_msgs/include/micro_ros_msgs/micro_ros_msgs/msg/graph.hpp
[7.246s] -- Up-to-date: /home/piros/Work/ROS2/microRos_ws/install/micro_ros_msgs/include/micro_ros_msgs/micro_ros_msgs/msg/node.hpp
[7.247s] -- Up-to-date: /home/piros/Work/ROS2/microRos_ws/install/micro_ros_msgs/include/micro_ros_msgs/micro_ros_msgs/msg/rosidl_generator_cpp__visibility_control.hpp
[7.247s] -- Up-to-date: /home/piros/Work/ROS2/microRos_ws/install/micro_ros_msgs/include/micro_ros_msgs/micro_ros_msgs
[7.247s] -- Up-to-date: /home/piros/Work/ROS2/microRos_ws/install/micro_ros_msgs/include/micro_ros_msgs/micro_ros_msgs/msg
[7.248s] -- Up-to-date: /home/piros/Work/ROS2/microRos_ws/install/micro_ros_msgs/include/micro_ros_msgs/micro_ros_msgs/msg/rosidl_typesupport_fastrtps_cpp__visibility_control.h
[7.248s] -- Up-to-date: /home/piros/Work/ROS2/microRos_ws/install/micro_ros_msgs/include/micro_ros_msgs/micro_ros_msgs/msg/detail
[7.248s] -- Up-to-date: /home/piros/Work/ROS2/microRos_ws/install/micro_ros_msgs/include/micro_ros_msgs/micro_ros_msgs/msg/detail/graph__rosidl_typesupport_fastrtps_cpp.hpp
[7.249s] -- Up-to-date: /home/piros/Work/ROS2/microRos_ws/install/micro_ros_msgs/include/micro_ros_msgs/micro_ros_msgs/msg/detail/entity__rosidl_typesupport_fastrtps_cpp.hpp
[7.249s] -- Up-to-date: /home/piros/Work/ROS2/microRos_ws/install/micro_ros_msgs/include/micro_ros_msgs/micro_ros_msgs/msg/detail/node__rosidl_typesupport_fastrtps_cpp.hpp
[7.249s] -- Up-to-date: /home/piros/Work/ROS2/microRos_ws/install/micro_ros_msgs/include/micro_ros_msgs/micro_ros_msgs/msg/detail/dds_fastrtps
[7.250s] -- Up-to-date: /home/piros/Work/ROS2/microRos_ws/install/micro_ros_msgs/lib/libmicro_ros_msgs__rosidl_typesupport_fastrtps_cpp.so
[7.250s] -- Up-to-date: /home/piros/Work/ROS2/microRos_ws/install/micro_ros_msgs/include/micro_ros_msgs/micro_ros_msgs
[7.250s] -- Up-to-date: /home/piros/Work/ROS2/microRos_ws/install/micro_ros_msgs/include/micro_ros_msgs/micro_ros_msgs/msg
[7.251s] -- Up-to-date: /home/piros/Work/ROS2/microRos_ws/install/micro_ros_msgs/include/micro_ros_msgs/micro_ros_msgs/msg/detail
[7.251s] -- Up-to-date: /home/piros/Work/ROS2/microRos_ws/install/micro_ros_msgs/include/micro_ros_msgs/micro_ros_msgs/msg/detail/graph__rosidl_typesupport_introspection_cpp.hpp
[7.251s] -- Up-to-date: /home/piros/Work/ROS2/microRos_ws/install/micro_ros_msgs/include/micro_ros_msgs/micro_ros_msgs/msg/detail/entity__rosidl_typesupport_introspection_cpp.hpp
[7.252s] -- Up-to-date: /home/piros/Work/ROS2/microRos_ws/install/micro_ros_msgs/include/micro_ros_msgs/micro_ros_msgs/msg/detail/graph__type_support.cpp
[7.252s] -- Up-to-date: /home/piros/Work/ROS2/microRos_ws/install/micro_ros_msgs/include/micro_ros_msgs/micro_ros_msgs/msg/detail/node__type_support.cpp
[7.253s] -- Up-to-date: /home/piros/Work/ROS2/microRos_ws/install/micro_ros_msgs/include/micro_ros_msgs/micro_ros_msgs/msg/detail/entity__type_support.cpp
[7.253s] -- Up-to-date: /home/piros/Work/ROS2/microRos_ws/install/micro_ros_msgs/include/micro_ros_msgs/micro_ros_msgs/msg/detail/node__rosidl_typesupport_introspection_cpp.hpp
[7.253s] -- Up-to-date: /home/piros/Work/ROS2/microRos_ws/install/micro_ros_msgs/lib/libmicro_ros_msgs__rosidl_typesupport_introspection_cpp.so
[7.256s] -- Up-to-date: /home/piros/Work/ROS2/microRos_ws/install/micro_ros_msgs/lib/libmicro_ros_msgs__rosidl_typesupport_cpp.so
[7.258s] -- Up-to-date: /home/piros/Work/ROS2/microRos_ws/install/micro_ros_msgs/share/micro_ros_msgs/environment/pythonpath.sh
[7.258s] -- Installing: /home/piros/Work/ROS2/microRos_ws/install/micro_ros_msgs/share/micro_ros_msgs/environment/pythonpath.dsv
[7.259s] -- Up-to-date: /home/piros/Work/ROS2/microRos_ws/install/micro_ros_msgs/local/lib/python3.10/dist-packages/micro_ros_msgs-3.0.1-py3.10.egg-info
[7.260s] -- Installing: /home/piros/Work/ROS2/microRos_ws/install/micro_ros_msgs/local/lib/python3.10/dist-packages/micro_ros_msgs-3.0.1-py3.10.egg-info/SOURCES.txt
[7.262s] -- Installing: /home/piros/Work/ROS2/microRos_ws/install/micro_ros_msgs/local/lib/python3.10/dist-packages/micro_ros_msgs-3.0.1-py3.10.egg-info/top_level.txt
[7.263s] -- Installing: /home/piros/Work/ROS2/microRos_ws/install/micro_ros_msgs/local/lib/python3.10/dist-packages/micro_ros_msgs-3.0.1-py3.10.egg-info/PKG-INFO
[7.265s] -- Installing: /home/piros/Work/ROS2/microRos_ws/install/micro_ros_msgs/local/lib/python3.10/dist-packages/micro_ros_msgs-3.0.1-py3.10.egg-info/dependency_links.txt
[7.266s] -- Up-to-date: /home/piros/Work/ROS2/microRos_ws/install/micro_ros_msgs/local/lib/python3.10/dist-packages/micro_ros_msgs
[7.267s] -- Up-to-date: /home/piros/Work/ROS2/microRos_ws/install/micro_ros_msgs/local/lib/python3.10/dist-packages/micro_ros_msgs/libmicro_ros_msgs__rosidl_generator_py.so
[7.267s] -- Up-to-date: /home/piros/Work/ROS2/microRos_ws/install/micro_ros_msgs/local/lib/python3.10/dist-packages/micro_ros_msgs/_micro_ros_msgs_s.ep.rosidl_typesupport_introspection_c.c
[7.267s] -- Up-to-date: /home/piros/Work/ROS2/microRos_ws/install/micro_ros_msgs/local/lib/python3.10/dist-packages/micro_ros_msgs/micro_ros_msgs_s__rosidl_typesupport_introspection_c.cpython-310-aarch64-linux-gnu.so
[7.268s] -- Up-to-date: /home/piros/Work/ROS2/microRos_ws/install/micro_ros_msgs/local/lib/python3.10/dist-packages/micro_ros_msgs/_micro_ros_msgs_s.ep.rosidl_typesupport_c.c
[7.268s] -- Up-to-date: /home/piros/Work/ROS2/microRos_ws/install/micro_ros_msgs/local/lib/python3.10/dist-packages/micro_ros_msgs/msg
[7.269s] -- Up-to-date: /home/piros/Work/ROS2/microRos_ws/install/micro_ros_msgs/local/lib/python3.10/dist-packages/micro_ros_msgs/msg/_entity.py
[7.269s] -- Up-to-date: /home/piros/Work/ROS2/microRos_ws/install/micro_ros_msgs/local/lib/python3.10/dist-packages/micro_ros_msgs/msg/_graph.py
[7.269s] -- Up-to-date: /home/piros/Work/ROS2/microRos_ws/install/micro_ros_msgs/local/lib/python3.10/dist-packages/micro_ros_msgs/msg/_node_s.c
[7.270s] -- Up-to-date: /home/piros/Work/ROS2/microRos_ws/install/micro_ros_msgs/local/lib/python3.10/dist-packages/micro_ros_msgs/msg/_node.py
[7.270s] -- Up-to-date: /home/piros/Work/ROS2/microRos_ws/install/micro_ros_msgs/local/lib/python3.10/dist-packages/micro_ros_msgs/msg/__init__.py
[7.270s] -- Up-to-date: /home/piros/Work/ROS2/microRos_ws/install/micro_ros_msgs/local/lib/python3.10/dist-packages/micro_ros_msgs/msg/_graph_s.c
[7.271s] -- Up-to-date: /home/piros/Work/ROS2/microRos_ws/install/micro_ros_msgs/local/lib/python3.10/dist-packages/micro_ros_msgs/msg/_entity_s.c
[7.271s] -- Installing: /home/piros/Work/ROS2/microRos_ws/install/micro_ros_msgs/local/lib/python3.10/dist-packages/micro_ros_msgs/__init__.py
[7.271s] -- Up-to-date: /home/piros/Work/ROS2/microRos_ws/install/micro_ros_msgs/local/lib/python3.10/dist-packages/micro_ros_msgs/_micro_ros_msgs_s.ep.rosidl_typesupport_fastrtps_c.c
[7.272s] -- Up-to-date: /home/piros/Work/ROS2/microRos_ws/install/micro_ros_msgs/local/lib/python3.10/dist-packages/micro_ros_msgs/micro_ros_msgs_s__rosidl_typesupport_c.cpython-310-aarch64-linux-gnu.so
[7.272s] -- Up-to-date: /home/piros/Work/ROS2/microRos_ws/install/micro_ros_msgs/local/lib/python3.10/dist-packages/micro_ros_msgs/micro_ros_msgs_s__rosidl_typesupport_fastrtps_c.cpython-310-aarch64-linux-gnu.so
[7.434s] Listing '/home/piros/Work/ROS2/microRos_ws/install/micro_ros_msgs/local/lib/python3.10/dist-packages/micro_ros_msgs'...
[7.435s] Compiling '/home/piros/Work/ROS2/microRos_ws/install/micro_ros_msgs/local/lib/python3.10/dist-packages/micro_ros_msgs/__init__.py'...
[7.436s] Listing '/home/piros/Work/ROS2/microRos_ws/install/micro_ros_msgs/local/lib/python3.10/dist-packages/micro_ros_msgs/msg'...
[7.461s] -- Up-to-date: /home/piros/Work/ROS2/microRos_ws/install/micro_ros_msgs/local/lib/python3.10/dist-packages/micro_ros_msgs/micro_ros_msgs_s__rosidl_typesupport_fastrtps_c.cpython-310-aarch64-linux-gnu.so
[7.463s] -- Up-to-date: /home/piros/Work/ROS2/microRos_ws/install/micro_ros_msgs/local/lib/python3.10/dist-packages/micro_ros_msgs/micro_ros_msgs_s__rosidl_typesupport_introspection_c.cpython-310-aarch64-linux-gnu.so
[7.465s] -- Up-to-date: /home/piros/Work/ROS2/microRos_ws/install/micro_ros_msgs/local/lib/python3.10/dist-packages/micro_ros_msgs/micro_ros_msgs_s__rosidl_typesupport_c.cpython-310-aarch64-linux-gnu.so
[7.467s] -- Up-to-date: /home/piros/Work/ROS2/microRos_ws/install/micro_ros_msgs/lib/libmicro_ros_msgs__rosidl_generator_py.so
[7.469s] -- Up-to-date: /home/piros/Work/ROS2/microRos_ws/install/micro_ros_msgs/share/micro_ros_msgs/msg/Graph.idl
[7.470s] -- Up-to-date: /home/piros/Work/ROS2/microRos_ws/install/micro_ros_msgs/share/micro_ros_msgs/msg/Node.idl
[7.471s] -- Up-to-date: /home/piros/Work/ROS2/microRos_ws/install/micro_ros_msgs/share/micro_ros_msgs/msg/Entity.idl
[7.472s] -- Up-to-date: /home/piros/Work/ROS2/microRos_ws/install/micro_ros_msgs/share/micro_ros_msgs/msg/Graph.msg
[7.473s] -- Up-to-date: /home/piros/Work/ROS2/microRos_ws/install/micro_ros_msgs/share/micro_ros_msgs/msg/Node.msg
[7.474s] -- Up-to-date: /home/piros/Work/ROS2/microRos_ws/install/micro_ros_msgs/share/micro_ros_msgs/msg/Entity.msg
[7.475s] -- Up-to-date: /home/piros/Work/ROS2/microRos_ws/install/micro_ros_msgs/share/ament_index/resource_index/package_run_dependencies/micro_ros_msgs
[7.476s] -- Installing: /home/piros/Work/ROS2/microRos_ws/install/micro_ros_msgs/share/ament_index/resource_index/parent_prefix_path/micro_ros_msgs
[7.476s] -- Up-to-date: /home/piros/Work/ROS2/microRos_ws/install/micro_ros_msgs/share/micro_ros_msgs/environment/ament_prefix_path.sh
[7.477s] -- Installing: /home/piros/Work/ROS2/microRos_ws/install/micro_ros_msgs/share/micro_ros_msgs/environment/ament_prefix_path.dsv
[7.477s] -- Up-to-date: /home/piros/Work/ROS2/microRos_ws/install/micro_ros_msgs/share/micro_ros_msgs/environment/path.sh
[7.477s] -- Installing: /home/piros/Work/ROS2/microRos_ws/install/micro_ros_msgs/share/micro_ros_msgs/environment/path.dsv
[7.479s] -- Up-to-date: /home/piros/Work/ROS2/microRos_ws/install/micro_ros_msgs/share/micro_ros_msgs/local_setup.bash
[7.480s] -- Up-to-date: /home/piros/Work/ROS2/microRos_ws/install/micro_ros_msgs/share/micro_ros_msgs/local_setup.sh
[7.480s] -- Up-to-date: /home/piros/Work/ROS2/microRos_ws/install/micro_ros_msgs/share/micro_ros_msgs/local_setup.zsh
[7.480s] -- Installing: /home/piros/Work/ROS2/microRos_ws/install/micro_ros_msgs/share/micro_ros_msgs/local_setup.dsv
[7.481s] -- Installing: /home/piros/Work/ROS2/microRos_ws/install/micro_ros_msgs/share/micro_ros_msgs/package.dsv
[7.483s] -- Up-to-date: /home/piros/Work/ROS2/microRos_ws/install/micro_ros_msgs/share/ament_index/resource_index/packages/micro_ros_msgs
[7.484s] -- Up-to-date: /home/piros/Work/ROS2/microRos_ws/install/micro_ros_msgs/share/micro_ros_msgs/cmake/export_micro_ros_msgs__rosidl_generator_cExport.cmake
[7.484s] -- Up-to-date: /home/piros/Work/ROS2/microRos_ws/install/micro_ros_msgs/share/micro_ros_msgs/cmake/export_micro_ros_msgs__rosidl_generator_cExport-noconfig.cmake
[7.485s] -- Up-to-date: /home/piros/Work/ROS2/microRos_ws/install/micro_ros_msgs/share/micro_ros_msgs/cmake/export_micro_ros_msgs__rosidl_typesupport_fastrtps_cExport.cmake
[7.485s] -- Up-to-date: /home/piros/Work/ROS2/microRos_ws/install/micro_ros_msgs/share/micro_ros_msgs/cmake/export_micro_ros_msgs__rosidl_typesupport_fastrtps_cExport-noconfig.cmake
[7.486s] -- Up-to-date: /home/piros/Work/ROS2/microRos_ws/install/micro_ros_msgs/share/micro_ros_msgs/cmake/micro_ros_msgs__rosidl_typesupport_introspection_cExport.cmake
[7.487s] -- Up-to-date: /home/piros/Work/ROS2/microRos_ws/install/micro_ros_msgs/share/micro_ros_msgs/cmake/micro_ros_msgs__rosidl_typesupport_introspection_cExport-noconfig.cmake
[7.488s] -- Up-to-date: /home/piros/Work/ROS2/microRos_ws/install/micro_ros_msgs/share/micro_ros_msgs/cmake/micro_ros_msgs__rosidl_typesupport_cExport.cmake
[7.488s] -- Up-to-date: /home/piros/Work/ROS2/microRos_ws/install/micro_ros_msgs/share/micro_ros_msgs/cmake/micro_ros_msgs__rosidl_typesupport_cExport-noconfig.cmake
[7.489s] -- Up-to-date: /home/piros/Work/ROS2/microRos_ws/install/micro_ros_msgs/share/micro_ros_msgs/cmake/export_micro_ros_msgs__rosidl_generator_cppExport.cmake
[7.490s] -- Up-to-date: /home/piros/Work/ROS2/microRos_ws/install/micro_ros_msgs/share/micro_ros_msgs/cmake/export_micro_ros_msgs__rosidl_typesupport_fastrtps_cppExport.cmake
[7.490s] -- Up-to-date: /home/piros/Work/ROS2/microRos_ws/install/micro_ros_msgs/share/micro_ros_msgs/cmake/export_micro_ros_msgs__rosidl_typesupport_fastrtps_cppExport-noconfig.cmake
[7.491s] -- Up-to-date: /home/piros/Work/ROS2/microRos_ws/install/micro_ros_msgs/share/micro_ros_msgs/cmake/micro_ros_msgs__rosidl_typesupport_introspection_cppExport.cmake
[7.492s] -- Up-to-date: /home/piros/Work/ROS2/microRos_ws/install/micro_ros_msgs/share/micro_ros_msgs/cmake/micro_ros_msgs__rosidl_typesupport_introspection_cppExport-noconfig.cmake
[7.492s] -- Up-to-date: /home/piros/Work/ROS2/microRos_ws/install/micro_ros_msgs/share/micro_ros_msgs/cmake/micro_ros_msgs__rosidl_typesupport_cppExport.cmake
[7.493s] -- Up-to-date: /home/piros/Work/ROS2/microRos_ws/install/micro_ros_msgs/share/micro_ros_msgs/cmake/micro_ros_msgs__rosidl_typesupport_cppExport-noconfig.cmake
[7.494s] -- Up-to-date: /home/piros/Work/ROS2/microRos_ws/install/micro_ros_msgs/share/micro_ros_msgs/cmake/export_micro_ros_msgs__rosidl_generator_pyExport.cmake
[7.494s] -- Up-to-date: /home/piros/Work/ROS2/microRos_ws/install/micro_ros_msgs/share/micro_ros_msgs/cmake/export_micro_ros_msgs__rosidl_generator_pyExport-noconfig.cmake
[7.495s] -- Up-to-date: /home/piros/Work/ROS2/microRos_ws/install/micro_ros_msgs/share/micro_ros_msgs/cmake/rosidl_cmake-extras.cmake
[7.495s] -- Up-to-date: /home/piros/Work/ROS2/microRos_ws/install/micro_ros_msgs/share/micro_ros_msgs/cmake/ament_cmake_export_include_directories-extras.cmake
[7.496s] -- Up-to-date: /home/piros/Work/ROS2/microRos_ws/install/micro_ros_msgs/share/micro_ros_msgs/cmake/ament_cmake_export_libraries-extras.cmake
[7.496s] -- Up-to-date: /home/piros/Work/ROS2/microRos_ws/install/micro_ros_msgs/share/micro_ros_msgs/cmake/ament_cmake_export_targets-extras.cmake
[7.496s] -- Up-to-date: /home/piros/Work/ROS2/microRos_ws/install/micro_ros_msgs/share/micro_ros_msgs/cmake/rosidl_cmake_export_typesupport_targets-extras.cmake
[7.497s] -- Up-to-date: /home/piros/Work/ROS2/microRos_ws/install/micro_ros_msgs/share/micro_ros_msgs/cmake/ament_cmake_export_dependencies-extras.cmake
[7.497s] -- Up-to-date: /home/piros/Work/ROS2/microRos_ws/install/micro_ros_msgs/share/micro_ros_msgs/cmake/rosidl_cmake_export_typesupport_libraries-extras.cmake
[7.498s] -- Up-to-date: /home/piros/Work/ROS2/microRos_ws/install/micro_ros_msgs/share/micro_ros_msgs/cmake/micro_ros_msgsConfig.cmake
[7.498s] -- Up-to-date: /home/piros/Work/ROS2/microRos_ws/install/micro_ros_msgs/share/micro_ros_msgs/cmake/micro_ros_msgsConfig-version.cmake
[7.499s] -- Up-to-date: /home/piros/Work/ROS2/microRos_ws/install/micro_ros_msgs/share/micro_ros_msgs/package.xml
[7.506s] Invoked command in '/home/piros/Work/ROS2/microRos_ws/build/micro_ros_msgs' returned '0': CMAKE_PREFIX_PATH=${CMAKE_PREFIX_PATH}:/home/piros/Work/ROS2/ros2_ws/install/py_pkg:/opt/ros/humble /usr/bin/cmake --install /home/piros/Work/ROS2/microRos_ws/build/micro_ros_msgs
