[35m[1mConsolidate compiler generated dependencies of target three_wheel[0m
[100%] Built target three_wheel
-- Install configuration: ""
-- Up-to-date: /home/piros/Work/ROS2/control_ws/install/three_wheel/share/three_wheel/three_wheel.xml
-- Up-to-date: /home/piros/Work/ROS2/control_ws/install/three_wheel/include/three_wheel
-- Up-to-date: /home/piros/Work/ROS2/control_ws/install/three_wheel/include/three_wheel/three_wheel
-- Up-to-date: /home/piros/Work/ROS2/control_ws/install/three_wheel/include/three_wheel/three_wheel/drive_wheel.hpp
-- Up-to-date: /home/piros/Work/ROS2/control_ws/install/three_wheel/include/three_wheel/three_wheel/threewheel_system.hpp
-- Up-to-date: /home/piros/Work/ROS2/control_ws/install/three_wheel/include/three_wheel/three_wheel/dead_wheel.hpp
-- Up-to-date: /home/piros/Work/ROS2/control_ws/install/three_wheel/include/three_wheel/three_wheel/visibility_control.h
-- Up-to-date: /home/piros/Work/ROS2/control_ws/install/three_wheel/share/three_wheel/launch
-- Up-to-date: /home/piros/Work/ROS2/control_ws/install/three_wheel/share/three_wheel/ros2_control
-- Up-to-date: /home/piros/Work/ROS2/control_ws/install/three_wheel/share/three_wheel/ros2_control/three_wheel.ros2_control.xacro
-- Up-to-date: /home/piros/Work/ROS2/control_ws/install/three_wheel/share/three_wheel/urdf
-- Up-to-date: /home/piros/Work/ROS2/control_ws/install/three_wheel/share/three_wheel/urdf/three_wheel.urdf.xacro
-- Up-to-date: /home/piros/Work/ROS2/control_ws/install/three_wheel/share/three_wheel/urdf/three_wheel.materials.xacro
-- Up-to-date: /home/piros/Work/ROS2/control_ws/install/three_wheel/share/three_wheel/urdf/three_wheel_description.urdf.xacro
-- Up-to-date: /home/piros/Work/ROS2/control_ws/install/three_wheel/share/three_wheel/rviz
-- Up-to-date: /home/piros/Work/ROS2/control_ws/install/three_wheel/share/three_wheel/rviz/three_wheel_view.rviz
-- Up-to-date: /home/piros/Work/ROS2/control_ws/install/three_wheel/share/three_wheel/rviz/three_wheel.rviz
-- Up-to-date: /home/piros/Work/ROS2/control_ws/install/three_wheel/share/three_wheel/launch
-- Up-to-date: /home/piros/Work/ROS2/control_ws/install/three_wheel/share/three_wheel/launch/three_wheel.launch.py
-- Up-to-date: /home/piros/Work/ROS2/control_ws/install/three_wheel/share/three_wheel/config
-- Up-to-date: /home/piros/Work/ROS2/control_ws/install/three_wheel/share/three_wheel/config/three_wheel_controller.yaml
-- Up-to-date: /home/piros/Work/ROS2/control_ws/install/three_wheel/share/three_wheel/config/joystick.yaml
-- Up-to-date: /home/piros/Work/ROS2/control_ws/install/three_wheel/lib/libthree_wheel.so
-- Up-to-date: /home/piros/Work/ROS2/control_ws/install/three_wheel/share/three_wheel/environment/library_path.sh
-- Up-to-date: /home/piros/Work/ROS2/control_ws/install/three_wheel/share/three_wheel/environment/library_path.dsv
-- Up-to-date: /home/piros/Work/ROS2/control_ws/install/three_wheel/share/ament_index/resource_index/package_run_dependencies/three_wheel
-- Up-to-date: /home/piros/Work/ROS2/control_ws/install/three_wheel/share/ament_index/resource_index/parent_prefix_path/three_wheel
-- Up-to-date: /home/piros/Work/ROS2/control_ws/install/three_wheel/share/three_wheel/environment/ament_prefix_path.sh
-- Up-to-date: /home/piros/Work/ROS2/control_ws/install/three_wheel/share/three_wheel/environment/ament_prefix_path.dsv
-- Up-to-date: /home/piros/Work/ROS2/control_ws/install/three_wheel/share/three_wheel/environment/path.sh
-- Up-to-date: /home/piros/Work/ROS2/control_ws/install/three_wheel/share/three_wheel/environment/path.dsv
-- Up-to-date: /home/piros/Work/ROS2/control_ws/install/three_wheel/share/three_wheel/local_setup.bash
-- Up-to-date: /home/piros/Work/ROS2/control_ws/install/three_wheel/share/three_wheel/local_setup.sh
-- Up-to-date: /home/piros/Work/ROS2/control_ws/install/three_wheel/share/three_wheel/local_setup.zsh
-- Up-to-date: /home/piros/Work/ROS2/control_ws/install/three_wheel/share/three_wheel/local_setup.dsv
-- Installing: /home/piros/Work/ROS2/control_ws/install/three_wheel/share/three_wheel/package.dsv
-- Up-to-date: /home/piros/Work/ROS2/control_ws/install/three_wheel/share/ament_index/resource_index/packages/three_wheel
-- Up-to-date: /home/piros/Work/ROS2/control_ws/install/three_wheel/share/ament_index/resource_index/hardware_interface__pluginlib__plugin/three_wheel
-- Up-to-date: /home/piros/Work/ROS2/control_ws/install/three_wheel/share/three_wheel/cmake/export_three_wheelExport.cmake
-- Up-to-date: /home/piros/Work/ROS2/control_ws/install/three_wheel/share/three_wheel/cmake/export_three_wheelExport-noconfig.cmake
-- Up-to-date: /home/piros/Work/ROS2/control_ws/install/three_wheel/share/three_wheel/cmake/ament_cmake_export_targets-extras.cmake
-- Up-to-date: /home/piros/Work/ROS2/control_ws/install/three_wheel/share/three_wheel/cmake/ament_cmake_export_dependencies-extras.cmake
-- Up-to-date: /home/piros/Work/ROS2/control_ws/install/three_wheel/share/three_wheel/cmake/three_wheelConfig.cmake
-- Up-to-date: /home/piros/Work/ROS2/control_ws/install/three_wheel/share/three_wheel/cmake/three_wheelConfig-version.cmake
-- Up-to-date: /home/piros/Work/ROS2/control_ws/install/three_wheel/share/three_wheel/package.xml
