[35m[1mConsolidate compiler generated dependencies of target diff_drive[0m
[100%] Built target diff_drive
-- Install configuration: ""
-- Up-to-date: /home/piros/Work/ROS2/control_ws/install/diff_drive/share/diff_drive/diff_drive.xml
-- Up-to-date: /home/piros/Work/ROS2/control_ws/install/diff_drive/include/diff_drive
-- Up-to-date: /home/piros/Work/ROS2/control_ws/install/diff_drive/include/diff_drive/diff_drive
-- Up-to-date: /home/piros/Work/ROS2/control_ws/install/diff_drive/include/diff_drive/diff_drive/diffdrive_system.hpp
-- Up-to-date: /home/piros/Work/ROS2/control_ws/install/diff_drive/include/diff_drive/diff_drive/wheel.hpp
-- Up-to-date: /home/piros/Work/ROS2/control_ws/install/diff_drive/include/diff_drive/diff_drive/visibility_control.h
-- Up-to-date: /home/piros/Work/ROS2/control_ws/install/diff_drive/share/diff_drive/launch
-- Up-to-date: /home/piros/Work/ROS2/control_ws/install/diff_drive/share/diff_drive/ros2_control
-- Up-to-date: /home/piros/Work/ROS2/control_ws/install/diff_drive/share/diff_drive/ros2_control/diff_drive.ros2_control.xacro
-- Up-to-date: /home/piros/Work/ROS2/control_ws/install/diff_drive/share/diff_drive/urdf
-- Up-to-date: /home/piros/Work/ROS2/control_ws/install/diff_drive/share/diff_drive/urdf/diff_drive_description.urdf.xacro
-- Up-to-date: /home/piros/Work/ROS2/control_ws/install/diff_drive/share/diff_drive/urdf/diff_drive.urdf.xacro
-- Up-to-date: /home/piros/Work/ROS2/control_ws/install/diff_drive/share/diff_drive/urdf/diff_drive.materials.xacro
-- Up-to-date: /home/piros/Work/ROS2/control_ws/install/diff_drive/share/diff_drive/rviz
-- Up-to-date: /home/piros/Work/ROS2/control_ws/install/diff_drive/share/diff_drive/rviz/diff_drive_view.rviz
-- Up-to-date: /home/piros/Work/ROS2/control_ws/install/diff_drive/share/diff_drive/rviz/diff_drive.rviz
-- Up-to-date: /home/piros/Work/ROS2/control_ws/install/diff_drive/share/diff_drive/launch
-- Up-to-date: /home/piros/Work/ROS2/control_ws/install/diff_drive/share/diff_drive/launch/diff_drive.launch.py
-- Up-to-date: /home/piros/Work/ROS2/control_ws/install/diff_drive/share/diff_drive/launch/joystick.launch.py
-- Up-to-date: /home/piros/Work/ROS2/control_ws/install/diff_drive/share/diff_drive/config
-- Up-to-date: /home/piros/Work/ROS2/control_ws/install/diff_drive/share/diff_drive/config/diff_drive_controllers.yaml
-- Up-to-date: /home/piros/Work/ROS2/control_ws/install/diff_drive/share/diff_drive/config/joystick.yaml
-- Up-to-date: /home/piros/Work/ROS2/control_ws/install/diff_drive/lib/libdiff_drive.so
-- Up-to-date: /home/piros/Work/ROS2/control_ws/install/diff_drive/share/diff_drive/environment/library_path.sh
-- Up-to-date: /home/piros/Work/ROS2/control_ws/install/diff_drive/share/diff_drive/environment/library_path.dsv
-- Up-to-date: /home/piros/Work/ROS2/control_ws/install/diff_drive/share/ament_index/resource_index/package_run_dependencies/diff_drive
-- Up-to-date: /home/piros/Work/ROS2/control_ws/install/diff_drive/share/ament_index/resource_index/parent_prefix_path/diff_drive
-- Up-to-date: /home/piros/Work/ROS2/control_ws/install/diff_drive/share/diff_drive/environment/ament_prefix_path.sh
-- Up-to-date: /home/piros/Work/ROS2/control_ws/install/diff_drive/share/diff_drive/environment/ament_prefix_path.dsv
-- Up-to-date: /home/piros/Work/ROS2/control_ws/install/diff_drive/share/diff_drive/environment/path.sh
-- Up-to-date: /home/piros/Work/ROS2/control_ws/install/diff_drive/share/diff_drive/environment/path.dsv
-- Up-to-date: /home/piros/Work/ROS2/control_ws/install/diff_drive/share/diff_drive/local_setup.bash
-- Up-to-date: /home/piros/Work/ROS2/control_ws/install/diff_drive/share/diff_drive/local_setup.sh
-- Up-to-date: /home/piros/Work/ROS2/control_ws/install/diff_drive/share/diff_drive/local_setup.zsh
-- Up-to-date: /home/piros/Work/ROS2/control_ws/install/diff_drive/share/diff_drive/local_setup.dsv
-- Installing: /home/piros/Work/ROS2/control_ws/install/diff_drive/share/diff_drive/package.dsv
-- Up-to-date: /home/piros/Work/ROS2/control_ws/install/diff_drive/share/ament_index/resource_index/packages/diff_drive
-- Up-to-date: /home/piros/Work/ROS2/control_ws/install/diff_drive/share/ament_index/resource_index/hardware_interface__pluginlib__plugin/diff_drive
-- Up-to-date: /home/piros/Work/ROS2/control_ws/install/diff_drive/share/diff_drive/cmake/export_diff_driveExport.cmake
-- Up-to-date: /home/piros/Work/ROS2/control_ws/install/diff_drive/share/diff_drive/cmake/export_diff_driveExport-noconfig.cmake
-- Up-to-date: /home/piros/Work/ROS2/control_ws/install/diff_drive/share/diff_drive/cmake/ament_cmake_export_targets-extras.cmake
-- Up-to-date: /home/piros/Work/ROS2/control_ws/install/diff_drive/share/diff_drive/cmake/ament_cmake_export_dependencies-extras.cmake
-- Up-to-date: /home/piros/Work/ROS2/control_ws/install/diff_drive/share/diff_drive/cmake/diff_driveConfig.cmake
-- Up-to-date: /home/piros/Work/ROS2/control_ws/install/diff_drive/share/diff_drive/cmake/diff_driveConfig-version.cmake
-- Up-to-date: /home/piros/Work/ROS2/control_ws/install/diff_drive/share/diff_drive/package.xml
